--------------- Build Started: 09/08/2015 16:23:21 Project: chickybot, Configuration: ARM GCC 4.8.4 Debug ---------------
cydsfit.exe -.appdatapath "C:\Users\Nick\AppData\Local\Cypress Semiconductor\PSoC Creator\3.2" -.fdsnotice -.fdswarpdepfile=warp_dependencies.txt -.fdselabdepfile=elab_dependencies.txt -.fdsbldfile=generated_files.txt -p "C:\Users\Nick\Dropbox\Uni Docs\y4s2\ECE3091 - Engineering Design\PSoc Creator\eng_design_2015\ECE3091-chickybot\chickybot.cydsn\chickybot.cyprj" -d CY8C5488AXI-LP120 -s "C:\Users\Nick\Dropbox\Uni Docs\y4s2\ECE3091 - Engineering Design\PSoc Creator\eng_design_2015\ECE3091-chickybot\chickybot.cydsn\Generated_Source\PSoC5" -- -yv2 -q10 -ygs -o2 -v3 -.fftcfgtype=LE
Elaborating Design...
HDL Generation ...
Synthesis ...
Place and Route ...
Tech mapping ...
Analog Placement ...
Analog Routing ...
Analog Code Generation ...
Digital Placement ...
Digital Routing ...
Bitstream Generation ...
Static timing analysis ...
API Generation ...
Dependency Generation ...
Clean Temporary Files ...
arm-none-eabi-gcc.exe -mcpu=cortex-m3 -mthumb -Wno-main -I. -IGenerated_Source\PSoC5 -Wa,-alh=.\CortexM3\ARM_GCC_484\Debug/main.lst -g -D DEBUG -Wall -ffunction-sections -Og -c .\main.c -o .\CortexM3\ARM_GCC_484\Debug\main.o
arm-none-eabi-gcc.exe -mcpu=cortex-m3 -mthumb -Wno-main -I. -IGenerated_Source\PSoC5 -Wa,-alh=.\CortexM3\ARM_GCC_484\Debug/cyfitter_cfg.lst -g -D DEBUG -Wall -ffunction-sections -Og -c .\Generated_Source\PSoC5\cyfitter_cfg.c -o .\CortexM3\ARM_GCC_484\Debug\cyfitter_cfg.o
arm-none-eabi-gcc.exe -mcpu=cortex-m3 -mthumb -Wno-main -I. -IGenerated_Source\PSoC5 -Wa,-alh=.\CortexM3\ARM_GCC_484\Debug/cymetadata.lst -g -D DEBUG -Wall -ffunction-sections -Og -c .\Generated_Source\PSoC5\cymetadata.c -o .\CortexM3\ARM_GCC_484\Debug\cymetadata.o
arm-none-eabi-gcc.exe -mcpu=cortex-m3 -mthumb -Wno-main -I. -IGenerated_Source\PSoC5 -Wa,-alh=.\CortexM3\ARM_GCC_484\Debug/Cm3Start.lst -g -D DEBUG -Wall -ffunction-sections -Og -c .\Generated_Source\PSoC5\Cm3Start.c -o .\CortexM3\ARM_GCC_484\Debug\Cm3Start.o
arm-none-eabi-as.exe -mcpu=cortex-m3 -mthumb -I. -IGenerated_Source\PSoC5 -alh=.\CortexM3\ARM_GCC_484\Debug/CyBootAsmGnu.lst -g -W -o .\CortexM3\ARM_GCC_484\Debug\CyBootAsmGnu.o .\Generated_Source\PSoC5\CyBootAsmGnu.s
arm-none-eabi-gcc.exe -mcpu=cortex-m3 -mthumb -Wno-main -I. -IGenerated_Source\PSoC5 -Wa,-alh=.\CortexM3\ARM_GCC_484\Debug/CyDmac.lst -g -D DEBUG -Wall -ffunction-sections -Og -c .\Generated_Source\PSoC5\CyDmac.c -o .\CortexM3\ARM_GCC_484\Debug\CyDmac.o
arm-none-eabi-gcc.exe -mcpu=cortex-m3 -mthumb -Wno-main -I. -IGenerated_Source\PSoC5 -Wa,-alh=.\CortexM3\ARM_GCC_484\Debug/CyFlash.lst -g -D DEBUG -Wall -ffunction-sections -Og -c .\Generated_Source\PSoC5\CyFlash.c -o .\CortexM3\ARM_GCC_484\Debug\CyFlash.o
arm-none-eabi-gcc.exe -mcpu=cortex-m3 -mthumb -Wno-main -I. -IGenerated_Source\PSoC5 -Wa,-alh=.\CortexM3\ARM_GCC_484\Debug/CyLib.lst -g -D DEBUG -Wall -ffunction-sections -Og -c .\Generated_Source\PSoC5\CyLib.c -o .\CortexM3\ARM_GCC_484\Debug\CyLib.o
arm-none-eabi-gcc.exe -mcpu=cortex-m3 -mthumb -Wno-main -I. -IGenerated_Source\PSoC5 -Wa,-alh=.\CortexM3\ARM_GCC_484\Debug/cyPm.lst -g -D DEBUG -Wall -ffunction-sections -Og -c .\Generated_Source\PSoC5\cyPm.c -o .\CortexM3\ARM_GCC_484\Debug\cyPm.o
arm-none-eabi-gcc.exe -mcpu=cortex-m3 -mthumb -Wno-main -I. -IGenerated_Source\PSoC5 -Wa,-alh=.\CortexM3\ARM_GCC_484\Debug/CySpc.lst -g -D DEBUG -Wall -ffunction-sections -Og -c .\Generated_Source\PSoC5\CySpc.c -o .\CortexM3\ARM_GCC_484\Debug\CySpc.o
arm-none-eabi-gcc.exe -mcpu=cortex-m3 -mthumb -Wno-main -I. -IGenerated_Source\PSoC5 -Wa,-alh=.\CortexM3\ARM_GCC_484\Debug/cyutils.lst -g -D DEBUG -Wall -ffunction-sections -Og -c .\Generated_Source\PSoC5\cyutils.c -o .\CortexM3\ARM_GCC_484\Debug\cyutils.o
arm-none-eabi-gcc.exe -mcpu=cortex-m3 -mthumb -Wno-main -I. -IGenerated_Source\PSoC5 -Wa,-alh=.\CortexM3\ARM_GCC_484\Debug/cybootloader.lst -g -D DEBUG -Wall -ffunction-sections -Og -c .\Generated_Source\PSoC5\cybootloader.c -o .\CortexM3\ARM_GCC_484\Debug\cybootloader.o
arm-none-eabi-gcc.exe -mcpu=cortex-m3 -mthumb -Wno-main -I. -IGenerated_Source\PSoC5 -Wa,-alh=.\CortexM3\ARM_GCC_484\Debug/Bootloadable_1.lst -g -D DEBUG -Wall -ffunction-sections -Og -c .\Generated_Source\PSoC5\Bootloadable_1.c -o .\CortexM3\ARM_GCC_484\Debug\Bootloadable_1.o
arm-none-eabi-gcc.exe -mcpu=cortex-m3 -mthumb -Wno-main -I. -IGenerated_Source\PSoC5 -Wa,-alh=.\CortexM3\ARM_GCC_484\Debug/LedRed.lst -g -D DEBUG -Wall -ffunction-sections -Og -c .\Generated_Source\PSoC5\LedRed.c -o .\CortexM3\ARM_GCC_484\Debug\LedRed.o
arm-none-eabi-gcc.exe -mcpu=cortex-m3 -mthumb -Wno-main -I. -IGenerated_Source\PSoC5 -Wa,-alh=.\CortexM3\ARM_GCC_484\Debug/LedGreen.lst -g -D DEBUG -Wall -ffunction-sections -Og -c .\Generated_Source\PSoC5\LedGreen.c -o .\CortexM3\ARM_GCC_484\Debug\LedGreen.o
arm-none-eabi-gcc.exe -mcpu=cortex-m3 -mthumb -Wno-main -I. -IGenerated_Source\PSoC5 -Wa,-alh=.\CortexM3\ARM_GCC_484\Debug/LedBlue.lst -g -D DEBUG -Wall -ffunction-sections -Og -c .\Generated_Source\PSoC5\LedBlue.c -o .\CortexM3\ARM_GCC_484\Debug\LedBlue.o
arm-none-eabi-gcc.exe -mcpu=cortex-m3 -mthumb -Wno-main -I. -IGenerated_Source\PSoC5 -Wa,-alh=.\CortexM3\ARM_GCC_484\Debug/LedYellow.lst -g -D DEBUG -Wall -ffunction-sections -Og -c .\Generated_Source\PSoC5\LedYellow.c -o .\CortexM3\ARM_GCC_484\Debug\LedYellow.o
arm-none-eabi-gcc.exe -mcpu=cortex-m3 -mthumb -Wno-main -I. -IGenerated_Source\PSoC5 -Wa,-alh=.\CortexM3\ARM_GCC_484\Debug/LcdE.lst -g -D DEBUG -Wall -ffunction-sections -Og -c .\Generated_Source\PSoC5\LcdE.c -o .\CortexM3\ARM_GCC_484\Debug\LcdE.o
arm-none-eabi-gcc.exe -mcpu=cortex-m3 -mthumb -Wno-main -I. -IGenerated_Source\PSoC5 -Wa,-alh=.\CortexM3\ARM_GCC_484\Debug/Lcd.lst -g -D DEBUG -Wall -ffunction-sections -Og -c .\Generated_Source\PSoC5\Lcd.c -o .\CortexM3\ARM_GCC_484\Debug\Lcd.o
arm-none-eabi-gcc.exe -mcpu=cortex-m3 -mthumb -Wno-main -I. -IGenerated_Source\PSoC5 -Wa,-alh=.\CortexM3\ARM_GCC_484\Debug/Lcd_PM.lst -g -D DEBUG -Wall -ffunction-sections -Og -c .\Generated_Source\PSoC5\Lcd_PM.c -o .\CortexM3\ARM_GCC_484\Debug\Lcd_PM.o
arm-none-eabi-gcc.exe -mcpu=cortex-m3 -mthumb -Wno-main -I. -IGenerated_Source\PSoC5 -Wa,-alh=.\CortexM3\ARM_GCC_484\Debug/LcdDB5.lst -g -D DEBUG -Wall -ffunction-sections -Og -c .\Generated_Source\PSoC5\LcdDB5.c -o .\CortexM3\ARM_GCC_484\Debug\LcdDB5.o
arm-none-eabi-gcc.exe -mcpu=cortex-m3 -mthumb -Wno-main -I. -IGenerated_Source\PSoC5 -Wa,-alh=.\CortexM3\ARM_GCC_484\Debug/LcdDB4.lst -g -D DEBUG -Wall -ffunction-sections -Og -c .\Generated_Source\PSoC5\LcdDB4.c -o .\CortexM3\ARM_GCC_484\Debug\LcdDB4.o
arm-none-eabi-gcc.exe -mcpu=cortex-m3 -mthumb -Wno-main -I. -IGenerated_Source\PSoC5 -Wa,-alh=.\CortexM3\ARM_GCC_484\Debug/IsrBtn0Pressed.lst -g -D DEBUG -Wall -ffunction-sections -Og -c .\Generated_Source\PSoC5\IsrBtn0Pressed.c -o .\CortexM3\ARM_GCC_484\Debug\IsrBtn0Pressed.o
arm-none-eabi-gcc.exe -mcpu=cortex-m3 -mthumb -Wno-main -I. -IGenerated_Source\PSoC5 -Wa,-alh=.\CortexM3\ARM_GCC_484\Debug/IsrBtn1Pressed.lst -g -D DEBUG -Wall -ffunction-sections -Og -c .\Generated_Source\PSoC5\IsrBtn1Pressed.c -o .\CortexM3\ARM_GCC_484\Debug\IsrBtn1Pressed.o
arm-none-eabi-gcc.exe -mcpu=cortex-m3 -mthumb -Wno-main -I. -IGenerated_Source\PSoC5 -Wa,-alh=.\CortexM3\ARM_GCC_484\Debug/LcdRS.lst -g -D DEBUG -Wall -ffunction-sections -Og -c .\Generated_Source\PSoC5\LcdRS.c -o .\CortexM3\ARM_GCC_484\Debug\LcdRS.o
arm-none-eabi-gcc.exe -mcpu=cortex-m3 -mthumb -Wno-main -I. -IGenerated_Source\PSoC5 -Wa,-alh=.\CortexM3\ARM_GCC_484\Debug/ClockCsBtns.lst -g -D DEBUG -Wall -ffunction-sections -Og -c .\Generated_Source\PSoC5\ClockCsBtns.c -o .\CortexM3\ARM_GCC_484\Debug\ClockCsBtns.o
arm-none-eabi-gcc.exe -mcpu=cortex-m3 -mthumb -Wno-main -I. -IGenerated_Source\PSoC5 -Wa,-alh=.\CortexM3\ARM_GCC_484\Debug/LcdDB6.lst -g -D DEBUG -Wall -ffunction-sections -Og -c .\Generated_Source\PSoC5\LcdDB6.c -o .\CortexM3\ARM_GCC_484\Debug\LcdDB6.o
arm-none-eabi-gcc.exe -mcpu=cortex-m3 -mthumb -Wno-main -I. -IGenerated_Source\PSoC5 -Wa,-alh=.\CortexM3\ARM_GCC_484\Debug/LcdDB7.lst -g -D DEBUG -Wall -ffunction-sections -Og -c .\Generated_Source\PSoC5\LcdDB7.c -o .\CortexM3\ARM_GCC_484\Debug\LcdDB7.o
arm-none-eabi-gcc.exe -mcpu=cortex-m3 -mthumb -Wno-main -I. -IGenerated_Source\PSoC5 -Wa,-alh=.\CortexM3\ARM_GCC_484\Debug/LcdV0.lst -g -D DEBUG -Wall -ffunction-sections -Og -c .\Generated_Source\PSoC5\LcdV0.c -o .\CortexM3\ARM_GCC_484\Debug\LcdV0.o
arm-none-eabi-gcc.exe -mcpu=cortex-m3 -mthumb -Wno-main -I. -IGenerated_Source\PSoC5 -Wa,-alh=.\CortexM3\ARM_GCC_484\Debug/ClockLcdBacklight.lst -g -D DEBUG -Wall -ffunction-sections -Og -c .\Generated_Source\PSoC5\ClockLcdBacklight.c -o .\CortexM3\ARM_GCC_484\Debug\ClockLcdBacklight.o
arm-none-eabi-gcc.exe -mcpu=cortex-m3 -mthumb -Wno-main -I. -IGenerated_Source\PSoC5 -Wa,-alh=.\CortexM3\ARM_GCC_484\Debug/CsBtns_PWM.lst -g -D DEBUG -Wall -ffunction-sections -Og -c .\Generated_Source\PSoC5\CsBtns_PWM.c -o .\CortexM3\ARM_GCC_484\Debug\CsBtns_PWM.o
arm-none-eabi-gcc.exe -mcpu=cortex-m3 -mthumb -Wno-main -I. -IGenerated_Source\PSoC5 -Wa,-alh=.\CortexM3\ARM_GCC_484\Debug/CsBtns_PWM_PM.lst -g -D DEBUG -Wall -ffunction-sections -Og -c .\Generated_Source\PSoC5\CsBtns_PWM_PM.c -o .\CortexM3\ARM_GCC_484\Debug\CsBtns_PWM_PM.o
arm-none-eabi-gcc.exe -mcpu=cortex-m3 -mthumb -Wno-main -I. -IGenerated_Source\PSoC5 -Wa,-alh=.\CortexM3\ARM_GCC_484\Debug/Lcd_Cntl_Port.lst -g -D DEBUG -Wall -ffunction-sections -Og -c .\Generated_Source\PSoC5\Lcd_Cntl_Port.c -o .\CortexM3\ARM_GCC_484\Debug\Lcd_Cntl_Port.o
arm-none-eabi-gcc.exe -mcpu=cortex-m3 -mthumb -Wno-main -I. -IGenerated_Source\PSoC5 -Wa,-alh=.\CortexM3\ARM_GCC_484\Debug/Lcd_Cntl_Port_PM.lst -g -D DEBUG -Wall -ffunction-sections -Og -c .\Generated_Source\PSoC5\Lcd_Cntl_Port_PM.c -o .\CortexM3\ARM_GCC_484\Debug\Lcd_Cntl_Port_PM.o
arm-none-eabi-ar.exe -rs .\CortexM3\ARM_GCC_484\Debug\chickybot.a .\CortexM3\ARM_GCC_484\Debug\cyfitter_cfg.o .\CortexM3\ARM_GCC_484\Debug\CyBootAsmGnu.o .\CortexM3\ARM_GCC_484\Debug\CyDmac.o .\CortexM3\ARM_GCC_484\Debug\CyFlash.o .\CortexM3\ARM_GCC_484\Debug\CyLib.o .\CortexM3\ARM_GCC_484\Debug\cyPm.o .\CortexM3\ARM_GCC_484\Debug\CySpc.o .\CortexM3\ARM_GCC_484\Debug\cyutils.o .\CortexM3\ARM_GCC_484\Debug\Bootloadable_1.o .\CortexM3\ARM_GCC_484\Debug\LedRed.o .\CortexM3\ARM_GCC_484\Debug\LedGreen.o .\CortexM3\ARM_GCC_484\Debug\LedBlue.o .\CortexM3\ARM_GCC_484\Debug\LedYellow.o .\CortexM3\ARM_GCC_484\Debug\LcdE.o .\CortexM3\ARM_GCC_484\Debug\Lcd.o .\CortexM3\ARM_GCC_484\Debug\Lcd_PM.o .\CortexM3\ARM_GCC_484\Debug\LcdDB5.o .\CortexM3\ARM_GCC_484\Debug\LcdDB4.o .\CortexM3\ARM_GCC_484\Debug\IsrBtn0Pressed.o .\CortexM3\ARM_GCC_484\Debug\IsrBtn1Pressed.o .\CortexM3\ARM_GCC_484\Debug\LcdRS.o .\CortexM3\ARM_GCC_484\Debug\ClockCsBtns.o .\CortexM3\ARM_GCC_484\Debug\LcdDB6.o .\CortexM3\ARM_GCC_484\Debug\LcdDB7.o .\CortexM3\ARM_GCC_484\Debug\LcdV0.o .\CortexM3\ARM_GCC_484\Debug\ClockLcdBacklight.o .\CortexM3\ARM_GCC_484\Debug\CsBtns_PWM.o .\CortexM3\ARM_GCC_484\Debug\CsBtns_PWM_PM.o .\CortexM3\ARM_GCC_484\Debug\Lcd_Cntl_Port.o .\CortexM3\ARM_GCC_484\Debug\Lcd_Cntl_Port_PM.o
arm-none-eabi-ar.exe: creating .\CortexM3\ARM_GCC_484\Debug\chickybot.a
arm-none-eabi-gcc.exe -Wl,--start-group -o .\CortexM3\ARM_GCC_484\Debug\chickybot.elf .\CortexM3\ARM_GCC_484\Debug\main.o .\CortexM3\ARM_GCC_484\Debug\cymetadata.o .\CortexM3\ARM_GCC_484\Debug\Cm3Start.o .\CortexM3\ARM_GCC_484\Debug\cybootloader.o .\CortexM3\ARM_GCC_484\Debug\chickybot.a "C:\Program Files (x86)\Cypress\PSoC Creator\3.2\PSoC Creator\psoc\content\cycomponentlibrary\CyComponentLibrary.cylib\CortexM3\ARM_GCC_484\Debug\CyComponentLibrary.a" -mcpu=cortex-m3 -mthumb -g -ffunction-sections -Og -Wl,-Map,.\CortexM3\ARM_GCC_484\Debug/chickybot.map -T Generated_Source\PSoC5\cm3gcc.ld -specs=nano.specs -Wl,--gc-sections -Wl,--end-group
cyelftool.exe -B "C:\Users\Nick\Dropbox\Uni Docs\y4s2\ECE3091 - Engineering Design\PSoc Creator\eng_design_2015\ECE3091-chickybot\chickybot.cydsn\CortexM3\ARM_GCC_484\Debug\chickybot.elf" --flash_row_size 256 --flash_size 262144 --flash_array_size 65536 --ee_array 64 --ee_row_size 16
cyelftool.exe -S "C:\Users\Nick\Dropbox\Uni Docs\y4s2\ECE3091 - Engineering Design\PSoc Creator\eng_design_2015\ECE3091-chickybot\chickybot.cydsn\CortexM3\ARM_GCC_484\Debug\chickybot.elf"
Flash used: 13056 of 262144 bytes (5.0 %). Bootloader: 9984 bytes. Application: 2816 bytes. Metadata: 256 bytes.
SRAM used: 2493 of 65536 bytes (3.8 %). Stack: 2048 bytes. Heap: 128 bytes.
--------------- Build Succeeded: 09/08/2015 16:23:52 ---------------
