ARM GAS  C:\Users\Nick\AppData\Local\Temp\ccT8jaHa.s 			page 1


   1              		.syntax unified
   2              		.cpu cortex-m3
   3              		.fpu softvfp
   4              		.eabi_attribute 20, 1
   5              		.eabi_attribute 21, 1
   6              		.eabi_attribute 23, 3
   7              		.eabi_attribute 24, 1
   8              		.eabi_attribute 25, 1
   9              		.eabi_attribute 26, 1
  10              		.eabi_attribute 30, 1
  11              		.eabi_attribute 34, 1
  12              		.eabi_attribute 18, 4
  13              		.thumb
  14              		.file	"Camera.c"
  15              		.text
  16              	.Ltext0:
  17              		.cfi_sections	.debug_frame
  18              		.section	.text.DMA_Start,"ax",%progbits
  19              		.align	2
  20              		.thumb
  21              		.thumb_func
  22              		.type	DMA_Start, %function
  23              	DMA_Start:
  24              	.LFB67:
  25              		.file 1 ".\\Generated_Source\\PSoC5\\Camera.c"
   1:.\Generated_Source\PSoC5/Camera.c **** #include "Camera.h"
   2:.\Generated_Source\PSoC5/Camera.c **** 
   3:.\Generated_Source\PSoC5/Camera.c **** extern const uint8 Camera_settings[][2];
   4:.\Generated_Source\PSoC5/Camera.c **** extern const uint8 Camera_format[];
   5:.\Generated_Source\PSoC5/Camera.c **** extern const uint8 Camera_sxga[];
   6:.\Generated_Source\PSoC5/Camera.c **** extern const uint8 Camera_vga[];
   7:.\Generated_Source\PSoC5/Camera.c **** extern const uint8 Camera_qvga[];
   8:.\Generated_Source\PSoC5/Camera.c **** extern const uint8 Camera_cif[];
   9:.\Generated_Source\PSoC5/Camera.c **** extern const uint8 Camera_qcif[];
  10:.\Generated_Source\PSoC5/Camera.c **** 
  11:.\Generated_Source\PSoC5/Camera.c **** #define N_BUFFERS 16
  12:.\Generated_Source\PSoC5/Camera.c **** #define BUFFER_SIZE 3168
  13:.\Generated_Source\PSoC5/Camera.c **** static uint8 DMA_channel;
  14:.\Generated_Source\PSoC5/Camera.c **** static uint8 DMA_TD[N_BUFFERS];
  15:.\Generated_Source\PSoC5/Camera.c **** 
  16:.\Generated_Source\PSoC5/Camera.c **** void Camera_WriteReg(const uint8 reg,const uint8 value)
  17:.\Generated_Source\PSoC5/Camera.c **** {
  18:.\Generated_Source\PSoC5/Camera.c **** 	while(Camera_I2C_MasterSendStart(0x30,0)!=Camera_I2C_MSTR_NO_ERROR);
  19:.\Generated_Source\PSoC5/Camera.c ****     Camera_I2C_MasterWriteByte(reg);
  20:.\Generated_Source\PSoC5/Camera.c ****     Camera_I2C_MasterWriteByte(value);
  21:.\Generated_Source\PSoC5/Camera.c ****     Camera_I2C_MasterSendStop();
  22:.\Generated_Source\PSoC5/Camera.c **** }
  23:.\Generated_Source\PSoC5/Camera.c **** 
  24:.\Generated_Source\PSoC5/Camera.c **** uint8 Camera_ReadReg(const uint8 reg)
  25:.\Generated_Source\PSoC5/Camera.c **** {
  26:.\Generated_Source\PSoC5/Camera.c **** 	while(Camera_I2C_MasterSendStart(0x30,0)!=Camera_I2C_MSTR_NO_ERROR);
  27:.\Generated_Source\PSoC5/Camera.c ****     Camera_I2C_MasterWriteByte(reg);
  28:.\Generated_Source\PSoC5/Camera.c ****     Camera_I2C_MasterSendStop();
  29:.\Generated_Source\PSoC5/Camera.c **** 	
  30:.\Generated_Source\PSoC5/Camera.c **** 	while(Camera_I2C_MasterSendStart(0x30,1)!=Camera_I2C_MSTR_NO_ERROR);
  31:.\Generated_Source\PSoC5/Camera.c ****     uint8 value=Camera_I2C_MasterReadByte(Camera_I2C_NAK_DATA);
  32:.\Generated_Source\PSoC5/Camera.c ****     Camera_I2C_MasterSendStop();
ARM GAS  C:\Users\Nick\AppData\Local\Temp\ccT8jaHa.s 			page 2


  33:.\Generated_Source\PSoC5/Camera.c **** 	return value;
  34:.\Generated_Source\PSoC5/Camera.c **** }
  35:.\Generated_Source\PSoC5/Camera.c **** 
  36:.\Generated_Source\PSoC5/Camera.c **** void Camera_SyncFrame()
  37:.\Generated_Source\PSoC5/Camera.c **** {
  38:.\Generated_Source\PSoC5/Camera.c **** 	while(Camera_VSYNC_Read());
  39:.\Generated_Source\PSoC5/Camera.c **** 	while(!Camera_VSYNC_Read());
  40:.\Generated_Source\PSoC5/Camera.c **** }
  41:.\Generated_Source\PSoC5/Camera.c **** 
  42:.\Generated_Source\PSoC5/Camera.c **** void Camera_Start()
  43:.\Generated_Source\PSoC5/Camera.c **** {
  44:.\Generated_Source\PSoC5/Camera.c **** 	Camera_SIOD_SetDriveMode(Camera_SIOD_DM_RES_UP); //turn on pull-up resistors on I2C pins
  45:.\Generated_Source\PSoC5/Camera.c **** 	Camera_SIOC_SetDriveMode(Camera_SIOC_DM_RES_UP);
  46:.\Generated_Source\PSoC5/Camera.c **** 	Camera_I2C_Start();
  47:.\Generated_Source\PSoC5/Camera.c **** 	
  48:.\Generated_Source\PSoC5/Camera.c **** 	Camera_WriteReg(0x12,0x80); //reset
  49:.\Generated_Source\PSoC5/Camera.c **** 	CyDelay(1);
  50:.\Generated_Source\PSoC5/Camera.c **** 	uint16 i;
  51:.\Generated_Source\PSoC5/Camera.c **** 	for(i=0;Camera_settings[i][0]!=0xff;i++) Camera_WriteReg(Camera_settings[i][0],Camera_settings[i][
  52:.\Generated_Source\PSoC5/Camera.c **** 	for(i=0;Camera_format[i]!=0xff;i++) Camera_WriteReg(Camera_format[i],Camera_qcif[i]); //qcif forma
  53:.\Generated_Source\PSoC5/Camera.c **** 	
  54:.\Generated_Source\PSoC5/Camera.c **** 	uint8 (*buffer)[BUFFER_SIZE]=(uint8(*)[BUFFER_SIZE])Camera_framebuffer; //recast buffer for easier
  55:.\Generated_Source\PSoC5/Camera.c **** 	DMA_channel=Camera_DMA_DmaInitialize(1,1,HI16(CYDEV_PERIPH_BASE),HI16(CYDEV_SRAM_BASE)); //periphe
  56:.\Generated_Source\PSoC5/Camera.c **** 	for(i=0;i<sizeof DMA_TD;i++) //set up TDs
  57:.\Generated_Source\PSoC5/Camera.c **** 	{
  58:.\Generated_Source\PSoC5/Camera.c **** 		DMA_TD[i]=CyDmaTdAllocate();
  59:.\Generated_Source\PSoC5/Camera.c **** 		CyDmaTdSetAddress(DMA_TD[i],LO16(Camera_FIFO_dp__F0_REG),LO16((uint32)buffer[i]));
  60:.\Generated_Source\PSoC5/Camera.c **** 		if(i) CyDmaTdSetConfiguration(DMA_TD[i-1],BUFFER_SIZE,DMA_TD[i],TD_INC_DST_ADR);
  61:.\Generated_Source\PSoC5/Camera.c **** 	}
  62:.\Generated_Source\PSoC5/Camera.c **** 	CyDmaChPriority(DMA_channel,0); //ensure highest priority for DMA channel
  63:.\Generated_Source\PSoC5/Camera.c **** }
  64:.\Generated_Source\PSoC5/Camera.c **** 
  65:.\Generated_Source\PSoC5/Camera.c **** static void DMA_Start()
  66:.\Generated_Source\PSoC5/Camera.c **** {
  26              		.loc 1 66 0
  27              		.cfi_startproc
  28              		@ args = 0, pretend = 0, frame = 0
  29              		@ frame_needed = 0, uses_anonymous_args = 0
  30 0000 10B5     		push	{r4, lr}
  31              		.cfi_def_cfa_offset 8
  32              		.cfi_offset 4, -8
  33              		.cfi_offset 14, -4
  67:.\Generated_Source\PSoC5/Camera.c **** 	*(reg8*)Camera_FIFO_dp__F0_REG;
  34              		.loc 1 67 0
  35 0002 094B     		ldr	r3, .L2
  36 0004 1A78     		ldrb	r2, [r3]	@ zero_extendqisi2
  68:.\Generated_Source\PSoC5/Camera.c **** 	*(reg8*)Camera_FIFO_dp__F0_REG;
  37              		.loc 1 68 0
  38 0006 1A78     		ldrb	r2, [r3]	@ zero_extendqisi2
  69:.\Generated_Source\PSoC5/Camera.c **** 	*(reg8*)Camera_FIFO_dp__F0_REG;
  39              		.loc 1 69 0
  40 0008 1A78     		ldrb	r2, [r3]	@ zero_extendqisi2
  70:.\Generated_Source\PSoC5/Camera.c **** 	*(reg8*)Camera_FIFO_dp__F0_REG; //clear fifo
  41              		.loc 1 70 0
  42 000a 1B78     		ldrb	r3, [r3]	@ zero_extendqisi2
  71:.\Generated_Source\PSoC5/Camera.c **** 	CyDmaClearPendingDrq(DMA_channel); //invalidate pending requests
  43              		.loc 1 71 0
ARM GAS  C:\Users\Nick\AppData\Local\Temp\ccT8jaHa.s 			page 3


  44 000c 074C     		ldr	r4, .L2+4
  45 000e 2078     		ldrb	r0, [r4]	@ zero_extendqisi2
  46 0010 FFF7FEFF 		bl	CyDmaClearPendingDrq
  47              	.LVL0:
  72:.\Generated_Source\PSoC5/Camera.c **** 	CyDmaChSetInitialTd(DMA_channel,DMA_TD[0]); //set initial TD
  48              		.loc 1 72 0
  49 0014 2078     		ldrb	r0, [r4]	@ zero_extendqisi2
  50 0016 2179     		ldrb	r1, [r4, #4]	@ zero_extendqisi2
  51 0018 FFF7FEFF 		bl	CyDmaChSetInitialTd
  52              	.LVL1:
  73:.\Generated_Source\PSoC5/Camera.c **** 	CyDmaChEnable(DMA_channel,1); //enable channel (start streaming)
  53              		.loc 1 73 0
  54 001c 2078     		ldrb	r0, [r4]	@ zero_extendqisi2
  55 001e 0121     		movs	r1, #1
  56 0020 FFF7FEFF 		bl	CyDmaChEnable
  57              	.LVL2:
  58 0024 10BD     		pop	{r4, pc}
  59              	.L3:
  60 0026 00BF     		.align	2
  61              	.L2:
  62 0028 4B640040 		.word	1073767499
  63 002c 00000000 		.word	.LANCHOR0
  64              		.cfi_endproc
  65              	.LFE67:
  66              		.size	DMA_Start, .-DMA_Start
  67              		.section	.text.Camera_WriteReg,"ax",%progbits
  68              		.align	2
  69              		.global	Camera_WriteReg
  70              		.thumb
  71              		.thumb_func
  72              		.type	Camera_WriteReg, %function
  73              	Camera_WriteReg:
  74              	.LFB63:
  17:.\Generated_Source\PSoC5/Camera.c **** {
  75              		.loc 1 17 0
  76              		.cfi_startproc
  77              		@ args = 0, pretend = 0, frame = 0
  78              		@ frame_needed = 0, uses_anonymous_args = 0
  79              	.LVL3:
  80 0000 F8B5     		push	{r3, r4, r5, r6, r7, lr}
  81              		.cfi_def_cfa_offset 24
  82              		.cfi_offset 3, -24
  83              		.cfi_offset 4, -20
  84              		.cfi_offset 5, -16
  85              		.cfi_offset 6, -12
  86              		.cfi_offset 7, -8
  87              		.cfi_offset 14, -4
  88 0002 0746     		mov	r7, r0
  89 0004 0E46     		mov	r6, r1
  18:.\Generated_Source\PSoC5/Camera.c **** 	while(Camera_I2C_MasterSendStart(0x30,0)!=Camera_I2C_MSTR_NO_ERROR);
  90              		.loc 1 18 0
  91 0006 3025     		movs	r5, #48
  92 0008 0024     		movs	r4, #0
  93              	.LVL4:
  94              	.L5:
  18:.\Generated_Source\PSoC5/Camera.c **** 	while(Camera_I2C_MasterSendStart(0x30,0)!=Camera_I2C_MSTR_NO_ERROR);
  95              		.loc 1 18 0 is_stmt 0 discriminator 1
ARM GAS  C:\Users\Nick\AppData\Local\Temp\ccT8jaHa.s 			page 4


  96 000a 2846     		mov	r0, r5
  97 000c 2146     		mov	r1, r4
  98 000e FFF7FEFF 		bl	Camera_I2C_MasterSendStart
  99              	.LVL5:
 100 0012 0028     		cmp	r0, #0
 101 0014 F9D1     		bne	.L5
  19:.\Generated_Source\PSoC5/Camera.c ****     Camera_I2C_MasterWriteByte(reg);
 102              		.loc 1 19 0 is_stmt 1
 103 0016 3846     		mov	r0, r7
 104 0018 FFF7FEFF 		bl	Camera_I2C_MasterWriteByte
 105              	.LVL6:
  20:.\Generated_Source\PSoC5/Camera.c ****     Camera_I2C_MasterWriteByte(value);
 106              		.loc 1 20 0
 107 001c 3046     		mov	r0, r6
 108 001e FFF7FEFF 		bl	Camera_I2C_MasterWriteByte
 109              	.LVL7:
  21:.\Generated_Source\PSoC5/Camera.c ****     Camera_I2C_MasterSendStop();
 110              		.loc 1 21 0
 111 0022 FFF7FEFF 		bl	Camera_I2C_MasterSendStop
 112              	.LVL8:
 113 0026 F8BD     		pop	{r3, r4, r5, r6, r7, pc}
 114              		.cfi_endproc
 115              	.LFE63:
 116              		.size	Camera_WriteReg, .-Camera_WriteReg
 117              		.section	.text.Camera_ReadReg,"ax",%progbits
 118              		.align	2
 119              		.global	Camera_ReadReg
 120              		.thumb
 121              		.thumb_func
 122              		.type	Camera_ReadReg, %function
 123              	Camera_ReadReg:
 124              	.LFB64:
  25:.\Generated_Source\PSoC5/Camera.c **** {
 125              		.loc 1 25 0
 126              		.cfi_startproc
 127              		@ args = 0, pretend = 0, frame = 0
 128              		@ frame_needed = 0, uses_anonymous_args = 0
 129              	.LVL9:
 130 0000 70B5     		push	{r4, r5, r6, lr}
 131              		.cfi_def_cfa_offset 16
 132              		.cfi_offset 4, -16
 133              		.cfi_offset 5, -12
 134              		.cfi_offset 6, -8
 135              		.cfi_offset 14, -4
 136 0002 0646     		mov	r6, r0
  26:.\Generated_Source\PSoC5/Camera.c **** 	while(Camera_I2C_MasterSendStart(0x30,0)!=Camera_I2C_MSTR_NO_ERROR);
 137              		.loc 1 26 0
 138 0004 3025     		movs	r5, #48
 139 0006 0024     		movs	r4, #0
 140              	.LVL10:
 141              	.L8:
  26:.\Generated_Source\PSoC5/Camera.c **** 	while(Camera_I2C_MasterSendStart(0x30,0)!=Camera_I2C_MSTR_NO_ERROR);
 142              		.loc 1 26 0 is_stmt 0 discriminator 1
 143 0008 2846     		mov	r0, r5
 144 000a 2146     		mov	r1, r4
 145 000c FFF7FEFF 		bl	Camera_I2C_MasterSendStart
 146              	.LVL11:
ARM GAS  C:\Users\Nick\AppData\Local\Temp\ccT8jaHa.s 			page 5


 147 0010 0028     		cmp	r0, #0
 148 0012 F9D1     		bne	.L8
  27:.\Generated_Source\PSoC5/Camera.c ****     Camera_I2C_MasterWriteByte(reg);
 149              		.loc 1 27 0 is_stmt 1
 150 0014 3046     		mov	r0, r6
 151 0016 FFF7FEFF 		bl	Camera_I2C_MasterWriteByte
 152              	.LVL12:
  28:.\Generated_Source\PSoC5/Camera.c ****     Camera_I2C_MasterSendStop();
 153              		.loc 1 28 0
 154 001a FFF7FEFF 		bl	Camera_I2C_MasterSendStop
 155              	.LVL13:
  30:.\Generated_Source\PSoC5/Camera.c **** 	while(Camera_I2C_MasterSendStart(0x30,1)!=Camera_I2C_MSTR_NO_ERROR);
 156              		.loc 1 30 0
 157 001e 3025     		movs	r5, #48
 158 0020 0124     		movs	r4, #1
 159              	.L9:
  30:.\Generated_Source\PSoC5/Camera.c **** 	while(Camera_I2C_MasterSendStart(0x30,1)!=Camera_I2C_MSTR_NO_ERROR);
 160              		.loc 1 30 0 is_stmt 0 discriminator 1
 161 0022 2846     		mov	r0, r5
 162 0024 2146     		mov	r1, r4
 163 0026 FFF7FEFF 		bl	Camera_I2C_MasterSendStart
 164              	.LVL14:
 165 002a 0028     		cmp	r0, #0
 166 002c F9D1     		bne	.L9
  31:.\Generated_Source\PSoC5/Camera.c ****     uint8 value=Camera_I2C_MasterReadByte(Camera_I2C_NAK_DATA);
 167              		.loc 1 31 0 is_stmt 1
 168 002e FFF7FEFF 		bl	Camera_I2C_MasterReadByte
 169              	.LVL15:
 170 0032 0446     		mov	r4, r0
 171              	.LVL16:
  32:.\Generated_Source\PSoC5/Camera.c ****     Camera_I2C_MasterSendStop();
 172              		.loc 1 32 0
 173 0034 FFF7FEFF 		bl	Camera_I2C_MasterSendStop
 174              	.LVL17:
  34:.\Generated_Source\PSoC5/Camera.c **** }
 175              		.loc 1 34 0
 176 0038 2046     		mov	r0, r4
 177 003a 70BD     		pop	{r4, r5, r6, pc}
 178              		.cfi_endproc
 179              	.LFE64:
 180              		.size	Camera_ReadReg, .-Camera_ReadReg
 181              		.section	.text.Camera_SyncFrame,"ax",%progbits
 182              		.align	2
 183              		.global	Camera_SyncFrame
 184              		.thumb
 185              		.thumb_func
 186              		.type	Camera_SyncFrame, %function
 187              	Camera_SyncFrame:
 188              	.LFB65:
  37:.\Generated_Source\PSoC5/Camera.c **** {
 189              		.loc 1 37 0
 190              		.cfi_startproc
 191              		@ args = 0, pretend = 0, frame = 0
 192              		@ frame_needed = 0, uses_anonymous_args = 0
 193 0000 08B5     		push	{r3, lr}
 194              		.cfi_def_cfa_offset 8
 195              		.cfi_offset 3, -8
ARM GAS  C:\Users\Nick\AppData\Local\Temp\ccT8jaHa.s 			page 6


 196              		.cfi_offset 14, -4
 197              	.L13:
  38:.\Generated_Source\PSoC5/Camera.c **** 	while(Camera_VSYNC_Read());
 198              		.loc 1 38 0 discriminator 1
 199 0002 FFF7FEFF 		bl	Camera_VSYNC_Read
 200              	.LVL18:
 201 0006 0028     		cmp	r0, #0
 202 0008 FBD1     		bne	.L13
 203              	.L15:
  39:.\Generated_Source\PSoC5/Camera.c **** 	while(!Camera_VSYNC_Read());
 204              		.loc 1 39 0 discriminator 1
 205 000a FFF7FEFF 		bl	Camera_VSYNC_Read
 206              	.LVL19:
 207 000e 0028     		cmp	r0, #0
 208 0010 FBD0     		beq	.L15
  40:.\Generated_Source\PSoC5/Camera.c **** }
 209              		.loc 1 40 0
 210 0012 08BD     		pop	{r3, pc}
 211              		.cfi_endproc
 212              	.LFE65:
 213              		.size	Camera_SyncFrame, .-Camera_SyncFrame
 214              		.section	.text.Camera_Start,"ax",%progbits
 215              		.align	2
 216              		.global	Camera_Start
 217              		.thumb
 218              		.thumb_func
 219              		.type	Camera_Start, %function
 220              	Camera_Start:
 221              	.LFB66:
  43:.\Generated_Source\PSoC5/Camera.c **** {
 222              		.loc 1 43 0
 223              		.cfi_startproc
 224              		@ args = 0, pretend = 0, frame = 0
 225              		@ frame_needed = 0, uses_anonymous_args = 0
 226 0000 F8B5     		push	{r3, r4, r5, r6, r7, lr}
 227              		.cfi_def_cfa_offset 24
 228              		.cfi_offset 3, -24
 229              		.cfi_offset 4, -20
 230              		.cfi_offset 5, -16
 231              		.cfi_offset 6, -12
 232              		.cfi_offset 7, -8
 233              		.cfi_offset 14, -4
  44:.\Generated_Source\PSoC5/Camera.c **** 	Camera_SIOD_SetDriveMode(Camera_SIOD_DM_RES_UP); //turn on pull-up resistors on I2C pins
 234              		.loc 1 44 0
 235 0002 0420     		movs	r0, #4
 236 0004 FFF7FEFF 		bl	Camera_SIOD_SetDriveMode
 237              	.LVL20:
  45:.\Generated_Source\PSoC5/Camera.c **** 	Camera_SIOC_SetDriveMode(Camera_SIOC_DM_RES_UP);
 238              		.loc 1 45 0
 239 0008 0420     		movs	r0, #4
 240 000a FFF7FEFF 		bl	Camera_SIOC_SetDriveMode
 241              	.LVL21:
  46:.\Generated_Source\PSoC5/Camera.c **** 	Camera_I2C_Start();
 242              		.loc 1 46 0
 243 000e FFF7FEFF 		bl	Camera_I2C_Start
 244              	.LVL22:
  48:.\Generated_Source\PSoC5/Camera.c **** 	Camera_WriteReg(0x12,0x80); //reset
ARM GAS  C:\Users\Nick\AppData\Local\Temp\ccT8jaHa.s 			page 7


 245              		.loc 1 48 0
 246 0012 1220     		movs	r0, #18
 247 0014 8021     		movs	r1, #128
 248 0016 FFF7FEFF 		bl	Camera_WriteReg
 249              	.LVL23:
  49:.\Generated_Source\PSoC5/Camera.c **** 	CyDelay(1);
 250              		.loc 1 49 0
 251 001a 0120     		movs	r0, #1
 252 001c FFF7FEFF 		bl	CyDelay
 253              	.LVL24:
  51:.\Generated_Source\PSoC5/Camera.c **** 	for(i=0;Camera_settings[i][0]!=0xff;i++) Camera_WriteReg(Camera_settings[i][0],Camera_settings[i][
 254              		.loc 1 51 0
 255 0020 0024     		movs	r4, #0
 256 0022 234D     		ldr	r5, .L26
 257 0024 06E0     		b	.L19
 258              	.LVL25:
 259              	.L20:
  51:.\Generated_Source\PSoC5/Camera.c **** 	for(i=0;Camera_settings[i][0]!=0xff;i++) Camera_WriteReg(Camera_settings[i][0],Camera_settings[i][
 260              		.loc 1 51 0 is_stmt 0 discriminator 2
 261 0026 05EB4403 		add	r3, r5, r4, lsl #1
 262 002a 5978     		ldrb	r1, [r3, #1]	@ zero_extendqisi2
 263 002c FFF7FEFF 		bl	Camera_WriteReg
 264              	.LVL26:
 265 0030 0134     		adds	r4, r4, #1
 266              	.LVL27:
 267 0032 A4B2     		uxth	r4, r4
 268              	.LVL28:
 269              	.L19:
  51:.\Generated_Source\PSoC5/Camera.c **** 	for(i=0;Camera_settings[i][0]!=0xff;i++) Camera_WriteReg(Camera_settings[i][0],Camera_settings[i][
 270              		.loc 1 51 0 discriminator 1
 271 0034 15F81400 		ldrb	r0, [r5, r4, lsl #1]	@ zero_extendqisi2
 272 0038 FF28     		cmp	r0, #255
 273 003a F4D1     		bne	.L20
 274 003c 0024     		movs	r4, #0
 275              	.LVL29:
  52:.\Generated_Source\PSoC5/Camera.c **** 	for(i=0;Camera_format[i]!=0xff;i++) Camera_WriteReg(Camera_format[i],Camera_qcif[i]); //qcif forma
 276              		.loc 1 52 0 is_stmt 1
 277 003e 1D4D     		ldr	r5, .L26+4
 278 0040 1D4E     		ldr	r6, .L26+8
 279 0042 04E0     		b	.L21
 280              	.LVL30:
 281              	.L22:
  52:.\Generated_Source\PSoC5/Camera.c **** 	for(i=0;Camera_format[i]!=0xff;i++) Camera_WriteReg(Camera_format[i],Camera_qcif[i]); //qcif forma
 282              		.loc 1 52 0 is_stmt 0 discriminator 2
 283 0044 315D     		ldrb	r1, [r6, r4]	@ zero_extendqisi2
 284 0046 FFF7FEFF 		bl	Camera_WriteReg
 285              	.LVL31:
 286 004a 0134     		adds	r4, r4, #1
 287              	.LVL32:
 288 004c A4B2     		uxth	r4, r4
 289              	.LVL33:
 290              	.L21:
  52:.\Generated_Source\PSoC5/Camera.c **** 	for(i=0;Camera_format[i]!=0xff;i++) Camera_WriteReg(Camera_format[i],Camera_qcif[i]); //qcif forma
 291              		.loc 1 52 0 discriminator 1
 292 004e 285D     		ldrb	r0, [r5, r4]	@ zero_extendqisi2
 293 0050 FF28     		cmp	r0, #255
 294 0052 F7D1     		bne	.L22
ARM GAS  C:\Users\Nick\AppData\Local\Temp\ccT8jaHa.s 			page 8


 295              	.LVL34:
  55:.\Generated_Source\PSoC5/Camera.c **** 	DMA_channel=Camera_DMA_DmaInitialize(1,1,HI16(CYDEV_PERIPH_BASE),HI16(CYDEV_SRAM_BASE)); //periphe
 296              		.loc 1 55 0 is_stmt 1
 297 0054 0120     		movs	r0, #1
 298 0056 0146     		mov	r1, r0
 299 0058 4FF48042 		mov	r2, #16384
 300 005c 41F6FF73 		movw	r3, #8191
 301 0060 FFF7FEFF 		bl	Camera_DMA_DmaInitialize
 302              	.LVL35:
 303 0064 154B     		ldr	r3, .L26+12
 304 0066 1870     		strb	r0, [r3]
 305              	.LVL36:
  56:.\Generated_Source\PSoC5/Camera.c **** 	for(i=0;i<sizeof DMA_TD;i++) //set up TDs
 306              		.loc 1 56 0
 307 0068 0024     		movs	r4, #0
  58:.\Generated_Source\PSoC5/Camera.c **** 		DMA_TD[i]=CyDmaTdAllocate();
 308              		.loc 1 58 0
 309 006a 1D46     		mov	r5, r3
  59:.\Generated_Source\PSoC5/Camera.c **** 		CyDmaTdSetAddress(DMA_TD[i],LO16(Camera_FIFO_dp__F0_REG),LO16((uint32)buffer[i]));
 310              		.loc 1 59 0
 311 006c 4FF44666 		mov	r6, #3168
 312 0070 134F     		ldr	r7, .L26+16
  56:.\Generated_Source\PSoC5/Camera.c **** 	for(i=0;i<sizeof DMA_TD;i++) //set up TDs
 313              		.loc 1 56 0
 314 0072 14E0     		b	.L23
 315              	.LVL37:
 316              	.L25:
  58:.\Generated_Source\PSoC5/Camera.c **** 		DMA_TD[i]=CyDmaTdAllocate();
 317              		.loc 1 58 0
 318 0074 FFF7FEFF 		bl	CyDmaTdAllocate
 319              	.LVL38:
 320 0078 2B19     		adds	r3, r5, r4
 321 007a 1871     		strb	r0, [r3, #4]
  59:.\Generated_Source\PSoC5/Camera.c **** 		CyDmaTdSetAddress(DMA_TD[i],LO16(Camera_FIFO_dp__F0_REG),LO16((uint32)buffer[i]));
 322              		.loc 1 59 0
 323 007c 06FB0472 		mla	r2, r6, r4, r7
 324 0080 46F24B41 		movw	r1, #25675
 325 0084 92B2     		uxth	r2, r2
 326 0086 FFF7FEFF 		bl	CyDmaTdSetAddress
 327              	.LVL39:
  60:.\Generated_Source\PSoC5/Camera.c **** 		if(i) CyDmaTdSetConfiguration(DMA_TD[i-1],BUFFER_SIZE,DMA_TD[i],TD_INC_DST_ADR);
 328              		.loc 1 60 0
 329 008a 34B1     		cbz	r4, .L24
  60:.\Generated_Source\PSoC5/Camera.c **** 		if(i) CyDmaTdSetConfiguration(DMA_TD[i-1],BUFFER_SIZE,DMA_TD[i],TD_INC_DST_ADR);
 330              		.loc 1 60 0 is_stmt 0 discriminator 1
 331 008c 2A19     		adds	r2, r5, r4
 332 008e D078     		ldrb	r0, [r2, #3]	@ zero_extendqisi2
 333 0090 3146     		mov	r1, r6
 334 0092 1279     		ldrb	r2, [r2, #4]	@ zero_extendqisi2
 335 0094 0223     		movs	r3, #2
 336 0096 FFF7FEFF 		bl	CyDmaTdSetConfiguration
 337              	.LVL40:
 338              	.L24:
  56:.\Generated_Source\PSoC5/Camera.c **** 	for(i=0;i<sizeof DMA_TD;i++) //set up TDs
 339              		.loc 1 56 0 is_stmt 1
 340 009a 0134     		adds	r4, r4, #1
 341              	.LVL41:
ARM GAS  C:\Users\Nick\AppData\Local\Temp\ccT8jaHa.s 			page 9


 342 009c A4B2     		uxth	r4, r4
 343              	.LVL42:
 344              	.L23:
  56:.\Generated_Source\PSoC5/Camera.c **** 	for(i=0;i<sizeof DMA_TD;i++) //set up TDs
 345              		.loc 1 56 0 is_stmt 0 discriminator 1
 346 009e 0F2C     		cmp	r4, #15
 347 00a0 E8D9     		bls	.L25
  62:.\Generated_Source\PSoC5/Camera.c **** 	CyDmaChPriority(DMA_channel,0); //ensure highest priority for DMA channel
 348              		.loc 1 62 0 is_stmt 1
 349 00a2 064B     		ldr	r3, .L26+12
 350 00a4 1878     		ldrb	r0, [r3]	@ zero_extendqisi2
 351 00a6 0021     		movs	r1, #0
 352 00a8 FFF7FEFF 		bl	CyDmaChPriority
 353              	.LVL43:
 354 00ac F8BD     		pop	{r3, r4, r5, r6, r7, pc}
 355              	.LVL44:
 356              	.L27:
 357 00ae 00BF     		.align	2
 358              	.L26:
 359 00b0 00000000 		.word	Camera_settings
 360 00b4 00000000 		.word	Camera_format
 361 00b8 00000000 		.word	Camera_qcif
 362 00bc 00000000 		.word	.LANCHOR0
 363 00c0 00000000 		.word	Camera_framebuffer
 364              		.cfi_endproc
 365              	.LFE66:
 366              		.size	Camera_Start, .-Camera_Start
 367              		.section	.text.Camera_GetFrame,"ax",%progbits
 368              		.align	2
 369              		.global	Camera_GetFrame
 370              		.thumb
 371              		.thumb_func
 372              		.type	Camera_GetFrame, %function
 373              	Camera_GetFrame:
 374              	.LFB68:
  74:.\Generated_Source\PSoC5/Camera.c **** }
  75:.\Generated_Source\PSoC5/Camera.c **** 
  76:.\Generated_Source\PSoC5/Camera.c **** void Camera_GetFrame()
  77:.\Generated_Source\PSoC5/Camera.c **** {
 375              		.loc 1 77 0
 376              		.cfi_startproc
 377              		@ args = 0, pretend = 0, frame = 0
 378              		@ frame_needed = 0, uses_anonymous_args = 0
 379 0000 08B5     		push	{r3, lr}
 380              		.cfi_def_cfa_offset 8
 381              		.cfi_offset 3, -8
 382              		.cfi_offset 14, -4
  78:.\Generated_Source\PSoC5/Camera.c **** 	CyDmaTdSetConfiguration(DMA_TD[sizeof(DMA_TD)-1],BUFFER_SIZE,CY_DMA_DISABLE_TD,TD_INC_DST_ADR); //
 383              		.loc 1 78 0
 384 0002 054B     		ldr	r3, .L29
 385 0004 D87C     		ldrb	r0, [r3, #19]	@ zero_extendqisi2
 386 0006 4FF44661 		mov	r1, #3168
 387 000a FE22     		movs	r2, #254
 388 000c 0223     		movs	r3, #2
 389 000e FFF7FEFF 		bl	CyDmaTdSetConfiguration
 390              	.LVL45:
  79:.\Generated_Source\PSoC5/Camera.c **** 	DMA_Start();
ARM GAS  C:\Users\Nick\AppData\Local\Temp\ccT8jaHa.s 			page 10


 391              		.loc 1 79 0
 392 0012 FFF7FEFF 		bl	DMA_Start
 393              	.LVL46:
 394 0016 08BD     		pop	{r3, pc}
 395              	.L30:
 396              		.align	2
 397              	.L29:
 398 0018 00000000 		.word	.LANCHOR0
 399              		.cfi_endproc
 400              	.LFE68:
 401              		.size	Camera_GetFrame, .-Camera_GetFrame
 402              		.section	.text.Camera_Stream,"ax",%progbits
 403              		.align	2
 404              		.global	Camera_Stream
 405              		.thumb
 406              		.thumb_func
 407              		.type	Camera_Stream, %function
 408              	Camera_Stream:
 409              	.LFB69:
  80:.\Generated_Source\PSoC5/Camera.c **** }
  81:.\Generated_Source\PSoC5/Camera.c **** 
  82:.\Generated_Source\PSoC5/Camera.c **** void Camera_Stream()
  83:.\Generated_Source\PSoC5/Camera.c **** {
 410              		.loc 1 83 0
 411              		.cfi_startproc
 412              		@ args = 0, pretend = 0, frame = 0
 413              		@ frame_needed = 0, uses_anonymous_args = 0
 414 0000 08B5     		push	{r3, lr}
 415              		.cfi_def_cfa_offset 8
 416              		.cfi_offset 3, -8
 417              		.cfi_offset 14, -4
  84:.\Generated_Source\PSoC5/Camera.c **** 	CyDmaTdSetConfiguration(DMA_TD[sizeof(DMA_TD)-1],BUFFER_SIZE,DMA_TD[0],TD_INC_DST_ADR); //loop TDs
 418              		.loc 1 84 0
 419 0002 054B     		ldr	r3, .L32
 420 0004 D87C     		ldrb	r0, [r3, #19]	@ zero_extendqisi2
 421 0006 4FF44661 		mov	r1, #3168
 422 000a 1A79     		ldrb	r2, [r3, #4]	@ zero_extendqisi2
 423 000c 0223     		movs	r3, #2
 424 000e FFF7FEFF 		bl	CyDmaTdSetConfiguration
 425              	.LVL47:
  85:.\Generated_Source\PSoC5/Camera.c **** 	DMA_Start();
 426              		.loc 1 85 0
 427 0012 FFF7FEFF 		bl	DMA_Start
 428              	.LVL48:
 429 0016 08BD     		pop	{r3, pc}
 430              	.L33:
 431              		.align	2
 432              	.L32:
 433 0018 00000000 		.word	.LANCHOR0
 434              		.cfi_endproc
 435              	.LFE69:
 436              		.size	Camera_Stream, .-Camera_Stream
 437              		.section	.text.Camera_StopStreaming,"ax",%progbits
 438              		.align	2
 439              		.global	Camera_StopStreaming
 440              		.thumb
 441              		.thumb_func
ARM GAS  C:\Users\Nick\AppData\Local\Temp\ccT8jaHa.s 			page 11


 442              		.type	Camera_StopStreaming, %function
 443              	Camera_StopStreaming:
 444              	.LFB70:
  86:.\Generated_Source\PSoC5/Camera.c **** }
  87:.\Generated_Source\PSoC5/Camera.c **** 
  88:.\Generated_Source\PSoC5/Camera.c **** void Camera_StopStreaming()
  89:.\Generated_Source\PSoC5/Camera.c **** {
 445              		.loc 1 89 0
 446              		.cfi_startproc
 447              		@ args = 0, pretend = 0, frame = 0
 448              		@ frame_needed = 0, uses_anonymous_args = 0
 449 0000 08B5     		push	{r3, lr}
 450              		.cfi_def_cfa_offset 8
 451              		.cfi_offset 3, -8
 452              		.cfi_offset 14, -4
  90:.\Generated_Source\PSoC5/Camera.c **** 	CyDmaChSetRequest(DMA_channel,CY_DMA_CPU_TERM_CHAIN);
 453              		.loc 1 90 0
 454 0002 034B     		ldr	r3, .L35
 455 0004 1878     		ldrb	r0, [r3]	@ zero_extendqisi2
 456 0006 0421     		movs	r1, #4
 457 0008 FFF7FEFF 		bl	CyDmaChSetRequest
 458              	.LVL49:
 459 000c 08BD     		pop	{r3, pc}
 460              	.L36:
 461 000e 00BF     		.align	2
 462              	.L35:
 463 0010 00000000 		.word	.LANCHOR0
 464              		.cfi_endproc
 465              	.LFE70:
 466              		.size	Camera_StopStreaming, .-Camera_StopStreaming
 467              		.comm	Camera_framebuffer,50688,4
 468              		.bss
 469              		.align	2
 470              		.set	.LANCHOR0,. + 0
 471              		.type	DMA_channel, %object
 472              		.size	DMA_channel, 1
 473              	DMA_channel:
 474 0000 00       		.space	1
 475 0001 000000   		.space	3
 476              		.type	DMA_TD, %object
 477              		.size	DMA_TD, 16
 478              	DMA_TD:
 479 0004 00000000 		.space	16
 479      00000000 
 479      00000000 
 479      00000000 
 480              		.text
 481              	.Letext0:
 482              		.file 2 "c:\\program files (x86)\\cypress\\psoc creator\\3.2\\psoc creator\\import\\gnu\\arm\\4.8.
 483              		.file 3 "c:\\program files (x86)\\cypress\\psoc creator\\3.2\\psoc creator\\import\\gnu\\arm\\4.8.
 484              		.file 4 "Generated_Source\\PSoC5/cytypes.h"
 485              		.file 5 "Generated_Source\\PSoC5/core_cm3.h"
 486              		.file 6 ".\\Generated_Source\\PSoC5\\Camera.h"
 487              		.file 7 "Generated_Source\\PSoC5/CYDMAC.H"
 488              		.file 8 "Generated_Source\\PSoC5/Camera_I2C.h"
 489              		.file 9 "Generated_Source\\PSoC5/Camera_VSYNC.h"
 490              		.file 10 "Generated_Source\\PSoC5/Camera_SIOD.h"
ARM GAS  C:\Users\Nick\AppData\Local\Temp\ccT8jaHa.s 			page 12


 491              		.file 11 "Generated_Source\\PSoC5/Camera_SIOC.h"
 492              		.file 12 "Generated_Source\\PSoC5/CyLib.h"
 493              		.file 13 "Generated_Source\\PSoC5/Camera_DMA_dma.h"
 494              		.section	.debug_info,"",%progbits
 495              	.Ldebug_info0:
 496 0000 83060000 		.4byte	0x683
 497 0004 0400     		.2byte	0x4
 498 0006 00000000 		.4byte	.Ldebug_abbrev0
 499 000a 04       		.byte	0x4
 500 000b 01       		.uleb128 0x1
 501 000c 73020000 		.4byte	.LASF51
 502 0010 01       		.byte	0x1
 503 0011 82000000 		.4byte	.LASF52
 504 0015 99030000 		.4byte	.LASF53
 505 0019 00000000 		.4byte	.Ldebug_ranges0+0
 506 001d 00000000 		.4byte	0
 507 0021 00000000 		.4byte	.Ldebug_line0
 508 0025 02       		.uleb128 0x2
 509 0026 01       		.byte	0x1
 510 0027 06       		.byte	0x6
 511 0028 83030000 		.4byte	.LASF0
 512 002c 02       		.uleb128 0x2
 513 002d 01       		.byte	0x1
 514 002e 08       		.byte	0x8
 515 002f 2F010000 		.4byte	.LASF1
 516 0033 02       		.uleb128 0x2
 517 0034 02       		.byte	0x2
 518 0035 05       		.byte	0x5
 519 0036 31030000 		.4byte	.LASF2
 520 003a 02       		.uleb128 0x2
 521 003b 02       		.byte	0x2
 522 003c 07       		.byte	0x7
 523 003d 6C010000 		.4byte	.LASF3
 524 0041 03       		.uleb128 0x3
 525 0042 4D000000 		.4byte	.LASF9
 526 0046 02       		.byte	0x2
 527 0047 37       		.byte	0x37
 528 0048 4C000000 		.4byte	0x4c
 529 004c 02       		.uleb128 0x2
 530 004d 04       		.byte	0x4
 531 004e 05       		.byte	0x5
 532 004f 73030000 		.4byte	.LASF4
 533 0053 02       		.uleb128 0x2
 534 0054 04       		.byte	0x4
 535 0055 07       		.byte	0x7
 536 0056 5A010000 		.4byte	.LASF5
 537 005a 02       		.uleb128 0x2
 538 005b 08       		.byte	0x8
 539 005c 05       		.byte	0x5
 540 005d 04030000 		.4byte	.LASF6
 541 0061 02       		.uleb128 0x2
 542 0062 08       		.byte	0x8
 543 0063 07       		.byte	0x7
 544 0064 24020000 		.4byte	.LASF7
 545 0068 04       		.uleb128 0x4
 546 0069 04       		.byte	0x4
 547 006a 05       		.byte	0x5
ARM GAS  C:\Users\Nick\AppData\Local\Temp\ccT8jaHa.s 			page 13


 548 006b 696E7400 		.ascii	"int\000"
 549 006f 02       		.uleb128 0x2
 550 0070 04       		.byte	0x4
 551 0071 07       		.byte	0x7
 552 0072 FE010000 		.4byte	.LASF8
 553 0076 03       		.uleb128 0x3
 554 0077 EA000000 		.4byte	.LASF10
 555 007b 03       		.byte	0x3
 556 007c 41       		.byte	0x41
 557 007d 41000000 		.4byte	0x41
 558 0081 03       		.uleb128 0x3
 559 0082 52030000 		.4byte	.LASF11
 560 0086 04       		.byte	0x4
 561 0087 B4       		.byte	0xb4
 562 0088 2C000000 		.4byte	0x2c
 563 008c 03       		.uleb128 0x3
 564 008d F0010000 		.4byte	.LASF12
 565 0091 04       		.byte	0x4
 566 0092 B5       		.byte	0xb5
 567 0093 3A000000 		.4byte	0x3a
 568 0097 03       		.uleb128 0x3
 569 0098 F7010000 		.4byte	.LASF13
 570 009c 04       		.byte	0x4
 571 009d B6       		.byte	0xb6
 572 009e 53000000 		.4byte	0x53
 573 00a2 02       		.uleb128 0x2
 574 00a3 04       		.byte	0x4
 575 00a4 04       		.byte	0x4
 576 00a5 02010000 		.4byte	.LASF14
 577 00a9 02       		.uleb128 0x2
 578 00aa 08       		.byte	0x8
 579 00ab 04       		.byte	0x4
 580 00ac AC010000 		.4byte	.LASF15
 581 00b0 02       		.uleb128 0x2
 582 00b1 01       		.byte	0x1
 583 00b2 08       		.byte	0x8
 584 00b3 2C030000 		.4byte	.LASF16
 585 00b7 05       		.uleb128 0x5
 586 00b8 1B000000 		.4byte	.LASF17
 587 00bc 04       		.byte	0x4
 588 00bd 5601     		.2byte	0x156
 589 00bf 53000000 		.4byte	0x53
 590 00c3 05       		.uleb128 0x5
 591 00c4 3D010000 		.4byte	.LASF18
 592 00c8 04       		.byte	0x4
 593 00c9 5E01     		.2byte	0x15e
 594 00cb CF000000 		.4byte	0xcf
 595 00cf 06       		.uleb128 0x6
 596 00d0 81000000 		.4byte	0x81
 597 00d4 02       		.uleb128 0x2
 598 00d5 04       		.byte	0x4
 599 00d6 07       		.byte	0x7
 600 00d7 EF020000 		.4byte	.LASF19
 601 00db 07       		.uleb128 0x7
 602 00dc 8F030000 		.4byte	.LASF54
 603 00e0 01       		.byte	0x1
 604 00e1 41       		.byte	0x41
ARM GAS  C:\Users\Nick\AppData\Local\Temp\ccT8jaHa.s 			page 14


 605 00e2 00000000 		.4byte	.LFB67
 606 00e6 30000000 		.4byte	.LFE67-.LFB67
 607 00ea 01       		.uleb128 0x1
 608 00eb 9C       		.byte	0x9c
 609 00ec 12010000 		.4byte	0x112
 610 00f0 08       		.uleb128 0x8
 611 00f1 14000000 		.4byte	.LVL0
 612 00f5 07050000 		.4byte	0x507
 613 00f9 08       		.uleb128 0x8
 614 00fa 1C000000 		.4byte	.LVL1
 615 00fe 1C050000 		.4byte	0x51c
 616 0102 09       		.uleb128 0x9
 617 0103 24000000 		.4byte	.LVL2
 618 0107 36050000 		.4byte	0x536
 619 010b 0A       		.uleb128 0xa
 620 010c 01       		.uleb128 0x1
 621 010d 51       		.byte	0x51
 622 010e 01       		.uleb128 0x1
 623 010f 31       		.byte	0x31
 624 0110 00       		.byte	0
 625 0111 00       		.byte	0
 626 0112 0B       		.uleb128 0xb
 627 0113 3B030000 		.4byte	.LASF55
 628 0117 01       		.byte	0x1
 629 0118 10       		.byte	0x10
 630 0119 00000000 		.4byte	.LFB63
 631 011d 28000000 		.4byte	.LFE63-.LFB63
 632 0121 01       		.uleb128 0x1
 633 0122 9C       		.byte	0x9c
 634 0123 91010000 		.4byte	0x191
 635 0127 0C       		.uleb128 0xc
 636 0128 72656700 		.ascii	"reg\000"
 637 012c 01       		.byte	0x1
 638 012d 10       		.byte	0x10
 639 012e 91010000 		.4byte	0x191
 640 0132 00000000 		.4byte	.LLST0
 641 0136 0D       		.uleb128 0xd
 642 0137 47000000 		.4byte	.LASF20
 643 013b 01       		.byte	0x1
 644 013c 10       		.byte	0x10
 645 013d 91010000 		.4byte	0x191
 646 0141 21000000 		.4byte	.LLST1
 647 0145 0E       		.uleb128 0xe
 648 0146 12000000 		.4byte	.LVL5
 649 014a 50050000 		.4byte	0x550
 650 014e 5F010000 		.4byte	0x15f
 651 0152 0A       		.uleb128 0xa
 652 0153 01       		.uleb128 0x1
 653 0154 51       		.byte	0x51
 654 0155 02       		.uleb128 0x2
 655 0156 74       		.byte	0x74
 656 0157 00       		.sleb128 0
 657 0158 0A       		.uleb128 0xa
 658 0159 01       		.uleb128 0x1
 659 015a 50       		.byte	0x50
 660 015b 02       		.uleb128 0x2
 661 015c 75       		.byte	0x75
ARM GAS  C:\Users\Nick\AppData\Local\Temp\ccT8jaHa.s 			page 15


 662 015d 00       		.sleb128 0
 663 015e 00       		.byte	0
 664 015f 0E       		.uleb128 0xe
 665 0160 1C000000 		.4byte	.LVL6
 666 0164 6A050000 		.4byte	0x56a
 667 0168 73010000 		.4byte	0x173
 668 016c 0A       		.uleb128 0xa
 669 016d 01       		.uleb128 0x1
 670 016e 50       		.byte	0x50
 671 016f 02       		.uleb128 0x2
 672 0170 77       		.byte	0x77
 673 0171 00       		.sleb128 0
 674 0172 00       		.byte	0
 675 0173 0E       		.uleb128 0xe
 676 0174 22000000 		.4byte	.LVL7
 677 0178 6A050000 		.4byte	0x56a
 678 017c 87010000 		.4byte	0x187
 679 0180 0A       		.uleb128 0xa
 680 0181 01       		.uleb128 0x1
 681 0182 50       		.byte	0x50
 682 0183 02       		.uleb128 0x2
 683 0184 76       		.byte	0x76
 684 0185 00       		.sleb128 0
 685 0186 00       		.byte	0
 686 0187 08       		.uleb128 0x8
 687 0188 26000000 		.4byte	.LVL8
 688 018c 7F050000 		.4byte	0x57f
 689 0190 00       		.byte	0
 690 0191 0F       		.uleb128 0xf
 691 0192 81000000 		.4byte	0x81
 692 0196 10       		.uleb128 0x10
 693 0197 C8000000 		.4byte	.LASF56
 694 019b 01       		.byte	0x1
 695 019c 18       		.byte	0x18
 696 019d 81000000 		.4byte	0x81
 697 01a1 00000000 		.4byte	.LFB64
 698 01a5 3C000000 		.4byte	.LFE64-.LFB64
 699 01a9 01       		.uleb128 0x1
 700 01aa 9C       		.byte	0x9c
 701 01ab 31020000 		.4byte	0x231
 702 01af 0C       		.uleb128 0xc
 703 01b0 72656700 		.ascii	"reg\000"
 704 01b4 01       		.byte	0x1
 705 01b5 18       		.byte	0x18
 706 01b6 91010000 		.4byte	0x191
 707 01ba 42000000 		.4byte	.LLST2
 708 01be 11       		.uleb128 0x11
 709 01bf 47000000 		.4byte	.LASF20
 710 01c3 01       		.byte	0x1
 711 01c4 1F       		.byte	0x1f
 712 01c5 81000000 		.4byte	0x81
 713 01c9 63000000 		.4byte	.LLST3
 714 01cd 0E       		.uleb128 0xe
 715 01ce 10000000 		.4byte	.LVL11
 716 01d2 50050000 		.4byte	0x550
 717 01d6 E7010000 		.4byte	0x1e7
 718 01da 0A       		.uleb128 0xa
ARM GAS  C:\Users\Nick\AppData\Local\Temp\ccT8jaHa.s 			page 16


 719 01db 01       		.uleb128 0x1
 720 01dc 51       		.byte	0x51
 721 01dd 02       		.uleb128 0x2
 722 01de 74       		.byte	0x74
 723 01df 00       		.sleb128 0
 724 01e0 0A       		.uleb128 0xa
 725 01e1 01       		.uleb128 0x1
 726 01e2 50       		.byte	0x50
 727 01e3 02       		.uleb128 0x2
 728 01e4 75       		.byte	0x75
 729 01e5 00       		.sleb128 0
 730 01e6 00       		.byte	0
 731 01e7 0E       		.uleb128 0xe
 732 01e8 1A000000 		.4byte	.LVL12
 733 01ec 6A050000 		.4byte	0x56a
 734 01f0 FB010000 		.4byte	0x1fb
 735 01f4 0A       		.uleb128 0xa
 736 01f5 01       		.uleb128 0x1
 737 01f6 50       		.byte	0x50
 738 01f7 02       		.uleb128 0x2
 739 01f8 76       		.byte	0x76
 740 01f9 00       		.sleb128 0
 741 01fa 00       		.byte	0
 742 01fb 08       		.uleb128 0x8
 743 01fc 1E000000 		.4byte	.LVL13
 744 0200 7F050000 		.4byte	0x57f
 745 0204 0E       		.uleb128 0xe
 746 0205 2A000000 		.4byte	.LVL14
 747 0209 50050000 		.4byte	0x550
 748 020d 1E020000 		.4byte	0x21e
 749 0211 0A       		.uleb128 0xa
 750 0212 01       		.uleb128 0x1
 751 0213 51       		.byte	0x51
 752 0214 02       		.uleb128 0x2
 753 0215 74       		.byte	0x74
 754 0216 00       		.sleb128 0
 755 0217 0A       		.uleb128 0xa
 756 0218 01       		.uleb128 0x1
 757 0219 50       		.byte	0x50
 758 021a 02       		.uleb128 0x2
 759 021b 75       		.byte	0x75
 760 021c 00       		.sleb128 0
 761 021d 00       		.byte	0
 762 021e 08       		.uleb128 0x8
 763 021f 32000000 		.4byte	.LVL15
 764 0223 8A050000 		.4byte	0x58a
 765 0227 08       		.uleb128 0x8
 766 0228 38000000 		.4byte	.LVL17
 767 022c 7F050000 		.4byte	0x57f
 768 0230 00       		.byte	0
 769 0231 12       		.uleb128 0x12
 770 0232 24000000 		.4byte	.LASF21
 771 0236 01       		.byte	0x1
 772 0237 24       		.byte	0x24
 773 0238 00000000 		.4byte	.LFB65
 774 023c 14000000 		.4byte	.LFE65-.LFB65
 775 0240 01       		.uleb128 0x1
ARM GAS  C:\Users\Nick\AppData\Local\Temp\ccT8jaHa.s 			page 17


 776 0241 9C       		.byte	0x9c
 777 0242 59020000 		.4byte	0x259
 778 0246 08       		.uleb128 0x8
 779 0247 06000000 		.4byte	.LVL18
 780 024b 9F050000 		.4byte	0x59f
 781 024f 08       		.uleb128 0x8
 782 0250 0E000000 		.4byte	.LVL19
 783 0254 9F050000 		.4byte	0x59f
 784 0258 00       		.byte	0
 785 0259 12       		.uleb128 0x12
 786 025a 58030000 		.4byte	.LASF22
 787 025e 01       		.byte	0x1
 788 025f 2A       		.byte	0x2a
 789 0260 00000000 		.4byte	.LFB66
 790 0264 C4000000 		.4byte	.LFE66-.LFB66
 791 0268 01       		.uleb128 0x1
 792 0269 9C       		.byte	0x9c
 793 026a 97030000 		.4byte	0x397
 794 026e 13       		.uleb128 0x13
 795 026f 6900     		.ascii	"i\000"
 796 0271 01       		.byte	0x1
 797 0272 32       		.byte	0x32
 798 0273 8C000000 		.4byte	0x8c
 799 0277 81000000 		.4byte	.LLST4
 800 027b 14       		.uleb128 0x14
 801 027c 4B030000 		.4byte	.LASF23
 802 0280 01       		.byte	0x1
 803 0281 36       		.byte	0x36
 804 0282 A8030000 		.4byte	0x3a8
 805 0286 06       		.uleb128 0x6
 806 0287 03       		.byte	0x3
 807 0288 00000000 		.4byte	Camera_framebuffer
 808 028c 9F       		.byte	0x9f
 809 028d 0E       		.uleb128 0xe
 810 028e 08000000 		.4byte	.LVL20
 811 0292 AA050000 		.4byte	0x5aa
 812 0296 A0020000 		.4byte	0x2a0
 813 029a 0A       		.uleb128 0xa
 814 029b 01       		.uleb128 0x1
 815 029c 50       		.byte	0x50
 816 029d 01       		.uleb128 0x1
 817 029e 34       		.byte	0x34
 818 029f 00       		.byte	0
 819 02a0 0E       		.uleb128 0xe
 820 02a1 0E000000 		.4byte	.LVL21
 821 02a5 BB050000 		.4byte	0x5bb
 822 02a9 B3020000 		.4byte	0x2b3
 823 02ad 0A       		.uleb128 0xa
 824 02ae 01       		.uleb128 0x1
 825 02af 50       		.byte	0x50
 826 02b0 01       		.uleb128 0x1
 827 02b1 34       		.byte	0x34
 828 02b2 00       		.byte	0
 829 02b3 08       		.uleb128 0x8
 830 02b4 12000000 		.4byte	.LVL22
 831 02b8 CC050000 		.4byte	0x5cc
 832 02bc 0E       		.uleb128 0xe
ARM GAS  C:\Users\Nick\AppData\Local\Temp\ccT8jaHa.s 			page 18


 833 02bd 1A000000 		.4byte	.LVL23
 834 02c1 12010000 		.4byte	0x112
 835 02c5 D5020000 		.4byte	0x2d5
 836 02c9 0A       		.uleb128 0xa
 837 02ca 01       		.uleb128 0x1
 838 02cb 51       		.byte	0x51
 839 02cc 02       		.uleb128 0x2
 840 02cd 09       		.byte	0x9
 841 02ce 80       		.byte	0x80
 842 02cf 0A       		.uleb128 0xa
 843 02d0 01       		.uleb128 0x1
 844 02d1 50       		.byte	0x50
 845 02d2 01       		.uleb128 0x1
 846 02d3 42       		.byte	0x42
 847 02d4 00       		.byte	0
 848 02d5 0E       		.uleb128 0xe
 849 02d6 20000000 		.4byte	.LVL24
 850 02da D3050000 		.4byte	0x5d3
 851 02de E8020000 		.4byte	0x2e8
 852 02e2 0A       		.uleb128 0xa
 853 02e3 01       		.uleb128 0x1
 854 02e4 50       		.byte	0x50
 855 02e5 01       		.uleb128 0x1
 856 02e6 31       		.byte	0x31
 857 02e7 00       		.byte	0
 858 02e8 0E       		.uleb128 0xe
 859 02e9 30000000 		.4byte	.LVL26
 860 02ed 12010000 		.4byte	0x112
 861 02f1 05030000 		.4byte	0x305
 862 02f5 0A       		.uleb128 0xa
 863 02f6 01       		.uleb128 0x1
 864 02f7 51       		.byte	0x51
 865 02f8 0B       		.uleb128 0xb
 866 02f9 74       		.byte	0x74
 867 02fa 00       		.sleb128 0
 868 02fb 31       		.byte	0x31
 869 02fc 24       		.byte	0x24
 870 02fd 75       		.byte	0x75
 871 02fe 00       		.sleb128 0
 872 02ff 22       		.byte	0x22
 873 0300 23       		.byte	0x23
 874 0301 01       		.uleb128 0x1
 875 0302 94       		.byte	0x94
 876 0303 01       		.byte	0x1
 877 0304 00       		.byte	0
 878 0305 0E       		.uleb128 0xe
 879 0306 4A000000 		.4byte	.LVL31
 880 030a 12010000 		.4byte	0x112
 881 030e 1E030000 		.4byte	0x31e
 882 0312 0A       		.uleb128 0xa
 883 0313 01       		.uleb128 0x1
 884 0314 51       		.byte	0x51
 885 0315 07       		.uleb128 0x7
 886 0316 76       		.byte	0x76
 887 0317 00       		.sleb128 0
 888 0318 74       		.byte	0x74
 889 0319 00       		.sleb128 0
ARM GAS  C:\Users\Nick\AppData\Local\Temp\ccT8jaHa.s 			page 19


 890 031a 22       		.byte	0x22
 891 031b 94       		.byte	0x94
 892 031c 01       		.byte	0x1
 893 031d 00       		.byte	0
 894 031e 0E       		.uleb128 0xe
 895 031f 64000000 		.4byte	.LVL35
 896 0323 E4050000 		.4byte	0x5e4
 897 0327 44030000 		.4byte	0x344
 898 032b 0A       		.uleb128 0xa
 899 032c 01       		.uleb128 0x1
 900 032d 53       		.byte	0x53
 901 032e 03       		.uleb128 0x3
 902 032f 0A       		.byte	0xa
 903 0330 FF1F     		.2byte	0x1fff
 904 0332 0A       		.uleb128 0xa
 905 0333 01       		.uleb128 0x1
 906 0334 52       		.byte	0x52
 907 0335 03       		.uleb128 0x3
 908 0336 0A       		.byte	0xa
 909 0337 0040     		.2byte	0x4000
 910 0339 0A       		.uleb128 0xa
 911 033a 01       		.uleb128 0x1
 912 033b 51       		.byte	0x51
 913 033c 01       		.uleb128 0x1
 914 033d 31       		.byte	0x31
 915 033e 0A       		.uleb128 0xa
 916 033f 01       		.uleb128 0x1
 917 0340 50       		.byte	0x50
 918 0341 01       		.uleb128 0x1
 919 0342 31       		.byte	0x31
 920 0343 00       		.byte	0
 921 0344 08       		.uleb128 0x8
 922 0345 78000000 		.4byte	.LVL38
 923 0349 08060000 		.4byte	0x608
 924 034d 0E       		.uleb128 0xe
 925 034e 8A000000 		.4byte	.LVL39
 926 0352 13060000 		.4byte	0x613
 927 0356 6E030000 		.4byte	0x36e
 928 035a 0A       		.uleb128 0xa
 929 035b 01       		.uleb128 0x1
 930 035c 52       		.byte	0x52
 931 035d 08       		.uleb128 0x8
 932 035e 76       		.byte	0x76
 933 035f 00       		.sleb128 0
 934 0360 74       		.byte	0x74
 935 0361 00       		.sleb128 0
 936 0362 1E       		.byte	0x1e
 937 0363 77       		.byte	0x77
 938 0364 00       		.sleb128 0
 939 0365 22       		.byte	0x22
 940 0366 0A       		.uleb128 0xa
 941 0367 01       		.uleb128 0x1
 942 0368 51       		.byte	0x51
 943 0369 03       		.uleb128 0x3
 944 036a 0A       		.byte	0xa
 945 036b 4B64     		.2byte	0x644b
 946 036d 00       		.byte	0
ARM GAS  C:\Users\Nick\AppData\Local\Temp\ccT8jaHa.s 			page 20


 947 036e 0E       		.uleb128 0xe
 948 036f 9A000000 		.4byte	.LVL40
 949 0373 32060000 		.4byte	0x632
 950 0377 87030000 		.4byte	0x387
 951 037b 0A       		.uleb128 0xa
 952 037c 01       		.uleb128 0x1
 953 037d 53       		.byte	0x53
 954 037e 01       		.uleb128 0x1
 955 037f 32       		.byte	0x32
 956 0380 0A       		.uleb128 0xa
 957 0381 01       		.uleb128 0x1
 958 0382 51       		.byte	0x51
 959 0383 02       		.uleb128 0x2
 960 0384 76       		.byte	0x76
 961 0385 00       		.sleb128 0
 962 0386 00       		.byte	0
 963 0387 09       		.uleb128 0x9
 964 0388 AC000000 		.4byte	.LVL43
 965 038c 56060000 		.4byte	0x656
 966 0390 0A       		.uleb128 0xa
 967 0391 01       		.uleb128 0x1
 968 0392 51       		.byte	0x51
 969 0393 01       		.uleb128 0x1
 970 0394 30       		.byte	0x30
 971 0395 00       		.byte	0
 972 0396 00       		.byte	0
 973 0397 15       		.uleb128 0x15
 974 0398 81000000 		.4byte	0x81
 975 039c A8030000 		.4byte	0x3a8
 976 03a0 16       		.uleb128 0x16
 977 03a1 D4000000 		.4byte	0xd4
 978 03a5 5F0C     		.2byte	0xc5f
 979 03a7 00       		.byte	0
 980 03a8 17       		.uleb128 0x17
 981 03a9 04       		.byte	0x4
 982 03aa 97030000 		.4byte	0x397
 983 03ae 12       		.uleb128 0x12
 984 03af 8F010000 		.4byte	.LASF24
 985 03b3 01       		.byte	0x1
 986 03b4 4C       		.byte	0x4c
 987 03b5 00000000 		.4byte	.LFB68
 988 03b9 1C000000 		.4byte	.LFE68-.LFB68
 989 03bd 01       		.uleb128 0x1
 990 03be 9C       		.byte	0x9c
 991 03bf ED030000 		.4byte	0x3ed
 992 03c3 0E       		.uleb128 0xe
 993 03c4 12000000 		.4byte	.LVL45
 994 03c8 32060000 		.4byte	0x632
 995 03cc E3030000 		.4byte	0x3e3
 996 03d0 0A       		.uleb128 0xa
 997 03d1 01       		.uleb128 0x1
 998 03d2 53       		.byte	0x53
 999 03d3 01       		.uleb128 0x1
 1000 03d4 32       		.byte	0x32
 1001 03d5 0A       		.uleb128 0xa
 1002 03d6 01       		.uleb128 0x1
 1003 03d7 52       		.byte	0x52
ARM GAS  C:\Users\Nick\AppData\Local\Temp\ccT8jaHa.s 			page 21


 1004 03d8 02       		.uleb128 0x2
 1005 03d9 09       		.byte	0x9
 1006 03da FE       		.byte	0xfe
 1007 03db 0A       		.uleb128 0xa
 1008 03dc 01       		.uleb128 0x1
 1009 03dd 51       		.byte	0x51
 1010 03de 03       		.uleb128 0x3
 1011 03df 0A       		.byte	0xa
 1012 03e0 600C     		.2byte	0xc60
 1013 03e2 00       		.byte	0
 1014 03e3 08       		.uleb128 0x8
 1015 03e4 16000000 		.4byte	.LVL46
 1016 03e8 DB000000 		.4byte	0xdb
 1017 03ec 00       		.byte	0
 1018 03ed 12       		.uleb128 0x12
 1019 03ee 08010000 		.4byte	.LASF25
 1020 03f2 01       		.byte	0x1
 1021 03f3 52       		.byte	0x52
 1022 03f4 00000000 		.4byte	.LFB69
 1023 03f8 1C000000 		.4byte	.LFE69-.LFB69
 1024 03fc 01       		.uleb128 0x1
 1025 03fd 9C       		.byte	0x9c
 1026 03fe 26040000 		.4byte	0x426
 1027 0402 0E       		.uleb128 0xe
 1028 0403 12000000 		.4byte	.LVL47
 1029 0407 32060000 		.4byte	0x632
 1030 040b 1C040000 		.4byte	0x41c
 1031 040f 0A       		.uleb128 0xa
 1032 0410 01       		.uleb128 0x1
 1033 0411 53       		.byte	0x53
 1034 0412 01       		.uleb128 0x1
 1035 0413 32       		.byte	0x32
 1036 0414 0A       		.uleb128 0xa
 1037 0415 01       		.uleb128 0x1
 1038 0416 51       		.byte	0x51
 1039 0417 03       		.uleb128 0x3
 1040 0418 0A       		.byte	0xa
 1041 0419 600C     		.2byte	0xc60
 1042 041b 00       		.byte	0
 1043 041c 08       		.uleb128 0x8
 1044 041d 16000000 		.4byte	.LVL48
 1045 0421 DB000000 		.4byte	0xdb
 1046 0425 00       		.byte	0
 1047 0426 12       		.uleb128 0x12
 1048 0427 33040000 		.4byte	.LASF26
 1049 042b 01       		.byte	0x1
 1050 042c 58       		.byte	0x58
 1051 042d 00000000 		.4byte	.LFB70
 1052 0431 14000000 		.4byte	.LFE70-.LFB70
 1053 0435 01       		.uleb128 0x1
 1054 0436 9C       		.byte	0x9c
 1055 0437 4B040000 		.4byte	0x44b
 1056 043b 09       		.uleb128 0x9
 1057 043c 0C000000 		.4byte	.LVL49
 1058 0440 70060000 		.4byte	0x670
 1059 0444 0A       		.uleb128 0xa
 1060 0445 01       		.uleb128 0x1
ARM GAS  C:\Users\Nick\AppData\Local\Temp\ccT8jaHa.s 			page 22


 1061 0446 51       		.byte	0x51
 1062 0447 01       		.uleb128 0x1
 1063 0448 34       		.byte	0x34
 1064 0449 00       		.byte	0
 1065 044a 00       		.byte	0
 1066 044b 14       		.uleb128 0x14
 1067 044c F8020000 		.4byte	.LASF27
 1068 0450 01       		.byte	0x1
 1069 0451 0D       		.byte	0xd
 1070 0452 81000000 		.4byte	0x81
 1071 0456 05       		.uleb128 0x5
 1072 0457 03       		.byte	0x3
 1073 0458 00000000 		.4byte	DMA_channel
 1074 045c 15       		.uleb128 0x15
 1075 045d 81000000 		.4byte	0x81
 1076 0461 6C040000 		.4byte	0x46c
 1077 0465 18       		.uleb128 0x18
 1078 0466 D4000000 		.4byte	0xd4
 1079 046a 0F       		.byte	0xf
 1080 046b 00       		.byte	0
 1081 046c 14       		.uleb128 0x14
 1082 046d 7C030000 		.4byte	.LASF28
 1083 0471 01       		.byte	0x1
 1084 0472 0E       		.byte	0xe
 1085 0473 5C040000 		.4byte	0x45c
 1086 0477 05       		.uleb128 0x5
 1087 0478 03       		.byte	0x3
 1088 0479 04000000 		.4byte	DMA_TD
 1089 047d 19       		.uleb128 0x19
 1090 047e 9F010000 		.4byte	.LASF29
 1091 0482 05       		.byte	0x5
 1092 0483 2A06     		.2byte	0x62a
 1093 0485 89040000 		.4byte	0x489
 1094 0489 06       		.uleb128 0x6
 1095 048a 76000000 		.4byte	0x76
 1096 048e 15       		.uleb128 0x15
 1097 048f 81000000 		.4byte	0x81
 1098 0493 AA040000 		.4byte	0x4aa
 1099 0497 18       		.uleb128 0x18
 1100 0498 D4000000 		.4byte	0xd4
 1101 049c 8F       		.byte	0x8f
 1102 049d 18       		.uleb128 0x18
 1103 049e D4000000 		.4byte	0xd4
 1104 04a2 57       		.byte	0x57
 1105 04a3 18       		.uleb128 0x18
 1106 04a4 D4000000 		.4byte	0xd4
 1107 04a8 03       		.byte	0x3
 1108 04a9 00       		.byte	0
 1109 04aa 1A       		.uleb128 0x1a
 1110 04ab D7000000 		.4byte	.LASF30
 1111 04af 06       		.byte	0x6
 1112 04b0 08       		.byte	0x8
 1113 04b1 8E040000 		.4byte	0x48e
 1114 04b5 05       		.uleb128 0x5
 1115 04b6 03       		.byte	0x3
 1116 04b7 00000000 		.4byte	Camera_framebuffer
 1117 04bb 15       		.uleb128 0x15
ARM GAS  C:\Users\Nick\AppData\Local\Temp\ccT8jaHa.s 			page 23


 1118 04bc 81000000 		.4byte	0x81
 1119 04c0 CC040000 		.4byte	0x4cc
 1120 04c4 1B       		.uleb128 0x1b
 1121 04c5 18       		.uleb128 0x18
 1122 04c6 D4000000 		.4byte	0xd4
 1123 04ca 01       		.byte	0x1
 1124 04cb 00       		.byte	0
 1125 04cc 1C       		.uleb128 0x1c
 1126 04cd B8000000 		.4byte	.LASF31
 1127 04d1 01       		.byte	0x1
 1128 04d2 03       		.byte	0x3
 1129 04d3 D7040000 		.4byte	0x4d7
 1130 04d7 0F       		.uleb128 0xf
 1131 04d8 BB040000 		.4byte	0x4bb
 1132 04dc 15       		.uleb128 0x15
 1133 04dd 81000000 		.4byte	0x81
 1134 04e1 E7040000 		.4byte	0x4e7
 1135 04e5 1B       		.uleb128 0x1b
 1136 04e6 00       		.byte	0
 1137 04e7 1C       		.uleb128 0x1c
 1138 04e8 65030000 		.4byte	.LASF32
 1139 04ec 01       		.byte	0x1
 1140 04ed 04       		.byte	0x4
 1141 04ee F2040000 		.4byte	0x4f2
 1142 04f2 0F       		.uleb128 0xf
 1143 04f3 DC040000 		.4byte	0x4dc
 1144 04f7 1C       		.uleb128 0x1c
 1145 04f8 56020000 		.4byte	.LASF33
 1146 04fc 01       		.byte	0x1
 1147 04fd 09       		.byte	0x9
 1148 04fe 02050000 		.4byte	0x502
 1149 0502 0F       		.uleb128 0xf
 1150 0503 DC040000 		.4byte	0x4dc
 1151 0507 1D       		.uleb128 0x1d
 1152 0508 CD010000 		.4byte	.LASF34
 1153 050c 07       		.byte	0x7
 1154 050d 2C       		.byte	0x2c
 1155 050e B7000000 		.4byte	0xb7
 1156 0512 1C050000 		.4byte	0x51c
 1157 0516 1E       		.uleb128 0x1e
 1158 0517 81000000 		.4byte	0x81
 1159 051b 00       		.byte	0
 1160 051c 1D       		.uleb128 0x1d
 1161 051d A4000000 		.4byte	.LASF35
 1162 0521 07       		.byte	0x7
 1163 0522 30       		.byte	0x30
 1164 0523 B7000000 		.4byte	0xb7
 1165 0527 36050000 		.4byte	0x536
 1166 052b 1E       		.uleb128 0x1e
 1167 052c 81000000 		.4byte	0x81
 1168 0530 1E       		.uleb128 0x1e
 1169 0531 81000000 		.4byte	0x81
 1170 0535 00       		.byte	0
 1171 0536 1D       		.uleb128 0x1d
 1172 0537 E2010000 		.4byte	.LASF36
 1173 053b 07       		.byte	0x7
 1174 053c 2A       		.byte	0x2a
ARM GAS  C:\Users\Nick\AppData\Local\Temp\ccT8jaHa.s 			page 24


 1175 053d B7000000 		.4byte	0xb7
 1176 0541 50050000 		.4byte	0x550
 1177 0545 1E       		.uleb128 0x1e
 1178 0546 81000000 		.4byte	0x81
 1179 054a 1E       		.uleb128 0x1e
 1180 054b 81000000 		.4byte	0x81
 1181 054f 00       		.byte	0
 1182 0550 1D       		.uleb128 0x1d
 1183 0551 00000000 		.4byte	.LASF37
 1184 0555 08       		.byte	0x8
 1185 0556 B1       		.byte	0xb1
 1186 0557 81000000 		.4byte	0x81
 1187 055b 6A050000 		.4byte	0x56a
 1188 055f 1E       		.uleb128 0x1e
 1189 0560 81000000 		.4byte	0x81
 1190 0564 1E       		.uleb128 0x1e
 1191 0565 81000000 		.4byte	0x81
 1192 0569 00       		.byte	0
 1193 056a 1D       		.uleb128 0x1d
 1194 056b 3B020000 		.4byte	.LASF38
 1195 056f 08       		.byte	0x8
 1196 0570 B6       		.byte	0xb6
 1197 0571 81000000 		.4byte	0x81
 1198 0575 7F050000 		.4byte	0x57f
 1199 0579 1E       		.uleb128 0x1e
 1200 057a 81000000 		.4byte	0x81
 1201 057e 00       		.byte	0
 1202 057f 1F       		.uleb128 0x1f
 1203 0580 12030000 		.4byte	.LASF40
 1204 0584 08       		.byte	0x8
 1205 0585 B5       		.byte	0xb5
 1206 0586 81000000 		.4byte	0x81
 1207 058a 1D       		.uleb128 0x1d
 1208 058b B3010000 		.4byte	.LASF39
 1209 058f 08       		.byte	0x8
 1210 0590 B7       		.byte	0xb7
 1211 0591 81000000 		.4byte	0x81
 1212 0595 9F050000 		.4byte	0x59f
 1213 0599 1E       		.uleb128 0x1e
 1214 059a 81000000 		.4byte	0x81
 1215 059e 00       		.byte	0
 1216 059f 1F       		.uleb128 0x1f
 1217 05a0 35000000 		.4byte	.LASF41
 1218 05a4 09       		.byte	0x9
 1219 05a5 2B       		.byte	0x2b
 1220 05a6 81000000 		.4byte	0x81
 1221 05aa 20       		.uleb128 0x20
 1222 05ab 69000000 		.4byte	.LASF42
 1223 05af 0A       		.byte	0xa
 1224 05b0 29       		.byte	0x29
 1225 05b1 BB050000 		.4byte	0x5bb
 1226 05b5 1E       		.uleb128 0x1e
 1227 05b6 81000000 		.4byte	0x81
 1228 05ba 00       		.byte	0
 1229 05bb 20       		.uleb128 0x20
 1230 05bc 16010000 		.4byte	.LASF43
 1231 05c0 0B       		.byte	0xb
ARM GAS  C:\Users\Nick\AppData\Local\Temp\ccT8jaHa.s 			page 25


 1232 05c1 29       		.byte	0x29
 1233 05c2 CC050000 		.4byte	0x5cc
 1234 05c6 1E       		.uleb128 0x1e
 1235 05c7 81000000 		.4byte	0x81
 1236 05cb 00       		.byte	0
 1237 05cc 21       		.uleb128 0x21
 1238 05cd 62020000 		.4byte	.LASF57
 1239 05d1 08       		.byte	0x8
 1240 05d2 93       		.byte	0x93
 1241 05d3 20       		.uleb128 0x20
 1242 05d4 19040000 		.4byte	.LASF44
 1243 05d8 0C       		.byte	0xc
 1244 05d9 77       		.byte	0x77
 1245 05da E4050000 		.4byte	0x5e4
 1246 05de 1E       		.uleb128 0x1e
 1247 05df 97000000 		.4byte	0x97
 1248 05e3 00       		.byte	0
 1249 05e4 1D       		.uleb128 0x1d
 1250 05e5 0B020000 		.4byte	.LASF45
 1251 05e9 0D       		.byte	0xd
 1252 05ea 1E       		.byte	0x1e
 1253 05eb 81000000 		.4byte	0x81
 1254 05ef 08060000 		.4byte	0x608
 1255 05f3 1E       		.uleb128 0x1e
 1256 05f4 81000000 		.4byte	0x81
 1257 05f8 1E       		.uleb128 0x1e
 1258 05f9 81000000 		.4byte	0x81
 1259 05fd 1E       		.uleb128 0x1e
 1260 05fe 8C000000 		.4byte	0x8c
 1261 0602 1E       		.uleb128 0x1e
 1262 0603 8C000000 		.4byte	0x8c
 1263 0607 00       		.byte	0
 1264 0608 1F       		.uleb128 0x1f
 1265 0609 F2000000 		.4byte	.LASF46
 1266 060d 07       		.byte	0x7
 1267 060e 39       		.byte	0x39
 1268 060f 81000000 		.4byte	0x81
 1269 0613 1D       		.uleb128 0x1d
 1270 0614 57000000 		.4byte	.LASF47
 1271 0618 07       		.byte	0x7
 1272 0619 40       		.byte	0x40
 1273 061a B7000000 		.4byte	0xb7
 1274 061e 32060000 		.4byte	0x632
 1275 0622 1E       		.uleb128 0x1e
 1276 0623 81000000 		.4byte	0x81
 1277 0627 1E       		.uleb128 0x1e
 1278 0628 8C000000 		.4byte	0x8c
 1279 062c 1E       		.uleb128 0x1e
 1280 062d 8C000000 		.4byte	0x8c
 1281 0631 00       		.byte	0
 1282 0632 1D       		.uleb128 0x1d
 1283 0633 42010000 		.4byte	.LASF48
 1284 0637 07       		.byte	0x7
 1285 0638 3C       		.byte	0x3c
 1286 0639 B7000000 		.4byte	0xb7
 1287 063d 56060000 		.4byte	0x656
 1288 0641 1E       		.uleb128 0x1e
ARM GAS  C:\Users\Nick\AppData\Local\Temp\ccT8jaHa.s 			page 26


 1289 0642 81000000 		.4byte	0x81
 1290 0646 1E       		.uleb128 0x1e
 1291 0647 8C000000 		.4byte	0x8c
 1292 064b 1E       		.uleb128 0x1e
 1293 064c 81000000 		.4byte	0x81
 1294 0650 1E       		.uleb128 0x1e
 1295 0651 81000000 		.4byte	0x81
 1296 0655 00       		.byte	0
 1297 0656 1D       		.uleb128 0x1d
 1298 0657 7F010000 		.4byte	.LASF49
 1299 065b 07       		.byte	0x7
 1300 065c 2D       		.byte	0x2d
 1301 065d B7000000 		.4byte	0xb7
 1302 0661 70060000 		.4byte	0x670
 1303 0665 1E       		.uleb128 0x1e
 1304 0666 81000000 		.4byte	0x81
 1305 066a 1E       		.uleb128 0x1e
 1306 066b 81000000 		.4byte	0x81
 1307 066f 00       		.byte	0
 1308 0670 22       		.uleb128 0x22
 1309 0671 21040000 		.4byte	.LASF50
 1310 0675 07       		.byte	0x7
 1311 0676 31       		.byte	0x31
 1312 0677 B7000000 		.4byte	0xb7
 1313 067b 1E       		.uleb128 0x1e
 1314 067c 81000000 		.4byte	0x81
 1315 0680 1E       		.uleb128 0x1e
 1316 0681 81000000 		.4byte	0x81
 1317 0685 00       		.byte	0
 1318 0686 00       		.byte	0
 1319              		.section	.debug_abbrev,"",%progbits
 1320              	.Ldebug_abbrev0:
 1321 0000 01       		.uleb128 0x1
 1322 0001 11       		.uleb128 0x11
 1323 0002 01       		.byte	0x1
 1324 0003 25       		.uleb128 0x25
 1325 0004 0E       		.uleb128 0xe
 1326 0005 13       		.uleb128 0x13
 1327 0006 0B       		.uleb128 0xb
 1328 0007 03       		.uleb128 0x3
 1329 0008 0E       		.uleb128 0xe
 1330 0009 1B       		.uleb128 0x1b
 1331 000a 0E       		.uleb128 0xe
 1332 000b 55       		.uleb128 0x55
 1333 000c 17       		.uleb128 0x17
 1334 000d 11       		.uleb128 0x11
 1335 000e 01       		.uleb128 0x1
 1336 000f 10       		.uleb128 0x10
 1337 0010 17       		.uleb128 0x17
 1338 0011 00       		.byte	0
 1339 0012 00       		.byte	0
 1340 0013 02       		.uleb128 0x2
 1341 0014 24       		.uleb128 0x24
 1342 0015 00       		.byte	0
 1343 0016 0B       		.uleb128 0xb
 1344 0017 0B       		.uleb128 0xb
 1345 0018 3E       		.uleb128 0x3e
ARM GAS  C:\Users\Nick\AppData\Local\Temp\ccT8jaHa.s 			page 27


 1346 0019 0B       		.uleb128 0xb
 1347 001a 03       		.uleb128 0x3
 1348 001b 0E       		.uleb128 0xe
 1349 001c 00       		.byte	0
 1350 001d 00       		.byte	0
 1351 001e 03       		.uleb128 0x3
 1352 001f 16       		.uleb128 0x16
 1353 0020 00       		.byte	0
 1354 0021 03       		.uleb128 0x3
 1355 0022 0E       		.uleb128 0xe
 1356 0023 3A       		.uleb128 0x3a
 1357 0024 0B       		.uleb128 0xb
 1358 0025 3B       		.uleb128 0x3b
 1359 0026 0B       		.uleb128 0xb
 1360 0027 49       		.uleb128 0x49
 1361 0028 13       		.uleb128 0x13
 1362 0029 00       		.byte	0
 1363 002a 00       		.byte	0
 1364 002b 04       		.uleb128 0x4
 1365 002c 24       		.uleb128 0x24
 1366 002d 00       		.byte	0
 1367 002e 0B       		.uleb128 0xb
 1368 002f 0B       		.uleb128 0xb
 1369 0030 3E       		.uleb128 0x3e
 1370 0031 0B       		.uleb128 0xb
 1371 0032 03       		.uleb128 0x3
 1372 0033 08       		.uleb128 0x8
 1373 0034 00       		.byte	0
 1374 0035 00       		.byte	0
 1375 0036 05       		.uleb128 0x5
 1376 0037 16       		.uleb128 0x16
 1377 0038 00       		.byte	0
 1378 0039 03       		.uleb128 0x3
 1379 003a 0E       		.uleb128 0xe
 1380 003b 3A       		.uleb128 0x3a
 1381 003c 0B       		.uleb128 0xb
 1382 003d 3B       		.uleb128 0x3b
 1383 003e 05       		.uleb128 0x5
 1384 003f 49       		.uleb128 0x49
 1385 0040 13       		.uleb128 0x13
 1386 0041 00       		.byte	0
 1387 0042 00       		.byte	0
 1388 0043 06       		.uleb128 0x6
 1389 0044 35       		.uleb128 0x35
 1390 0045 00       		.byte	0
 1391 0046 49       		.uleb128 0x49
 1392 0047 13       		.uleb128 0x13
 1393 0048 00       		.byte	0
 1394 0049 00       		.byte	0
 1395 004a 07       		.uleb128 0x7
 1396 004b 2E       		.uleb128 0x2e
 1397 004c 01       		.byte	0x1
 1398 004d 03       		.uleb128 0x3
 1399 004e 0E       		.uleb128 0xe
 1400 004f 3A       		.uleb128 0x3a
 1401 0050 0B       		.uleb128 0xb
 1402 0051 3B       		.uleb128 0x3b
ARM GAS  C:\Users\Nick\AppData\Local\Temp\ccT8jaHa.s 			page 28


 1403 0052 0B       		.uleb128 0xb
 1404 0053 11       		.uleb128 0x11
 1405 0054 01       		.uleb128 0x1
 1406 0055 12       		.uleb128 0x12
 1407 0056 06       		.uleb128 0x6
 1408 0057 40       		.uleb128 0x40
 1409 0058 18       		.uleb128 0x18
 1410 0059 9742     		.uleb128 0x2117
 1411 005b 19       		.uleb128 0x19
 1412 005c 01       		.uleb128 0x1
 1413 005d 13       		.uleb128 0x13
 1414 005e 00       		.byte	0
 1415 005f 00       		.byte	0
 1416 0060 08       		.uleb128 0x8
 1417 0061 898201   		.uleb128 0x4109
 1418 0064 00       		.byte	0
 1419 0065 11       		.uleb128 0x11
 1420 0066 01       		.uleb128 0x1
 1421 0067 31       		.uleb128 0x31
 1422 0068 13       		.uleb128 0x13
 1423 0069 00       		.byte	0
 1424 006a 00       		.byte	0
 1425 006b 09       		.uleb128 0x9
 1426 006c 898201   		.uleb128 0x4109
 1427 006f 01       		.byte	0x1
 1428 0070 11       		.uleb128 0x11
 1429 0071 01       		.uleb128 0x1
 1430 0072 31       		.uleb128 0x31
 1431 0073 13       		.uleb128 0x13
 1432 0074 00       		.byte	0
 1433 0075 00       		.byte	0
 1434 0076 0A       		.uleb128 0xa
 1435 0077 8A8201   		.uleb128 0x410a
 1436 007a 00       		.byte	0
 1437 007b 02       		.uleb128 0x2
 1438 007c 18       		.uleb128 0x18
 1439 007d 9142     		.uleb128 0x2111
 1440 007f 18       		.uleb128 0x18
 1441 0080 00       		.byte	0
 1442 0081 00       		.byte	0
 1443 0082 0B       		.uleb128 0xb
 1444 0083 2E       		.uleb128 0x2e
 1445 0084 01       		.byte	0x1
 1446 0085 3F       		.uleb128 0x3f
 1447 0086 19       		.uleb128 0x19
 1448 0087 03       		.uleb128 0x3
 1449 0088 0E       		.uleb128 0xe
 1450 0089 3A       		.uleb128 0x3a
 1451 008a 0B       		.uleb128 0xb
 1452 008b 3B       		.uleb128 0x3b
 1453 008c 0B       		.uleb128 0xb
 1454 008d 27       		.uleb128 0x27
 1455 008e 19       		.uleb128 0x19
 1456 008f 11       		.uleb128 0x11
 1457 0090 01       		.uleb128 0x1
 1458 0091 12       		.uleb128 0x12
 1459 0092 06       		.uleb128 0x6
ARM GAS  C:\Users\Nick\AppData\Local\Temp\ccT8jaHa.s 			page 29


 1460 0093 40       		.uleb128 0x40
 1461 0094 18       		.uleb128 0x18
 1462 0095 9742     		.uleb128 0x2117
 1463 0097 19       		.uleb128 0x19
 1464 0098 01       		.uleb128 0x1
 1465 0099 13       		.uleb128 0x13
 1466 009a 00       		.byte	0
 1467 009b 00       		.byte	0
 1468 009c 0C       		.uleb128 0xc
 1469 009d 05       		.uleb128 0x5
 1470 009e 00       		.byte	0
 1471 009f 03       		.uleb128 0x3
 1472 00a0 08       		.uleb128 0x8
 1473 00a1 3A       		.uleb128 0x3a
 1474 00a2 0B       		.uleb128 0xb
 1475 00a3 3B       		.uleb128 0x3b
 1476 00a4 0B       		.uleb128 0xb
 1477 00a5 49       		.uleb128 0x49
 1478 00a6 13       		.uleb128 0x13
 1479 00a7 02       		.uleb128 0x2
 1480 00a8 17       		.uleb128 0x17
 1481 00a9 00       		.byte	0
 1482 00aa 00       		.byte	0
 1483 00ab 0D       		.uleb128 0xd
 1484 00ac 05       		.uleb128 0x5
 1485 00ad 00       		.byte	0
 1486 00ae 03       		.uleb128 0x3
 1487 00af 0E       		.uleb128 0xe
 1488 00b0 3A       		.uleb128 0x3a
 1489 00b1 0B       		.uleb128 0xb
 1490 00b2 3B       		.uleb128 0x3b
 1491 00b3 0B       		.uleb128 0xb
 1492 00b4 49       		.uleb128 0x49
 1493 00b5 13       		.uleb128 0x13
 1494 00b6 02       		.uleb128 0x2
 1495 00b7 17       		.uleb128 0x17
 1496 00b8 00       		.byte	0
 1497 00b9 00       		.byte	0
 1498 00ba 0E       		.uleb128 0xe
 1499 00bb 898201   		.uleb128 0x4109
 1500 00be 01       		.byte	0x1
 1501 00bf 11       		.uleb128 0x11
 1502 00c0 01       		.uleb128 0x1
 1503 00c1 31       		.uleb128 0x31
 1504 00c2 13       		.uleb128 0x13
 1505 00c3 01       		.uleb128 0x1
 1506 00c4 13       		.uleb128 0x13
 1507 00c5 00       		.byte	0
 1508 00c6 00       		.byte	0
 1509 00c7 0F       		.uleb128 0xf
 1510 00c8 26       		.uleb128 0x26
 1511 00c9 00       		.byte	0
 1512 00ca 49       		.uleb128 0x49
 1513 00cb 13       		.uleb128 0x13
 1514 00cc 00       		.byte	0
 1515 00cd 00       		.byte	0
 1516 00ce 10       		.uleb128 0x10
ARM GAS  C:\Users\Nick\AppData\Local\Temp\ccT8jaHa.s 			page 30


 1517 00cf 2E       		.uleb128 0x2e
 1518 00d0 01       		.byte	0x1
 1519 00d1 3F       		.uleb128 0x3f
 1520 00d2 19       		.uleb128 0x19
 1521 00d3 03       		.uleb128 0x3
 1522 00d4 0E       		.uleb128 0xe
 1523 00d5 3A       		.uleb128 0x3a
 1524 00d6 0B       		.uleb128 0xb
 1525 00d7 3B       		.uleb128 0x3b
 1526 00d8 0B       		.uleb128 0xb
 1527 00d9 27       		.uleb128 0x27
 1528 00da 19       		.uleb128 0x19
 1529 00db 49       		.uleb128 0x49
 1530 00dc 13       		.uleb128 0x13
 1531 00dd 11       		.uleb128 0x11
 1532 00de 01       		.uleb128 0x1
 1533 00df 12       		.uleb128 0x12
 1534 00e0 06       		.uleb128 0x6
 1535 00e1 40       		.uleb128 0x40
 1536 00e2 18       		.uleb128 0x18
 1537 00e3 9742     		.uleb128 0x2117
 1538 00e5 19       		.uleb128 0x19
 1539 00e6 01       		.uleb128 0x1
 1540 00e7 13       		.uleb128 0x13
 1541 00e8 00       		.byte	0
 1542 00e9 00       		.byte	0
 1543 00ea 11       		.uleb128 0x11
 1544 00eb 34       		.uleb128 0x34
 1545 00ec 00       		.byte	0
 1546 00ed 03       		.uleb128 0x3
 1547 00ee 0E       		.uleb128 0xe
 1548 00ef 3A       		.uleb128 0x3a
 1549 00f0 0B       		.uleb128 0xb
 1550 00f1 3B       		.uleb128 0x3b
 1551 00f2 0B       		.uleb128 0xb
 1552 00f3 49       		.uleb128 0x49
 1553 00f4 13       		.uleb128 0x13
 1554 00f5 02       		.uleb128 0x2
 1555 00f6 17       		.uleb128 0x17
 1556 00f7 00       		.byte	0
 1557 00f8 00       		.byte	0
 1558 00f9 12       		.uleb128 0x12
 1559 00fa 2E       		.uleb128 0x2e
 1560 00fb 01       		.byte	0x1
 1561 00fc 3F       		.uleb128 0x3f
 1562 00fd 19       		.uleb128 0x19
 1563 00fe 03       		.uleb128 0x3
 1564 00ff 0E       		.uleb128 0xe
 1565 0100 3A       		.uleb128 0x3a
 1566 0101 0B       		.uleb128 0xb
 1567 0102 3B       		.uleb128 0x3b
 1568 0103 0B       		.uleb128 0xb
 1569 0104 11       		.uleb128 0x11
 1570 0105 01       		.uleb128 0x1
 1571 0106 12       		.uleb128 0x12
 1572 0107 06       		.uleb128 0x6
 1573 0108 40       		.uleb128 0x40
ARM GAS  C:\Users\Nick\AppData\Local\Temp\ccT8jaHa.s 			page 31


 1574 0109 18       		.uleb128 0x18
 1575 010a 9742     		.uleb128 0x2117
 1576 010c 19       		.uleb128 0x19
 1577 010d 01       		.uleb128 0x1
 1578 010e 13       		.uleb128 0x13
 1579 010f 00       		.byte	0
 1580 0110 00       		.byte	0
 1581 0111 13       		.uleb128 0x13
 1582 0112 34       		.uleb128 0x34
 1583 0113 00       		.byte	0
 1584 0114 03       		.uleb128 0x3
 1585 0115 08       		.uleb128 0x8
 1586 0116 3A       		.uleb128 0x3a
 1587 0117 0B       		.uleb128 0xb
 1588 0118 3B       		.uleb128 0x3b
 1589 0119 0B       		.uleb128 0xb
 1590 011a 49       		.uleb128 0x49
 1591 011b 13       		.uleb128 0x13
 1592 011c 02       		.uleb128 0x2
 1593 011d 17       		.uleb128 0x17
 1594 011e 00       		.byte	0
 1595 011f 00       		.byte	0
 1596 0120 14       		.uleb128 0x14
 1597 0121 34       		.uleb128 0x34
 1598 0122 00       		.byte	0
 1599 0123 03       		.uleb128 0x3
 1600 0124 0E       		.uleb128 0xe
 1601 0125 3A       		.uleb128 0x3a
 1602 0126 0B       		.uleb128 0xb
 1603 0127 3B       		.uleb128 0x3b
 1604 0128 0B       		.uleb128 0xb
 1605 0129 49       		.uleb128 0x49
 1606 012a 13       		.uleb128 0x13
 1607 012b 02       		.uleb128 0x2
 1608 012c 18       		.uleb128 0x18
 1609 012d 00       		.byte	0
 1610 012e 00       		.byte	0
 1611 012f 15       		.uleb128 0x15
 1612 0130 01       		.uleb128 0x1
 1613 0131 01       		.byte	0x1
 1614 0132 49       		.uleb128 0x49
 1615 0133 13       		.uleb128 0x13
 1616 0134 01       		.uleb128 0x1
 1617 0135 13       		.uleb128 0x13
 1618 0136 00       		.byte	0
 1619 0137 00       		.byte	0
 1620 0138 16       		.uleb128 0x16
 1621 0139 21       		.uleb128 0x21
 1622 013a 00       		.byte	0
 1623 013b 49       		.uleb128 0x49
 1624 013c 13       		.uleb128 0x13
 1625 013d 2F       		.uleb128 0x2f
 1626 013e 05       		.uleb128 0x5
 1627 013f 00       		.byte	0
 1628 0140 00       		.byte	0
 1629 0141 17       		.uleb128 0x17
 1630 0142 0F       		.uleb128 0xf
ARM GAS  C:\Users\Nick\AppData\Local\Temp\ccT8jaHa.s 			page 32


 1631 0143 00       		.byte	0
 1632 0144 0B       		.uleb128 0xb
 1633 0145 0B       		.uleb128 0xb
 1634 0146 49       		.uleb128 0x49
 1635 0147 13       		.uleb128 0x13
 1636 0148 00       		.byte	0
 1637 0149 00       		.byte	0
 1638 014a 18       		.uleb128 0x18
 1639 014b 21       		.uleb128 0x21
 1640 014c 00       		.byte	0
 1641 014d 49       		.uleb128 0x49
 1642 014e 13       		.uleb128 0x13
 1643 014f 2F       		.uleb128 0x2f
 1644 0150 0B       		.uleb128 0xb
 1645 0151 00       		.byte	0
 1646 0152 00       		.byte	0
 1647 0153 19       		.uleb128 0x19
 1648 0154 34       		.uleb128 0x34
 1649 0155 00       		.byte	0
 1650 0156 03       		.uleb128 0x3
 1651 0157 0E       		.uleb128 0xe
 1652 0158 3A       		.uleb128 0x3a
 1653 0159 0B       		.uleb128 0xb
 1654 015a 3B       		.uleb128 0x3b
 1655 015b 05       		.uleb128 0x5
 1656 015c 49       		.uleb128 0x49
 1657 015d 13       		.uleb128 0x13
 1658 015e 3F       		.uleb128 0x3f
 1659 015f 19       		.uleb128 0x19
 1660 0160 3C       		.uleb128 0x3c
 1661 0161 19       		.uleb128 0x19
 1662 0162 00       		.byte	0
 1663 0163 00       		.byte	0
 1664 0164 1A       		.uleb128 0x1a
 1665 0165 34       		.uleb128 0x34
 1666 0166 00       		.byte	0
 1667 0167 03       		.uleb128 0x3
 1668 0168 0E       		.uleb128 0xe
 1669 0169 3A       		.uleb128 0x3a
 1670 016a 0B       		.uleb128 0xb
 1671 016b 3B       		.uleb128 0x3b
 1672 016c 0B       		.uleb128 0xb
 1673 016d 49       		.uleb128 0x49
 1674 016e 13       		.uleb128 0x13
 1675 016f 3F       		.uleb128 0x3f
 1676 0170 19       		.uleb128 0x19
 1677 0171 02       		.uleb128 0x2
 1678 0172 18       		.uleb128 0x18
 1679 0173 00       		.byte	0
 1680 0174 00       		.byte	0
 1681 0175 1B       		.uleb128 0x1b
 1682 0176 21       		.uleb128 0x21
 1683 0177 00       		.byte	0
 1684 0178 00       		.byte	0
 1685 0179 00       		.byte	0
 1686 017a 1C       		.uleb128 0x1c
 1687 017b 34       		.uleb128 0x34
ARM GAS  C:\Users\Nick\AppData\Local\Temp\ccT8jaHa.s 			page 33


 1688 017c 00       		.byte	0
 1689 017d 03       		.uleb128 0x3
 1690 017e 0E       		.uleb128 0xe
 1691 017f 3A       		.uleb128 0x3a
 1692 0180 0B       		.uleb128 0xb
 1693 0181 3B       		.uleb128 0x3b
 1694 0182 0B       		.uleb128 0xb
 1695 0183 49       		.uleb128 0x49
 1696 0184 13       		.uleb128 0x13
 1697 0185 3F       		.uleb128 0x3f
 1698 0186 19       		.uleb128 0x19
 1699 0187 3C       		.uleb128 0x3c
 1700 0188 19       		.uleb128 0x19
 1701 0189 00       		.byte	0
 1702 018a 00       		.byte	0
 1703 018b 1D       		.uleb128 0x1d
 1704 018c 2E       		.uleb128 0x2e
 1705 018d 01       		.byte	0x1
 1706 018e 3F       		.uleb128 0x3f
 1707 018f 19       		.uleb128 0x19
 1708 0190 03       		.uleb128 0x3
 1709 0191 0E       		.uleb128 0xe
 1710 0192 3A       		.uleb128 0x3a
 1711 0193 0B       		.uleb128 0xb
 1712 0194 3B       		.uleb128 0x3b
 1713 0195 0B       		.uleb128 0xb
 1714 0196 27       		.uleb128 0x27
 1715 0197 19       		.uleb128 0x19
 1716 0198 49       		.uleb128 0x49
 1717 0199 13       		.uleb128 0x13
 1718 019a 3C       		.uleb128 0x3c
 1719 019b 19       		.uleb128 0x19
 1720 019c 01       		.uleb128 0x1
 1721 019d 13       		.uleb128 0x13
 1722 019e 00       		.byte	0
 1723 019f 00       		.byte	0
 1724 01a0 1E       		.uleb128 0x1e
 1725 01a1 05       		.uleb128 0x5
 1726 01a2 00       		.byte	0
 1727 01a3 49       		.uleb128 0x49
 1728 01a4 13       		.uleb128 0x13
 1729 01a5 00       		.byte	0
 1730 01a6 00       		.byte	0
 1731 01a7 1F       		.uleb128 0x1f
 1732 01a8 2E       		.uleb128 0x2e
 1733 01a9 00       		.byte	0
 1734 01aa 3F       		.uleb128 0x3f
 1735 01ab 19       		.uleb128 0x19
 1736 01ac 03       		.uleb128 0x3
 1737 01ad 0E       		.uleb128 0xe
 1738 01ae 3A       		.uleb128 0x3a
 1739 01af 0B       		.uleb128 0xb
 1740 01b0 3B       		.uleb128 0x3b
 1741 01b1 0B       		.uleb128 0xb
 1742 01b2 27       		.uleb128 0x27
 1743 01b3 19       		.uleb128 0x19
 1744 01b4 49       		.uleb128 0x49
ARM GAS  C:\Users\Nick\AppData\Local\Temp\ccT8jaHa.s 			page 34


 1745 01b5 13       		.uleb128 0x13
 1746 01b6 3C       		.uleb128 0x3c
 1747 01b7 19       		.uleb128 0x19
 1748 01b8 00       		.byte	0
 1749 01b9 00       		.byte	0
 1750 01ba 20       		.uleb128 0x20
 1751 01bb 2E       		.uleb128 0x2e
 1752 01bc 01       		.byte	0x1
 1753 01bd 3F       		.uleb128 0x3f
 1754 01be 19       		.uleb128 0x19
 1755 01bf 03       		.uleb128 0x3
 1756 01c0 0E       		.uleb128 0xe
 1757 01c1 3A       		.uleb128 0x3a
 1758 01c2 0B       		.uleb128 0xb
 1759 01c3 3B       		.uleb128 0x3b
 1760 01c4 0B       		.uleb128 0xb
 1761 01c5 27       		.uleb128 0x27
 1762 01c6 19       		.uleb128 0x19
 1763 01c7 3C       		.uleb128 0x3c
 1764 01c8 19       		.uleb128 0x19
 1765 01c9 01       		.uleb128 0x1
 1766 01ca 13       		.uleb128 0x13
 1767 01cb 00       		.byte	0
 1768 01cc 00       		.byte	0
 1769 01cd 21       		.uleb128 0x21
 1770 01ce 2E       		.uleb128 0x2e
 1771 01cf 00       		.byte	0
 1772 01d0 3F       		.uleb128 0x3f
 1773 01d1 19       		.uleb128 0x19
 1774 01d2 03       		.uleb128 0x3
 1775 01d3 0E       		.uleb128 0xe
 1776 01d4 3A       		.uleb128 0x3a
 1777 01d5 0B       		.uleb128 0xb
 1778 01d6 3B       		.uleb128 0x3b
 1779 01d7 0B       		.uleb128 0xb
 1780 01d8 27       		.uleb128 0x27
 1781 01d9 19       		.uleb128 0x19
 1782 01da 3C       		.uleb128 0x3c
 1783 01db 19       		.uleb128 0x19
 1784 01dc 00       		.byte	0
 1785 01dd 00       		.byte	0
 1786 01de 22       		.uleb128 0x22
 1787 01df 2E       		.uleb128 0x2e
 1788 01e0 01       		.byte	0x1
 1789 01e1 3F       		.uleb128 0x3f
 1790 01e2 19       		.uleb128 0x19
 1791 01e3 03       		.uleb128 0x3
 1792 01e4 0E       		.uleb128 0xe
 1793 01e5 3A       		.uleb128 0x3a
 1794 01e6 0B       		.uleb128 0xb
 1795 01e7 3B       		.uleb128 0x3b
 1796 01e8 0B       		.uleb128 0xb
 1797 01e9 27       		.uleb128 0x27
 1798 01ea 19       		.uleb128 0x19
 1799 01eb 49       		.uleb128 0x49
 1800 01ec 13       		.uleb128 0x13
 1801 01ed 3C       		.uleb128 0x3c
ARM GAS  C:\Users\Nick\AppData\Local\Temp\ccT8jaHa.s 			page 35


 1802 01ee 19       		.uleb128 0x19
 1803 01ef 00       		.byte	0
 1804 01f0 00       		.byte	0
 1805 01f1 00       		.byte	0
 1806              		.section	.debug_loc,"",%progbits
 1807              	.Ldebug_loc0:
 1808              	.LLST0:
 1809 0000 00000000 		.4byte	.LVL3
 1810 0004 0A000000 		.4byte	.LVL4
 1811 0008 0100     		.2byte	0x1
 1812 000a 50       		.byte	0x50
 1813 000b 0A000000 		.4byte	.LVL4
 1814 000f 28000000 		.4byte	.LFE63
 1815 0013 0400     		.2byte	0x4
 1816 0015 F3       		.byte	0xf3
 1817 0016 01       		.uleb128 0x1
 1818 0017 50       		.byte	0x50
 1819 0018 9F       		.byte	0x9f
 1820 0019 00000000 		.4byte	0
 1821 001d 00000000 		.4byte	0
 1822              	.LLST1:
 1823 0021 00000000 		.4byte	.LVL3
 1824 0025 0A000000 		.4byte	.LVL4
 1825 0029 0100     		.2byte	0x1
 1826 002b 51       		.byte	0x51
 1827 002c 0A000000 		.4byte	.LVL4
 1828 0030 28000000 		.4byte	.LFE63
 1829 0034 0400     		.2byte	0x4
 1830 0036 F3       		.byte	0xf3
 1831 0037 01       		.uleb128 0x1
 1832 0038 51       		.byte	0x51
 1833 0039 9F       		.byte	0x9f
 1834 003a 00000000 		.4byte	0
 1835 003e 00000000 		.4byte	0
 1836              	.LLST2:
 1837 0042 00000000 		.4byte	.LVL9
 1838 0046 08000000 		.4byte	.LVL10
 1839 004a 0100     		.2byte	0x1
 1840 004c 50       		.byte	0x50
 1841 004d 08000000 		.4byte	.LVL10
 1842 0051 3C000000 		.4byte	.LFE64
 1843 0055 0400     		.2byte	0x4
 1844 0057 F3       		.byte	0xf3
 1845 0058 01       		.uleb128 0x1
 1846 0059 50       		.byte	0x50
 1847 005a 9F       		.byte	0x9f
 1848 005b 00000000 		.4byte	0
 1849 005f 00000000 		.4byte	0
 1850              	.LLST3:
 1851 0063 34000000 		.4byte	.LVL16
 1852 0067 37000000 		.4byte	.LVL17-1
 1853 006b 0100     		.2byte	0x1
 1854 006d 50       		.byte	0x50
 1855 006e 37000000 		.4byte	.LVL17-1
 1856 0072 3C000000 		.4byte	.LFE64
 1857 0076 0100     		.2byte	0x1
 1858 0078 54       		.byte	0x54
ARM GAS  C:\Users\Nick\AppData\Local\Temp\ccT8jaHa.s 			page 36


 1859 0079 00000000 		.4byte	0
 1860 007d 00000000 		.4byte	0
 1861              	.LLST4:
 1862 0081 20000000 		.4byte	.LVL24
 1863 0085 26000000 		.4byte	.LVL25
 1864 0089 0200     		.2byte	0x2
 1865 008b 30       		.byte	0x30
 1866 008c 9F       		.byte	0x9f
 1867 008d 26000000 		.4byte	.LVL25
 1868 0091 32000000 		.4byte	.LVL27
 1869 0095 0100     		.2byte	0x1
 1870 0097 54       		.byte	0x54
 1871 0098 32000000 		.4byte	.LVL27
 1872 009c 34000000 		.4byte	.LVL28
 1873 00a0 0300     		.2byte	0x3
 1874 00a2 74       		.byte	0x74
 1875 00a3 7F       		.sleb128 -1
 1876 00a4 9F       		.byte	0x9f
 1877 00a5 34000000 		.4byte	.LVL28
 1878 00a9 3E000000 		.4byte	.LVL29
 1879 00ad 0100     		.2byte	0x1
 1880 00af 54       		.byte	0x54
 1881 00b0 44000000 		.4byte	.LVL30
 1882 00b4 4C000000 		.4byte	.LVL32
 1883 00b8 0100     		.2byte	0x1
 1884 00ba 54       		.byte	0x54
 1885 00bb 4C000000 		.4byte	.LVL32
 1886 00bf 4E000000 		.4byte	.LVL33
 1887 00c3 0300     		.2byte	0x3
 1888 00c5 74       		.byte	0x74
 1889 00c6 7F       		.sleb128 -1
 1890 00c7 9F       		.byte	0x9f
 1891 00c8 4E000000 		.4byte	.LVL33
 1892 00cc 68000000 		.4byte	.LVL36
 1893 00d0 0100     		.2byte	0x1
 1894 00d2 54       		.byte	0x54
 1895 00d3 68000000 		.4byte	.LVL36
 1896 00d7 74000000 		.4byte	.LVL37
 1897 00db 0200     		.2byte	0x2
 1898 00dd 30       		.byte	0x30
 1899 00de 9F       		.byte	0x9f
 1900 00df 74000000 		.4byte	.LVL37
 1901 00e3 9C000000 		.4byte	.LVL41
 1902 00e7 0100     		.2byte	0x1
 1903 00e9 54       		.byte	0x54
 1904 00ea 9C000000 		.4byte	.LVL41
 1905 00ee 9E000000 		.4byte	.LVL42
 1906 00f2 0300     		.2byte	0x3
 1907 00f4 74       		.byte	0x74
 1908 00f5 7F       		.sleb128 -1
 1909 00f6 9F       		.byte	0x9f
 1910 00f7 9E000000 		.4byte	.LVL42
 1911 00fb AE000000 		.4byte	.LVL44
 1912 00ff 0100     		.2byte	0x1
 1913 0101 54       		.byte	0x54
 1914 0102 00000000 		.4byte	0
 1915 0106 00000000 		.4byte	0
ARM GAS  C:\Users\Nick\AppData\Local\Temp\ccT8jaHa.s 			page 37


 1916              		.section	.debug_aranges,"",%progbits
 1917 0000 54000000 		.4byte	0x54
 1918 0004 0200     		.2byte	0x2
 1919 0006 00000000 		.4byte	.Ldebug_info0
 1920 000a 04       		.byte	0x4
 1921 000b 00       		.byte	0
 1922 000c 0000     		.2byte	0
 1923 000e 0000     		.2byte	0
 1924 0010 00000000 		.4byte	.LFB67
 1925 0014 30000000 		.4byte	.LFE67-.LFB67
 1926 0018 00000000 		.4byte	.LFB63
 1927 001c 28000000 		.4byte	.LFE63-.LFB63
 1928 0020 00000000 		.4byte	.LFB64
 1929 0024 3C000000 		.4byte	.LFE64-.LFB64
 1930 0028 00000000 		.4byte	.LFB65
 1931 002c 14000000 		.4byte	.LFE65-.LFB65
 1932 0030 00000000 		.4byte	.LFB66
 1933 0034 C4000000 		.4byte	.LFE66-.LFB66
 1934 0038 00000000 		.4byte	.LFB68
 1935 003c 1C000000 		.4byte	.LFE68-.LFB68
 1936 0040 00000000 		.4byte	.LFB69
 1937 0044 1C000000 		.4byte	.LFE69-.LFB69
 1938 0048 00000000 		.4byte	.LFB70
 1939 004c 14000000 		.4byte	.LFE70-.LFB70
 1940 0050 00000000 		.4byte	0
 1941 0054 00000000 		.4byte	0
 1942              		.section	.debug_ranges,"",%progbits
 1943              	.Ldebug_ranges0:
 1944 0000 00000000 		.4byte	.LFB67
 1945 0004 30000000 		.4byte	.LFE67
 1946 0008 00000000 		.4byte	.LFB63
 1947 000c 28000000 		.4byte	.LFE63
 1948 0010 00000000 		.4byte	.LFB64
 1949 0014 3C000000 		.4byte	.LFE64
 1950 0018 00000000 		.4byte	.LFB65
 1951 001c 14000000 		.4byte	.LFE65
 1952 0020 00000000 		.4byte	.LFB66
 1953 0024 C4000000 		.4byte	.LFE66
 1954 0028 00000000 		.4byte	.LFB68
 1955 002c 1C000000 		.4byte	.LFE68
 1956 0030 00000000 		.4byte	.LFB69
 1957 0034 1C000000 		.4byte	.LFE69
 1958 0038 00000000 		.4byte	.LFB70
 1959 003c 14000000 		.4byte	.LFE70
 1960 0040 00000000 		.4byte	0
 1961 0044 00000000 		.4byte	0
 1962              		.section	.debug_line,"",%progbits
 1963              	.Ldebug_line0:
 1964 0000 CC020000 		.section	.debug_str,"MS",%progbits,1
 1964      0200DD01 
 1964      00000201 
 1964      FB0E0D00 
 1964      01010101 
 1965              	.LASF37:
 1966 0000 43616D65 		.ascii	"Camera_I2C_MasterSendStart\000"
 1966      72615F49 
 1966      32435F4D 
ARM GAS  C:\Users\Nick\AppData\Local\Temp\ccT8jaHa.s 			page 38


 1966      61737465 
 1966      7253656E 
 1967              	.LASF17:
 1968 001b 63797374 		.ascii	"cystatus\000"
 1968      61747573 
 1968      00
 1969              	.LASF21:
 1970 0024 43616D65 		.ascii	"Camera_SyncFrame\000"
 1970      72615F53 
 1970      796E6346 
 1970      72616D65 
 1970      00
 1971              	.LASF41:
 1972 0035 43616D65 		.ascii	"Camera_VSYNC_Read\000"
 1972      72615F56 
 1972      53594E43 
 1972      5F526561 
 1972      6400
 1973              	.LASF20:
 1974 0047 76616C75 		.ascii	"value\000"
 1974      6500
 1975              	.LASF9:
 1976 004d 5F5F696E 		.ascii	"__int32_t\000"
 1976      7433325F 
 1976      7400
 1977              	.LASF47:
 1978 0057 4379446D 		.ascii	"CyDmaTdSetAddress\000"
 1978      61546453 
 1978      65744164 
 1978      64726573 
 1978      7300
 1979              	.LASF42:
 1980 0069 43616D65 		.ascii	"Camera_SIOD_SetDriveMode\000"
 1980      72615F53 
 1980      494F445F 
 1980      53657444 
 1980      72697665 
 1981              	.LASF52:
 1982 0082 2E5C4765 		.ascii	".\\Generated_Source\\PSoC5\\Camera.c\000"
 1982      6E657261 
 1982      7465645F 
 1982      536F7572 
 1982      63655C50 
 1983              	.LASF35:
 1984 00a4 4379446D 		.ascii	"CyDmaChSetInitialTd\000"
 1984      61436853 
 1984      6574496E 
 1984      69746961 
 1984      6C546400 
 1985              	.LASF31:
 1986 00b8 43616D65 		.ascii	"Camera_settings\000"
 1986      72615F73 
 1986      65747469 
 1986      6E677300 
 1987              	.LASF56:
 1988 00c8 43616D65 		.ascii	"Camera_ReadReg\000"
 1988      72615F52 
ARM GAS  C:\Users\Nick\AppData\Local\Temp\ccT8jaHa.s 			page 39


 1988      65616452 
 1988      656700
 1989              	.LASF30:
 1990 00d7 43616D65 		.ascii	"Camera_framebuffer\000"
 1990      72615F66 
 1990      72616D65 
 1990      62756666 
 1990      657200
 1991              	.LASF10:
 1992 00ea 696E7433 		.ascii	"int32_t\000"
 1992      325F7400 
 1993              	.LASF46:
 1994 00f2 4379446D 		.ascii	"CyDmaTdAllocate\000"
 1994      61546441 
 1994      6C6C6F63 
 1994      61746500 
 1995              	.LASF14:
 1996 0102 666C6F61 		.ascii	"float\000"
 1996      7400
 1997              	.LASF25:
 1998 0108 43616D65 		.ascii	"Camera_Stream\000"
 1998      72615F53 
 1998      74726561 
 1998      6D00
 1999              	.LASF43:
 2000 0116 43616D65 		.ascii	"Camera_SIOC_SetDriveMode\000"
 2000      72615F53 
 2000      494F435F 
 2000      53657444 
 2000      72697665 
 2001              	.LASF1:
 2002 012f 756E7369 		.ascii	"unsigned char\000"
 2002      676E6564 
 2002      20636861 
 2002      7200
 2003              	.LASF18:
 2004 013d 72656738 		.ascii	"reg8\000"
 2004      00
 2005              	.LASF48:
 2006 0142 4379446D 		.ascii	"CyDmaTdSetConfiguration\000"
 2006      61546453 
 2006      6574436F 
 2006      6E666967 
 2006      75726174 
 2007              	.LASF5:
 2008 015a 6C6F6E67 		.ascii	"long unsigned int\000"
 2008      20756E73 
 2008      69676E65 
 2008      6420696E 
 2008      7400
 2009              	.LASF3:
 2010 016c 73686F72 		.ascii	"short unsigned int\000"
 2010      7420756E 
 2010      7369676E 
 2010      65642069 
 2010      6E7400
 2011              	.LASF49:
ARM GAS  C:\Users\Nick\AppData\Local\Temp\ccT8jaHa.s 			page 40


 2012 017f 4379446D 		.ascii	"CyDmaChPriority\000"
 2012      61436850 
 2012      72696F72 
 2012      69747900 
 2013              	.LASF24:
 2014 018f 43616D65 		.ascii	"Camera_GetFrame\000"
 2014      72615F47 
 2014      65744672 
 2014      616D6500 
 2015              	.LASF29:
 2016 019f 49544D5F 		.ascii	"ITM_RxBuffer\000"
 2016      52784275 
 2016      66666572 
 2016      00
 2017              	.LASF15:
 2018 01ac 646F7562 		.ascii	"double\000"
 2018      6C6500
 2019              	.LASF39:
 2020 01b3 43616D65 		.ascii	"Camera_I2C_MasterReadByte\000"
 2020      72615F49 
 2020      32435F4D 
 2020      61737465 
 2020      72526561 
 2021              	.LASF34:
 2022 01cd 4379446D 		.ascii	"CyDmaClearPendingDrq\000"
 2022      61436C65 
 2022      61725065 
 2022      6E64696E 
 2022      67447271 
 2023              	.LASF36:
 2024 01e2 4379446D 		.ascii	"CyDmaChEnable\000"
 2024      61436845 
 2024      6E61626C 
 2024      6500
 2025              	.LASF12:
 2026 01f0 75696E74 		.ascii	"uint16\000"
 2026      313600
 2027              	.LASF13:
 2028 01f7 75696E74 		.ascii	"uint32\000"
 2028      333200
 2029              	.LASF8:
 2030 01fe 756E7369 		.ascii	"unsigned int\000"
 2030      676E6564 
 2030      20696E74 
 2030      00
 2031              	.LASF45:
 2032 020b 43616D65 		.ascii	"Camera_DMA_DmaInitialize\000"
 2032      72615F44 
 2032      4D415F44 
 2032      6D61496E 
 2032      69746961 
 2033              	.LASF7:
 2034 0224 6C6F6E67 		.ascii	"long long unsigned int\000"
 2034      206C6F6E 
 2034      6720756E 
 2034      7369676E 
 2034      65642069 
ARM GAS  C:\Users\Nick\AppData\Local\Temp\ccT8jaHa.s 			page 41


 2035              	.LASF38:
 2036 023b 43616D65 		.ascii	"Camera_I2C_MasterWriteByte\000"
 2036      72615F49 
 2036      32435F4D 
 2036      61737465 
 2036      72577269 
 2037              	.LASF33:
 2038 0256 43616D65 		.ascii	"Camera_qcif\000"
 2038      72615F71 
 2038      63696600 
 2039              	.LASF57:
 2040 0262 43616D65 		.ascii	"Camera_I2C_Start\000"
 2040      72615F49 
 2040      32435F53 
 2040      74617274 
 2040      00
 2041              	.LASF51:
 2042 0273 474E5520 		.ascii	"GNU C 4.8.4 20140526 (release) [ARM/embedded-4_8-br"
 2042      4320342E 
 2042      382E3420 
 2042      32303134 
 2042      30353236 
 2043 02a6 616E6368 		.ascii	"anch revision 211358] -mcpu=cortex-m3 -mthumb -g -O"
 2043      20726576 
 2043      6973696F 
 2043      6E203231 
 2043      31333538 
 2044 02d9 67202D66 		.ascii	"g -ffunction-sections\000"
 2044      66756E63 
 2044      74696F6E 
 2044      2D736563 
 2044      74696F6E 
 2045              	.LASF19:
 2046 02ef 73697A65 		.ascii	"sizetype\000"
 2046      74797065 
 2046      00
 2047              	.LASF27:
 2048 02f8 444D415F 		.ascii	"DMA_channel\000"
 2048      6368616E 
 2048      6E656C00 
 2049              	.LASF6:
 2050 0304 6C6F6E67 		.ascii	"long long int\000"
 2050      206C6F6E 
 2050      6720696E 
 2050      7400
 2051              	.LASF40:
 2052 0312 43616D65 		.ascii	"Camera_I2C_MasterSendStop\000"
 2052      72615F49 
 2052      32435F4D 
 2052      61737465 
 2052      7253656E 
 2053              	.LASF16:
 2054 032c 63686172 		.ascii	"char\000"
 2054      00
 2055              	.LASF2:
 2056 0331 73686F72 		.ascii	"short int\000"
 2056      7420696E 
ARM GAS  C:\Users\Nick\AppData\Local\Temp\ccT8jaHa.s 			page 42


 2056      7400
 2057              	.LASF55:
 2058 033b 43616D65 		.ascii	"Camera_WriteReg\000"
 2058      72615F57 
 2058      72697465 
 2058      52656700 
 2059              	.LASF23:
 2060 034b 62756666 		.ascii	"buffer\000"
 2060      657200
 2061              	.LASF11:
 2062 0352 75696E74 		.ascii	"uint8\000"
 2062      3800
 2063              	.LASF22:
 2064 0358 43616D65 		.ascii	"Camera_Start\000"
 2064      72615F53 
 2064      74617274 
 2064      00
 2065              	.LASF32:
 2066 0365 43616D65 		.ascii	"Camera_format\000"
 2066      72615F66 
 2066      6F726D61 
 2066      7400
 2067              	.LASF4:
 2068 0373 6C6F6E67 		.ascii	"long int\000"
 2068      20696E74 
 2068      00
 2069              	.LASF28:
 2070 037c 444D415F 		.ascii	"DMA_TD\000"
 2070      544400
 2071              	.LASF0:
 2072 0383 7369676E 		.ascii	"signed char\000"
 2072      65642063 
 2072      68617200 
 2073              	.LASF54:
 2074 038f 444D415F 		.ascii	"DMA_Start\000"
 2074      53746172 
 2074      7400
 2075              	.LASF53:
 2076 0399 433A5C55 		.ascii	"C:\\Users\\Nick\\Dropbox\\Uni Docs\\y4s2\\ECE3091 -"
 2076      73657273 
 2076      5C4E6963 
 2076      6B5C4472 
 2076      6F70626F 
 2077 03c6 20456E67 		.ascii	" Engineering Design\\PSoc Creator\\eng_design_2015\\"
 2077      696E6565 
 2077      72696E67 
 2077      20446573 
 2077      69676E5C 
 2078 03f7 45434533 		.ascii	"ECE3091-chickybot\\chickybot.cydsn\000"
 2078      3039312D 
 2078      63686963 
 2078      6B79626F 
 2078      745C6368 
 2079              	.LASF44:
 2080 0419 43794465 		.ascii	"CyDelay\000"
 2080      6C617900 
 2081              	.LASF50:
ARM GAS  C:\Users\Nick\AppData\Local\Temp\ccT8jaHa.s 			page 43


 2082 0421 4379446D 		.ascii	"CyDmaChSetRequest\000"
 2082      61436853 
 2082      65745265 
 2082      71756573 
 2082      7400
 2083              	.LASF26:
 2084 0433 43616D65 		.ascii	"Camera_StopStreaming\000"
 2084      72615F53 
 2084      746F7053 
 2084      74726561 
 2084      6D696E67 
 2085              		.ident	"GCC: (GNU Tools for ARM Embedded Processors) 4.8.4 20140526 (release) [ARM/embedded-4_8-br
