ARM GAS  C:\Users\Nick\AppData\Local\Temp\cccWs7Gg.s 			page 1


   1              		.syntax unified
   2              		.cpu cortex-m3
   3              		.fpu softvfp
   4              		.eabi_attribute 20, 1
   5              		.eabi_attribute 21, 1
   6              		.eabi_attribute 23, 3
   7              		.eabi_attribute 24, 1
   8              		.eabi_attribute 25, 1
   9              		.eabi_attribute 26, 1
  10              		.eabi_attribute 30, 1
  11              		.eabi_attribute 34, 1
  12              		.eabi_attribute 18, 4
  13              		.thumb
  14              		.file	"Camera_I2C.c"
  15              		.text
  16              	.Ltext0:
  17              		.cfi_sections	.debug_frame
  18              		.section	.text.Camera_I2C_Init,"ax",%progbits
  19              		.align	2
  20              		.global	Camera_I2C_Init
  21              		.thumb
  22              		.thumb_func
  23              		.type	Camera_I2C_Init, %function
  24              	Camera_I2C_Init:
  25              	.LFB0:
  26              		.file 1 ".\\Generated_Source\\PSoC5\\Camera_I2C.c"
   1:.\Generated_Source\PSoC5/Camera_I2C.c **** /*******************************************************************************
   2:.\Generated_Source\PSoC5/Camera_I2C.c **** * File Name: Camera_I2C.c
   3:.\Generated_Source\PSoC5/Camera_I2C.c **** * Version 3.50
   4:.\Generated_Source\PSoC5/Camera_I2C.c **** *
   5:.\Generated_Source\PSoC5/Camera_I2C.c **** * Description:
   6:.\Generated_Source\PSoC5/Camera_I2C.c **** *  This file provides the source code of APIs for the I2C component.
   7:.\Generated_Source\PSoC5/Camera_I2C.c **** *  The actual protocol and operation code resides in the interrupt service
   8:.\Generated_Source\PSoC5/Camera_I2C.c **** *  routine file.
   9:.\Generated_Source\PSoC5/Camera_I2C.c **** *
  10:.\Generated_Source\PSoC5/Camera_I2C.c **** *******************************************************************************
  11:.\Generated_Source\PSoC5/Camera_I2C.c **** * Copyright 2008-2015, Cypress Semiconductor Corporation. All rights reserved.
  12:.\Generated_Source\PSoC5/Camera_I2C.c **** * You may use this file only in accordance with the license, terms, conditions,
  13:.\Generated_Source\PSoC5/Camera_I2C.c **** * disclaimers, and limitations in the end user license agreement accompanying
  14:.\Generated_Source\PSoC5/Camera_I2C.c **** * the software package with which this file was provided.
  15:.\Generated_Source\PSoC5/Camera_I2C.c **** *******************************************************************************/
  16:.\Generated_Source\PSoC5/Camera_I2C.c **** 
  17:.\Generated_Source\PSoC5/Camera_I2C.c **** #include "Camera_I2C_PVT.h"
  18:.\Generated_Source\PSoC5/Camera_I2C.c **** 
  19:.\Generated_Source\PSoC5/Camera_I2C.c **** 
  20:.\Generated_Source\PSoC5/Camera_I2C.c **** /**********************************
  21:.\Generated_Source\PSoC5/Camera_I2C.c **** *      System variables
  22:.\Generated_Source\PSoC5/Camera_I2C.c **** **********************************/
  23:.\Generated_Source\PSoC5/Camera_I2C.c **** 
  24:.\Generated_Source\PSoC5/Camera_I2C.c **** uint8 Camera_I2C_initVar = 0u; /* Defines if component was initialized */
  25:.\Generated_Source\PSoC5/Camera_I2C.c **** 
  26:.\Generated_Source\PSoC5/Camera_I2C.c **** volatile uint8 Camera_I2C_state;  /* Current state of I2C FSM */
  27:.\Generated_Source\PSoC5/Camera_I2C.c **** 
  28:.\Generated_Source\PSoC5/Camera_I2C.c **** 
  29:.\Generated_Source\PSoC5/Camera_I2C.c **** /*******************************************************************************
  30:.\Generated_Source\PSoC5/Camera_I2C.c **** * Function Name: Camera_I2C_Init
  31:.\Generated_Source\PSoC5/Camera_I2C.c **** ********************************************************************************
ARM GAS  C:\Users\Nick\AppData\Local\Temp\cccWs7Gg.s 			page 2


  32:.\Generated_Source\PSoC5/Camera_I2C.c **** *
  33:.\Generated_Source\PSoC5/Camera_I2C.c **** * Summary:
  34:.\Generated_Source\PSoC5/Camera_I2C.c **** *  Initializes I2C registers with initial values provided from customizer.
  35:.\Generated_Source\PSoC5/Camera_I2C.c **** *
  36:.\Generated_Source\PSoC5/Camera_I2C.c **** * Parameters:
  37:.\Generated_Source\PSoC5/Camera_I2C.c **** *  None.
  38:.\Generated_Source\PSoC5/Camera_I2C.c **** *
  39:.\Generated_Source\PSoC5/Camera_I2C.c **** * Return:
  40:.\Generated_Source\PSoC5/Camera_I2C.c **** *  None.
  41:.\Generated_Source\PSoC5/Camera_I2C.c **** *
  42:.\Generated_Source\PSoC5/Camera_I2C.c **** * Global variables:
  43:.\Generated_Source\PSoC5/Camera_I2C.c **** *  None.
  44:.\Generated_Source\PSoC5/Camera_I2C.c **** *
  45:.\Generated_Source\PSoC5/Camera_I2C.c **** * Reentrant:
  46:.\Generated_Source\PSoC5/Camera_I2C.c **** *  No.
  47:.\Generated_Source\PSoC5/Camera_I2C.c **** *
  48:.\Generated_Source\PSoC5/Camera_I2C.c **** *******************************************************************************/
  49:.\Generated_Source\PSoC5/Camera_I2C.c **** void Camera_I2C_Init(void) 
  50:.\Generated_Source\PSoC5/Camera_I2C.c **** {
  27              		.loc 1 50 0
  28              		.cfi_startproc
  29              		@ args = 0, pretend = 0, frame = 0
  30              		@ frame_needed = 0, uses_anonymous_args = 0
  31 0000 10B5     		push	{r4, lr}
  32              		.cfi_def_cfa_offset 8
  33              		.cfi_offset 4, -8
  34              		.cfi_offset 14, -4
  51:.\Generated_Source\PSoC5/Camera_I2C.c **** #if (Camera_I2C_FF_IMPLEMENTED)
  52:.\Generated_Source\PSoC5/Camera_I2C.c ****     /* Configure fixed function block */
  53:.\Generated_Source\PSoC5/Camera_I2C.c ****     Camera_I2C_CFG_REG  = Camera_I2C_DEFAULT_CFG;
  35              		.loc 1 53 0
  36 0002 0222     		movs	r2, #2
  37 0004 114B     		ldr	r3, .L2
  38 0006 1A70     		strb	r2, [r3]
  54:.\Generated_Source\PSoC5/Camera_I2C.c ****     Camera_I2C_XCFG_REG = Camera_I2C_DEFAULT_XCFG;
  39              		.loc 1 54 0
  40 0008 8122     		movs	r2, #129
  41 000a 0E3B     		subs	r3, r3, #14
  42 000c 1A70     		strb	r2, [r3]
  55:.\Generated_Source\PSoC5/Camera_I2C.c ****     Camera_I2C_ADDR_REG = Camera_I2C_DEFAULT_ADDR;
  43              		.loc 1 55 0
  44 000e 0822     		movs	r2, #8
  45 0010 0233     		adds	r3, r3, #2
  46 0012 1A70     		strb	r2, [r3]
  56:.\Generated_Source\PSoC5/Camera_I2C.c ****     Camera_I2C_CLKDIV1_REG = LO8(Camera_I2C_DEFAULT_DIVIDE_FACTOR);
  47              		.loc 1 56 0
  48 0014 0422     		movs	r2, #4
  49 0016 1133     		adds	r3, r3, #17
  50 0018 1A70     		strb	r2, [r3]
  57:.\Generated_Source\PSoC5/Camera_I2C.c ****     Camera_I2C_CLKDIV2_REG = HI8(Camera_I2C_DEFAULT_DIVIDE_FACTOR);
  51              		.loc 1 57 0
  52 001a 0024     		movs	r4, #0
  53 001c 0133     		adds	r3, r3, #1
  54 001e 1C70     		strb	r4, [r3]
  58:.\Generated_Source\PSoC5/Camera_I2C.c **** 
  59:.\Generated_Source\PSoC5/Camera_I2C.c **** #else
  60:.\Generated_Source\PSoC5/Camera_I2C.c ****     uint8 intState;
ARM GAS  C:\Users\Nick\AppData\Local\Temp\cccWs7Gg.s 			page 3


  61:.\Generated_Source\PSoC5/Camera_I2C.c **** 
  62:.\Generated_Source\PSoC5/Camera_I2C.c ****     /* Configure control and interrupt sources */
  63:.\Generated_Source\PSoC5/Camera_I2C.c ****     Camera_I2C_CFG_REG      = Camera_I2C_DEFAULT_CFG;
  64:.\Generated_Source\PSoC5/Camera_I2C.c ****     Camera_I2C_INT_MASK_REG = Camera_I2C_DEFAULT_INT_MASK;
  65:.\Generated_Source\PSoC5/Camera_I2C.c **** 
  66:.\Generated_Source\PSoC5/Camera_I2C.c ****     /* Enable interrupt generation in status */
  67:.\Generated_Source\PSoC5/Camera_I2C.c ****     intState = CyEnterCriticalSection();
  68:.\Generated_Source\PSoC5/Camera_I2C.c ****     Camera_I2C_INT_ENABLE_REG |= Camera_I2C_INTR_ENABLE;
  69:.\Generated_Source\PSoC5/Camera_I2C.c ****     CyExitCriticalSection(intState);
  70:.\Generated_Source\PSoC5/Camera_I2C.c **** 
  71:.\Generated_Source\PSoC5/Camera_I2C.c ****     /* Configure bit counter */
  72:.\Generated_Source\PSoC5/Camera_I2C.c ****     #if (Camera_I2C_MODE_SLAVE_ENABLED)
  73:.\Generated_Source\PSoC5/Camera_I2C.c ****         Camera_I2C_PERIOD_REG = Camera_I2C_DEFAULT_PERIOD;
  74:.\Generated_Source\PSoC5/Camera_I2C.c ****     #endif  /* (Camera_I2C_MODE_SLAVE_ENABLED) */
  75:.\Generated_Source\PSoC5/Camera_I2C.c **** 
  76:.\Generated_Source\PSoC5/Camera_I2C.c ****     /* Configure clock generator */
  77:.\Generated_Source\PSoC5/Camera_I2C.c ****     #if (Camera_I2C_MODE_MASTER_ENABLED)
  78:.\Generated_Source\PSoC5/Camera_I2C.c ****         Camera_I2C_MCLK_PRD_REG = Camera_I2C_DEFAULT_MCLK_PRD;
  79:.\Generated_Source\PSoC5/Camera_I2C.c ****         Camera_I2C_MCLK_CMP_REG = Camera_I2C_DEFAULT_MCLK_CMP;
  80:.\Generated_Source\PSoC5/Camera_I2C.c ****     #endif /* (Camera_I2C_MODE_MASTER_ENABLED) */
  81:.\Generated_Source\PSoC5/Camera_I2C.c **** #endif /* (Camera_I2C_FF_IMPLEMENTED) */
  82:.\Generated_Source\PSoC5/Camera_I2C.c **** 
  83:.\Generated_Source\PSoC5/Camera_I2C.c **** #if (Camera_I2C_TIMEOUT_ENABLED)
  84:.\Generated_Source\PSoC5/Camera_I2C.c ****     Camera_I2C_TimeoutInit();
  85:.\Generated_Source\PSoC5/Camera_I2C.c **** #endif /* (Camera_I2C_TIMEOUT_ENABLED) */
  86:.\Generated_Source\PSoC5/Camera_I2C.c **** 
  87:.\Generated_Source\PSoC5/Camera_I2C.c ****     /* Configure internal interrupt */
  88:.\Generated_Source\PSoC5/Camera_I2C.c ****     CyIntDisable    (Camera_I2C_ISR_NUMBER);
  55              		.loc 1 88 0
  56 0020 4FF40042 		mov	r2, #32768
  57 0024 0A4B     		ldr	r3, .L2+4
  58 0026 1A60     		str	r2, [r3]
  89:.\Generated_Source\PSoC5/Camera_I2C.c ****     CyIntSetPriority(Camera_I2C_ISR_NUMBER, Camera_I2C_ISR_PRIORITY);
  59              		.loc 1 89 0
  60 0028 0F20     		movs	r0, #15
  61 002a 0721     		movs	r1, #7
  62 002c FFF7FEFF 		bl	CyIntSetPriority
  63              	.LVL0:
  90:.\Generated_Source\PSoC5/Camera_I2C.c ****     #if (Camera_I2C_INTERN_I2C_INTR_HANDLER)
  91:.\Generated_Source\PSoC5/Camera_I2C.c ****         (void) CyIntSetVector(Camera_I2C_ISR_NUMBER, &Camera_I2C_ISR);
  64              		.loc 1 91 0
  65 0030 0F20     		movs	r0, #15
  66 0032 0849     		ldr	r1, .L2+8
  67 0034 FFF7FEFF 		bl	CyIntSetVector
  68              	.LVL1:
  92:.\Generated_Source\PSoC5/Camera_I2C.c ****     #endif /* (Camera_I2C_INTERN_I2C_INTR_HANDLER) */
  93:.\Generated_Source\PSoC5/Camera_I2C.c **** 
  94:.\Generated_Source\PSoC5/Camera_I2C.c ****     /* Set FSM to default state */
  95:.\Generated_Source\PSoC5/Camera_I2C.c ****     Camera_I2C_state = Camera_I2C_SM_IDLE;
  69              		.loc 1 95 0
  70 0038 1022     		movs	r2, #16
  71 003a 074B     		ldr	r3, .L2+12
  72 003c 1A70     		strb	r2, [r3]
  96:.\Generated_Source\PSoC5/Camera_I2C.c **** 
  97:.\Generated_Source\PSoC5/Camera_I2C.c **** #if (Camera_I2C_MODE_SLAVE_ENABLED)
  98:.\Generated_Source\PSoC5/Camera_I2C.c ****     /* Clear status and buffers index */
  99:.\Generated_Source\PSoC5/Camera_I2C.c ****     Camera_I2C_slStatus = 0u;
ARM GAS  C:\Users\Nick\AppData\Local\Temp\cccWs7Gg.s 			page 4


 100:.\Generated_Source\PSoC5/Camera_I2C.c ****     Camera_I2C_slRdBufIndex = 0u;
 101:.\Generated_Source\PSoC5/Camera_I2C.c ****     Camera_I2C_slWrBufIndex = 0u;
 102:.\Generated_Source\PSoC5/Camera_I2C.c **** 
 103:.\Generated_Source\PSoC5/Camera_I2C.c ****     /* Configure matched address */
 104:.\Generated_Source\PSoC5/Camera_I2C.c ****     Camera_I2C_SlaveSetAddress(Camera_I2C_DEFAULT_ADDR);
 105:.\Generated_Source\PSoC5/Camera_I2C.c **** #endif /* (Camera_I2C_MODE_SLAVE_ENABLED) */
 106:.\Generated_Source\PSoC5/Camera_I2C.c **** 
 107:.\Generated_Source\PSoC5/Camera_I2C.c **** #if (Camera_I2C_MODE_MASTER_ENABLED)
 108:.\Generated_Source\PSoC5/Camera_I2C.c ****     /* Clear status and buffers index */
 109:.\Generated_Source\PSoC5/Camera_I2C.c ****     Camera_I2C_mstrStatus = 0u;
  73              		.loc 1 109 0
  74 003e 074B     		ldr	r3, .L2+16
  75 0040 1C70     		strb	r4, [r3]
 110:.\Generated_Source\PSoC5/Camera_I2C.c ****     Camera_I2C_mstrRdBufIndex = 0u;
  76              		.loc 1 110 0
  77 0042 074B     		ldr	r3, .L2+20
  78 0044 1C70     		strb	r4, [r3]
 111:.\Generated_Source\PSoC5/Camera_I2C.c ****     Camera_I2C_mstrWrBufIndex = 0u;
  79              		.loc 1 111 0
  80 0046 074B     		ldr	r3, .L2+24
  81 0048 1C70     		strb	r4, [r3]
  82 004a 10BD     		pop	{r4, pc}
  83              	.L3:
  84              		.align	2
  85              	.L2:
  86 004c D6490040 		.word	1073760726
  87 0050 80E100E0 		.word	-536813184
  88 0054 00000000 		.word	Camera_I2C_ISR
  89 0058 00000000 		.word	Camera_I2C_state
  90 005c 00000000 		.word	Camera_I2C_mstrStatus
  91 0060 00000000 		.word	Camera_I2C_mstrRdBufIndex
  92 0064 00000000 		.word	Camera_I2C_mstrWrBufIndex
  93              		.cfi_endproc
  94              	.LFE0:
  95              		.size	Camera_I2C_Init, .-Camera_I2C_Init
  96              		.section	.text.Camera_I2C_Enable,"ax",%progbits
  97              		.align	2
  98              		.global	Camera_I2C_Enable
  99              		.thumb
 100              		.thumb_func
 101              		.type	Camera_I2C_Enable, %function
 102              	Camera_I2C_Enable:
 103              	.LFB1:
 112:.\Generated_Source\PSoC5/Camera_I2C.c **** #endif /* (Camera_I2C_MODE_MASTER_ENABLED) */
 113:.\Generated_Source\PSoC5/Camera_I2C.c **** }
 114:.\Generated_Source\PSoC5/Camera_I2C.c **** 
 115:.\Generated_Source\PSoC5/Camera_I2C.c **** 
 116:.\Generated_Source\PSoC5/Camera_I2C.c **** /*******************************************************************************
 117:.\Generated_Source\PSoC5/Camera_I2C.c **** * Function Name: Camera_I2C_Enable
 118:.\Generated_Source\PSoC5/Camera_I2C.c **** ********************************************************************************
 119:.\Generated_Source\PSoC5/Camera_I2C.c **** *
 120:.\Generated_Source\PSoC5/Camera_I2C.c **** * Summary:
 121:.\Generated_Source\PSoC5/Camera_I2C.c **** *  Enables I2C operations.
 122:.\Generated_Source\PSoC5/Camera_I2C.c **** *
 123:.\Generated_Source\PSoC5/Camera_I2C.c **** * Parameters:
 124:.\Generated_Source\PSoC5/Camera_I2C.c **** *  None.
 125:.\Generated_Source\PSoC5/Camera_I2C.c **** *
ARM GAS  C:\Users\Nick\AppData\Local\Temp\cccWs7Gg.s 			page 5


 126:.\Generated_Source\PSoC5/Camera_I2C.c **** * Return:
 127:.\Generated_Source\PSoC5/Camera_I2C.c **** *  None.
 128:.\Generated_Source\PSoC5/Camera_I2C.c **** *
 129:.\Generated_Source\PSoC5/Camera_I2C.c **** * Global variables:
 130:.\Generated_Source\PSoC5/Camera_I2C.c **** *  None.
 131:.\Generated_Source\PSoC5/Camera_I2C.c **** *
 132:.\Generated_Source\PSoC5/Camera_I2C.c **** *******************************************************************************/
 133:.\Generated_Source\PSoC5/Camera_I2C.c **** void Camera_I2C_Enable(void) 
 134:.\Generated_Source\PSoC5/Camera_I2C.c **** {
 104              		.loc 1 134 0
 105              		.cfi_startproc
 106              		@ args = 0, pretend = 0, frame = 0
 107              		@ frame_needed = 0, uses_anonymous_args = 0
 108 0000 08B5     		push	{r3, lr}
 109              		.cfi_def_cfa_offset 8
 110              		.cfi_offset 3, -8
 111              		.cfi_offset 14, -4
 135:.\Generated_Source\PSoC5/Camera_I2C.c **** #if (Camera_I2C_FF_IMPLEMENTED)
 136:.\Generated_Source\PSoC5/Camera_I2C.c ****     uint8 intState;
 137:.\Generated_Source\PSoC5/Camera_I2C.c **** 
 138:.\Generated_Source\PSoC5/Camera_I2C.c ****     /* Enable power to block */
 139:.\Generated_Source\PSoC5/Camera_I2C.c ****     intState = CyEnterCriticalSection();
 112              		.loc 1 139 0
 113 0002 FFF7FEFF 		bl	CyEnterCriticalSection
 114              	.LVL2:
 140:.\Generated_Source\PSoC5/Camera_I2C.c ****     Camera_I2C_ACT_PWRMGR_REG  |= Camera_I2C_ACT_PWR_EN;
 115              		.loc 1 140 0
 116 0006 064B     		ldr	r3, .L5
 117 0008 1A78     		ldrb	r2, [r3]	@ zero_extendqisi2
 118 000a 42F00402 		orr	r2, r2, #4
 119 000e 1A70     		strb	r2, [r3]
 141:.\Generated_Source\PSoC5/Camera_I2C.c ****     Camera_I2C_STBY_PWRMGR_REG |= Camera_I2C_STBY_PWR_EN;
 120              		.loc 1 141 0
 121 0010 1033     		adds	r3, r3, #16
 122 0012 1A78     		ldrb	r2, [r3]	@ zero_extendqisi2
 123 0014 42F00402 		orr	r2, r2, #4
 124 0018 1A70     		strb	r2, [r3]
 142:.\Generated_Source\PSoC5/Camera_I2C.c ****     CyExitCriticalSection(intState);
 125              		.loc 1 142 0
 126 001a FFF7FEFF 		bl	CyExitCriticalSection
 127              	.LVL3:
 128 001e 08BD     		pop	{r3, pc}
 129              	.L6:
 130              		.align	2
 131              	.L5:
 132 0020 A5430040 		.word	1073759141
 133              		.cfi_endproc
 134              	.LFE1:
 135              		.size	Camera_I2C_Enable, .-Camera_I2C_Enable
 136              		.section	.text.Camera_I2C_Start,"ax",%progbits
 137              		.align	2
 138              		.global	Camera_I2C_Start
 139              		.thumb
 140              		.thumb_func
 141              		.type	Camera_I2C_Start, %function
 142              	Camera_I2C_Start:
 143              	.LFB2:
ARM GAS  C:\Users\Nick\AppData\Local\Temp\cccWs7Gg.s 			page 6


 143:.\Generated_Source\PSoC5/Camera_I2C.c **** #else
 144:.\Generated_Source\PSoC5/Camera_I2C.c ****     #if (Camera_I2C_MODE_SLAVE_ENABLED)
 145:.\Generated_Source\PSoC5/Camera_I2C.c ****         /* Enable bit counter */
 146:.\Generated_Source\PSoC5/Camera_I2C.c ****         uint8 intState = CyEnterCriticalSection();
 147:.\Generated_Source\PSoC5/Camera_I2C.c ****         Camera_I2C_COUNTER_AUX_CTL_REG |= Camera_I2C_CNT7_ENABLE;
 148:.\Generated_Source\PSoC5/Camera_I2C.c ****         CyExitCriticalSection(intState);
 149:.\Generated_Source\PSoC5/Camera_I2C.c ****     #endif /* (Camera_I2C_MODE_SLAVE_ENABLED) */
 150:.\Generated_Source\PSoC5/Camera_I2C.c **** 
 151:.\Generated_Source\PSoC5/Camera_I2C.c ****     /* Enable slave or master bits */
 152:.\Generated_Source\PSoC5/Camera_I2C.c ****     Camera_I2C_CFG_REG |= Camera_I2C_ENABLE_MS;
 153:.\Generated_Source\PSoC5/Camera_I2C.c **** #endif /* (Camera_I2C_FF_IMPLEMENTED) */
 154:.\Generated_Source\PSoC5/Camera_I2C.c **** 
 155:.\Generated_Source\PSoC5/Camera_I2C.c **** #if (Camera_I2C_TIMEOUT_ENABLED)
 156:.\Generated_Source\PSoC5/Camera_I2C.c ****     Camera_I2C_TimeoutEnable();
 157:.\Generated_Source\PSoC5/Camera_I2C.c **** #endif /* (Camera_I2C_TIMEOUT_ENABLED) */
 158:.\Generated_Source\PSoC5/Camera_I2C.c **** }
 159:.\Generated_Source\PSoC5/Camera_I2C.c **** 
 160:.\Generated_Source\PSoC5/Camera_I2C.c **** 
 161:.\Generated_Source\PSoC5/Camera_I2C.c **** /*******************************************************************************
 162:.\Generated_Source\PSoC5/Camera_I2C.c **** * Function Name: Camera_I2C_Start
 163:.\Generated_Source\PSoC5/Camera_I2C.c **** ********************************************************************************
 164:.\Generated_Source\PSoC5/Camera_I2C.c **** *
 165:.\Generated_Source\PSoC5/Camera_I2C.c **** * Summary:
 166:.\Generated_Source\PSoC5/Camera_I2C.c **** *  Starts the I2C hardware. Enables Active mode power template bits or clock
 167:.\Generated_Source\PSoC5/Camera_I2C.c **** *  gating as appropriate. It is required to be executed before I2C bus
 168:.\Generated_Source\PSoC5/Camera_I2C.c **** *  operation.
 169:.\Generated_Source\PSoC5/Camera_I2C.c **** *
 170:.\Generated_Source\PSoC5/Camera_I2C.c **** * Parameters:
 171:.\Generated_Source\PSoC5/Camera_I2C.c **** *  None.
 172:.\Generated_Source\PSoC5/Camera_I2C.c **** *
 173:.\Generated_Source\PSoC5/Camera_I2C.c **** * Return:
 174:.\Generated_Source\PSoC5/Camera_I2C.c **** *  None.
 175:.\Generated_Source\PSoC5/Camera_I2C.c **** *
 176:.\Generated_Source\PSoC5/Camera_I2C.c **** * Side Effects:
 177:.\Generated_Source\PSoC5/Camera_I2C.c **** *  This component automatically enables its interrupt.  If I2C is enabled !
 178:.\Generated_Source\PSoC5/Camera_I2C.c **** *  without the interrupt enabled, it can lock up the I2C bus.
 179:.\Generated_Source\PSoC5/Camera_I2C.c **** *
 180:.\Generated_Source\PSoC5/Camera_I2C.c **** * Global variables:
 181:.\Generated_Source\PSoC5/Camera_I2C.c **** *  Camera_I2C_initVar - This variable is used to check the initial
 182:.\Generated_Source\PSoC5/Camera_I2C.c **** *                             configuration, modified on the first
 183:.\Generated_Source\PSoC5/Camera_I2C.c **** *                             function call.
 184:.\Generated_Source\PSoC5/Camera_I2C.c **** *
 185:.\Generated_Source\PSoC5/Camera_I2C.c **** * Reentrant:
 186:.\Generated_Source\PSoC5/Camera_I2C.c **** *  No.
 187:.\Generated_Source\PSoC5/Camera_I2C.c **** *
 188:.\Generated_Source\PSoC5/Camera_I2C.c **** *******************************************************************************/
 189:.\Generated_Source\PSoC5/Camera_I2C.c **** void Camera_I2C_Start(void) 
 190:.\Generated_Source\PSoC5/Camera_I2C.c **** {
 144              		.loc 1 190 0
 145              		.cfi_startproc
 146              		@ args = 0, pretend = 0, frame = 0
 147              		@ frame_needed = 0, uses_anonymous_args = 0
 148 0000 08B5     		push	{r3, lr}
 149              		.cfi_def_cfa_offset 8
 150              		.cfi_offset 3, -8
 151              		.cfi_offset 14, -4
 191:.\Generated_Source\PSoC5/Camera_I2C.c ****     if (0u == Camera_I2C_initVar)
ARM GAS  C:\Users\Nick\AppData\Local\Temp\cccWs7Gg.s 			page 7


 152              		.loc 1 191 0
 153 0002 074B     		ldr	r3, .L9
 154 0004 1B78     		ldrb	r3, [r3]	@ zero_extendqisi2
 155 0006 23B9     		cbnz	r3, .L8
 192:.\Generated_Source\PSoC5/Camera_I2C.c ****     {
 193:.\Generated_Source\PSoC5/Camera_I2C.c ****         Camera_I2C_Init();
 156              		.loc 1 193 0
 157 0008 FFF7FEFF 		bl	Camera_I2C_Init
 158              	.LVL4:
 194:.\Generated_Source\PSoC5/Camera_I2C.c ****         Camera_I2C_initVar = 1u; /* Component initialized */
 159              		.loc 1 194 0
 160 000c 0122     		movs	r2, #1
 161 000e 044B     		ldr	r3, .L9
 162 0010 1A70     		strb	r2, [r3]
 163              	.L8:
 195:.\Generated_Source\PSoC5/Camera_I2C.c ****     }
 196:.\Generated_Source\PSoC5/Camera_I2C.c **** 
 197:.\Generated_Source\PSoC5/Camera_I2C.c ****     Camera_I2C_Enable();
 164              		.loc 1 197 0
 165 0012 FFF7FEFF 		bl	Camera_I2C_Enable
 166              	.LVL5:
 198:.\Generated_Source\PSoC5/Camera_I2C.c ****     Camera_I2C_EnableInt();
 167              		.loc 1 198 0
 168 0016 4FF40042 		mov	r2, #32768
 169 001a 024B     		ldr	r3, .L9+4
 170 001c 1A60     		str	r2, [r3]
 171 001e 08BD     		pop	{r3, pc}
 172              	.L10:
 173              		.align	2
 174              	.L9:
 175 0020 00000000 		.word	.LANCHOR0
 176 0024 00E100E0 		.word	-536813312
 177              		.cfi_endproc
 178              	.LFE2:
 179              		.size	Camera_I2C_Start, .-Camera_I2C_Start
 180              		.section	.text.Camera_I2C_Stop,"ax",%progbits
 181              		.align	2
 182              		.global	Camera_I2C_Stop
 183              		.thumb
 184              		.thumb_func
 185              		.type	Camera_I2C_Stop, %function
 186              	Camera_I2C_Stop:
 187              	.LFB3:
 199:.\Generated_Source\PSoC5/Camera_I2C.c **** }
 200:.\Generated_Source\PSoC5/Camera_I2C.c **** 
 201:.\Generated_Source\PSoC5/Camera_I2C.c **** 
 202:.\Generated_Source\PSoC5/Camera_I2C.c **** /*******************************************************************************
 203:.\Generated_Source\PSoC5/Camera_I2C.c **** * Function Name: Camera_I2C_Stop
 204:.\Generated_Source\PSoC5/Camera_I2C.c **** ********************************************************************************
 205:.\Generated_Source\PSoC5/Camera_I2C.c **** *
 206:.\Generated_Source\PSoC5/Camera_I2C.c **** * Summary:
 207:.\Generated_Source\PSoC5/Camera_I2C.c **** *  Disables I2C hardware and disables I2C interrupt. Disables Active mode power
 208:.\Generated_Source\PSoC5/Camera_I2C.c **** *  template bits or clock gating as appropriate.
 209:.\Generated_Source\PSoC5/Camera_I2C.c **** *
 210:.\Generated_Source\PSoC5/Camera_I2C.c **** * Parameters:
 211:.\Generated_Source\PSoC5/Camera_I2C.c **** *  None.
 212:.\Generated_Source\PSoC5/Camera_I2C.c **** *
ARM GAS  C:\Users\Nick\AppData\Local\Temp\cccWs7Gg.s 			page 8


 213:.\Generated_Source\PSoC5/Camera_I2C.c **** * Return:
 214:.\Generated_Source\PSoC5/Camera_I2C.c **** *  None.
 215:.\Generated_Source\PSoC5/Camera_I2C.c **** *
 216:.\Generated_Source\PSoC5/Camera_I2C.c **** *******************************************************************************/
 217:.\Generated_Source\PSoC5/Camera_I2C.c **** void Camera_I2C_Stop(void) 
 218:.\Generated_Source\PSoC5/Camera_I2C.c **** {
 188              		.loc 1 218 0
 189              		.cfi_startproc
 190              		@ args = 0, pretend = 0, frame = 0
 191              		@ frame_needed = 0, uses_anonymous_args = 0
 192 0000 2DE9F843 		push	{r3, r4, r5, r6, r7, r8, r9, lr}
 193              		.cfi_def_cfa_offset 32
 194              		.cfi_offset 3, -32
 195              		.cfi_offset 4, -28
 196              		.cfi_offset 5, -24
 197              		.cfi_offset 6, -20
 198              		.cfi_offset 7, -16
 199              		.cfi_offset 8, -12
 200              		.cfi_offset 9, -8
 201              		.cfi_offset 14, -4
 219:.\Generated_Source\PSoC5/Camera_I2C.c ****     Camera_I2C_DisableInt();
 202              		.loc 1 219 0
 203 0004 4FF40049 		mov	r9, #32768
 204 0008 214B     		ldr	r3, .L12
 205 000a C3F80090 		str	r9, [r3]
 206              	.LBB2:
 220:.\Generated_Source\PSoC5/Camera_I2C.c **** 
 221:.\Generated_Source\PSoC5/Camera_I2C.c **** #if (Camera_I2C_TIMEOUT_ENABLED)
 222:.\Generated_Source\PSoC5/Camera_I2C.c ****     Camera_I2C_TimeoutStop();
 223:.\Generated_Source\PSoC5/Camera_I2C.c **** #endif  /* End (Camera_I2C_TIMEOUT_ENABLED) */
 224:.\Generated_Source\PSoC5/Camera_I2C.c **** 
 225:.\Generated_Source\PSoC5/Camera_I2C.c **** #if (Camera_I2C_FF_IMPLEMENTED)
 226:.\Generated_Source\PSoC5/Camera_I2C.c ****     {
 227:.\Generated_Source\PSoC5/Camera_I2C.c ****         uint8 intState;
 228:.\Generated_Source\PSoC5/Camera_I2C.c ****         uint16 blockResetCycles;
 229:.\Generated_Source\PSoC5/Camera_I2C.c **** 
 230:.\Generated_Source\PSoC5/Camera_I2C.c ****         /* Store registers effected by block disable */
 231:.\Generated_Source\PSoC5/Camera_I2C.c ****         Camera_I2C_backup.addr    = Camera_I2C_ADDR_REG;
 207              		.loc 1 231 0
 208 000e DFF8A080 		ldr	r8, .L12+32
 209 0012 98F80030 		ldrb	r3, [r8]	@ zero_extendqisi2
 210 0016 1F4C     		ldr	r4, .L12+4
 211 0018 E370     		strb	r3, [r4, #3]
 232:.\Generated_Source\PSoC5/Camera_I2C.c ****         Camera_I2C_backup.clkDiv1 = Camera_I2C_CLKDIV1_REG;
 212              		.loc 1 232 0
 213 001a 1F4F     		ldr	r7, .L12+8
 214 001c 3B78     		ldrb	r3, [r7]	@ zero_extendqisi2
 215 001e 2371     		strb	r3, [r4, #4]
 233:.\Generated_Source\PSoC5/Camera_I2C.c ****         Camera_I2C_backup.clkDiv2 = Camera_I2C_CLKDIV2_REG;
 216              		.loc 1 233 0
 217 0020 1E4E     		ldr	r6, .L12+12
 218 0022 3378     		ldrb	r3, [r6]	@ zero_extendqisi2
 219 0024 6371     		strb	r3, [r4, #5]
 234:.\Generated_Source\PSoC5/Camera_I2C.c **** 
 235:.\Generated_Source\PSoC5/Camera_I2C.c ****         /* Calculate number of cycles to reset block */
 236:.\Generated_Source\PSoC5/Camera_I2C.c ****         blockResetCycles = ((uint16) ((uint16) Camera_I2C_CLKDIV2_REG << 8u) | Camera_I2C_CLKDIV1_R
 220              		.loc 1 236 0
ARM GAS  C:\Users\Nick\AppData\Local\Temp\cccWs7Gg.s 			page 9


 221 0026 3078     		ldrb	r0, [r6]	@ zero_extendqisi2
 222 0028 3B78     		ldrb	r3, [r7]	@ zero_extendqisi2
 223 002a 43EA0020 		orr	r0, r3, r0, lsl #8
 224 002e 0130     		adds	r0, r0, #1
 225              	.LVL6:
 237:.\Generated_Source\PSoC5/Camera_I2C.c **** 
 238:.\Generated_Source\PSoC5/Camera_I2C.c ****         /* Disable block */
 239:.\Generated_Source\PSoC5/Camera_I2C.c ****         Camera_I2C_CFG_REG &= (uint8) ~Camera_I2C_CFG_EN_SLAVE;
 226              		.loc 1 239 0
 227 0030 1B4D     		ldr	r5, .L12+16
 228 0032 2B78     		ldrb	r3, [r5]	@ zero_extendqisi2
 229 0034 03F0FE03 		and	r3, r3, #254
 230 0038 2B70     		strb	r3, [r5]
 240:.\Generated_Source\PSoC5/Camera_I2C.c ****         /* Wait for block reset before disable power */
 241:.\Generated_Source\PSoC5/Camera_I2C.c ****         CyDelayCycles((uint32) blockResetCycles);
 231              		.loc 1 241 0
 232 003a 80B2     		uxth	r0, r0
 233              	.LVL7:
 234 003c FFF7FEFF 		bl	CyDelayCycles
 235              	.LVL8:
 242:.\Generated_Source\PSoC5/Camera_I2C.c **** 
 243:.\Generated_Source\PSoC5/Camera_I2C.c ****         /* Disable power to block */
 244:.\Generated_Source\PSoC5/Camera_I2C.c ****         intState = CyEnterCriticalSection();
 236              		.loc 1 244 0
 237 0040 FFF7FEFF 		bl	CyEnterCriticalSection
 238              	.LVL9:
 245:.\Generated_Source\PSoC5/Camera_I2C.c ****         Camera_I2C_ACT_PWRMGR_REG  &= (uint8) ~Camera_I2C_ACT_PWR_EN;
 239              		.loc 1 245 0
 240 0044 174B     		ldr	r3, .L12+20
 241 0046 1A78     		ldrb	r2, [r3]	@ zero_extendqisi2
 242 0048 02F0FB02 		and	r2, r2, #251
 243 004c 1A70     		strb	r2, [r3]
 246:.\Generated_Source\PSoC5/Camera_I2C.c ****         Camera_I2C_STBY_PWRMGR_REG &= (uint8) ~Camera_I2C_STBY_PWR_EN;
 244              		.loc 1 246 0
 245 004e 1033     		adds	r3, r3, #16
 246 0050 1A78     		ldrb	r2, [r3]	@ zero_extendqisi2
 247 0052 02F0FB02 		and	r2, r2, #251
 248 0056 1A70     		strb	r2, [r3]
 247:.\Generated_Source\PSoC5/Camera_I2C.c ****         CyExitCriticalSection(intState);
 249              		.loc 1 247 0
 250 0058 FFF7FEFF 		bl	CyExitCriticalSection
 251              	.LVL10:
 248:.\Generated_Source\PSoC5/Camera_I2C.c **** 
 249:.\Generated_Source\PSoC5/Camera_I2C.c ****         /* Enable block */
 250:.\Generated_Source\PSoC5/Camera_I2C.c ****         Camera_I2C_CFG_REG |= (uint8) Camera_I2C_ENABLE_MS;
 252              		.loc 1 250 0
 253 005c 2B78     		ldrb	r3, [r5]	@ zero_extendqisi2
 254 005e 43F00203 		orr	r3, r3, #2
 255 0062 2B70     		strb	r3, [r5]
 251:.\Generated_Source\PSoC5/Camera_I2C.c **** 
 252:.\Generated_Source\PSoC5/Camera_I2C.c ****         /* Restore registers effected by block disable. Ticket ID#198004 */
 253:.\Generated_Source\PSoC5/Camera_I2C.c ****         Camera_I2C_ADDR_REG    = Camera_I2C_backup.addr;
 256              		.loc 1 253 0
 257 0064 E378     		ldrb	r3, [r4, #3]	@ zero_extendqisi2
 258 0066 88F80030 		strb	r3, [r8]
 254:.\Generated_Source\PSoC5/Camera_I2C.c ****         Camera_I2C_ADDR_REG    = Camera_I2C_backup.addr;
 259              		.loc 1 254 0
ARM GAS  C:\Users\Nick\AppData\Local\Temp\cccWs7Gg.s 			page 10


 260 006a E378     		ldrb	r3, [r4, #3]	@ zero_extendqisi2
 261 006c 88F80030 		strb	r3, [r8]
 255:.\Generated_Source\PSoC5/Camera_I2C.c ****         Camera_I2C_CLKDIV1_REG = Camera_I2C_backup.clkDiv1;
 262              		.loc 1 255 0
 263 0070 2379     		ldrb	r3, [r4, #4]	@ zero_extendqisi2
 264 0072 3B70     		strb	r3, [r7]
 256:.\Generated_Source\PSoC5/Camera_I2C.c ****         Camera_I2C_CLKDIV2_REG = Camera_I2C_backup.clkDiv2;
 265              		.loc 1 256 0
 266 0074 6379     		ldrb	r3, [r4, #5]	@ zero_extendqisi2
 267 0076 3370     		strb	r3, [r6]
 268              	.LBE2:
 257:.\Generated_Source\PSoC5/Camera_I2C.c ****     }
 258:.\Generated_Source\PSoC5/Camera_I2C.c **** #else
 259:.\Generated_Source\PSoC5/Camera_I2C.c **** 
 260:.\Generated_Source\PSoC5/Camera_I2C.c ****     /* Disable slave or master bits */
 261:.\Generated_Source\PSoC5/Camera_I2C.c ****     Camera_I2C_CFG_REG &= (uint8) ~Camera_I2C_ENABLE_MS;
 262:.\Generated_Source\PSoC5/Camera_I2C.c **** 
 263:.\Generated_Source\PSoC5/Camera_I2C.c **** #if (Camera_I2C_MODE_SLAVE_ENABLED)
 264:.\Generated_Source\PSoC5/Camera_I2C.c ****     {
 265:.\Generated_Source\PSoC5/Camera_I2C.c ****         /* Disable bit counter */
 266:.\Generated_Source\PSoC5/Camera_I2C.c ****         uint8 intState = CyEnterCriticalSection();
 267:.\Generated_Source\PSoC5/Camera_I2C.c ****         Camera_I2C_COUNTER_AUX_CTL_REG &= (uint8) ~Camera_I2C_CNT7_ENABLE;
 268:.\Generated_Source\PSoC5/Camera_I2C.c ****         CyExitCriticalSection(intState);
 269:.\Generated_Source\PSoC5/Camera_I2C.c ****     }
 270:.\Generated_Source\PSoC5/Camera_I2C.c **** #endif /* (Camera_I2C_MODE_SLAVE_ENABLED) */
 271:.\Generated_Source\PSoC5/Camera_I2C.c **** 
 272:.\Generated_Source\PSoC5/Camera_I2C.c ****     /* Clear interrupt source register */
 273:.\Generated_Source\PSoC5/Camera_I2C.c ****     (void) Camera_I2C_CSR_REG;
 274:.\Generated_Source\PSoC5/Camera_I2C.c **** #endif /* (Camera_I2C_FF_IMPLEMENTED) */
 275:.\Generated_Source\PSoC5/Camera_I2C.c **** 
 276:.\Generated_Source\PSoC5/Camera_I2C.c ****     /* Disable interrupt on stop (enabled by write transaction) */
 277:.\Generated_Source\PSoC5/Camera_I2C.c ****     Camera_I2C_DISABLE_INT_ON_STOP;
 269              		.loc 1 277 0
 270 0078 2B78     		ldrb	r3, [r5]	@ zero_extendqisi2
 271 007a 03F0EF03 		and	r3, r3, #239
 272 007e 2B70     		strb	r3, [r5]
 278:.\Generated_Source\PSoC5/Camera_I2C.c ****     Camera_I2C_ClearPendingInt();
 273              		.loc 1 278 0
 274 0080 094B     		ldr	r3, .L12+24
 275 0082 C3F80090 		str	r9, [r3]
 279:.\Generated_Source\PSoC5/Camera_I2C.c **** 
 280:.\Generated_Source\PSoC5/Camera_I2C.c ****     /* Reset FSM to default state */
 281:.\Generated_Source\PSoC5/Camera_I2C.c ****     Camera_I2C_state = Camera_I2C_SM_IDLE;
 276              		.loc 1 281 0
 277 0086 1022     		movs	r2, #16
 278 0088 084B     		ldr	r3, .L12+28
 279 008a 1A70     		strb	r2, [r3]
 280 008c BDE8F883 		pop	{r3, r4, r5, r6, r7, r8, r9, pc}
 281              	.L13:
 282              		.align	2
 283              	.L12:
 284 0090 80E100E0 		.word	-536813184
 285 0094 00000000 		.word	Camera_I2C_backup
 286 0098 DB490040 		.word	1073760731
 287 009c DC490040 		.word	1073760732
 288 00a0 D6490040 		.word	1073760726
 289 00a4 A5430040 		.word	1073759141
ARM GAS  C:\Users\Nick\AppData\Local\Temp\cccWs7Gg.s 			page 11


 290 00a8 80E200E0 		.word	-536812928
 291 00ac 00000000 		.word	Camera_I2C_state
 292 00b0 CA490040 		.word	1073760714
 293              		.cfi_endproc
 294              	.LFE3:
 295              		.size	Camera_I2C_Stop, .-Camera_I2C_Stop
 296              		.comm	Camera_I2C_state,1,1
 297              		.global	Camera_I2C_initVar
 298              		.bss
 299              		.set	.LANCHOR0,. + 0
 300              		.type	Camera_I2C_initVar, %object
 301              		.size	Camera_I2C_initVar, 1
 302              	Camera_I2C_initVar:
 303 0000 00       		.space	1
 304              		.text
 305              	.Letext0:
 306              		.file 2 ".\\Generated_Source\\PSoC5\\cytypes.h"
 307              		.file 3 ".\\Generated_Source\\PSoC5\\Camera_I2C.h"
 308              		.file 4 ".\\Generated_Source\\PSoC5\\Camera_I2C_PVT.h"
 309              		.file 5 ".\\Generated_Source\\PSoC5\\CyLib.h"
 310              		.section	.debug_info,"",%progbits
 311              	.Ldebug_info0:
 312 0000 D2020000 		.4byte	0x2d2
 313 0004 0400     		.2byte	0x4
 314 0006 00000000 		.4byte	.Ldebug_abbrev0
 315 000a 04       		.byte	0x4
 316 000b 01       		.uleb128 0x1
 317 000c B4010000 		.4byte	.LASF39
 318 0010 01       		.byte	0x1
 319 0011 98020000 		.4byte	.LASF40
 320 0015 E4020000 		.4byte	.LASF41
 321 0019 00000000 		.4byte	.Ldebug_ranges0+0
 322 001d 00000000 		.4byte	0
 323 0021 00000000 		.4byte	.Ldebug_line0
 324 0025 02       		.uleb128 0x2
 325 0026 01       		.byte	0x1
 326 0027 06       		.byte	0x6
 327 0028 BE020000 		.4byte	.LASF0
 328 002c 02       		.uleb128 0x2
 329 002d 01       		.byte	0x1
 330 002e 08       		.byte	0x8
 331 002f 9F000000 		.4byte	.LASF1
 332 0033 02       		.uleb128 0x2
 333 0034 02       		.byte	0x2
 334 0035 05       		.byte	0x5
 335 0036 51020000 		.4byte	.LASF2
 336 003a 02       		.uleb128 0x2
 337 003b 02       		.byte	0x2
 338 003c 07       		.byte	0x7
 339 003d 33000000 		.4byte	.LASF3
 340 0041 02       		.uleb128 0x2
 341 0042 04       		.byte	0x4
 342 0043 05       		.byte	0x5
 343 0044 61020000 		.4byte	.LASF4
 344 0048 02       		.uleb128 0x2
 345 0049 04       		.byte	0x4
 346 004a 07       		.byte	0x7
ARM GAS  C:\Users\Nick\AppData\Local\Temp\cccWs7Gg.s 			page 12


 347 004b C3000000 		.4byte	.LASF5
 348 004f 02       		.uleb128 0x2
 349 0050 08       		.byte	0x8
 350 0051 05       		.byte	0x5
 351 0052 39020000 		.4byte	.LASF6
 352 0056 02       		.uleb128 0x2
 353 0057 08       		.byte	0x8
 354 0058 07       		.byte	0x7
 355 0059 88000000 		.4byte	.LASF7
 356 005d 03       		.uleb128 0x3
 357 005e 04       		.byte	0x4
 358 005f 05       		.byte	0x5
 359 0060 696E7400 		.ascii	"int\000"
 360 0064 02       		.uleb128 0x2
 361 0065 04       		.byte	0x4
 362 0066 07       		.byte	0x7
 363 0067 21010000 		.4byte	.LASF8
 364 006b 04       		.uleb128 0x4
 365 006c 5B020000 		.4byte	.LASF9
 366 0070 02       		.byte	0x2
 367 0071 B4       		.byte	0xb4
 368 0072 2C000000 		.4byte	0x2c
 369 0076 04       		.uleb128 0x4
 370 0077 0A010000 		.4byte	.LASF10
 371 007b 02       		.byte	0x2
 372 007c B5       		.byte	0xb5
 373 007d 3A000000 		.4byte	0x3a
 374 0081 04       		.uleb128 0x4
 375 0082 11010000 		.4byte	.LASF11
 376 0086 02       		.byte	0x2
 377 0087 B6       		.byte	0xb6
 378 0088 48000000 		.4byte	0x48
 379 008c 02       		.uleb128 0x2
 380 008d 04       		.byte	0x4
 381 008e 04       		.byte	0x4
 382 008f 82000000 		.4byte	.LASF12
 383 0093 02       		.uleb128 0x2
 384 0094 08       		.byte	0x8
 385 0095 04       		.byte	0x4
 386 0096 F0000000 		.4byte	.LASF13
 387 009a 02       		.uleb128 0x2
 388 009b 01       		.byte	0x1
 389 009c 08       		.byte	0x8
 390 009d 47020000 		.4byte	.LASF14
 391 00a1 05       		.uleb128 0x5
 392 00a2 AD000000 		.4byte	.LASF15
 393 00a6 02       		.byte	0x2
 394 00a7 5E01     		.2byte	0x15e
 395 00a9 AD000000 		.4byte	0xad
 396 00ad 06       		.uleb128 0x6
 397 00ae 6B000000 		.4byte	0x6b
 398 00b2 05       		.uleb128 0x5
 399 00b3 0E000000 		.4byte	.LASF16
 400 00b7 02       		.byte	0x2
 401 00b8 6001     		.2byte	0x160
 402 00ba BE000000 		.4byte	0xbe
 403 00be 06       		.uleb128 0x6
ARM GAS  C:\Users\Nick\AppData\Local\Temp\cccWs7Gg.s 			page 13


 404 00bf 81000000 		.4byte	0x81
 405 00c3 05       		.uleb128 0x5
 406 00c4 96010000 		.4byte	.LASF17
 407 00c8 02       		.byte	0x2
 408 00c9 7001     		.2byte	0x170
 409 00cb CF000000 		.4byte	0xcf
 410 00cf 07       		.uleb128 0x7
 411 00d0 04       		.byte	0x4
 412 00d1 D5000000 		.4byte	0xd5
 413 00d5 08       		.uleb128 0x8
 414 00d6 02       		.uleb128 0x2
 415 00d7 04       		.byte	0x4
 416 00d8 07       		.byte	0x7
 417 00d9 30020000 		.4byte	.LASF18
 418 00dd 09       		.uleb128 0x9
 419 00de 06       		.byte	0x6
 420 00df 03       		.byte	0x3
 421 00e0 76       		.byte	0x76
 422 00e1 2E010000 		.4byte	0x12e
 423 00e5 0A       		.uleb128 0xa
 424 00e6 6A020000 		.4byte	.LASF19
 425 00ea 03       		.byte	0x3
 426 00eb 78       		.byte	0x78
 427 00ec 6B000000 		.4byte	0x6b
 428 00f0 00       		.byte	0
 429 00f1 0A       		.uleb128 0xa
 430 00f2 4C020000 		.4byte	.LASF20
 431 00f6 03       		.byte	0x3
 432 00f7 7B       		.byte	0x7b
 433 00f8 6B000000 		.4byte	0x6b
 434 00fc 01       		.byte	0x1
 435 00fd 0B       		.uleb128 0xb
 436 00fe 63666700 		.ascii	"cfg\000"
 437 0102 03       		.byte	0x3
 438 0103 7C       		.byte	0x7c
 439 0104 6B000000 		.4byte	0x6b
 440 0108 02       		.byte	0x2
 441 0109 0A       		.uleb128 0xa
 442 010a D5000000 		.4byte	.LASF21
 443 010e 03       		.byte	0x3
 444 010f 7D       		.byte	0x7d
 445 0110 6B000000 		.4byte	0x6b
 446 0114 03       		.byte	0x3
 447 0115 0A       		.uleb128 0xa
 448 0116 6F010000 		.4byte	.LASF22
 449 011a 03       		.byte	0x3
 450 011b 7E       		.byte	0x7e
 451 011c 6B000000 		.4byte	0x6b
 452 0120 04       		.byte	0x4
 453 0121 0A       		.uleb128 0xa
 454 0122 77010000 		.4byte	.LASF23
 455 0126 03       		.byte	0x3
 456 0127 7F       		.byte	0x7f
 457 0128 6B000000 		.4byte	0x6b
 458 012c 05       		.byte	0x5
 459 012d 00       		.byte	0
 460 012e 04       		.uleb128 0x4
ARM GAS  C:\Users\Nick\AppData\Local\Temp\cccWs7Gg.s 			page 14


 461 012f 57000000 		.4byte	.LASF24
 462 0133 03       		.byte	0x3
 463 0134 89       		.byte	0x89
 464 0135 DD000000 		.4byte	0xdd
 465 0139 0C       		.uleb128 0xc
 466 013a 88020000 		.4byte	.LASF25
 467 013e 01       		.byte	0x1
 468 013f 31       		.byte	0x31
 469 0140 00000000 		.4byte	.LFB0
 470 0144 68000000 		.4byte	.LFE0-.LFB0
 471 0148 01       		.uleb128 0x1
 472 0149 9C       		.byte	0x9c
 473 014a 76010000 		.4byte	0x176
 474 014e 0D       		.uleb128 0xd
 475 014f 30000000 		.4byte	.LVL0
 476 0153 7C020000 		.4byte	0x27c
 477 0157 66010000 		.4byte	0x166
 478 015b 0E       		.uleb128 0xe
 479 015c 01       		.uleb128 0x1
 480 015d 51       		.byte	0x51
 481 015e 01       		.uleb128 0x1
 482 015f 37       		.byte	0x37
 483 0160 0E       		.uleb128 0xe
 484 0161 01       		.uleb128 0x1
 485 0162 50       		.byte	0x50
 486 0163 01       		.uleb128 0x1
 487 0164 3F       		.byte	0x3f
 488 0165 00       		.byte	0
 489 0166 0F       		.uleb128 0xf
 490 0167 38000000 		.4byte	.LVL1
 491 016b 92020000 		.4byte	0x292
 492 016f 0E       		.uleb128 0xe
 493 0170 01       		.uleb128 0x1
 494 0171 50       		.byte	0x50
 495 0172 01       		.uleb128 0x1
 496 0173 3F       		.byte	0x3f
 497 0174 00       		.byte	0
 498 0175 00       		.byte	0
 499 0176 0C       		.uleb128 0xc
 500 0177 76020000 		.4byte	.LASF26
 501 017b 01       		.byte	0x1
 502 017c 85       		.byte	0x85
 503 017d 00000000 		.4byte	.LFB1
 504 0181 24000000 		.4byte	.LFE1-.LFB1
 505 0185 01       		.uleb128 0x1
 506 0186 9C       		.byte	0x9c
 507 0187 AD010000 		.4byte	0x1ad
 508 018b 10       		.uleb128 0x10
 509 018c 18010000 		.4byte	.LASF29
 510 0190 01       		.byte	0x1
 511 0191 88       		.byte	0x88
 512 0192 6B000000 		.4byte	0x6b
 513 0196 00000000 		.4byte	.LLST0
 514 019a 11       		.uleb128 0x11
 515 019b 06000000 		.4byte	.LVL2
 516 019f AC020000 		.4byte	0x2ac
 517 01a3 11       		.uleb128 0x11
ARM GAS  C:\Users\Nick\AppData\Local\Temp\cccWs7Gg.s 			page 15


 518 01a4 1E000000 		.4byte	.LVL3
 519 01a8 B7020000 		.4byte	0x2b7
 520 01ac 00       		.byte	0
 521 01ad 0C       		.uleb128 0xc
 522 01ae A3010000 		.4byte	.LASF27
 523 01b2 01       		.byte	0x1
 524 01b3 BD       		.byte	0xbd
 525 01b4 00000000 		.4byte	.LFB2
 526 01b8 28000000 		.4byte	.LFE2-.LFB2
 527 01bc 01       		.uleb128 0x1
 528 01bd 9C       		.byte	0x9c
 529 01be D5010000 		.4byte	0x1d5
 530 01c2 11       		.uleb128 0x11
 531 01c3 0C000000 		.4byte	.LVL4
 532 01c7 39010000 		.4byte	0x139
 533 01cb 11       		.uleb128 0x11
 534 01cc 16000000 		.4byte	.LVL5
 535 01d0 76010000 		.4byte	0x176
 536 01d4 00       		.byte	0
 537 01d5 0C       		.uleb128 0xc
 538 01d6 23000000 		.4byte	.LASF28
 539 01da 01       		.byte	0x1
 540 01db D9       		.byte	0xd9
 541 01dc 00000000 		.4byte	.LFB3
 542 01e0 B4000000 		.4byte	.LFE3-.LFB3
 543 01e4 01       		.uleb128 0x1
 544 01e5 9C       		.byte	0x9c
 545 01e6 2E020000 		.4byte	0x22e
 546 01ea 12       		.uleb128 0x12
 547 01eb 0E000000 		.4byte	.LBB2
 548 01ef 6A000000 		.4byte	.LBE2-.LBB2
 549 01f3 10       		.uleb128 0x10
 550 01f4 18010000 		.4byte	.LASF29
 551 01f8 01       		.byte	0x1
 552 01f9 E3       		.byte	0xe3
 553 01fa 6B000000 		.4byte	0x6b
 554 01fe 13000000 		.4byte	.LLST1
 555 0202 10       		.uleb128 0x10
 556 0203 46000000 		.4byte	.LASF30
 557 0207 01       		.byte	0x1
 558 0208 E4       		.byte	0xe4
 559 0209 76000000 		.4byte	0x76
 560 020d 26000000 		.4byte	.LLST2
 561 0211 11       		.uleb128 0x11
 562 0212 40000000 		.4byte	.LVL8
 563 0216 C8020000 		.4byte	0x2c8
 564 021a 11       		.uleb128 0x11
 565 021b 44000000 		.4byte	.LVL9
 566 021f AC020000 		.4byte	0x2ac
 567 0223 11       		.uleb128 0x11
 568 0224 5C000000 		.4byte	.LVL10
 569 0228 B7020000 		.4byte	0x2b7
 570 022c 00       		.byte	0
 571 022d 00       		.byte	0
 572 022e 13       		.uleb128 0x13
 573 022f F7000000 		.4byte	.LASF31
 574 0233 01       		.byte	0x1
ARM GAS  C:\Users\Nick\AppData\Local\Temp\cccWs7Gg.s 			page 16


 575 0234 18       		.byte	0x18
 576 0235 6B000000 		.4byte	0x6b
 577 0239 05       		.uleb128 0x5
 578 023a 03       		.byte	0x3
 579 023b 00000000 		.4byte	Camera_I2C_initVar
 580 023f 14       		.uleb128 0x14
 581 0240 70000000 		.4byte	.LASF32
 582 0244 04       		.byte	0x4
 583 0245 21       		.byte	0x21
 584 0246 2E010000 		.4byte	0x12e
 585 024a 13       		.uleb128 0x13
 586 024b B2000000 		.4byte	.LASF33
 587 024f 01       		.byte	0x1
 588 0250 1A       		.byte	0x1a
 589 0251 AD000000 		.4byte	0xad
 590 0255 05       		.uleb128 0x5
 591 0256 03       		.byte	0x3
 592 0257 00000000 		.4byte	Camera_I2C_state
 593 025b 14       		.uleb128 0x14
 594 025c DA000000 		.4byte	.LASF34
 595 0260 04       		.byte	0x4
 596 0261 27       		.byte	0x27
 597 0262 AD000000 		.4byte	0xad
 598 0266 14       		.uleb128 0x14
 599 0267 CA020000 		.4byte	.LASF35
 600 026b 04       		.byte	0x4
 601 026c 2D       		.byte	0x2d
 602 026d AD000000 		.4byte	0xad
 603 0271 14       		.uleb128 0x14
 604 0272 2E010000 		.4byte	.LASF36
 605 0276 04       		.byte	0x4
 606 0277 32       		.byte	0x32
 607 0278 AD000000 		.4byte	0xad
 608 027c 15       		.uleb128 0x15
 609 027d 5E010000 		.4byte	.LASF37
 610 0281 05       		.byte	0x5
 611 0282 8C       		.byte	0x8c
 612 0283 92020000 		.4byte	0x292
 613 0287 16       		.uleb128 0x16
 614 0288 6B000000 		.4byte	0x6b
 615 028c 16       		.uleb128 0x16
 616 028d 6B000000 		.4byte	0x6b
 617 0291 00       		.byte	0
 618 0292 17       		.uleb128 0x17
 619 0293 14000000 		.4byte	.LASF42
 620 0297 05       		.byte	0x5
 621 0298 89       		.byte	0x89
 622 0299 C3000000 		.4byte	0xc3
 623 029d AC020000 		.4byte	0x2ac
 624 02a1 16       		.uleb128 0x16
 625 02a2 6B000000 		.4byte	0x6b
 626 02a6 16       		.uleb128 0x16
 627 02a7 C3000000 		.4byte	0xc3
 628 02ab 00       		.byte	0
 629 02ac 18       		.uleb128 0x18
 630 02ad 7F010000 		.4byte	.LASF43
 631 02b1 05       		.byte	0x5
ARM GAS  C:\Users\Nick\AppData\Local\Temp\cccWs7Gg.s 			page 17


 632 02b2 7E       		.byte	0x7e
 633 02b3 6B000000 		.4byte	0x6b
 634 02b7 15       		.uleb128 0x15
 635 02b8 48010000 		.4byte	.LASF38
 636 02bc 05       		.byte	0x5
 637 02bd 7F       		.byte	0x7f
 638 02be C8020000 		.4byte	0x2c8
 639 02c2 16       		.uleb128 0x16
 640 02c3 6B000000 		.4byte	0x6b
 641 02c7 00       		.byte	0
 642 02c8 19       		.uleb128 0x19
 643 02c9 00000000 		.4byte	.LASF44
 644 02cd 05       		.byte	0x5
 645 02ce 7A       		.byte	0x7a
 646 02cf 16       		.uleb128 0x16
 647 02d0 81000000 		.4byte	0x81
 648 02d4 00       		.byte	0
 649 02d5 00       		.byte	0
 650              		.section	.debug_abbrev,"",%progbits
 651              	.Ldebug_abbrev0:
 652 0000 01       		.uleb128 0x1
 653 0001 11       		.uleb128 0x11
 654 0002 01       		.byte	0x1
 655 0003 25       		.uleb128 0x25
 656 0004 0E       		.uleb128 0xe
 657 0005 13       		.uleb128 0x13
 658 0006 0B       		.uleb128 0xb
 659 0007 03       		.uleb128 0x3
 660 0008 0E       		.uleb128 0xe
 661 0009 1B       		.uleb128 0x1b
 662 000a 0E       		.uleb128 0xe
 663 000b 55       		.uleb128 0x55
 664 000c 17       		.uleb128 0x17
 665 000d 11       		.uleb128 0x11
 666 000e 01       		.uleb128 0x1
 667 000f 10       		.uleb128 0x10
 668 0010 17       		.uleb128 0x17
 669 0011 00       		.byte	0
 670 0012 00       		.byte	0
 671 0013 02       		.uleb128 0x2
 672 0014 24       		.uleb128 0x24
 673 0015 00       		.byte	0
 674 0016 0B       		.uleb128 0xb
 675 0017 0B       		.uleb128 0xb
 676 0018 3E       		.uleb128 0x3e
 677 0019 0B       		.uleb128 0xb
 678 001a 03       		.uleb128 0x3
 679 001b 0E       		.uleb128 0xe
 680 001c 00       		.byte	0
 681 001d 00       		.byte	0
 682 001e 03       		.uleb128 0x3
 683 001f 24       		.uleb128 0x24
 684 0020 00       		.byte	0
 685 0021 0B       		.uleb128 0xb
 686 0022 0B       		.uleb128 0xb
 687 0023 3E       		.uleb128 0x3e
 688 0024 0B       		.uleb128 0xb
ARM GAS  C:\Users\Nick\AppData\Local\Temp\cccWs7Gg.s 			page 18


 689 0025 03       		.uleb128 0x3
 690 0026 08       		.uleb128 0x8
 691 0027 00       		.byte	0
 692 0028 00       		.byte	0
 693 0029 04       		.uleb128 0x4
 694 002a 16       		.uleb128 0x16
 695 002b 00       		.byte	0
 696 002c 03       		.uleb128 0x3
 697 002d 0E       		.uleb128 0xe
 698 002e 3A       		.uleb128 0x3a
 699 002f 0B       		.uleb128 0xb
 700 0030 3B       		.uleb128 0x3b
 701 0031 0B       		.uleb128 0xb
 702 0032 49       		.uleb128 0x49
 703 0033 13       		.uleb128 0x13
 704 0034 00       		.byte	0
 705 0035 00       		.byte	0
 706 0036 05       		.uleb128 0x5
 707 0037 16       		.uleb128 0x16
 708 0038 00       		.byte	0
 709 0039 03       		.uleb128 0x3
 710 003a 0E       		.uleb128 0xe
 711 003b 3A       		.uleb128 0x3a
 712 003c 0B       		.uleb128 0xb
 713 003d 3B       		.uleb128 0x3b
 714 003e 05       		.uleb128 0x5
 715 003f 49       		.uleb128 0x49
 716 0040 13       		.uleb128 0x13
 717 0041 00       		.byte	0
 718 0042 00       		.byte	0
 719 0043 06       		.uleb128 0x6
 720 0044 35       		.uleb128 0x35
 721 0045 00       		.byte	0
 722 0046 49       		.uleb128 0x49
 723 0047 13       		.uleb128 0x13
 724 0048 00       		.byte	0
 725 0049 00       		.byte	0
 726 004a 07       		.uleb128 0x7
 727 004b 0F       		.uleb128 0xf
 728 004c 00       		.byte	0
 729 004d 0B       		.uleb128 0xb
 730 004e 0B       		.uleb128 0xb
 731 004f 49       		.uleb128 0x49
 732 0050 13       		.uleb128 0x13
 733 0051 00       		.byte	0
 734 0052 00       		.byte	0
 735 0053 08       		.uleb128 0x8
 736 0054 15       		.uleb128 0x15
 737 0055 00       		.byte	0
 738 0056 27       		.uleb128 0x27
 739 0057 19       		.uleb128 0x19
 740 0058 00       		.byte	0
 741 0059 00       		.byte	0
 742 005a 09       		.uleb128 0x9
 743 005b 13       		.uleb128 0x13
 744 005c 01       		.byte	0x1
 745 005d 0B       		.uleb128 0xb
ARM GAS  C:\Users\Nick\AppData\Local\Temp\cccWs7Gg.s 			page 19


 746 005e 0B       		.uleb128 0xb
 747 005f 3A       		.uleb128 0x3a
 748 0060 0B       		.uleb128 0xb
 749 0061 3B       		.uleb128 0x3b
 750 0062 0B       		.uleb128 0xb
 751 0063 01       		.uleb128 0x1
 752 0064 13       		.uleb128 0x13
 753 0065 00       		.byte	0
 754 0066 00       		.byte	0
 755 0067 0A       		.uleb128 0xa
 756 0068 0D       		.uleb128 0xd
 757 0069 00       		.byte	0
 758 006a 03       		.uleb128 0x3
 759 006b 0E       		.uleb128 0xe
 760 006c 3A       		.uleb128 0x3a
 761 006d 0B       		.uleb128 0xb
 762 006e 3B       		.uleb128 0x3b
 763 006f 0B       		.uleb128 0xb
 764 0070 49       		.uleb128 0x49
 765 0071 13       		.uleb128 0x13
 766 0072 38       		.uleb128 0x38
 767 0073 0B       		.uleb128 0xb
 768 0074 00       		.byte	0
 769 0075 00       		.byte	0
 770 0076 0B       		.uleb128 0xb
 771 0077 0D       		.uleb128 0xd
 772 0078 00       		.byte	0
 773 0079 03       		.uleb128 0x3
 774 007a 08       		.uleb128 0x8
 775 007b 3A       		.uleb128 0x3a
 776 007c 0B       		.uleb128 0xb
 777 007d 3B       		.uleb128 0x3b
 778 007e 0B       		.uleb128 0xb
 779 007f 49       		.uleb128 0x49
 780 0080 13       		.uleb128 0x13
 781 0081 38       		.uleb128 0x38
 782 0082 0B       		.uleb128 0xb
 783 0083 00       		.byte	0
 784 0084 00       		.byte	0
 785 0085 0C       		.uleb128 0xc
 786 0086 2E       		.uleb128 0x2e
 787 0087 01       		.byte	0x1
 788 0088 3F       		.uleb128 0x3f
 789 0089 19       		.uleb128 0x19
 790 008a 03       		.uleb128 0x3
 791 008b 0E       		.uleb128 0xe
 792 008c 3A       		.uleb128 0x3a
 793 008d 0B       		.uleb128 0xb
 794 008e 3B       		.uleb128 0x3b
 795 008f 0B       		.uleb128 0xb
 796 0090 27       		.uleb128 0x27
 797 0091 19       		.uleb128 0x19
 798 0092 11       		.uleb128 0x11
 799 0093 01       		.uleb128 0x1
 800 0094 12       		.uleb128 0x12
 801 0095 06       		.uleb128 0x6
 802 0096 40       		.uleb128 0x40
ARM GAS  C:\Users\Nick\AppData\Local\Temp\cccWs7Gg.s 			page 20


 803 0097 18       		.uleb128 0x18
 804 0098 9742     		.uleb128 0x2117
 805 009a 19       		.uleb128 0x19
 806 009b 01       		.uleb128 0x1
 807 009c 13       		.uleb128 0x13
 808 009d 00       		.byte	0
 809 009e 00       		.byte	0
 810 009f 0D       		.uleb128 0xd
 811 00a0 898201   		.uleb128 0x4109
 812 00a3 01       		.byte	0x1
 813 00a4 11       		.uleb128 0x11
 814 00a5 01       		.uleb128 0x1
 815 00a6 31       		.uleb128 0x31
 816 00a7 13       		.uleb128 0x13
 817 00a8 01       		.uleb128 0x1
 818 00a9 13       		.uleb128 0x13
 819 00aa 00       		.byte	0
 820 00ab 00       		.byte	0
 821 00ac 0E       		.uleb128 0xe
 822 00ad 8A8201   		.uleb128 0x410a
 823 00b0 00       		.byte	0
 824 00b1 02       		.uleb128 0x2
 825 00b2 18       		.uleb128 0x18
 826 00b3 9142     		.uleb128 0x2111
 827 00b5 18       		.uleb128 0x18
 828 00b6 00       		.byte	0
 829 00b7 00       		.byte	0
 830 00b8 0F       		.uleb128 0xf
 831 00b9 898201   		.uleb128 0x4109
 832 00bc 01       		.byte	0x1
 833 00bd 11       		.uleb128 0x11
 834 00be 01       		.uleb128 0x1
 835 00bf 31       		.uleb128 0x31
 836 00c0 13       		.uleb128 0x13
 837 00c1 00       		.byte	0
 838 00c2 00       		.byte	0
 839 00c3 10       		.uleb128 0x10
 840 00c4 34       		.uleb128 0x34
 841 00c5 00       		.byte	0
 842 00c6 03       		.uleb128 0x3
 843 00c7 0E       		.uleb128 0xe
 844 00c8 3A       		.uleb128 0x3a
 845 00c9 0B       		.uleb128 0xb
 846 00ca 3B       		.uleb128 0x3b
 847 00cb 0B       		.uleb128 0xb
 848 00cc 49       		.uleb128 0x49
 849 00cd 13       		.uleb128 0x13
 850 00ce 02       		.uleb128 0x2
 851 00cf 17       		.uleb128 0x17
 852 00d0 00       		.byte	0
 853 00d1 00       		.byte	0
 854 00d2 11       		.uleb128 0x11
 855 00d3 898201   		.uleb128 0x4109
 856 00d6 00       		.byte	0
 857 00d7 11       		.uleb128 0x11
 858 00d8 01       		.uleb128 0x1
 859 00d9 31       		.uleb128 0x31
ARM GAS  C:\Users\Nick\AppData\Local\Temp\cccWs7Gg.s 			page 21


 860 00da 13       		.uleb128 0x13
 861 00db 00       		.byte	0
 862 00dc 00       		.byte	0
 863 00dd 12       		.uleb128 0x12
 864 00de 0B       		.uleb128 0xb
 865 00df 01       		.byte	0x1
 866 00e0 11       		.uleb128 0x11
 867 00e1 01       		.uleb128 0x1
 868 00e2 12       		.uleb128 0x12
 869 00e3 06       		.uleb128 0x6
 870 00e4 00       		.byte	0
 871 00e5 00       		.byte	0
 872 00e6 13       		.uleb128 0x13
 873 00e7 34       		.uleb128 0x34
 874 00e8 00       		.byte	0
 875 00e9 03       		.uleb128 0x3
 876 00ea 0E       		.uleb128 0xe
 877 00eb 3A       		.uleb128 0x3a
 878 00ec 0B       		.uleb128 0xb
 879 00ed 3B       		.uleb128 0x3b
 880 00ee 0B       		.uleb128 0xb
 881 00ef 49       		.uleb128 0x49
 882 00f0 13       		.uleb128 0x13
 883 00f1 3F       		.uleb128 0x3f
 884 00f2 19       		.uleb128 0x19
 885 00f3 02       		.uleb128 0x2
 886 00f4 18       		.uleb128 0x18
 887 00f5 00       		.byte	0
 888 00f6 00       		.byte	0
 889 00f7 14       		.uleb128 0x14
 890 00f8 34       		.uleb128 0x34
 891 00f9 00       		.byte	0
 892 00fa 03       		.uleb128 0x3
 893 00fb 0E       		.uleb128 0xe
 894 00fc 3A       		.uleb128 0x3a
 895 00fd 0B       		.uleb128 0xb
 896 00fe 3B       		.uleb128 0x3b
 897 00ff 0B       		.uleb128 0xb
 898 0100 49       		.uleb128 0x49
 899 0101 13       		.uleb128 0x13
 900 0102 3F       		.uleb128 0x3f
 901 0103 19       		.uleb128 0x19
 902 0104 3C       		.uleb128 0x3c
 903 0105 19       		.uleb128 0x19
 904 0106 00       		.byte	0
 905 0107 00       		.byte	0
 906 0108 15       		.uleb128 0x15
 907 0109 2E       		.uleb128 0x2e
 908 010a 01       		.byte	0x1
 909 010b 3F       		.uleb128 0x3f
 910 010c 19       		.uleb128 0x19
 911 010d 03       		.uleb128 0x3
 912 010e 0E       		.uleb128 0xe
 913 010f 3A       		.uleb128 0x3a
 914 0110 0B       		.uleb128 0xb
 915 0111 3B       		.uleb128 0x3b
 916 0112 0B       		.uleb128 0xb
ARM GAS  C:\Users\Nick\AppData\Local\Temp\cccWs7Gg.s 			page 22


 917 0113 27       		.uleb128 0x27
 918 0114 19       		.uleb128 0x19
 919 0115 3C       		.uleb128 0x3c
 920 0116 19       		.uleb128 0x19
 921 0117 01       		.uleb128 0x1
 922 0118 13       		.uleb128 0x13
 923 0119 00       		.byte	0
 924 011a 00       		.byte	0
 925 011b 16       		.uleb128 0x16
 926 011c 05       		.uleb128 0x5
 927 011d 00       		.byte	0
 928 011e 49       		.uleb128 0x49
 929 011f 13       		.uleb128 0x13
 930 0120 00       		.byte	0
 931 0121 00       		.byte	0
 932 0122 17       		.uleb128 0x17
 933 0123 2E       		.uleb128 0x2e
 934 0124 01       		.byte	0x1
 935 0125 3F       		.uleb128 0x3f
 936 0126 19       		.uleb128 0x19
 937 0127 03       		.uleb128 0x3
 938 0128 0E       		.uleb128 0xe
 939 0129 3A       		.uleb128 0x3a
 940 012a 0B       		.uleb128 0xb
 941 012b 3B       		.uleb128 0x3b
 942 012c 0B       		.uleb128 0xb
 943 012d 27       		.uleb128 0x27
 944 012e 19       		.uleb128 0x19
 945 012f 49       		.uleb128 0x49
 946 0130 13       		.uleb128 0x13
 947 0131 3C       		.uleb128 0x3c
 948 0132 19       		.uleb128 0x19
 949 0133 01       		.uleb128 0x1
 950 0134 13       		.uleb128 0x13
 951 0135 00       		.byte	0
 952 0136 00       		.byte	0
 953 0137 18       		.uleb128 0x18
 954 0138 2E       		.uleb128 0x2e
 955 0139 00       		.byte	0
 956 013a 3F       		.uleb128 0x3f
 957 013b 19       		.uleb128 0x19
 958 013c 03       		.uleb128 0x3
 959 013d 0E       		.uleb128 0xe
 960 013e 3A       		.uleb128 0x3a
 961 013f 0B       		.uleb128 0xb
 962 0140 3B       		.uleb128 0x3b
 963 0141 0B       		.uleb128 0xb
 964 0142 27       		.uleb128 0x27
 965 0143 19       		.uleb128 0x19
 966 0144 49       		.uleb128 0x49
 967 0145 13       		.uleb128 0x13
 968 0146 3C       		.uleb128 0x3c
 969 0147 19       		.uleb128 0x19
 970 0148 00       		.byte	0
 971 0149 00       		.byte	0
 972 014a 19       		.uleb128 0x19
 973 014b 2E       		.uleb128 0x2e
ARM GAS  C:\Users\Nick\AppData\Local\Temp\cccWs7Gg.s 			page 23


 974 014c 01       		.byte	0x1
 975 014d 3F       		.uleb128 0x3f
 976 014e 19       		.uleb128 0x19
 977 014f 03       		.uleb128 0x3
 978 0150 0E       		.uleb128 0xe
 979 0151 3A       		.uleb128 0x3a
 980 0152 0B       		.uleb128 0xb
 981 0153 3B       		.uleb128 0x3b
 982 0154 0B       		.uleb128 0xb
 983 0155 27       		.uleb128 0x27
 984 0156 19       		.uleb128 0x19
 985 0157 3C       		.uleb128 0x3c
 986 0158 19       		.uleb128 0x19
 987 0159 00       		.byte	0
 988 015a 00       		.byte	0
 989 015b 00       		.byte	0
 990              		.section	.debug_loc,"",%progbits
 991              	.Ldebug_loc0:
 992              	.LLST0:
 993 0000 06000000 		.4byte	.LVL2
 994 0004 1D000000 		.4byte	.LVL3-1
 995 0008 0100     		.2byte	0x1
 996 000a 50       		.byte	0x50
 997 000b 00000000 		.4byte	0
 998 000f 00000000 		.4byte	0
 999              	.LLST1:
 1000 0013 44000000 		.4byte	.LVL9
 1001 0017 5B000000 		.4byte	.LVL10-1
 1002 001b 0100     		.2byte	0x1
 1003 001d 50       		.byte	0x50
 1004 001e 00000000 		.4byte	0
 1005 0022 00000000 		.4byte	0
 1006              	.LLST2:
 1007 0026 30000000 		.4byte	.LVL6
 1008 002a 3C000000 		.4byte	.LVL7
 1009 002e 0100     		.2byte	0x1
 1010 0030 50       		.byte	0x50
 1011 0031 00000000 		.4byte	0
 1012 0035 00000000 		.4byte	0
 1013              		.section	.debug_aranges,"",%progbits
 1014 0000 34000000 		.4byte	0x34
 1015 0004 0200     		.2byte	0x2
 1016 0006 00000000 		.4byte	.Ldebug_info0
 1017 000a 04       		.byte	0x4
 1018 000b 00       		.byte	0
 1019 000c 0000     		.2byte	0
 1020 000e 0000     		.2byte	0
 1021 0010 00000000 		.4byte	.LFB0
 1022 0014 68000000 		.4byte	.LFE0-.LFB0
 1023 0018 00000000 		.4byte	.LFB1
 1024 001c 24000000 		.4byte	.LFE1-.LFB1
 1025 0020 00000000 		.4byte	.LFB2
 1026 0024 28000000 		.4byte	.LFE2-.LFB2
 1027 0028 00000000 		.4byte	.LFB3
 1028 002c B4000000 		.4byte	.LFE3-.LFB3
 1029 0030 00000000 		.4byte	0
 1030 0034 00000000 		.4byte	0
ARM GAS  C:\Users\Nick\AppData\Local\Temp\cccWs7Gg.s 			page 24


 1031              		.section	.debug_ranges,"",%progbits
 1032              	.Ldebug_ranges0:
 1033 0000 00000000 		.4byte	.LFB0
 1034 0004 68000000 		.4byte	.LFE0
 1035 0008 00000000 		.4byte	.LFB1
 1036 000c 24000000 		.4byte	.LFE1
 1037 0010 00000000 		.4byte	.LFB2
 1038 0014 28000000 		.4byte	.LFE2
 1039 0018 00000000 		.4byte	.LFB3
 1040 001c B4000000 		.4byte	.LFE3
 1041 0020 00000000 		.4byte	0
 1042 0024 00000000 		.4byte	0
 1043              		.section	.debug_line,"",%progbits
 1044              	.Ldebug_line0:
 1045 0000 EC000000 		.section	.debug_str,"MS",%progbits,1
 1045      02007800 
 1045      00000201 
 1045      FB0E0D00 
 1045      01010101 
 1046              	.LASF44:
 1047 0000 43794465 		.ascii	"CyDelayCycles\000"
 1047      6C617943 
 1047      79636C65 
 1047      7300
 1048              	.LASF16:
 1049 000e 72656733 		.ascii	"reg32\000"
 1049      3200
 1050              	.LASF42:
 1051 0014 4379496E 		.ascii	"CyIntSetVector\000"
 1051      74536574 
 1051      56656374 
 1051      6F7200
 1052              	.LASF28:
 1053 0023 43616D65 		.ascii	"Camera_I2C_Stop\000"
 1053      72615F49 
 1053      32435F53 
 1053      746F7000 
 1054              	.LASF3:
 1055 0033 73686F72 		.ascii	"short unsigned int\000"
 1055      7420756E 
 1055      7369676E 
 1055      65642069 
 1055      6E7400
 1056              	.LASF30:
 1057 0046 626C6F63 		.ascii	"blockResetCycles\000"
 1057      6B526573 
 1057      65744379 
 1057      636C6573 
 1057      00
 1058              	.LASF24:
 1059 0057 43616D65 		.ascii	"Camera_I2C_BACKUP_STRUCT\000"
 1059      72615F49 
 1059      32435F42 
 1059      41434B55 
 1059      505F5354 
 1060              	.LASF32:
 1061 0070 43616D65 		.ascii	"Camera_I2C_backup\000"
ARM GAS  C:\Users\Nick\AppData\Local\Temp\cccWs7Gg.s 			page 25


 1061      72615F49 
 1061      32435F62 
 1061      61636B75 
 1061      7000
 1062              	.LASF12:
 1063 0082 666C6F61 		.ascii	"float\000"
 1063      7400
 1064              	.LASF7:
 1065 0088 6C6F6E67 		.ascii	"long long unsigned int\000"
 1065      206C6F6E 
 1065      6720756E 
 1065      7369676E 
 1065      65642069 
 1066              	.LASF1:
 1067 009f 756E7369 		.ascii	"unsigned char\000"
 1067      676E6564 
 1067      20636861 
 1067      7200
 1068              	.LASF15:
 1069 00ad 72656738 		.ascii	"reg8\000"
 1069      00
 1070              	.LASF33:
 1071 00b2 43616D65 		.ascii	"Camera_I2C_state\000"
 1071      72615F49 
 1071      32435F73 
 1071      74617465 
 1071      00
 1072              	.LASF5:
 1073 00c3 6C6F6E67 		.ascii	"long unsigned int\000"
 1073      20756E73 
 1073      69676E65 
 1073      6420696E 
 1073      7400
 1074              	.LASF21:
 1075 00d5 61646472 		.ascii	"addr\000"
 1075      00
 1076              	.LASF34:
 1077 00da 43616D65 		.ascii	"Camera_I2C_mstrStatus\000"
 1077      72615F49 
 1077      32435F6D 
 1077      73747253 
 1077      74617475 
 1078              	.LASF13:
 1079 00f0 646F7562 		.ascii	"double\000"
 1079      6C6500
 1080              	.LASF31:
 1081 00f7 43616D65 		.ascii	"Camera_I2C_initVar\000"
 1081      72615F49 
 1081      32435F69 
 1081      6E697456 
 1081      617200
 1082              	.LASF10:
 1083 010a 75696E74 		.ascii	"uint16\000"
 1083      313600
 1084              	.LASF11:
 1085 0111 75696E74 		.ascii	"uint32\000"
 1085      333200
ARM GAS  C:\Users\Nick\AppData\Local\Temp\cccWs7Gg.s 			page 26


 1086              	.LASF29:
 1087 0118 696E7453 		.ascii	"intState\000"
 1087      74617465 
 1087      00
 1088              	.LASF8:
 1089 0121 756E7369 		.ascii	"unsigned int\000"
 1089      676E6564 
 1089      20696E74 
 1089      00
 1090              	.LASF36:
 1091 012e 43616D65 		.ascii	"Camera_I2C_mstrWrBufIndex\000"
 1091      72615F49 
 1091      32435F6D 
 1091      73747257 
 1091      72427566 
 1092              	.LASF38:
 1093 0148 43794578 		.ascii	"CyExitCriticalSection\000"
 1093      69744372 
 1093      69746963 
 1093      616C5365 
 1093      6374696F 
 1094              	.LASF37:
 1095 015e 4379496E 		.ascii	"CyIntSetPriority\000"
 1095      74536574 
 1095      5072696F 
 1095      72697479 
 1095      00
 1096              	.LASF22:
 1097 016f 636C6B44 		.ascii	"clkDiv1\000"
 1097      69763100 
 1098              	.LASF23:
 1099 0177 636C6B44 		.ascii	"clkDiv2\000"
 1099      69763200 
 1100              	.LASF43:
 1101 017f 4379456E 		.ascii	"CyEnterCriticalSection\000"
 1101      74657243 
 1101      72697469 
 1101      63616C53 
 1101      65637469 
 1102              	.LASF17:
 1103 0196 63796973 		.ascii	"cyisraddress\000"
 1103      72616464 
 1103      72657373 
 1103      00
 1104              	.LASF27:
 1105 01a3 43616D65 		.ascii	"Camera_I2C_Start\000"
 1105      72615F49 
 1105      32435F53 
 1105      74617274 
 1105      00
 1106              	.LASF39:
 1107 01b4 474E5520 		.ascii	"GNU C 4.8.4 20140526 (release) [ARM/embedded-4_8-br"
 1107      4320342E 
 1107      382E3420 
 1107      32303134 
 1107      30353236 
 1108 01e7 616E6368 		.ascii	"anch revision 211358] -mcpu=cortex-m3 -mthumb -g -O"
ARM GAS  C:\Users\Nick\AppData\Local\Temp\cccWs7Gg.s 			page 27


 1108      20726576 
 1108      6973696F 
 1108      6E203231 
 1108      31333538 
 1109 021a 67202D66 		.ascii	"g -ffunction-sections\000"
 1109      66756E63 
 1109      74696F6E 
 1109      2D736563 
 1109      74696F6E 
 1110              	.LASF18:
 1111 0230 73697A65 		.ascii	"sizetype\000"
 1111      74797065 
 1111      00
 1112              	.LASF6:
 1113 0239 6C6F6E67 		.ascii	"long long int\000"
 1113      206C6F6E 
 1113      6720696E 
 1113      7400
 1114              	.LASF14:
 1115 0247 63686172 		.ascii	"char\000"
 1115      00
 1116              	.LASF20:
 1117 024c 78636667 		.ascii	"xcfg\000"
 1117      00
 1118              	.LASF2:
 1119 0251 73686F72 		.ascii	"short int\000"
 1119      7420696E 
 1119      7400
 1120              	.LASF9:
 1121 025b 75696E74 		.ascii	"uint8\000"
 1121      3800
 1122              	.LASF4:
 1123 0261 6C6F6E67 		.ascii	"long int\000"
 1123      20696E74 
 1123      00
 1124              	.LASF19:
 1125 026a 656E6162 		.ascii	"enableState\000"
 1125      6C655374 
 1125      61746500 
 1126              	.LASF26:
 1127 0276 43616D65 		.ascii	"Camera_I2C_Enable\000"
 1127      72615F49 
 1127      32435F45 
 1127      6E61626C 
 1127      6500
 1128              	.LASF25:
 1129 0288 43616D65 		.ascii	"Camera_I2C_Init\000"
 1129      72615F49 
 1129      32435F49 
 1129      6E697400 
 1130              	.LASF40:
 1131 0298 2E5C4765 		.ascii	".\\Generated_Source\\PSoC5\\Camera_I2C.c\000"
 1131      6E657261 
 1131      7465645F 
 1131      536F7572 
 1131      63655C50 
 1132              	.LASF0:
ARM GAS  C:\Users\Nick\AppData\Local\Temp\cccWs7Gg.s 			page 28


 1133 02be 7369676E 		.ascii	"signed char\000"
 1133      65642063 
 1133      68617200 
 1134              	.LASF35:
 1135 02ca 43616D65 		.ascii	"Camera_I2C_mstrRdBufIndex\000"
 1135      72615F49 
 1135      32435F6D 
 1135      73747252 
 1135      64427566 
 1136              	.LASF41:
 1137 02e4 433A5C55 		.ascii	"C:\\Users\\Nick\\Dropbox\\Uni Docs\\y4s2\\ECE3091 -"
 1137      73657273 
 1137      5C4E6963 
 1137      6B5C4472 
 1137      6F70626F 
 1138 0311 20456E67 		.ascii	" Engineering Design\\PSoc Creator\\eng_design_2015\\"
 1138      696E6565 
 1138      72696E67 
 1138      20446573 
 1138      69676E5C 
 1139 0342 45434533 		.ascii	"ECE3091-chickybot\\chickybot.cydsn\000"
 1139      3039312D 
 1139      63686963 
 1139      6B79626F 
 1139      745C6368 
 1140              		.ident	"GCC: (GNU Tools for ARM Embedded Processors) 4.8.4 20140526 (release) [ARM/embedded-4_8-br
