ARM GAS  C:\Users\Nick\AppData\Local\Temp\ccPdE7Fs.s 			page 1


   1              		.syntax unified
   2              		.cpu cortex-m3
   3              		.fpu softvfp
   4              		.eabi_attribute 20, 1
   5              		.eabi_attribute 21, 1
   6              		.eabi_attribute 23, 3
   7              		.eabi_attribute 24, 1
   8              		.eabi_attribute 25, 1
   9              		.eabi_attribute 26, 1
  10              		.eabi_attribute 30, 1
  11              		.eabi_attribute 34, 1
  12              		.eabi_attribute 18, 4
  13              		.thumb
  14              		.file	"Camera_settings.c"
  15              		.text
  16              	.Ltext0:
  17              		.cfi_sections	.debug_frame
  18              		.global	Camera_qcif
  19              		.global	Camera_cif
  20              		.global	Camera_qvga
  21              		.global	Camera_vga
  22              		.global	Camera_sxga
  23              		.global	Camera_format
  24              		.global	Camera_settings
  25              		.section	.rodata
  26              		.align	2
  27              		.type	Camera_qcif, %object
  28              		.size	Camera_qcif, 12
  29              	Camera_qcif:
  30 0000 08       		.byte	8
  31 0001 04       		.byte	4
  32 0002 80       		.byte	-128
  33 0003 28       		.byte	40
  34 0004 80       		.byte	-128
  35 0005 ED       		.byte	-19
  36 0006 00       		.byte	0
  37 0007 24       		.byte	36
  38 0008 36       		.byte	54
  39 0009 91       		.byte	-111
  40 000a 12       		.byte	18
  41 000b 43       		.byte	67
  42              		.type	Camera_cif, %object
  43              		.size	Camera_cif, 12
  44              	Camera_cif:
  45 000c 20       		.byte	32
  46 000d 04       		.byte	4
  47 000e 80       		.byte	-128
  48 000f 28       		.byte	40
  49 0010 80       		.byte	-128
  50 0011 ED       		.byte	-19
  51 0012 00       		.byte	0
  52 0013 24       		.byte	36
  53 0014 36       		.byte	54
  54 0015 91       		.byte	-111
  55 0016 12       		.byte	18
  56 0017 43       		.byte	67
  57              		.type	Camera_qvga, %object
ARM GAS  C:\Users\Nick\AppData\Local\Temp\ccPdE7Fs.s 			page 2


  58              		.size	Camera_qvga, 12
  59              	Camera_qvga:
  60 0018 10       		.byte	16
  61 0019 04       		.byte	4
  62 001a 80       		.byte	-128
  63 001b 26       		.byte	38
  64 001c C6       		.byte	-58
  65 001d ED       		.byte	-19
  66 001e 00       		.byte	0
  67 001f 1E       		.byte	30
  68 0020 36       		.byte	54
  69 0021 91       		.byte	-111
  70 0022 12       		.byte	18
  71 0023 43       		.byte	67
  72              		.type	Camera_vga, %object
  73              		.size	Camera_vga, 12
  74              	Camera_vga:
  75 0024 40       		.byte	64
  76 0025 04       		.byte	4
  77 0026 80       		.byte	-128
  78 0027 26       		.byte	38
  79 0028 C6       		.byte	-58
  80 0029 ED       		.byte	-19
  81 002a 01       		.byte	1
  82 002b 3D       		.byte	61
  83 002c 00       		.byte	0
  84 002d 91       		.byte	-111
  85 002e 12       		.byte	18
  86 002f 43       		.byte	67
  87              		.type	Camera_sxga, %object
  88              		.size	Camera_sxga, 12
  89              	Camera_sxga:
  90 0030 00       		.byte	0
  91 0031 00       		.byte	0
  92 0032 00       		.byte	0
  93 0033 1D       		.byte	29
  94 0034 BD       		.byte	-67
  95 0035 BF       		.byte	-65
  96 0036 01       		.byte	1
  97 0037 81       		.byte	-127
  98 0038 12       		.byte	18
  99 0039 81       		.byte	-127
 100 003a 93       		.byte	-109
 101 003b 51       		.byte	81
 102              		.type	Camera_format, %object
 103              		.size	Camera_format, 13
 104              	Camera_format:
 105 003c 12       		.byte	18
 106 003d 0C       		.byte	12
 107 003e 0D       		.byte	13
 108 003f 17       		.byte	23
 109 0040 18       		.byte	24
 110 0041 32       		.byte	50
 111 0042 19       		.byte	25
 112 0043 1A       		.byte	26
 113 0044 03       		.byte	3
 114 0045 37       		.byte	55
ARM GAS  C:\Users\Nick\AppData\Local\Temp\ccPdE7Fs.s 			page 3


 115 0046 38       		.byte	56
 116 0047 39       		.byte	57
 117 0048 FF       		.byte	-1
 118 0049 000000   		.space	3
 119              		.type	Camera_settings, %object
 120              		.size	Camera_settings, 108
 121              	Camera_settings:
 122 004c 09       		.byte	9
 123 004d 10       		.byte	16
 124 004e 0E       		.byte	14
 125 004f 00       		.byte	0
 126 0050 09       		.byte	9
 127 0051 01       		.byte	1
 128 0052 15       		.byte	21
 129 0053 00       		.byte	0
 130 0054 3F       		.byte	63
 131 0055 A6       		.byte	-90
 132 0056 41       		.byte	65
 133 0057 00       		.byte	0
 134 0058 42       		.byte	66
 135 0059 08       		.byte	8
 136 005a 16       		.byte	22
 137 005b 06       		.byte	6
 138 005c 33       		.byte	51
 139 005d C0       		.byte	-64
 140 005e 34       		.byte	52
 141 005f BF       		.byte	-65
 142 0060 A8       		.byte	-88
 143 0061 80       		.byte	-128
 144 0062 96       		.byte	-106
 145 0063 04       		.byte	4
 146 0064 8E       		.byte	-114
 147 0065 00       		.byte	0
 148 0066 3C       		.byte	60
 149 0067 77       		.byte	119
 150 0068 8B       		.byte	-117
 151 0069 06       		.byte	6
 152 006a 35       		.byte	53
 153 006b 91       		.byte	-111
 154 006c 94       		.byte	-108
 155 006d 88       		.byte	-120
 156 006e 95       		.byte	-107
 157 006f 88       		.byte	-120
 158 0070 40       		.byte	64
 159 0071 C1       		.byte	-63
 160 0072 29       		.byte	41
 161 0073 2F       		.byte	47
 162 0074 0F       		.byte	15
 163 0075 43       		.byte	67
 164 0076 13       		.byte	19
 165 0077 E0       		.byte	-32
 166 0078 3D       		.byte	61
 167 0079 50       		.byte	80
 168 007a 69       		.byte	105
 169 007b 80       		.byte	-128
 170 007c 5C       		.byte	92
 171 007d 96       		.byte	-106
ARM GAS  C:\Users\Nick\AppData\Local\Temp\ccPdE7Fs.s 			page 4


 172 007e 5D       		.byte	93
 173 007f 96       		.byte	-106
 174 0080 5E       		.byte	94
 175 0081 10       		.byte	16
 176 0082 59       		.byte	89
 177 0083 EB       		.byte	-21
 178 0084 5A       		.byte	90
 179 0085 9C       		.byte	-100
 180 0086 5B       		.byte	91
 181 0087 55       		.byte	85
 182 0088 43       		.byte	67
 183 0089 F0       		.byte	-16
 184 008a 44       		.byte	68
 185 008b 10       		.byte	16
 186 008c 45       		.byte	69
 187 008d 55       		.byte	85
 188 008e 46       		.byte	70
 189 008f 86       		.byte	-122
 190 0090 47       		.byte	71
 191 0091 64       		.byte	100
 192 0092 48       		.byte	72
 193 0093 86       		.byte	-122
 194 0094 5F       		.byte	95
 195 0095 E0       		.byte	-32
 196 0096 60       		.byte	96
 197 0097 8C       		.byte	-116
 198 0098 61       		.byte	97
 199 0099 20       		.byte	32
 200 009a A5       		.byte	-91
 201 009b D9       		.byte	-39
 202 009c A4       		.byte	-92
 203 009d 74       		.byte	116
 204 009e 8D       		.byte	-115
 205 009f 02       		.byte	2
 206 00a0 13       		.byte	19
 207 00a1 E7       		.byte	-25
 208 00a2 8C       		.byte	-116
 209 00a3 23       		.byte	35
 210 00a4 A9       		.byte	-87
 211 00a5 B8       		.byte	-72
 212 00a6 AA       		.byte	-86
 213 00a7 92       		.byte	-110
 214 00a8 AB       		.byte	-85
 215 00a9 0A       		.byte	10
 216 00aa 8F       		.byte	-113
 217 00ab DF       		.byte	-33
 218 00ac 90       		.byte	-112
 219 00ad 00       		.byte	0
 220 00ae 91       		.byte	-111
 221 00af 00       		.byte	0
 222 00b0 9F       		.byte	-97
 223 00b1 00       		.byte	0
 224 00b2 A0       		.byte	-96
 225 00b3 00       		.byte	0
 226 00b4 14       		.byte	20
 227 00b5 3A       		.byte	58
 228 00b6 FF       		.byte	-1
ARM GAS  C:\Users\Nick\AppData\Local\Temp\ccPdE7Fs.s 			page 5


 229 00b7 FF       		.byte	-1
 230              		.text
 231              	.Letext0:
 232              		.file 1 ".\\Generated_Source\\PSoC5\\Camera_settings.c"
 233              		.section	.debug_info,"",%progbits
 234              	.Ldebug_info0:
 235 0000 F8000000 		.4byte	0xf8
 236 0004 0400     		.2byte	0x4
 237 0006 00000000 		.4byte	.Ldebug_abbrev0
 238 000a 04       		.byte	0x4
 239 000b 01       		.uleb128 0x1
 240 000c 0F010000 		.4byte	.LASF9
 241 0010 01       		.byte	0x1
 242 0011 E4000000 		.4byte	.LASF10
 243 0015 27000000 		.4byte	.LASF11
 244 0019 00000000 		.4byte	.Ldebug_line0
 245 001d 02       		.uleb128 0x2
 246 001e 3A000000 		.4byte	0x3a
 247 0022 33000000 		.4byte	0x33
 248 0026 03       		.uleb128 0x3
 249 0027 33000000 		.4byte	0x33
 250 002b 35       		.byte	0x35
 251 002c 03       		.uleb128 0x3
 252 002d 33000000 		.4byte	0x33
 253 0031 01       		.byte	0x1
 254 0032 00       		.byte	0
 255 0033 04       		.uleb128 0x4
 256 0034 04       		.byte	0x4
 257 0035 07       		.byte	0x7
 258 0036 DB000000 		.4byte	.LASF0
 259 003a 04       		.uleb128 0x4
 260 003b 01       		.byte	0x1
 261 003c 08       		.byte	0x8
 262 003d CD000000 		.4byte	.LASF1
 263 0041 05       		.uleb128 0x5
 264 0042 0C000000 		.4byte	.LASF2
 265 0046 01       		.byte	0x1
 266 0047 98       		.byte	0x98
 267 0048 52000000 		.4byte	0x52
 268 004c 05       		.uleb128 0x5
 269 004d 03       		.byte	0x3
 270 004e 00000000 		.4byte	Camera_settings
 271 0052 06       		.uleb128 0x6
 272 0053 1D000000 		.4byte	0x1d
 273 0057 02       		.uleb128 0x2
 274 0058 3A000000 		.4byte	0x3a
 275 005c 67000000 		.4byte	0x67
 276 0060 03       		.uleb128 0x3
 277 0061 33000000 		.4byte	0x33
 278 0065 0C       		.byte	0xc
 279 0066 00       		.byte	0
 280 0067 05       		.uleb128 0x5
 281 0068 BF000000 		.4byte	.LASF3
 282 006c 01       		.byte	0x1
 283 006d D1       		.byte	0xd1
 284 006e 78000000 		.4byte	0x78
 285 0072 05       		.uleb128 0x5
ARM GAS  C:\Users\Nick\AppData\Local\Temp\ccPdE7Fs.s 			page 6


 286 0073 03       		.byte	0x3
 287 0074 00000000 		.4byte	Camera_format
 288 0078 06       		.uleb128 0x6
 289 0079 57000000 		.4byte	0x57
 290 007d 02       		.uleb128 0x2
 291 007e 3A000000 		.4byte	0x3a
 292 0082 8D000000 		.4byte	0x8d
 293 0086 03       		.uleb128 0x3
 294 0087 33000000 		.4byte	0x33
 295 008b 0B       		.byte	0xb
 296 008c 00       		.byte	0
 297 008d 05       		.uleb128 0x5
 298 008e 00000000 		.4byte	.LASF4
 299 0092 01       		.byte	0x1
 300 0093 D6       		.byte	0xd6
 301 0094 9E000000 		.4byte	0x9e
 302 0098 05       		.uleb128 0x5
 303 0099 03       		.byte	0x3
 304 009a 00000000 		.4byte	Camera_sxga
 305 009e 06       		.uleb128 0x6
 306 009f 7D000000 		.4byte	0x7d
 307 00a3 05       		.uleb128 0x5
 308 00a4 8B010000 		.4byte	.LASF5
 309 00a8 01       		.byte	0x1
 310 00a9 DB       		.byte	0xdb
 311 00aa B4000000 		.4byte	0xb4
 312 00ae 05       		.uleb128 0x5
 313 00af 03       		.byte	0x3
 314 00b0 00000000 		.4byte	Camera_vga
 315 00b4 06       		.uleb128 0x6
 316 00b5 7D000000 		.4byte	0x7d
 317 00b9 05       		.uleb128 0x5
 318 00ba B3000000 		.4byte	.LASF6
 319 00be 01       		.byte	0x1
 320 00bf E0       		.byte	0xe0
 321 00c0 CA000000 		.4byte	0xca
 322 00c4 05       		.uleb128 0x5
 323 00c5 03       		.byte	0x3
 324 00c6 00000000 		.4byte	Camera_qvga
 325 00ca 06       		.uleb128 0x6
 326 00cb 7D000000 		.4byte	0x7d
 327 00cf 05       		.uleb128 0x5
 328 00d0 1C000000 		.4byte	.LASF7
 329 00d4 01       		.byte	0x1
 330 00d5 E5       		.byte	0xe5
 331 00d6 E0000000 		.4byte	0xe0
 332 00da 05       		.uleb128 0x5
 333 00db 03       		.byte	0x3
 334 00dc 00000000 		.4byte	Camera_cif
 335 00e0 06       		.uleb128 0x6
 336 00e1 7D000000 		.4byte	0x7d
 337 00e5 05       		.uleb128 0x5
 338 00e6 A7000000 		.4byte	.LASF8
 339 00ea 01       		.byte	0x1
 340 00eb EA       		.byte	0xea
 341 00ec F6000000 		.4byte	0xf6
 342 00f0 05       		.uleb128 0x5
ARM GAS  C:\Users\Nick\AppData\Local\Temp\ccPdE7Fs.s 			page 7


 343 00f1 03       		.byte	0x3
 344 00f2 00000000 		.4byte	Camera_qcif
 345 00f6 06       		.uleb128 0x6
 346 00f7 7D000000 		.4byte	0x7d
 347 00fb 00       		.byte	0
 348              		.section	.debug_abbrev,"",%progbits
 349              	.Ldebug_abbrev0:
 350 0000 01       		.uleb128 0x1
 351 0001 11       		.uleb128 0x11
 352 0002 01       		.byte	0x1
 353 0003 25       		.uleb128 0x25
 354 0004 0E       		.uleb128 0xe
 355 0005 13       		.uleb128 0x13
 356 0006 0B       		.uleb128 0xb
 357 0007 03       		.uleb128 0x3
 358 0008 0E       		.uleb128 0xe
 359 0009 1B       		.uleb128 0x1b
 360 000a 0E       		.uleb128 0xe
 361 000b 10       		.uleb128 0x10
 362 000c 17       		.uleb128 0x17
 363 000d 00       		.byte	0
 364 000e 00       		.byte	0
 365 000f 02       		.uleb128 0x2
 366 0010 01       		.uleb128 0x1
 367 0011 01       		.byte	0x1
 368 0012 49       		.uleb128 0x49
 369 0013 13       		.uleb128 0x13
 370 0014 01       		.uleb128 0x1
 371 0015 13       		.uleb128 0x13
 372 0016 00       		.byte	0
 373 0017 00       		.byte	0
 374 0018 03       		.uleb128 0x3
 375 0019 21       		.uleb128 0x21
 376 001a 00       		.byte	0
 377 001b 49       		.uleb128 0x49
 378 001c 13       		.uleb128 0x13
 379 001d 2F       		.uleb128 0x2f
 380 001e 0B       		.uleb128 0xb
 381 001f 00       		.byte	0
 382 0020 00       		.byte	0
 383 0021 04       		.uleb128 0x4
 384 0022 24       		.uleb128 0x24
 385 0023 00       		.byte	0
 386 0024 0B       		.uleb128 0xb
 387 0025 0B       		.uleb128 0xb
 388 0026 3E       		.uleb128 0x3e
 389 0027 0B       		.uleb128 0xb
 390 0028 03       		.uleb128 0x3
 391 0029 0E       		.uleb128 0xe
 392 002a 00       		.byte	0
 393 002b 00       		.byte	0
 394 002c 05       		.uleb128 0x5
 395 002d 34       		.uleb128 0x34
 396 002e 00       		.byte	0
 397 002f 03       		.uleb128 0x3
 398 0030 0E       		.uleb128 0xe
 399 0031 3A       		.uleb128 0x3a
ARM GAS  C:\Users\Nick\AppData\Local\Temp\ccPdE7Fs.s 			page 8


 400 0032 0B       		.uleb128 0xb
 401 0033 3B       		.uleb128 0x3b
 402 0034 0B       		.uleb128 0xb
 403 0035 49       		.uleb128 0x49
 404 0036 13       		.uleb128 0x13
 405 0037 3F       		.uleb128 0x3f
 406 0038 19       		.uleb128 0x19
 407 0039 02       		.uleb128 0x2
 408 003a 18       		.uleb128 0x18
 409 003b 00       		.byte	0
 410 003c 00       		.byte	0
 411 003d 06       		.uleb128 0x6
 412 003e 26       		.uleb128 0x26
 413 003f 00       		.byte	0
 414 0040 49       		.uleb128 0x49
 415 0041 13       		.uleb128 0x13
 416 0042 00       		.byte	0
 417 0043 00       		.byte	0
 418 0044 00       		.byte	0
 419              		.section	.debug_aranges,"",%progbits
 420 0000 14000000 		.4byte	0x14
 421 0004 0200     		.2byte	0x2
 422 0006 00000000 		.4byte	.Ldebug_info0
 423 000a 04       		.byte	0x4
 424 000b 00       		.byte	0
 425 000c 0000     		.2byte	0
 426 000e 0000     		.2byte	0
 427 0010 00000000 		.4byte	0
 428 0014 00000000 		.4byte	0
 429              		.section	.debug_line,"",%progbits
 430              	.Ldebug_line0:
 431 0000 47000000 		.section	.debug_str,"MS",%progbits,1
 431      02004100 
 431      00000201 
 431      FB0E0D00 
 431      01010101 
 432              	.LASF4:
 433 0000 43616D65 		.ascii	"Camera_sxga\000"
 433      72615F73 
 433      78676100 
 434              	.LASF2:
 435 000c 43616D65 		.ascii	"Camera_settings\000"
 435      72615F73 
 435      65747469 
 435      6E677300 
 436              	.LASF7:
 437 001c 43616D65 		.ascii	"Camera_cif\000"
 437      72615F63 
 437      696600
 438              	.LASF11:
 439 0027 433A5C55 		.ascii	"C:\\Users\\Nick\\Dropbox\\Uni Docs\\y4s2\\ECE3091 -"
 439      73657273 
 439      5C4E6963 
 439      6B5C4472 
 439      6F70626F 
 440 0054 20456E67 		.ascii	" Engineering Design\\PSoc Creator\\eng_design_2015\\"
 440      696E6565 
ARM GAS  C:\Users\Nick\AppData\Local\Temp\ccPdE7Fs.s 			page 9


 440      72696E67 
 440      20446573 
 440      69676E5C 
 441 0085 45434533 		.ascii	"ECE3091-chickybot\\chickybot.cydsn\000"
 441      3039312D 
 441      63686963 
 441      6B79626F 
 441      745C6368 
 442              	.LASF8:
 443 00a7 43616D65 		.ascii	"Camera_qcif\000"
 443      72615F71 
 443      63696600 
 444              	.LASF6:
 445 00b3 43616D65 		.ascii	"Camera_qvga\000"
 445      72615F71 
 445      76676100 
 446              	.LASF3:
 447 00bf 43616D65 		.ascii	"Camera_format\000"
 447      72615F66 
 447      6F726D61 
 447      7400
 448              	.LASF1:
 449 00cd 756E7369 		.ascii	"unsigned char\000"
 449      676E6564 
 449      20636861 
 449      7200
 450              	.LASF0:
 451 00db 73697A65 		.ascii	"sizetype\000"
 451      74797065 
 451      00
 452              	.LASF10:
 453 00e4 2E5C4765 		.ascii	".\\Generated_Source\\PSoC5\\Camera_settings.c\000"
 453      6E657261 
 453      7465645F 
 453      536F7572 
 453      63655C50 
 454              	.LASF9:
 455 010f 474E5520 		.ascii	"GNU C 4.8.4 20140526 (release) [ARM/embedded-4_8-br"
 455      4320342E 
 455      382E3420 
 455      32303134 
 455      30353236 
 456 0142 616E6368 		.ascii	"anch revision 211358] -mcpu=cortex-m3 -mthumb -g -O"
 456      20726576 
 456      6973696F 
 456      6E203231 
 456      31333538 
 457 0175 67202D66 		.ascii	"g -ffunction-sections\000"
 457      66756E63 
 457      74696F6E 
 457      2D736563 
 457      74696F6E 
 458              	.LASF5:
 459 018b 43616D65 		.ascii	"Camera_vga\000"
 459      72615F76 
 459      676100
 460              		.ident	"GCC: (GNU Tools for ARM Embedded Processors) 4.8.4 20140526 (release) [ARM/embedded-4_8-br
ARM GAS  C:\Users\Nick\AppData\Local\Temp\ccPdE7Fs.s 			page 10


