--------------- Clean Started: 09/16/2015 20:36:10 Project: chickybot, Configuration: ARM GCC 4.8.4 Debug ---------------
Deleting file ".\CortexM3\ARM_GCC_484\Debug\main.o"
Deleting file ".\CortexM3\ARM_GCC_484\Debug\cv.o"
Deleting file ".\CortexM3\ARM_GCC_484\Debug\sensors.o"
Deleting file ".\CortexM3\ARM_GCC_484\Debug\cyfitter_cfg.o"
Deleting file ".\CortexM3\ARM_GCC_484\Debug\cymetadata.o"
Deleting file ".\CortexM3\ARM_GCC_484\Debug\Cm3Start.o"
Deleting file ".\CortexM3\ARM_GCC_484\Debug\CyBootAsmGnu.o"
Deleting file ".\CortexM3\ARM_GCC_484\Debug\CyDmac.o"
Deleting file ".\CortexM3\ARM_GCC_484\Debug\CyFlash.o"
Deleting file ".\CortexM3\ARM_GCC_484\Debug\CyLib.o"
Deleting file ".\CortexM3\ARM_GCC_484\Debug\cyPm.o"
Deleting file ".\CortexM3\ARM_GCC_484\Debug\CySpc.o"
Deleting file ".\CortexM3\ARM_GCC_484\Debug\cyutils.o"
Deleting file ".\CortexM3\ARM_GCC_484\Debug\cybootloader.o"
Deleting file ".\CortexM3\ARM_GCC_484\Debug\Bootloadable_1.o"
Deleting file ".\CortexM3\ARM_GCC_484\Debug\LedRed.o"
Deleting file ".\CortexM3\ARM_GCC_484\Debug\LedGreen.o"
Deleting file ".\CortexM3\ARM_GCC_484\Debug\LedBlue.o"
Deleting file ".\CortexM3\ARM_GCC_484\Debug\LedYellow.o"
Deleting file ".\CortexM3\ARM_GCC_484\Debug\LcdE.o"
Deleting file ".\CortexM3\ARM_GCC_484\Debug\Lcd.o"
Deleting file ".\CortexM3\ARM_GCC_484\Debug\Lcd_PM.o"
Deleting file ".\CortexM3\ARM_GCC_484\Debug\LcdDB5.o"
Deleting file ".\CortexM3\ARM_GCC_484\Debug\LcdDB4.o"
Deleting file ".\CortexM3\ARM_GCC_484\Debug\IsrBtn0Pressed.o"
Deleting file ".\CortexM3\ARM_GCC_484\Debug\IsrBtn1Pressed.o"
Deleting file ".\CortexM3\ARM_GCC_484\Debug\LcdRS.o"
Deleting file ".\CortexM3\ARM_GCC_484\Debug\ClockCsBtns.o"
Deleting file ".\CortexM3\ARM_GCC_484\Debug\LcdDB6.o"
Deleting file ".\CortexM3\ARM_GCC_484\Debug\LcdDB7.o"
Deleting file ".\CortexM3\ARM_GCC_484\Debug\LcdV0.o"
Deleting file ".\CortexM3\ARM_GCC_484\Debug\ClockLcdBacklight.o"
Deleting file ".\CortexM3\ARM_GCC_484\Debug\CsBtns_PWM.o"
Deleting file ".\CortexM3\ARM_GCC_484\Debug\CsBtns_PWM_PM.o"
Deleting file ".\CortexM3\ARM_GCC_484\Debug\Lcd_Cntl_Port.o"
Deleting file ".\CortexM3\ARM_GCC_484\Debug\Lcd_Cntl_Port_PM.o"
Deleting file ".\CortexM3\ARM_GCC_484\Debug\Camera_settings.o"
Deleting file ".\CortexM3\ARM_GCC_484\Debug\Camera.o"
Deleting file ".\CortexM3\ARM_GCC_484\Debug\ClockCamera.o"
Deleting file ".\CortexM3\ARM_GCC_484\Debug\RESET.o"
Deleting file ".\CortexM3\ARM_GCC_484\Debug\PWDN.o"
Deleting file ".\CortexM3\ARM_GCC_484\Debug\Camera_DMA_dma.o"
Deleting file ".\CortexM3\ARM_GCC_484\Debug\Camera_VSYNC.o"
Deleting file ".\CortexM3\ARM_GCC_484\Debug\Camera_SIOD.o"
Deleting file ".\CortexM3\ARM_GCC_484\Debug\Camera_SIOC.o"
Deleting file ".\CortexM3\ARM_GCC_484\Debug\Camera_I2C.o"
Deleting file ".\CortexM3\ARM_GCC_484\Debug\Camera_I2C_BOOT.o"
Deleting file ".\CortexM3\ARM_GCC_484\Debug\Camera_I2C_INT.o"
Deleting file ".\CortexM3\ARM_GCC_484\Debug\Camera_I2C_PM.o"
Deleting file ".\CortexM3\ARM_GCC_484\Debug\Camera_I2C_SLAVE.o"
Deleting file ".\CortexM3\ARM_GCC_484\Debug\Camera_I2C_MASTER.o"
Deleting file ".\CortexM3\ARM_GCC_484\Debug\UsEcho.o"
Deleting file ".\CortexM3\ARM_GCC_484\Debug\IsrUsTimer.o"
Deleting file ".\CortexM3\ARM_GCC_484\Debug\UsTrig.o"
Deleting file ".\CortexM3\ARM_GCC_484\Debug\UsTimer.o"
Deleting file ".\CortexM3\ARM_GCC_484\Debug\UsTimer_PM.o"
Deleting file ".\CortexM3\ARM_GCC_484\Debug\UsPWM.o"
Deleting file ".\CortexM3\ARM_GCC_484\Debug\UsPWM_PM.o"
Deleting file ".\CortexM3\ARM_GCC_484\Debug\UsTC.o"
Deleting file ".\CortexM3\ARM_GCC_484\Debug\UsOutput.o"
Deleting file ".\CortexM3\ARM_GCC_484\Debug\ClockUsPWM.o"
Deleting file ".\CortexM3\ARM_GCC_484\Debug\Clock_1.o"
Deleting file ".\CortexM3\ARM_GCC_484\Debug\ElbowPos.o"
Deleting file ".\CortexM3\ARM_GCC_484\Debug\ElbowNeg.o"
Deleting file ".\CortexM3\ARM_GCC_484\Debug\ShoulderPos.o"
Deleting file ".\CortexM3\ARM_GCC_484\Debug\ShoulderNeg.o"
Deleting file ".\CortexM3\ARM_GCC_484\Debug\chickybot.hex"
Deleting file ".\CortexM3\ARM_GCC_484\Debug\chickybot.elf"
Deleting file ".\CortexM3\ARM_GCC_484\Debug\chickybot.map"
Deleting file ".\CortexM3\ARM_GCC_484\Debug\chickybot.cyacd"
Deleting file ".\chickybot.cycdx"
Deleting file ".\chickybot.svd"
Deleting file ".\chickybot.rpt"
Deleting file ".\chickybot_timing.html"
Deleting file ".\CortexM3\ARM_GCC_484\Debug\.deps\C_FILE.P"
Deleting file ".\CortexM3\ARM_GCC_484\Debug\.deps\ARM_C_FILE.P"
Deleting file ".\CortexM3\ARM_GCC_484\Debug\.deps\GNU_ARM_ASM_FILE.P"
--------------- Clean Succeeded: 09/16/2015 20:36:11 ---------------
