ARM GAS  C:\Users\Nick\AppData\Local\Temp\cchE1BHK.s 			page 1


   1              		.syntax unified
   2              		.cpu cortex-m3
   3              		.fpu softvfp
   4              		.eabi_attribute 20, 1
   5              		.eabi_attribute 21, 1
   6              		.eabi_attribute 23, 3
   7              		.eabi_attribute 24, 1
   8              		.eabi_attribute 25, 1
   9              		.eabi_attribute 26, 1
  10              		.eabi_attribute 30, 1
  11              		.eabi_attribute 34, 1
  12              		.eabi_attribute 18, 4
  13              		.thumb
  14              		.file	"cv.c"
  15              		.text
  16              	.Ltext0:
  17              		.cfi_sections	.debug_frame
  18              		.section	.text.readPlanWithCamera,"ax",%progbits
  19              		.align	2
  20              		.global	readPlanWithCamera
  21              		.thumb
  22              		.thumb_func
  23              		.type	readPlanWithCamera, %function
  24              	readPlanWithCamera:
  25              	.LFB63:
  26              		.file 1 ".\\cv.c"
   1:.\cv.c        **** #include <project.h>
   2:.\cv.c        **** #include "cv.h"
   3:.\cv.c        **** 
   4:.\cv.c        **** int * readPlanWithCamera() {
  27              		.loc 1 4 0
  28              		.cfi_startproc
  29              		@ args = 0, pretend = 0, frame = 0
  30              		@ frame_needed = 0, uses_anonymous_args = 0
  31 0000 08B5     		push	{r3, lr}
  32              		.cfi_def_cfa_offset 8
  33              		.cfi_offset 3, -8
  34              		.cfi_offset 14, -4
   5:.\cv.c        ****     int * plan = (int *) malloc(sizeof(int) * ROWS);
  35              		.loc 1 5 0
  36 0002 0C20     		movs	r0, #12
  37 0004 FFF7FEFF 		bl	malloc
  38              	.LVL0:
   6:.\cv.c        ****     
   7:.\cv.c        ****     plan[0] = 1;
  39              		.loc 1 7 0
  40 0008 0122     		movs	r2, #1
  41 000a 0260     		str	r2, [r0]
   8:.\cv.c        ****     plan[1] = 2;
  42              		.loc 1 8 0
  43 000c 0222     		movs	r2, #2
  44 000e 4260     		str	r2, [r0, #4]
   9:.\cv.c        ****     plan[2] = 3;
  45              		.loc 1 9 0
  46 0010 0322     		movs	r2, #3
  47 0012 8260     		str	r2, [r0, #8]
  10:.\cv.c        ****     
ARM GAS  C:\Users\Nick\AppData\Local\Temp\cchE1BHK.s 			page 2


  11:.\cv.c        ****     return plan;
  12:.\cv.c        **** }...
  48              		.loc 1 12 0
  49 0014 08BD     		pop	{r3, pc}
  50              		.cfi_endproc
  51              	.LFE63:
  52              		.size	readPlanWithCamera, .-readPlanWithCamera
  53              		.comm	Camera_framebuffer,50688,4
  54 0016 00BF     		.text
  55              	.Letext0:
  56              		.file 2 "c:\\program files (x86)\\cypress\\psoc creator\\3.2\\psoc creator\\import\\gnu\\arm\\4.8.
  57              		.file 3 "c:\\program files (x86)\\cypress\\psoc creator\\3.2\\psoc creator\\import\\gnu\\arm\\4.8.
  58              		.file 4 "Generated_Source\\PSoC5/cytypes.h"
  59              		.file 5 "Generated_Source\\PSoC5/core_cm3.h"
  60              		.file 6 "Generated_Source\\PSoC5/Camera.h"
  61              		.file 7 "<built-in>"
  62              		.section	.debug_info,"",%progbits
  63              	.Ldebug_info0:
  64 0000 47010000 		.4byte	0x147
  65 0004 0400     		.2byte	0x4
  66 0006 00000000 		.4byte	.Ldebug_abbrev0
  67 000a 04       		.byte	0x4
  68 000b 01       		.uleb128 0x1
  69 000c 9D000000 		.4byte	.LASF18
  70 0010 01       		.byte	0x1
  71 0011 41000000 		.4byte	.LASF19
  72 0015 1E010000 		.4byte	.LASF20
  73 0019 00000000 		.4byte	.Ldebug_ranges0+0
  74 001d 00000000 		.4byte	0
  75 0021 00000000 		.4byte	.Ldebug_line0
  76 0025 02       		.uleb128 0x2
  77 0026 01       		.byte	0x1
  78 0027 06       		.byte	0x6
  79 0028 C4010000 		.4byte	.LASF0
  80 002c 02       		.uleb128 0x2
  81 002d 01       		.byte	0x1
  82 002e 08       		.byte	0x8
  83 002f 8F000000 		.4byte	.LASF1
  84 0033 02       		.uleb128 0x2
  85 0034 02       		.byte	0x2
  86 0035 05       		.byte	0x5
  87 0036 E0010000 		.4byte	.LASF2
  88 003a 02       		.uleb128 0x2
  89 003b 02       		.byte	0x2
  90 003c 07       		.byte	0x7
  91 003d 0E000000 		.4byte	.LASF3
  92 0041 03       		.uleb128 0x3
  93 0042 D0010000 		.4byte	.LASF9
  94 0046 02       		.byte	0x2
  95 0047 37       		.byte	0x37
  96 0048 4C000000 		.4byte	0x4c
  97 004c 02       		.uleb128 0x2
  98 004d 04       		.byte	0x4
  99 004e 05       		.byte	0x5
 100 004f A5010000 		.4byte	.LASF4
 101 0053 02       		.uleb128 0x2
 102 0054 04       		.byte	0x4
ARM GAS  C:\Users\Nick\AppData\Local\Temp\cchE1BHK.s 			page 3


 103 0055 07       		.byte	0x7
 104 0056 4E000000 		.4byte	.LASF5
 105 005a 02       		.uleb128 0x2
 106 005b 08       		.byte	0x8
 107 005c 05       		.byte	0x5
 108 005d 00000000 		.4byte	.LASF6
 109 0061 02       		.uleb128 0x2
 110 0062 08       		.byte	0x8
 111 0063 07       		.byte	0x7
 112 0064 73000000 		.4byte	.LASF7
 113 0068 04       		.uleb128 0x4
 114 0069 04       		.byte	0x4
 115 006a 05       		.byte	0x5
 116 006b 696E7400 		.ascii	"int\000"
 117 006f 02       		.uleb128 0x2
 118 0070 04       		.byte	0x4
 119 0071 07       		.byte	0x7
 120 0072 21000000 		.4byte	.LASF8
 121 0076 03       		.uleb128 0x3
 122 0077 EA010000 		.4byte	.LASF10
 123 007b 03       		.byte	0x3
 124 007c 41       		.byte	0x41
 125 007d 41000000 		.4byte	0x41
 126 0081 03       		.uleb128 0x3
 127 0082 48000000 		.4byte	.LASF11
 128 0086 04       		.byte	0x4
 129 0087 B4       		.byte	0xb4
 130 0088 2C000000 		.4byte	0x2c
 131 008c 02       		.uleb128 0x2
 132 008d 04       		.byte	0x4
 133 008e 04       		.byte	0x4
 134 008f DA010000 		.4byte	.LASF12
 135 0093 02       		.uleb128 0x2
 136 0094 08       		.byte	0x8
 137 0095 04       		.byte	0x4
 138 0096 9E010000 		.4byte	.LASF13
 139 009a 02       		.uleb128 0x2
 140 009b 01       		.byte	0x1
 141 009c 08       		.byte	0x8
 142 009d 19010000 		.4byte	.LASF14
 143 00a1 02       		.uleb128 0x2
 144 00a2 04       		.byte	0x4
 145 00a3 07       		.byte	0x7
 146 00a4 AE010000 		.4byte	.LASF15
 147 00a8 05       		.uleb128 0x5
 148 00a9 04       		.byte	0x4
 149 00aa 06       		.uleb128 0x6
 150 00ab 2E000000 		.4byte	.LASF21
 151 00af 01       		.byte	0x1
 152 00b0 04       		.byte	0x4
 153 00b1 F5000000 		.4byte	0xf5
 154 00b5 00000000 		.4byte	.LFB63
 155 00b9 16000000 		.4byte	.LFE63-.LFB63
 156 00bd 01       		.uleb128 0x1
 157 00be 9C       		.byte	0x9c
 158 00bf F5000000 		.4byte	0xf5
 159 00c3 07       		.uleb128 0x7
ARM GAS  C:\Users\Nick\AppData\Local\Temp\cchE1BHK.s 			page 4


 160 00c4 8A000000 		.4byte	.LASF22
 161 00c8 01       		.byte	0x1
 162 00c9 05       		.byte	0x5
 163 00ca F5000000 		.4byte	0xf5
 164 00ce 01       		.uleb128 0x1
 165 00cf 50       		.byte	0x50
 166 00d0 08       		.uleb128 0x8
 167 00d1 F2010000 		.4byte	.LASF23
 168 00d5 07       		.byte	0x7
 169 00d6 00       		.byte	0
 170 00d7 A8000000 		.4byte	0xa8
 171 00db E5000000 		.4byte	0xe5
 172 00df 09       		.uleb128 0x9
 173 00e0 6F000000 		.4byte	0x6f
 174 00e4 00       		.byte	0
 175 00e5 0A       		.uleb128 0xa
 176 00e6 08000000 		.4byte	.LVL0
 177 00ea 39010000 		.4byte	0x139
 178 00ee 0B       		.uleb128 0xb
 179 00ef 01       		.uleb128 0x1
 180 00f0 50       		.byte	0x50
 181 00f1 01       		.uleb128 0x1
 182 00f2 3C       		.byte	0x3c
 183 00f3 00       		.byte	0
 184 00f4 00       		.byte	0
 185 00f5 0C       		.uleb128 0xc
 186 00f6 04       		.byte	0x4
 187 00f7 68000000 		.4byte	0x68
 188 00fb 0D       		.uleb128 0xd
 189 00fc B7010000 		.4byte	.LASF16
 190 0100 05       		.byte	0x5
 191 0101 2A06     		.2byte	0x62a
 192 0103 07010000 		.4byte	0x107
 193 0107 0E       		.uleb128 0xe
 194 0108 76000000 		.4byte	0x76
 195 010c 0F       		.uleb128 0xf
 196 010d 81000000 		.4byte	0x81
 197 0111 28010000 		.4byte	0x128
 198 0115 10       		.uleb128 0x10
 199 0116 A1000000 		.4byte	0xa1
 200 011a 8F       		.byte	0x8f
 201 011b 10       		.uleb128 0x10
 202 011c A1000000 		.4byte	0xa1
 203 0120 57       		.byte	0x57
 204 0121 10       		.uleb128 0x10
 205 0122 A1000000 		.4byte	0xa1
 206 0126 03       		.byte	0x3
 207 0127 00       		.byte	0
 208 0128 11       		.uleb128 0x11
 209 0129 60000000 		.4byte	.LASF17
 210 012d 06       		.byte	0x6
 211 012e 08       		.byte	0x8
 212 012f 0C010000 		.4byte	0x10c
 213 0133 05       		.uleb128 0x5
 214 0134 03       		.byte	0x3
 215 0135 00000000 		.4byte	Camera_framebuffer
 216 0139 12       		.uleb128 0x12
ARM GAS  C:\Users\Nick\AppData\Local\Temp\cchE1BHK.s 			page 5


 217 013a F2010000 		.4byte	.LASF23
 218 013e 07       		.byte	0x7
 219 013f 00       		.byte	0
 220 0140 A8000000 		.4byte	0xa8
 221 0144 09       		.uleb128 0x9
 222 0145 6F000000 		.4byte	0x6f
 223 0149 00       		.byte	0
 224 014a 00       		.byte	0
 225              		.section	.debug_abbrev,"",%progbits
 226              	.Ldebug_abbrev0:
 227 0000 01       		.uleb128 0x1
 228 0001 11       		.uleb128 0x11
 229 0002 01       		.byte	0x1
 230 0003 25       		.uleb128 0x25
 231 0004 0E       		.uleb128 0xe
 232 0005 13       		.uleb128 0x13
 233 0006 0B       		.uleb128 0xb
 234 0007 03       		.uleb128 0x3
 235 0008 0E       		.uleb128 0xe
 236 0009 1B       		.uleb128 0x1b
 237 000a 0E       		.uleb128 0xe
 238 000b 55       		.uleb128 0x55
 239 000c 17       		.uleb128 0x17
 240 000d 11       		.uleb128 0x11
 241 000e 01       		.uleb128 0x1
 242 000f 10       		.uleb128 0x10
 243 0010 17       		.uleb128 0x17
 244 0011 00       		.byte	0
 245 0012 00       		.byte	0
 246 0013 02       		.uleb128 0x2
 247 0014 24       		.uleb128 0x24
 248 0015 00       		.byte	0
 249 0016 0B       		.uleb128 0xb
 250 0017 0B       		.uleb128 0xb
 251 0018 3E       		.uleb128 0x3e
 252 0019 0B       		.uleb128 0xb
 253 001a 03       		.uleb128 0x3
 254 001b 0E       		.uleb128 0xe
 255 001c 00       		.byte	0
 256 001d 00       		.byte	0
 257 001e 03       		.uleb128 0x3
 258 001f 16       		.uleb128 0x16
 259 0020 00       		.byte	0
 260 0021 03       		.uleb128 0x3
 261 0022 0E       		.uleb128 0xe
 262 0023 3A       		.uleb128 0x3a
 263 0024 0B       		.uleb128 0xb
 264 0025 3B       		.uleb128 0x3b
 265 0026 0B       		.uleb128 0xb
 266 0027 49       		.uleb128 0x49
 267 0028 13       		.uleb128 0x13
 268 0029 00       		.byte	0
 269 002a 00       		.byte	0
 270 002b 04       		.uleb128 0x4
 271 002c 24       		.uleb128 0x24
 272 002d 00       		.byte	0
 273 002e 0B       		.uleb128 0xb
ARM GAS  C:\Users\Nick\AppData\Local\Temp\cchE1BHK.s 			page 6


 274 002f 0B       		.uleb128 0xb
 275 0030 3E       		.uleb128 0x3e
 276 0031 0B       		.uleb128 0xb
 277 0032 03       		.uleb128 0x3
 278 0033 08       		.uleb128 0x8
 279 0034 00       		.byte	0
 280 0035 00       		.byte	0
 281 0036 05       		.uleb128 0x5
 282 0037 0F       		.uleb128 0xf
 283 0038 00       		.byte	0
 284 0039 0B       		.uleb128 0xb
 285 003a 0B       		.uleb128 0xb
 286 003b 00       		.byte	0
 287 003c 00       		.byte	0
 288 003d 06       		.uleb128 0x6
 289 003e 2E       		.uleb128 0x2e
 290 003f 01       		.byte	0x1
 291 0040 3F       		.uleb128 0x3f
 292 0041 19       		.uleb128 0x19
 293 0042 03       		.uleb128 0x3
 294 0043 0E       		.uleb128 0xe
 295 0044 3A       		.uleb128 0x3a
 296 0045 0B       		.uleb128 0xb
 297 0046 3B       		.uleb128 0x3b
 298 0047 0B       		.uleb128 0xb
 299 0048 49       		.uleb128 0x49
 300 0049 13       		.uleb128 0x13
 301 004a 11       		.uleb128 0x11
 302 004b 01       		.uleb128 0x1
 303 004c 12       		.uleb128 0x12
 304 004d 06       		.uleb128 0x6
 305 004e 40       		.uleb128 0x40
 306 004f 18       		.uleb128 0x18
 307 0050 9742     		.uleb128 0x2117
 308 0052 19       		.uleb128 0x19
 309 0053 01       		.uleb128 0x1
 310 0054 13       		.uleb128 0x13
 311 0055 00       		.byte	0
 312 0056 00       		.byte	0
 313 0057 07       		.uleb128 0x7
 314 0058 34       		.uleb128 0x34
 315 0059 00       		.byte	0
 316 005a 03       		.uleb128 0x3
 317 005b 0E       		.uleb128 0xe
 318 005c 3A       		.uleb128 0x3a
 319 005d 0B       		.uleb128 0xb
 320 005e 3B       		.uleb128 0x3b
 321 005f 0B       		.uleb128 0xb
 322 0060 49       		.uleb128 0x49
 323 0061 13       		.uleb128 0x13
 324 0062 02       		.uleb128 0x2
 325 0063 18       		.uleb128 0x18
 326 0064 00       		.byte	0
 327 0065 00       		.byte	0
 328 0066 08       		.uleb128 0x8
 329 0067 2E       		.uleb128 0x2e
 330 0068 01       		.byte	0x1
ARM GAS  C:\Users\Nick\AppData\Local\Temp\cchE1BHK.s 			page 7


 331 0069 3F       		.uleb128 0x3f
 332 006a 19       		.uleb128 0x19
 333 006b 03       		.uleb128 0x3
 334 006c 0E       		.uleb128 0xe
 335 006d 3A       		.uleb128 0x3a
 336 006e 0B       		.uleb128 0xb
 337 006f 3B       		.uleb128 0x3b
 338 0070 0B       		.uleb128 0xb
 339 0071 27       		.uleb128 0x27
 340 0072 19       		.uleb128 0x19
 341 0073 49       		.uleb128 0x49
 342 0074 13       		.uleb128 0x13
 343 0075 3C       		.uleb128 0x3c
 344 0076 19       		.uleb128 0x19
 345 0077 01       		.uleb128 0x1
 346 0078 13       		.uleb128 0x13
 347 0079 00       		.byte	0
 348 007a 00       		.byte	0
 349 007b 09       		.uleb128 0x9
 350 007c 05       		.uleb128 0x5
 351 007d 00       		.byte	0
 352 007e 49       		.uleb128 0x49
 353 007f 13       		.uleb128 0x13
 354 0080 00       		.byte	0
 355 0081 00       		.byte	0
 356 0082 0A       		.uleb128 0xa
 357 0083 898201   		.uleb128 0x4109
 358 0086 01       		.byte	0x1
 359 0087 11       		.uleb128 0x11
 360 0088 01       		.uleb128 0x1
 361 0089 31       		.uleb128 0x31
 362 008a 13       		.uleb128 0x13
 363 008b 00       		.byte	0
 364 008c 00       		.byte	0
 365 008d 0B       		.uleb128 0xb
 366 008e 8A8201   		.uleb128 0x410a
 367 0091 00       		.byte	0
 368 0092 02       		.uleb128 0x2
 369 0093 18       		.uleb128 0x18
 370 0094 9142     		.uleb128 0x2111
 371 0096 18       		.uleb128 0x18
 372 0097 00       		.byte	0
 373 0098 00       		.byte	0
 374 0099 0C       		.uleb128 0xc
 375 009a 0F       		.uleb128 0xf
 376 009b 00       		.byte	0
 377 009c 0B       		.uleb128 0xb
 378 009d 0B       		.uleb128 0xb
 379 009e 49       		.uleb128 0x49
 380 009f 13       		.uleb128 0x13
 381 00a0 00       		.byte	0
 382 00a1 00       		.byte	0
 383 00a2 0D       		.uleb128 0xd
 384 00a3 34       		.uleb128 0x34
 385 00a4 00       		.byte	0
 386 00a5 03       		.uleb128 0x3
 387 00a6 0E       		.uleb128 0xe
ARM GAS  C:\Users\Nick\AppData\Local\Temp\cchE1BHK.s 			page 8


 388 00a7 3A       		.uleb128 0x3a
 389 00a8 0B       		.uleb128 0xb
 390 00a9 3B       		.uleb128 0x3b
 391 00aa 05       		.uleb128 0x5
 392 00ab 49       		.uleb128 0x49
 393 00ac 13       		.uleb128 0x13
 394 00ad 3F       		.uleb128 0x3f
 395 00ae 19       		.uleb128 0x19
 396 00af 3C       		.uleb128 0x3c
 397 00b0 19       		.uleb128 0x19
 398 00b1 00       		.byte	0
 399 00b2 00       		.byte	0
 400 00b3 0E       		.uleb128 0xe
 401 00b4 35       		.uleb128 0x35
 402 00b5 00       		.byte	0
 403 00b6 49       		.uleb128 0x49
 404 00b7 13       		.uleb128 0x13
 405 00b8 00       		.byte	0
 406 00b9 00       		.byte	0
 407 00ba 0F       		.uleb128 0xf
 408 00bb 01       		.uleb128 0x1
 409 00bc 01       		.byte	0x1
 410 00bd 49       		.uleb128 0x49
 411 00be 13       		.uleb128 0x13
 412 00bf 01       		.uleb128 0x1
 413 00c0 13       		.uleb128 0x13
 414 00c1 00       		.byte	0
 415 00c2 00       		.byte	0
 416 00c3 10       		.uleb128 0x10
 417 00c4 21       		.uleb128 0x21
 418 00c5 00       		.byte	0
 419 00c6 49       		.uleb128 0x49
 420 00c7 13       		.uleb128 0x13
 421 00c8 2F       		.uleb128 0x2f
 422 00c9 0B       		.uleb128 0xb
 423 00ca 00       		.byte	0
 424 00cb 00       		.byte	0
 425 00cc 11       		.uleb128 0x11
 426 00cd 34       		.uleb128 0x34
 427 00ce 00       		.byte	0
 428 00cf 03       		.uleb128 0x3
 429 00d0 0E       		.uleb128 0xe
 430 00d1 3A       		.uleb128 0x3a
 431 00d2 0B       		.uleb128 0xb
 432 00d3 3B       		.uleb128 0x3b
 433 00d4 0B       		.uleb128 0xb
 434 00d5 49       		.uleb128 0x49
 435 00d6 13       		.uleb128 0x13
 436 00d7 3F       		.uleb128 0x3f
 437 00d8 19       		.uleb128 0x19
 438 00d9 02       		.uleb128 0x2
 439 00da 18       		.uleb128 0x18
 440 00db 00       		.byte	0
 441 00dc 00       		.byte	0
 442 00dd 12       		.uleb128 0x12
 443 00de 2E       		.uleb128 0x2e
 444 00df 01       		.byte	0x1
ARM GAS  C:\Users\Nick\AppData\Local\Temp\cchE1BHK.s 			page 9


 445 00e0 3F       		.uleb128 0x3f
 446 00e1 19       		.uleb128 0x19
 447 00e2 03       		.uleb128 0x3
 448 00e3 0E       		.uleb128 0xe
 449 00e4 3A       		.uleb128 0x3a
 450 00e5 0B       		.uleb128 0xb
 451 00e6 3B       		.uleb128 0x3b
 452 00e7 0B       		.uleb128 0xb
 453 00e8 27       		.uleb128 0x27
 454 00e9 19       		.uleb128 0x19
 455 00ea 49       		.uleb128 0x49
 456 00eb 13       		.uleb128 0x13
 457 00ec 3C       		.uleb128 0x3c
 458 00ed 19       		.uleb128 0x19
 459 00ee 00       		.byte	0
 460 00ef 00       		.byte	0
 461 00f0 00       		.byte	0
 462              		.section	.debug_aranges,"",%progbits
 463 0000 1C000000 		.4byte	0x1c
 464 0004 0200     		.2byte	0x2
 465 0006 00000000 		.4byte	.Ldebug_info0
 466 000a 04       		.byte	0x4
 467 000b 00       		.byte	0
 468 000c 0000     		.2byte	0
 469 000e 0000     		.2byte	0
 470 0010 00000000 		.4byte	.LFB63
 471 0014 16000000 		.4byte	.LFE63-.LFB63
 472 0018 00000000 		.4byte	0
 473 001c 00000000 		.4byte	0
 474              		.section	.debug_ranges,"",%progbits
 475              	.Ldebug_ranges0:
 476 0000 00000000 		.4byte	.LFB63
 477 0004 16000000 		.4byte	.LFE63
 478 0008 00000000 		.4byte	0
 479 000c 00000000 		.4byte	0
 480              		.section	.debug_line,"",%progbits
 481              	.Ldebug_line0:
 482 0000 79010000 		.section	.debug_str,"MS",%progbits,1
 482      02006101 
 482      00000201 
 482      FB0E0D00 
 482      01010101 
 483              	.LASF6:
 484 0000 6C6F6E67 		.ascii	"long long int\000"
 484      206C6F6E 
 484      6720696E 
 484      7400
 485              	.LASF3:
 486 000e 73686F72 		.ascii	"short unsigned int\000"
 486      7420756E 
 486      7369676E 
 486      65642069 
 486      6E7400
 487              	.LASF8:
 488 0021 756E7369 		.ascii	"unsigned int\000"
 488      676E6564 
 488      20696E74 
ARM GAS  C:\Users\Nick\AppData\Local\Temp\cchE1BHK.s 			page 10


 488      00
 489              	.LASF21:
 490 002e 72656164 		.ascii	"readPlanWithCamera\000"
 490      506C616E 
 490      57697468 
 490      43616D65 
 490      726100
 491              	.LASF19:
 492 0041 2E5C6376 		.ascii	".\\cv.c\000"
 492      2E6300
 493              	.LASF11:
 494 0048 75696E74 		.ascii	"uint8\000"
 494      3800
 495              	.LASF5:
 496 004e 6C6F6E67 		.ascii	"long unsigned int\000"
 496      20756E73 
 496      69676E65 
 496      6420696E 
 496      7400
 497              	.LASF17:
 498 0060 43616D65 		.ascii	"Camera_framebuffer\000"
 498      72615F66 
 498      72616D65 
 498      62756666 
 498      657200
 499              	.LASF7:
 500 0073 6C6F6E67 		.ascii	"long long unsigned int\000"
 500      206C6F6E 
 500      6720756E 
 500      7369676E 
 500      65642069 
 501              	.LASF22:
 502 008a 706C616E 		.ascii	"plan\000"
 502      00
 503              	.LASF1:
 504 008f 756E7369 		.ascii	"unsigned char\000"
 504      676E6564 
 504      20636861 
 504      7200
 505              	.LASF18:
 506 009d 474E5520 		.ascii	"GNU C 4.8.4 20140526 (release) [ARM/embedded-4_8-br"
 506      4320342E 
 506      382E3420 
 506      32303134 
 506      30353236 
 507 00d0 616E6368 		.ascii	"anch revision 211358] -mcpu=cortex-m3 -mthumb -g -O"
 507      20726576 
 507      6973696F 
 507      6E203231 
 507      31333538 
 508 0103 67202D66 		.ascii	"g -ffunction-sections\000"
 508      66756E63 
 508      74696F6E 
 508      2D736563 
 508      74696F6E 
 509              	.LASF14:
 510 0119 63686172 		.ascii	"char\000"
ARM GAS  C:\Users\Nick\AppData\Local\Temp\cchE1BHK.s 			page 11


 510      00
 511              	.LASF20:
 512 011e 433A5C55 		.ascii	"C:\\Users\\Nick\\Dropbox\\Uni Docs\\y4s2\\ECE3091 -"
 512      73657273 
 512      5C4E6963 
 512      6B5C4472 
 512      6F70626F 
 513 014b 20456E67 		.ascii	" Engineering Design\\PSoc Creator\\eng_design_2015\\"
 513      696E6565 
 513      72696E67 
 513      20446573 
 513      69676E5C 
 514 017c 45434533 		.ascii	"ECE3091-chickybot\\chickybot.cydsn\000"
 514      3039312D 
 514      63686963 
 514      6B79626F 
 514      745C6368 
 515              	.LASF13:
 516 019e 646F7562 		.ascii	"double\000"
 516      6C6500
 517              	.LASF4:
 518 01a5 6C6F6E67 		.ascii	"long int\000"
 518      20696E74 
 518      00
 519              	.LASF15:
 520 01ae 73697A65 		.ascii	"sizetype\000"
 520      74797065 
 520      00
 521              	.LASF16:
 522 01b7 49544D5F 		.ascii	"ITM_RxBuffer\000"
 522      52784275 
 522      66666572 
 522      00
 523              	.LASF0:
 524 01c4 7369676E 		.ascii	"signed char\000"
 524      65642063 
 524      68617200 
 525              	.LASF9:
 526 01d0 5F5F696E 		.ascii	"__int32_t\000"
 526      7433325F 
 526      7400
 527              	.LASF12:
 528 01da 666C6F61 		.ascii	"float\000"
 528      7400
 529              	.LASF2:
 530 01e0 73686F72 		.ascii	"short int\000"
 530      7420696E 
 530      7400
 531              	.LASF10:
 532 01ea 696E7433 		.ascii	"int32_t\000"
 532      325F7400 
 533              	.LASF23:
 534 01f2 6D616C6C 		.ascii	"malloc\000"
 534      6F6300
 535              		.ident	"GCC: (GNU Tools for ARM Embedded Processors) 4.8.4 20140526 (release) [ARM/embedded-4_8-br
