ARM GAS  C:\Users\Nick\AppData\Local\Temp\cchcdvEu.s 			page 1


   1              		.syntax unified
   2              		.cpu cortex-m3
   3              		.fpu softvfp
   4              		.eabi_attribute 20, 1
   5              		.eabi_attribute 21, 1
   6              		.eabi_attribute 23, 3
   7              		.eabi_attribute 24, 1
   8              		.eabi_attribute 25, 1
   9              		.eabi_attribute 26, 1
  10              		.eabi_attribute 30, 1
  11              		.eabi_attribute 34, 1
  12              		.eabi_attribute 18, 4
  13              		.thumb
  14              		.file	"cyfitter_cfg.c"
  15              		.text
  16              	.Ltext0:
  17              		.cfi_sections	.debug_frame
  18              		.section	.text.CyClockStartupError,"ax",%progbits
  19              		.align	2
  20              		.thumb
  21              		.thumb_func
  22              		.type	CyClockStartupError, %function
  23              	CyClockStartupError:
  24              	.LFB3:
  25              		.file 1 ".\\Generated_Source\\PSoC5\\cyfitter_cfg.c"
   1:.\Generated_Source\PSoC5/cyfitter_cfg.c **** /*******************************************************************************
   2:.\Generated_Source\PSoC5/cyfitter_cfg.c **** * FILENAME: cyfitter_cfg.c
   3:.\Generated_Source\PSoC5/cyfitter_cfg.c **** * 
   4:.\Generated_Source\PSoC5/cyfitter_cfg.c **** * PSoC Creator  3.2 SP1
   5:.\Generated_Source\PSoC5/cyfitter_cfg.c **** *
   6:.\Generated_Source\PSoC5/cyfitter_cfg.c **** * DESCRIPTION:
   7:.\Generated_Source\PSoC5/cyfitter_cfg.c **** * This file contains device initialization code.
   8:.\Generated_Source\PSoC5/cyfitter_cfg.c **** * Except for the user defined sections in CyClockStartupError(), this file should not be modified.
   9:.\Generated_Source\PSoC5/cyfitter_cfg.c **** * This file is automatically generated by PSoC Creator.
  10:.\Generated_Source\PSoC5/cyfitter_cfg.c **** *
  11:.\Generated_Source\PSoC5/cyfitter_cfg.c **** ********************************************************************************
  12:.\Generated_Source\PSoC5/cyfitter_cfg.c **** * Copyright (c) 2007-2015 Cypress Semiconductor.  All rights reserved.
  13:.\Generated_Source\PSoC5/cyfitter_cfg.c **** * You may use this file only in accordance with the license, terms, conditions, 
  14:.\Generated_Source\PSoC5/cyfitter_cfg.c **** * disclaimers, and limitations in the end user license agreement accompanying 
  15:.\Generated_Source\PSoC5/cyfitter_cfg.c **** * the software package with which this file was provided.
  16:.\Generated_Source\PSoC5/cyfitter_cfg.c **** ********************************************************************************/
  17:.\Generated_Source\PSoC5/cyfitter_cfg.c **** 
  18:.\Generated_Source\PSoC5/cyfitter_cfg.c **** #include <string.h>
  19:.\Generated_Source\PSoC5/cyfitter_cfg.c **** #include "cytypes.h"
  20:.\Generated_Source\PSoC5/cyfitter_cfg.c **** #include "cydevice_trm.h"
  21:.\Generated_Source\PSoC5/cyfitter_cfg.c **** #include "cyfitter.h"
  22:.\Generated_Source\PSoC5/cyfitter_cfg.c **** #include "CyLib.h"
  23:.\Generated_Source\PSoC5/cyfitter_cfg.c **** #include "cyfitter_cfg.h"
  24:.\Generated_Source\PSoC5/cyfitter_cfg.c **** 
  25:.\Generated_Source\PSoC5/cyfitter_cfg.c **** #define CY_NEED_CYCLOCKSTARTUPERROR 1
  26:.\Generated_Source\PSoC5/cyfitter_cfg.c **** 
  27:.\Generated_Source\PSoC5/cyfitter_cfg.c **** 
  28:.\Generated_Source\PSoC5/cyfitter_cfg.c **** #if defined(__GNUC__) || defined(__ARMCC_VERSION)
  29:.\Generated_Source\PSoC5/cyfitter_cfg.c ****     #define CYPACKED 
  30:.\Generated_Source\PSoC5/cyfitter_cfg.c ****     #define CYPACKED_ATTR __attribute__ ((packed))
  31:.\Generated_Source\PSoC5/cyfitter_cfg.c ****     #define CYALIGNED __attribute__ ((aligned))
  32:.\Generated_Source\PSoC5/cyfitter_cfg.c ****     #define CY_CFG_UNUSED __attribute__ ((unused))
ARM GAS  C:\Users\Nick\AppData\Local\Temp\cchcdvEu.s 			page 2


  33:.\Generated_Source\PSoC5/cyfitter_cfg.c ****     #define CY_CFG_SECTION __attribute__ ((section(".psocinit")))
  34:.\Generated_Source\PSoC5/cyfitter_cfg.c ****     
  35:.\Generated_Source\PSoC5/cyfitter_cfg.c ****     #if defined(__ARMCC_VERSION)
  36:.\Generated_Source\PSoC5/cyfitter_cfg.c ****         #define CY_CFG_MEMORY_BARRIER() __memory_changed()
  37:.\Generated_Source\PSoC5/cyfitter_cfg.c ****     #else
  38:.\Generated_Source\PSoC5/cyfitter_cfg.c ****         #define CY_CFG_MEMORY_BARRIER() __sync_synchronize()
  39:.\Generated_Source\PSoC5/cyfitter_cfg.c ****     #endif
  40:.\Generated_Source\PSoC5/cyfitter_cfg.c ****     
  41:.\Generated_Source\PSoC5/cyfitter_cfg.c **** #elif defined(__ICCARM__)
  42:.\Generated_Source\PSoC5/cyfitter_cfg.c ****     #include <intrinsics.h>
  43:.\Generated_Source\PSoC5/cyfitter_cfg.c **** 
  44:.\Generated_Source\PSoC5/cyfitter_cfg.c ****     #define CYPACKED __packed
  45:.\Generated_Source\PSoC5/cyfitter_cfg.c ****     #define CYPACKED_ATTR 
  46:.\Generated_Source\PSoC5/cyfitter_cfg.c ****     #define CYALIGNED _Pragma("data_alignment=4")
  47:.\Generated_Source\PSoC5/cyfitter_cfg.c ****     #define CY_CFG_UNUSED _Pragma("diag_suppress=Pe177")
  48:.\Generated_Source\PSoC5/cyfitter_cfg.c ****     #define CY_CFG_SECTION _Pragma("location=\".psocinit\"")
  49:.\Generated_Source\PSoC5/cyfitter_cfg.c ****     
  50:.\Generated_Source\PSoC5/cyfitter_cfg.c ****     #define CY_CFG_MEMORY_BARRIER() __DMB()
  51:.\Generated_Source\PSoC5/cyfitter_cfg.c ****     
  52:.\Generated_Source\PSoC5/cyfitter_cfg.c **** #else
  53:.\Generated_Source\PSoC5/cyfitter_cfg.c ****     #error Unsupported toolchain
  54:.\Generated_Source\PSoC5/cyfitter_cfg.c **** #endif
  55:.\Generated_Source\PSoC5/cyfitter_cfg.c **** 
  56:.\Generated_Source\PSoC5/cyfitter_cfg.c **** 
  57:.\Generated_Source\PSoC5/cyfitter_cfg.c **** CY_CFG_UNUSED
  58:.\Generated_Source\PSoC5/cyfitter_cfg.c **** static void CYMEMZERO(void *s, size_t n);
  59:.\Generated_Source\PSoC5/cyfitter_cfg.c **** CY_CFG_UNUSED
  60:.\Generated_Source\PSoC5/cyfitter_cfg.c **** static void CYMEMZERO(void *s, size_t n)
  61:.\Generated_Source\PSoC5/cyfitter_cfg.c **** {
  62:.\Generated_Source\PSoC5/cyfitter_cfg.c **** 	(void)memset(s, 0, n);
  63:.\Generated_Source\PSoC5/cyfitter_cfg.c **** }
  64:.\Generated_Source\PSoC5/cyfitter_cfg.c **** CY_CFG_UNUSED
  65:.\Generated_Source\PSoC5/cyfitter_cfg.c **** static void CYCONFIGCPY(void *dest, const void *src, size_t n);
  66:.\Generated_Source\PSoC5/cyfitter_cfg.c **** CY_CFG_UNUSED
  67:.\Generated_Source\PSoC5/cyfitter_cfg.c **** static void CYCONFIGCPY(void *dest, const void *src, size_t n)
  68:.\Generated_Source\PSoC5/cyfitter_cfg.c **** {
  69:.\Generated_Source\PSoC5/cyfitter_cfg.c **** 	(void)memcpy(dest, src, n);
  70:.\Generated_Source\PSoC5/cyfitter_cfg.c **** }
  71:.\Generated_Source\PSoC5/cyfitter_cfg.c **** CY_CFG_UNUSED
  72:.\Generated_Source\PSoC5/cyfitter_cfg.c **** static void CYCONFIGCPYCODE(void *dest, const void *src, size_t n);
  73:.\Generated_Source\PSoC5/cyfitter_cfg.c **** CY_CFG_UNUSED
  74:.\Generated_Source\PSoC5/cyfitter_cfg.c **** static void CYCONFIGCPYCODE(void *dest, const void *src, size_t n)
  75:.\Generated_Source\PSoC5/cyfitter_cfg.c **** {
  76:.\Generated_Source\PSoC5/cyfitter_cfg.c **** 	(void)memcpy(dest, src, n);
  77:.\Generated_Source\PSoC5/cyfitter_cfg.c **** }
  78:.\Generated_Source\PSoC5/cyfitter_cfg.c **** 
  79:.\Generated_Source\PSoC5/cyfitter_cfg.c **** 
  80:.\Generated_Source\PSoC5/cyfitter_cfg.c **** 
  81:.\Generated_Source\PSoC5/cyfitter_cfg.c **** /* Clock startup error codes                                                   */
  82:.\Generated_Source\PSoC5/cyfitter_cfg.c **** #define CYCLOCKSTART_NO_ERROR    0u
  83:.\Generated_Source\PSoC5/cyfitter_cfg.c **** #define CYCLOCKSTART_XTAL_ERROR  1u
  84:.\Generated_Source\PSoC5/cyfitter_cfg.c **** #define CYCLOCKSTART_32KHZ_ERROR 2u
  85:.\Generated_Source\PSoC5/cyfitter_cfg.c **** #define CYCLOCKSTART_PLL_ERROR   3u
  86:.\Generated_Source\PSoC5/cyfitter_cfg.c **** 
  87:.\Generated_Source\PSoC5/cyfitter_cfg.c **** #ifdef CY_NEED_CYCLOCKSTARTUPERROR
  88:.\Generated_Source\PSoC5/cyfitter_cfg.c **** /*******************************************************************************
  89:.\Generated_Source\PSoC5/cyfitter_cfg.c **** * Function Name: CyClockStartupError
ARM GAS  C:\Users\Nick\AppData\Local\Temp\cchcdvEu.s 			page 3


  90:.\Generated_Source\PSoC5/cyfitter_cfg.c **** ********************************************************************************
  91:.\Generated_Source\PSoC5/cyfitter_cfg.c **** * Summary:
  92:.\Generated_Source\PSoC5/cyfitter_cfg.c **** *  If an error is encountered during clock configuration (crystal startup error,
  93:.\Generated_Source\PSoC5/cyfitter_cfg.c **** *  PLL lock error, etc.), the system will end up here.  Unless reimplemented by
  94:.\Generated_Source\PSoC5/cyfitter_cfg.c **** *  the customer, this function will stop in an infinite loop.
  95:.\Generated_Source\PSoC5/cyfitter_cfg.c **** *
  96:.\Generated_Source\PSoC5/cyfitter_cfg.c **** * Parameters:
  97:.\Generated_Source\PSoC5/cyfitter_cfg.c **** *   void
  98:.\Generated_Source\PSoC5/cyfitter_cfg.c **** *
  99:.\Generated_Source\PSoC5/cyfitter_cfg.c **** * Return:
 100:.\Generated_Source\PSoC5/cyfitter_cfg.c **** *   void
 101:.\Generated_Source\PSoC5/cyfitter_cfg.c **** *
 102:.\Generated_Source\PSoC5/cyfitter_cfg.c **** *******************************************************************************/
 103:.\Generated_Source\PSoC5/cyfitter_cfg.c **** CY_CFG_UNUSED
 104:.\Generated_Source\PSoC5/cyfitter_cfg.c **** static void CyClockStartupError(uint8 errorCode);
 105:.\Generated_Source\PSoC5/cyfitter_cfg.c **** CY_CFG_UNUSED
 106:.\Generated_Source\PSoC5/cyfitter_cfg.c **** static void CyClockStartupError(uint8 errorCode)
 107:.\Generated_Source\PSoC5/cyfitter_cfg.c **** {
  26              		.loc 1 107 0
  27              		.cfi_startproc
  28              		@ Volatile: function does not return.
  29              		@ args = 0, pretend = 0, frame = 0
  30              		@ frame_needed = 0, uses_anonymous_args = 0
  31              		@ link register save eliminated.
  32              	.LVL0:
  33              	.L2:
  34 0000 FEE7     		b	.L2
  35              		.cfi_endproc
  36              	.LFE3:
  37              		.size	CyClockStartupError, .-CyClockStartupError
  38 0002 00BF     		.section	.text.AnalogSetDefault,"ax",%progbits
  39              		.align	2
  40              		.thumb
  41              		.thumb_func
  42              		.type	AnalogSetDefault, %function
  43              	AnalogSetDefault:
  44              	.LFB5:
 108:.\Generated_Source\PSoC5/cyfitter_cfg.c ****     /* To remove the compiler warning if errorCode not used.                */
 109:.\Generated_Source\PSoC5/cyfitter_cfg.c ****     errorCode = errorCode;
 110:.\Generated_Source\PSoC5/cyfitter_cfg.c **** 
 111:.\Generated_Source\PSoC5/cyfitter_cfg.c ****     /* `#START CyClockStartupError` */
 112:.\Generated_Source\PSoC5/cyfitter_cfg.c **** 
 113:.\Generated_Source\PSoC5/cyfitter_cfg.c ****     /* If we have a clock startup error (bad MHz crystal, PLL lock, etc.),  */
 114:.\Generated_Source\PSoC5/cyfitter_cfg.c ****     /* we will end up here to allow the customer to implement something to  */
 115:.\Generated_Source\PSoC5/cyfitter_cfg.c ****     /* deal with the clock condition.                                       */
 116:.\Generated_Source\PSoC5/cyfitter_cfg.c **** 
 117:.\Generated_Source\PSoC5/cyfitter_cfg.c ****     /* `#END` */
 118:.\Generated_Source\PSoC5/cyfitter_cfg.c **** 
 119:.\Generated_Source\PSoC5/cyfitter_cfg.c ****     /* If nothing else, stop here since the clocks have not started         */
 120:.\Generated_Source\PSoC5/cyfitter_cfg.c ****     /* correctly.                                                           */
 121:.\Generated_Source\PSoC5/cyfitter_cfg.c ****     while(1) {}
 122:.\Generated_Source\PSoC5/cyfitter_cfg.c **** }
 123:.\Generated_Source\PSoC5/cyfitter_cfg.c **** #endif
 124:.\Generated_Source\PSoC5/cyfitter_cfg.c **** 
 125:.\Generated_Source\PSoC5/cyfitter_cfg.c **** 
 126:.\Generated_Source\PSoC5/cyfitter_cfg.c **** /*******************************************************************************
 127:.\Generated_Source\PSoC5/cyfitter_cfg.c **** * Function Name: ClockSetup
ARM GAS  C:\Users\Nick\AppData\Local\Temp\cchcdvEu.s 			page 4


 128:.\Generated_Source\PSoC5/cyfitter_cfg.c **** ********************************************************************************
 129:.\Generated_Source\PSoC5/cyfitter_cfg.c **** *
 130:.\Generated_Source\PSoC5/cyfitter_cfg.c **** * Summary:
 131:.\Generated_Source\PSoC5/cyfitter_cfg.c **** *  Performs the initialization of all of the clocks in the device based on the
 132:.\Generated_Source\PSoC5/cyfitter_cfg.c **** *  settings in the Clock tab of the DWR.  This includes enabling the requested
 133:.\Generated_Source\PSoC5/cyfitter_cfg.c **** *  clocks and setting the necessary dividers to produce the desired frequency. 
 134:.\Generated_Source\PSoC5/cyfitter_cfg.c **** *
 135:.\Generated_Source\PSoC5/cyfitter_cfg.c **** * Parameters:
 136:.\Generated_Source\PSoC5/cyfitter_cfg.c **** *  void
 137:.\Generated_Source\PSoC5/cyfitter_cfg.c **** *
 138:.\Generated_Source\PSoC5/cyfitter_cfg.c **** * Return:
 139:.\Generated_Source\PSoC5/cyfitter_cfg.c **** *  void
 140:.\Generated_Source\PSoC5/cyfitter_cfg.c **** *
 141:.\Generated_Source\PSoC5/cyfitter_cfg.c **** *******************************************************************************/
 142:.\Generated_Source\PSoC5/cyfitter_cfg.c **** static void ClockSetup(void);
 143:.\Generated_Source\PSoC5/cyfitter_cfg.c **** static void ClockSetup(void)
 144:.\Generated_Source\PSoC5/cyfitter_cfg.c **** {
 145:.\Generated_Source\PSoC5/cyfitter_cfg.c **** 	uint32 timeout;
 146:.\Generated_Source\PSoC5/cyfitter_cfg.c **** 	uint8 pllLock;
 147:.\Generated_Source\PSoC5/cyfitter_cfg.c **** 
 148:.\Generated_Source\PSoC5/cyfitter_cfg.c **** 
 149:.\Generated_Source\PSoC5/cyfitter_cfg.c **** 	/* Configure ILO based on settings from Clock DWR */
 150:.\Generated_Source\PSoC5/cyfitter_cfg.c **** 	CY_SET_XTND_REG8((void CYFAR *)(CYREG_SLOWCLK_ILO_CR0), 0x02u);
 151:.\Generated_Source\PSoC5/cyfitter_cfg.c **** 	CY_SET_XTND_REG8((void CYFAR *)(CYREG_CLKDIST_CR), 0x08u);
 152:.\Generated_Source\PSoC5/cyfitter_cfg.c **** 
 153:.\Generated_Source\PSoC5/cyfitter_cfg.c **** 	/* Configure IMO based on settings from Clock DWR */
 154:.\Generated_Source\PSoC5/cyfitter_cfg.c **** 	CY_SET_XTND_REG8((void CYFAR *)(CYREG_FASTCLK_IMO_CR), 0x03u);
 155:.\Generated_Source\PSoC5/cyfitter_cfg.c **** 	CY_SET_XTND_REG8((void CYFAR *)(CYREG_IMO_TR1), (CY_GET_XTND_REG8((void CYFAR *)CYREG_FLSHID_CUST_
 156:.\Generated_Source\PSoC5/cyfitter_cfg.c **** 
 157:.\Generated_Source\PSoC5/cyfitter_cfg.c **** 	/* Configure PLL based on settings from Clock DWR */
 158:.\Generated_Source\PSoC5/cyfitter_cfg.c **** 	CY_SET_XTND_REG16((void CYFAR *)(CYREG_FASTCLK_PLL_P), 0x0008u);
 159:.\Generated_Source\PSoC5/cyfitter_cfg.c **** 	CY_SET_XTND_REG16((void CYFAR *)(CYREG_FASTCLK_PLL_CFG0), 0x1251u);
 160:.\Generated_Source\PSoC5/cyfitter_cfg.c **** 	/* Wait up to 250us for the PLL to lock */
 161:.\Generated_Source\PSoC5/cyfitter_cfg.c **** 	pllLock = 0u;
 162:.\Generated_Source\PSoC5/cyfitter_cfg.c **** 	for (timeout = 250u / 10u; (timeout > 0u) && (pllLock != 0x03u); timeout--)
 163:.\Generated_Source\PSoC5/cyfitter_cfg.c **** 	{ 
 164:.\Generated_Source\PSoC5/cyfitter_cfg.c **** 		pllLock = 0x03u & ((uint8)((uint8)pllLock << 1) | ((CY_GET_XTND_REG8((void CYFAR *)CYREG_FASTCLK_
 165:.\Generated_Source\PSoC5/cyfitter_cfg.c **** 		CyDelayCycles(10u * 48u); /* Delay 10us based on 48MHz clock */
 166:.\Generated_Source\PSoC5/cyfitter_cfg.c **** 	}
 167:.\Generated_Source\PSoC5/cyfitter_cfg.c **** 	/* If we ran out of time the PLL didn't lock so go to the error function */
 168:.\Generated_Source\PSoC5/cyfitter_cfg.c **** 	if (timeout == 0u)
 169:.\Generated_Source\PSoC5/cyfitter_cfg.c **** 	{
 170:.\Generated_Source\PSoC5/cyfitter_cfg.c **** 		CyClockStartupError(CYCLOCKSTART_PLL_ERROR);
 171:.\Generated_Source\PSoC5/cyfitter_cfg.c **** 	}
 172:.\Generated_Source\PSoC5/cyfitter_cfg.c **** 
 173:.\Generated_Source\PSoC5/cyfitter_cfg.c **** 	/* Configure Bus/Master Clock based on settings from Clock DWR */
 174:.\Generated_Source\PSoC5/cyfitter_cfg.c **** 	CY_SET_XTND_REG16((void CYFAR *)(CYREG_CLKDIST_MSTR0), 0x0100u);
 175:.\Generated_Source\PSoC5/cyfitter_cfg.c **** 	CY_SET_XTND_REG8((void CYFAR *)(CYREG_CLKDIST_MSTR0), 0x07u);
 176:.\Generated_Source\PSoC5/cyfitter_cfg.c **** 	CY_SET_XTND_REG8((void CYFAR *)(CYREG_CLKDIST_BCFG0), 0x00u);
 177:.\Generated_Source\PSoC5/cyfitter_cfg.c **** 	CY_SET_XTND_REG8((void CYFAR *)(CYREG_CLKDIST_BCFG2), 0x48u);
 178:.\Generated_Source\PSoC5/cyfitter_cfg.c **** 	CY_SET_XTND_REG8((void CYFAR *)(CYREG_CLKDIST_MSTR0), 0x00u);
 179:.\Generated_Source\PSoC5/cyfitter_cfg.c **** 	CY_SET_XTND_REG8((void CYFAR *)(CYREG_CLKDIST_LD), 0x02u);
 180:.\Generated_Source\PSoC5/cyfitter_cfg.c **** }
 181:.\Generated_Source\PSoC5/cyfitter_cfg.c **** 
 182:.\Generated_Source\PSoC5/cyfitter_cfg.c **** 
 183:.\Generated_Source\PSoC5/cyfitter_cfg.c **** /* Analog API Functions */
 184:.\Generated_Source\PSoC5/cyfitter_cfg.c **** 
ARM GAS  C:\Users\Nick\AppData\Local\Temp\cchcdvEu.s 			page 5


 185:.\Generated_Source\PSoC5/cyfitter_cfg.c **** 
 186:.\Generated_Source\PSoC5/cyfitter_cfg.c **** /*******************************************************************************
 187:.\Generated_Source\PSoC5/cyfitter_cfg.c **** * Function Name: AnalogSetDefault
 188:.\Generated_Source\PSoC5/cyfitter_cfg.c **** ********************************************************************************
 189:.\Generated_Source\PSoC5/cyfitter_cfg.c **** *
 190:.\Generated_Source\PSoC5/cyfitter_cfg.c **** * Summary:
 191:.\Generated_Source\PSoC5/cyfitter_cfg.c **** *  Sets up the analog portions of the chip to default values based on chip
 192:.\Generated_Source\PSoC5/cyfitter_cfg.c **** *  configuration options from the project.
 193:.\Generated_Source\PSoC5/cyfitter_cfg.c **** *
 194:.\Generated_Source\PSoC5/cyfitter_cfg.c **** * Parameters:
 195:.\Generated_Source\PSoC5/cyfitter_cfg.c **** *  void
 196:.\Generated_Source\PSoC5/cyfitter_cfg.c **** *
 197:.\Generated_Source\PSoC5/cyfitter_cfg.c **** * Return:
 198:.\Generated_Source\PSoC5/cyfitter_cfg.c **** *  void
 199:.\Generated_Source\PSoC5/cyfitter_cfg.c **** *
 200:.\Generated_Source\PSoC5/cyfitter_cfg.c **** *******************************************************************************/
 201:.\Generated_Source\PSoC5/cyfitter_cfg.c **** static void AnalogSetDefault(void);
 202:.\Generated_Source\PSoC5/cyfitter_cfg.c **** static void AnalogSetDefault(void)
 203:.\Generated_Source\PSoC5/cyfitter_cfg.c **** {
  45              		.loc 1 203 0
  46              		.cfi_startproc
  47              		@ args = 0, pretend = 0, frame = 0
  48              		@ frame_needed = 0, uses_anonymous_args = 0
  49              		@ link register save eliminated.
 204:.\Generated_Source\PSoC5/cyfitter_cfg.c **** 	uint8 bg_xover_inl_trim = CY_GET_XTND_REG8((void CYFAR *)(CYREG_FLSHID_MFG_CFG_BG_XOVER_INL_TRIM +
  50              		.loc 1 204 0
  51 0000 064B     		ldr	r3, .L4
  52 0002 1B78     		ldrb	r3, [r3]	@ zero_extendqisi2
  53 0004 DBB2     		uxtb	r3, r3
  54              	.LVL1:
 205:.\Generated_Source\PSoC5/cyfitter_cfg.c **** 	CY_SET_XTND_REG8((void CYFAR *)(CYREG_BG_DFT0), (bg_xover_inl_trim & 0x07u));
  55              		.loc 1 205 0
  56 0006 03F00701 		and	r1, r3, #7
  57 000a 054A     		ldr	r2, .L4+4
  58 000c 1170     		strb	r1, [r2]
 206:.\Generated_Source\PSoC5/cyfitter_cfg.c **** 	CY_SET_XTND_REG8((void CYFAR *)(CYREG_BG_DFT1), ((bg_xover_inl_trim >> 4) & 0x0Fu));
  59              		.loc 1 206 0
  60 000e 1B09     		lsrs	r3, r3, #4
  61              	.LVL2:
  62 0010 0132     		adds	r2, r2, #1
  63 0012 1370     		strb	r3, [r2]
 207:.\Generated_Source\PSoC5/cyfitter_cfg.c **** 	CY_SET_XTND_REG8((void CYFAR *)CYREG_PUMP_CR0, 0x44u);
  64              		.loc 1 207 0
  65 0014 4422     		movs	r2, #68
  66 0016 034B     		ldr	r3, .L4+8
  67 0018 1A70     		strb	r2, [r3]
  68 001a 7047     		bx	lr
  69              	.L5:
  70              		.align	2
  71              	.L4:
  72 001c CF010049 		.word	1224737231
  73 0020 6E580040 		.word	1073764462
  74 0024 76580040 		.word	1073764470
  75              		.cfi_endproc
  76              	.LFE5:
  77              		.size	AnalogSetDefault, .-AnalogSetDefault
  78              		.section	.text.CYMEMZERO,"ax",%progbits
ARM GAS  C:\Users\Nick\AppData\Local\Temp\cchcdvEu.s 			page 6


  79              		.align	2
  80              		.thumb
  81              		.thumb_func
  82              		.type	CYMEMZERO, %function
  83              	CYMEMZERO:
  84              	.LFB0:
  61:.\Generated_Source\PSoC5/cyfitter_cfg.c **** {
  85              		.loc 1 61 0
  86              		.cfi_startproc
  87              		@ args = 0, pretend = 0, frame = 0
  88              		@ frame_needed = 0, uses_anonymous_args = 0
  89              	.LVL3:
  90 0000 08B5     		push	{r3, lr}
  91              		.cfi_def_cfa_offset 8
  92              		.cfi_offset 3, -8
  93              		.cfi_offset 14, -4
  94 0002 0A46     		mov	r2, r1
  62:.\Generated_Source\PSoC5/cyfitter_cfg.c **** 	(void)memset(s, 0, n);
  95              		.loc 1 62 0
  96 0004 0021     		movs	r1, #0
  97              	.LVL4:
  98 0006 FFF7FEFF 		bl	memset
  99              	.LVL5:
 100 000a 08BD     		pop	{r3, pc}
 101              		.cfi_endproc
 102              	.LFE0:
 103              		.size	CYMEMZERO, .-CYMEMZERO
 104              		.section	.text.ClockSetup,"ax",%progbits
 105              		.align	2
 106              		.thumb
 107              		.thumb_func
 108              		.type	ClockSetup, %function
 109              	ClockSetup:
 110              	.LFB4:
 144:.\Generated_Source\PSoC5/cyfitter_cfg.c **** {
 111              		.loc 1 144 0
 112              		.cfi_startproc
 113              		@ args = 0, pretend = 0, frame = 0
 114              		@ frame_needed = 0, uses_anonymous_args = 0
 115 0000 F8B5     		push	{r3, r4, r5, r6, r7, lr}
 116              		.cfi_def_cfa_offset 24
 117              		.cfi_offset 3, -24
 118              		.cfi_offset 4, -20
 119              		.cfi_offset 5, -16
 120              		.cfi_offset 6, -12
 121              		.cfi_offset 7, -8
 122              		.cfi_offset 14, -4
 150:.\Generated_Source\PSoC5/cyfitter_cfg.c **** 	CY_SET_XTND_REG8((void CYFAR *)(CYREG_SLOWCLK_ILO_CR0), 0x02u);
 123              		.loc 1 150 0
 124 0002 0222     		movs	r2, #2
 125 0004 1F4B     		ldr	r3, .L12
 126 0006 1A70     		strb	r2, [r3]
 151:.\Generated_Source\PSoC5/cyfitter_cfg.c **** 	CY_SET_XTND_REG8((void CYFAR *)(CYREG_CLKDIST_CR), 0x08u);
 127              		.loc 1 151 0
 128 0008 0823     		movs	r3, #8
 129 000a 4FF04022 		mov	r2, #1073758208
 130 000e 1370     		strb	r3, [r2]
ARM GAS  C:\Users\Nick\AppData\Local\Temp\cchcdvEu.s 			page 7


 154:.\Generated_Source\PSoC5/cyfitter_cfg.c **** 	CY_SET_XTND_REG8((void CYFAR *)(CYREG_FASTCLK_IMO_CR), 0x03u);
 131              		.loc 1 154 0
 132 0010 0321     		movs	r1, #3
 133 0012 02F50072 		add	r2, r2, #512
 134 0016 1170     		strb	r1, [r2]
 155:.\Generated_Source\PSoC5/cyfitter_cfg.c **** 	CY_SET_XTND_REG8((void CYFAR *)(CYREG_IMO_TR1), (CY_GET_XTND_REG8((void CYFAR *)CYREG_FLSHID_CUST_
 135              		.loc 1 155 0
 136 0018 1B4A     		ldr	r2, .L12+4
 137 001a 1178     		ldrb	r1, [r2]	@ zero_extendqisi2
 138 001c C9B2     		uxtb	r1, r1
 139 001e 1B4A     		ldr	r2, .L12+8
 140 0020 1170     		strb	r1, [r2]
 158:.\Generated_Source\PSoC5/cyfitter_cfg.c **** 	CY_SET_XTND_REG16((void CYFAR *)(CYREG_FASTCLK_PLL_P), 0x0008u);
 141              		.loc 1 158 0
 142 0022 A2F27F42 		subw	r2, r2, #1151
 143 0026 1380     		strh	r3, [r2]	@ movhi
 159:.\Generated_Source\PSoC5/cyfitter_cfg.c **** 	CY_SET_XTND_REG16((void CYFAR *)(CYREG_FASTCLK_PLL_CFG0), 0x1251u);
 144              		.loc 1 159 0
 145 0028 41F25122 		movw	r2, #4689
 146 002c 184B     		ldr	r3, .L12+12
 147 002e 1A80     		strh	r2, [r3]	@ movhi
 148              	.LVL6:
 161:.\Generated_Source\PSoC5/cyfitter_cfg.c **** 	pllLock = 0u;
 149              		.loc 1 161 0
 150 0030 0025     		movs	r5, #0
 162:.\Generated_Source\PSoC5/cyfitter_cfg.c **** 	for (timeout = 250u / 10u; (timeout > 0u) && (pllLock != 0x03u); timeout--)
 151              		.loc 1 162 0
 152 0032 1924     		movs	r4, #25
 164:.\Generated_Source\PSoC5/cyfitter_cfg.c **** 		pllLock = 0x03u & ((uint8)((uint8)pllLock << 1) | ((CY_GET_XTND_REG8((void CYFAR *)CYREG_FASTCLK_
 153              		.loc 1 164 0
 154 0034 174F     		ldr	r7, .L12+16
 165:.\Generated_Source\PSoC5/cyfitter_cfg.c **** 		CyDelayCycles(10u * 48u); /* Delay 10us based on 48MHz clock */
 155              		.loc 1 165 0
 156 0036 4FF4F076 		mov	r6, #480
 162:.\Generated_Source\PSoC5/cyfitter_cfg.c **** 	for (timeout = 250u / 10u; (timeout > 0u) && (pllLock != 0x03u); timeout--)
 157              		.loc 1 162 0
 158 003a 0AE0     		b	.L8
 159              	.LVL7:
 160              	.L10:
 164:.\Generated_Source\PSoC5/cyfitter_cfg.c **** 		pllLock = 0x03u & ((uint8)((uint8)pllLock << 1) | ((CY_GET_XTND_REG8((void CYFAR *)CYREG_FASTCLK_
 161              		.loc 1 164 0 discriminator 1
 162 003c 3B78     		ldrb	r3, [r7]	@ zero_extendqisi2
 163 003e 03F00103 		and	r3, r3, #1
 164 0042 43EA4505 		orr	r5, r3, r5, lsl #1
 165              	.LVL8:
 166 0046 05F00305 		and	r5, r5, #3
 167              	.LVL9:
 165:.\Generated_Source\PSoC5/cyfitter_cfg.c **** 		CyDelayCycles(10u * 48u); /* Delay 10us based on 48MHz clock */
 168              		.loc 1 165 0 discriminator 1
 169 004a 3046     		mov	r0, r6
 170 004c FFF7FEFF 		bl	CyDelayCycles
 171              	.LVL10:
 162:.\Generated_Source\PSoC5/cyfitter_cfg.c **** 	for (timeout = 250u / 10u; (timeout > 0u) && (pllLock != 0x03u); timeout--)
 172              		.loc 1 162 0 discriminator 1
 173 0050 013C     		subs	r4, r4, #1
 174              	.LVL11:
 175              	.L8:
ARM GAS  C:\Users\Nick\AppData\Local\Temp\cchcdvEu.s 			page 8


 176 0052 0CB1     		cbz	r4, .L9
 162:.\Generated_Source\PSoC5/cyfitter_cfg.c **** 	for (timeout = 250u / 10u; (timeout > 0u) && (pllLock != 0x03u); timeout--)
 177              		.loc 1 162 0 is_stmt 0 discriminator 2
 178 0054 032D     		cmp	r5, #3
 179 0056 F1D1     		bne	.L10
 180              	.L9:
 168:.\Generated_Source\PSoC5/cyfitter_cfg.c **** 	if (timeout == 0u)
 181              		.loc 1 168 0 is_stmt 1
 182 0058 14B9     		cbnz	r4, .L11
 170:.\Generated_Source\PSoC5/cyfitter_cfg.c **** 		CyClockStartupError(CYCLOCKSTART_PLL_ERROR);
 183              		.loc 1 170 0
 184 005a 0320     		movs	r0, #3
 185 005c FFF7FEFF 		bl	CyClockStartupError
 186              	.LVL12:
 187              	.L11:
 174:.\Generated_Source\PSoC5/cyfitter_cfg.c **** 	CY_SET_XTND_REG16((void CYFAR *)(CYREG_CLKDIST_MSTR0), 0x0100u);
 188              		.loc 1 174 0
 189 0060 0D4B     		ldr	r3, .L12+20
 190 0062 4FF48072 		mov	r2, #256
 191 0066 1A80     		strh	r2, [r3]	@ movhi
 175:.\Generated_Source\PSoC5/cyfitter_cfg.c **** 	CY_SET_XTND_REG8((void CYFAR *)(CYREG_CLKDIST_MSTR0), 0x07u);
 192              		.loc 1 175 0
 193 0068 0722     		movs	r2, #7
 194 006a 1A70     		strb	r2, [r3]
 176:.\Generated_Source\PSoC5/cyfitter_cfg.c **** 	CY_SET_XTND_REG8((void CYFAR *)(CYREG_CLKDIST_BCFG0), 0x00u);
 195              		.loc 1 176 0
 196 006c 0022     		movs	r2, #0
 197 006e 0B49     		ldr	r1, .L12+24
 198 0070 0A70     		strb	r2, [r1]
 177:.\Generated_Source\PSoC5/cyfitter_cfg.c **** 	CY_SET_XTND_REG8((void CYFAR *)(CYREG_CLKDIST_BCFG2), 0x48u);
 199              		.loc 1 177 0
 200 0072 4820     		movs	r0, #72
 201 0074 0231     		adds	r1, r1, #2
 202 0076 0870     		strb	r0, [r1]
 178:.\Generated_Source\PSoC5/cyfitter_cfg.c **** 	CY_SET_XTND_REG8((void CYFAR *)(CYREG_CLKDIST_MSTR0), 0x00u);
 203              		.loc 1 178 0
 204 0078 1A70     		strb	r2, [r3]
 179:.\Generated_Source\PSoC5/cyfitter_cfg.c **** 	CY_SET_XTND_REG8((void CYFAR *)(CYREG_CLKDIST_LD), 0x02u);
 205              		.loc 1 179 0
 206 007a 0222     		movs	r2, #2
 207 007c 033B     		subs	r3, r3, #3
 208 007e 1A70     		strb	r2, [r3]
 209 0080 F8BD     		pop	{r3, r4, r5, r6, r7, pc}
 210              	.LVL13:
 211              	.L13:
 212 0082 00BF     		.align	2
 213              	.L12:
 214 0084 00430040 		.word	1073758976
 215 0088 08010049 		.word	1224737032
 216 008c A1460040 		.word	1073759905
 217 0090 20420040 		.word	1073758752
 218 0094 25420040 		.word	1073758757
 219 0098 04400040 		.word	1073758212
 220 009c 06400040 		.word	1073758214
 221              		.cfi_endproc
 222              	.LFE4:
 223              		.size	ClockSetup, .-ClockSetup
ARM GAS  C:\Users\Nick\AppData\Local\Temp\cchcdvEu.s 			page 9


 224              		.section	.text.CYCONFIGCPY,"ax",%progbits
 225              		.align	2
 226              		.thumb
 227              		.thumb_func
 228              		.type	CYCONFIGCPY, %function
 229              	CYCONFIGCPY:
 230              	.LFB1:
  68:.\Generated_Source\PSoC5/cyfitter_cfg.c **** {
 231              		.loc 1 68 0
 232              		.cfi_startproc
 233              		@ args = 0, pretend = 0, frame = 0
 234              		@ frame_needed = 0, uses_anonymous_args = 0
 235              	.LVL14:
 236 0000 08B5     		push	{r3, lr}
 237              		.cfi_def_cfa_offset 8
 238              		.cfi_offset 3, -8
 239              		.cfi_offset 14, -4
  69:.\Generated_Source\PSoC5/cyfitter_cfg.c **** 	(void)memcpy(dest, src, n);
 240              		.loc 1 69 0
 241 0002 FFF7FEFF 		bl	memcpy
 242              	.LVL15:
 243 0006 08BD     		pop	{r3, pc}
 244              		.cfi_endproc
 245              	.LFE1:
 246              		.size	CYCONFIGCPY, .-CYCONFIGCPY
 247              		.section	.text.SetAnalogRoutingPumps,"ax",%progbits
 248              		.align	2
 249              		.global	SetAnalogRoutingPumps
 250              		.thumb
 251              		.thumb_func
 252              		.type	SetAnalogRoutingPumps, %function
 253              	SetAnalogRoutingPumps:
 254              	.LFB6:
 208:.\Generated_Source\PSoC5/cyfitter_cfg.c **** }
 209:.\Generated_Source\PSoC5/cyfitter_cfg.c **** 
 210:.\Generated_Source\PSoC5/cyfitter_cfg.c **** 
 211:.\Generated_Source\PSoC5/cyfitter_cfg.c **** /*******************************************************************************
 212:.\Generated_Source\PSoC5/cyfitter_cfg.c **** * Function Name: SetAnalogRoutingPumps
 213:.\Generated_Source\PSoC5/cyfitter_cfg.c **** ********************************************************************************
 214:.\Generated_Source\PSoC5/cyfitter_cfg.c **** *
 215:.\Generated_Source\PSoC5/cyfitter_cfg.c **** * Summary:
 216:.\Generated_Source\PSoC5/cyfitter_cfg.c **** * Enables or disables the analog pumps feeding analog routing switches.
 217:.\Generated_Source\PSoC5/cyfitter_cfg.c **** * Intended to be called at startup, based on the Vdda system configuration;
 218:.\Generated_Source\PSoC5/cyfitter_cfg.c **** * may be called during operation when the user informs us that the Vdda voltage
 219:.\Generated_Source\PSoC5/cyfitter_cfg.c **** * crossed the pump threshold.
 220:.\Generated_Source\PSoC5/cyfitter_cfg.c **** *
 221:.\Generated_Source\PSoC5/cyfitter_cfg.c **** * Parameters:
 222:.\Generated_Source\PSoC5/cyfitter_cfg.c **** *  enabled - 1 to enable the pumps, 0 to disable the pumps
 223:.\Generated_Source\PSoC5/cyfitter_cfg.c **** *
 224:.\Generated_Source\PSoC5/cyfitter_cfg.c **** * Return:
 225:.\Generated_Source\PSoC5/cyfitter_cfg.c **** *  void
 226:.\Generated_Source\PSoC5/cyfitter_cfg.c **** *
 227:.\Generated_Source\PSoC5/cyfitter_cfg.c **** *******************************************************************************/
 228:.\Generated_Source\PSoC5/cyfitter_cfg.c **** void SetAnalogRoutingPumps(uint8 enabled)
 229:.\Generated_Source\PSoC5/cyfitter_cfg.c **** {
 255              		.loc 1 229 0
 256              		.cfi_startproc
ARM GAS  C:\Users\Nick\AppData\Local\Temp\cchcdvEu.s 			page 10


 257              		@ args = 0, pretend = 0, frame = 0
 258              		@ frame_needed = 0, uses_anonymous_args = 0
 259              		@ link register save eliminated.
 260              	.LVL16:
 230:.\Generated_Source\PSoC5/cyfitter_cfg.c **** 	uint8 regValue = CY_GET_XTND_REG8((void CYFAR *)CYREG_PUMP_CR0);
 261              		.loc 1 230 0
 262 0000 024B     		ldr	r3, .L16
 263 0002 1A78     		ldrb	r2, [r3]	@ zero_extendqisi2
 264 0004 D2B2     		uxtb	r2, r2
 265              	.LVL17:
 231:.\Generated_Source\PSoC5/cyfitter_cfg.c **** 	if (enabled != 0u)
 232:.\Generated_Source\PSoC5/cyfitter_cfg.c **** 	{
 233:.\Generated_Source\PSoC5/cyfitter_cfg.c **** 		regValue |= 0x00u;
 234:.\Generated_Source\PSoC5/cyfitter_cfg.c **** 	}
 235:.\Generated_Source\PSoC5/cyfitter_cfg.c **** 	else
 236:.\Generated_Source\PSoC5/cyfitter_cfg.c **** 	{
 237:.\Generated_Source\PSoC5/cyfitter_cfg.c **** 		regValue &= (uint8)~0x00u;
 238:.\Generated_Source\PSoC5/cyfitter_cfg.c **** 	}
 239:.\Generated_Source\PSoC5/cyfitter_cfg.c **** 	CY_SET_XTND_REG8((void CYFAR *)CYREG_PUMP_CR0, regValue);
 266              		.loc 1 239 0
 267 0006 1A70     		strb	r2, [r3]
 268 0008 7047     		bx	lr
 269              	.L17:
 270 000a 00BF     		.align	2
 271              	.L16:
 272 000c 76580040 		.word	1073764470
 273              		.cfi_endproc
 274              	.LFE6:
 275              		.size	SetAnalogRoutingPumps, .-SetAnalogRoutingPumps
 276              		.section	.text.cyfitter_cfg,"ax",%progbits
 277              		.align	2
 278              		.global	cyfitter_cfg
 279              		.thumb
 280              		.thumb_func
 281              		.type	cyfitter_cfg, %function
 282              	cyfitter_cfg:
 283              	.LFB7:
 240:.\Generated_Source\PSoC5/cyfitter_cfg.c **** }
 241:.\Generated_Source\PSoC5/cyfitter_cfg.c **** 
 242:.\Generated_Source\PSoC5/cyfitter_cfg.c **** #define CY_AMUX_UNUSED CYREG_BOOST_SR
 243:.\Generated_Source\PSoC5/cyfitter_cfg.c **** 
 244:.\Generated_Source\PSoC5/cyfitter_cfg.c **** 
 245:.\Generated_Source\PSoC5/cyfitter_cfg.c **** /*******************************************************************************
 246:.\Generated_Source\PSoC5/cyfitter_cfg.c **** * Function Name: cyfitter_cfg
 247:.\Generated_Source\PSoC5/cyfitter_cfg.c **** ********************************************************************************
 248:.\Generated_Source\PSoC5/cyfitter_cfg.c **** * Summary:
 249:.\Generated_Source\PSoC5/cyfitter_cfg.c **** *  This function is called by the start-up code for the selected device. It
 250:.\Generated_Source\PSoC5/cyfitter_cfg.c **** *  performs all of the necessary device configuration based on the design
 251:.\Generated_Source\PSoC5/cyfitter_cfg.c **** *  settings.  This includes settings from the Design Wide Resources (DWR) such
 252:.\Generated_Source\PSoC5/cyfitter_cfg.c **** *  as Clocks and Pins as well as any component configuration that is necessary.
 253:.\Generated_Source\PSoC5/cyfitter_cfg.c **** *
 254:.\Generated_Source\PSoC5/cyfitter_cfg.c **** * Parameters:  
 255:.\Generated_Source\PSoC5/cyfitter_cfg.c **** *   void
 256:.\Generated_Source\PSoC5/cyfitter_cfg.c **** *
 257:.\Generated_Source\PSoC5/cyfitter_cfg.c **** * Return:
 258:.\Generated_Source\PSoC5/cyfitter_cfg.c **** *   void
 259:.\Generated_Source\PSoC5/cyfitter_cfg.c **** *
ARM GAS  C:\Users\Nick\AppData\Local\Temp\cchcdvEu.s 			page 11


 260:.\Generated_Source\PSoC5/cyfitter_cfg.c **** *******************************************************************************/
 261:.\Generated_Source\PSoC5/cyfitter_cfg.c **** 
 262:.\Generated_Source\PSoC5/cyfitter_cfg.c **** void cyfitter_cfg(void)
 263:.\Generated_Source\PSoC5/cyfitter_cfg.c **** {
 284              		.loc 1 263 0
 285              		.cfi_startproc
 286              		@ args = 0, pretend = 0, frame = 0
 287              		@ frame_needed = 0, uses_anonymous_args = 0
 288 0000 38B5     		push	{r3, r4, r5, lr}
 289              		.cfi_def_cfa_offset 16
 290              		.cfi_offset 3, -16
 291              		.cfi_offset 4, -12
 292              		.cfi_offset 5, -8
 293              		.cfi_offset 14, -4
 264:.\Generated_Source\PSoC5/cyfitter_cfg.c **** #ifdef CYGlobalIntDisable
 265:.\Generated_Source\PSoC5/cyfitter_cfg.c **** 	/* Disable interrupts by default. Let user enable if/when they want. */
 266:.\Generated_Source\PSoC5/cyfitter_cfg.c **** 	CYGlobalIntDisable
 294              		.loc 1 266 0
 295              	@ 266 ".\Generated_Source\PSoC5\cyfitter_cfg.c" 1
 296 0002 72B6     		CPSID   i
 297              	@ 0 "" 2
 267:.\Generated_Source\PSoC5/cyfitter_cfg.c **** #endif
 268:.\Generated_Source\PSoC5/cyfitter_cfg.c **** 
 269:.\Generated_Source\PSoC5/cyfitter_cfg.c **** 	/* Enable/Disable Debug functionality based on settings from System DWR */
 270:.\Generated_Source\PSoC5/cyfitter_cfg.c **** 	CY_SET_XTND_REG8((void CYFAR *)CYREG_MLOGIC_DEBUG, (CY_GET_XTND_REG8((void CYFAR *)CYREG_MLOGIC_DE
 298              		.loc 1 270 0
 299              		.thumb
 300 0004 1F4B     		ldr	r3, .L21
 301 0006 1A78     		ldrb	r2, [r3]	@ zero_extendqisi2
 302 0008 42F00402 		orr	r2, r2, #4
 303 000c 1A70     		strb	r2, [r3]
 304              	.LVL18:
 305              	.LBB2:
 271:.\Generated_Source\PSoC5/cyfitter_cfg.c **** 
 272:.\Generated_Source\PSoC5/cyfitter_cfg.c **** 	{
 273:.\Generated_Source\PSoC5/cyfitter_cfg.c **** 
 274:.\Generated_Source\PSoC5/cyfitter_cfg.c **** 		CYPACKED typedef struct {
 275:.\Generated_Source\PSoC5/cyfitter_cfg.c **** 			void CYFAR *address;
 276:.\Generated_Source\PSoC5/cyfitter_cfg.c **** 			uint16 size;
 277:.\Generated_Source\PSoC5/cyfitter_cfg.c **** 		} CYPACKED_ATTR cfg_memset_t;
 278:.\Generated_Source\PSoC5/cyfitter_cfg.c **** 
 279:.\Generated_Source\PSoC5/cyfitter_cfg.c **** 		static const cfg_memset_t CYCODE cfg_memset_list [] = {
 280:.\Generated_Source\PSoC5/cyfitter_cfg.c **** 			/* address, size */
 281:.\Generated_Source\PSoC5/cyfitter_cfg.c **** 			{(void CYFAR *)(CYREG_PRT0_DR), 112u},
 282:.\Generated_Source\PSoC5/cyfitter_cfg.c **** 			{(void CYFAR *)(CYREG_PRT12_DR), 16u},
 283:.\Generated_Source\PSoC5/cyfitter_cfg.c **** 			{(void CYFAR *)(CYREG_PRT15_DR), 16u},
 284:.\Generated_Source\PSoC5/cyfitter_cfg.c **** 			{(void CYFAR *)(CYDEV_UCFG_B0_P0_U0_BASE), 4096u},
 285:.\Generated_Source\PSoC5/cyfitter_cfg.c **** 			{(void CYFAR *)(CYDEV_UCFG_B1_P2_U0_BASE), 2048u},
 286:.\Generated_Source\PSoC5/cyfitter_cfg.c **** 			{(void CYFAR *)(CYDEV_UCFG_DSI0_BASE), 2560u},
 287:.\Generated_Source\PSoC5/cyfitter_cfg.c **** 			{(void CYFAR *)(CYDEV_UCFG_DSI12_BASE), 512u},
 288:.\Generated_Source\PSoC5/cyfitter_cfg.c **** 			{(void CYFAR *)(CYREG_BCTL0_MDCLK_EN), 32u},
 289:.\Generated_Source\PSoC5/cyfitter_cfg.c **** 		};
 290:.\Generated_Source\PSoC5/cyfitter_cfg.c **** 
 291:.\Generated_Source\PSoC5/cyfitter_cfg.c **** 		uint8 CYDATA i;
 292:.\Generated_Source\PSoC5/cyfitter_cfg.c **** 
 293:.\Generated_Source\PSoC5/cyfitter_cfg.c **** 		/* Zero out critical memory blocks before beginning configuration */
 294:.\Generated_Source\PSoC5/cyfitter_cfg.c **** 		for (i = 0u; i < (sizeof(cfg_memset_list)/sizeof(cfg_memset_list[0])); i++)
ARM GAS  C:\Users\Nick\AppData\Local\Temp\cchcdvEu.s 			page 12


 306              		.loc 1 294 0
 307 000e 0024     		movs	r4, #0
 308              	.LBB3:
 295:.\Generated_Source\PSoC5/cyfitter_cfg.c **** 		{
 296:.\Generated_Source\PSoC5/cyfitter_cfg.c **** 			const cfg_memset_t CYCODE * CYDATA ms = &cfg_memset_list[i];
 309              		.loc 1 296 0
 310 0010 1D4D     		ldr	r5, .L21+4
 311              	.LBE3:
 294:.\Generated_Source\PSoC5/cyfitter_cfg.c **** 		for (i = 0u; i < (sizeof(cfg_memset_list)/sizeof(cfg_memset_list[0])); i++)
 312              		.loc 1 294 0
 313 0012 09E0     		b	.L19
 314              	.LVL19:
 315              	.L20:
 316              	.LBB4:
 317              		.loc 1 296 0 discriminator 2
 318 0014 04EB4403 		add	r3, r4, r4, lsl #1
 319 0018 5B00     		lsls	r3, r3, #1
 320 001a 2B44     		add	r3, r3, r5
 321              	.LVL20:
 297:.\Generated_Source\PSoC5/cyfitter_cfg.c **** 			CYMEMZERO(ms->address, (size_t)(uint32)(ms->size));
 322              		.loc 1 297 0 discriminator 2
 323 001c 1868     		ldr	r0, [r3]	@ unaligned
 324 001e 9988     		ldrh	r1, [r3, #4]
 325 0020 FFF7FEFF 		bl	CYMEMZERO
 326              	.LVL21:
 327              	.LBE4:
 294:.\Generated_Source\PSoC5/cyfitter_cfg.c **** 		for (i = 0u; i < (sizeof(cfg_memset_list)/sizeof(cfg_memset_list[0])); i++)
 328              		.loc 1 294 0 discriminator 2
 329 0024 0134     		adds	r4, r4, #1
 330              	.LVL22:
 331 0026 E4B2     		uxtb	r4, r4
 332              	.LVL23:
 333              	.L19:
 294:.\Generated_Source\PSoC5/cyfitter_cfg.c **** 		for (i = 0u; i < (sizeof(cfg_memset_list)/sizeof(cfg_memset_list[0])); i++)
 334              		.loc 1 294 0 is_stmt 0 discriminator 1
 335 0028 072C     		cmp	r4, #7
 336 002a F3D9     		bls	.L20
 298:.\Generated_Source\PSoC5/cyfitter_cfg.c **** 		}
 299:.\Generated_Source\PSoC5/cyfitter_cfg.c **** 
 300:.\Generated_Source\PSoC5/cyfitter_cfg.c **** 		/* Enable digital routing */
 301:.\Generated_Source\PSoC5/cyfitter_cfg.c **** 		CY_SET_XTND_REG8((void CYFAR *)CYREG_BCTL0_BANK_CTL, CY_GET_XTND_REG8((void CYFAR *)CYREG_BCTL0_B
 337              		.loc 1 301 0 is_stmt 1
 338 002c 174B     		ldr	r3, .L21+8
 339 002e 1A78     		ldrb	r2, [r3]	@ zero_extendqisi2
 340 0030 42F00202 		orr	r2, r2, #2
 341 0034 1A70     		strb	r2, [r3]
 302:.\Generated_Source\PSoC5/cyfitter_cfg.c **** 		CY_SET_XTND_REG8((void CYFAR *)CYREG_BCTL1_BANK_CTL, CY_GET_XTND_REG8((void CYFAR *)CYREG_BCTL1_B
 342              		.loc 1 302 0
 343 0036 1033     		adds	r3, r3, #16
 344 0038 1A78     		ldrb	r2, [r3]	@ zero_extendqisi2
 345 003a 42F00202 		orr	r2, r2, #2
 346 003e 1A70     		strb	r2, [r3]
 303:.\Generated_Source\PSoC5/cyfitter_cfg.c **** 
 304:.\Generated_Source\PSoC5/cyfitter_cfg.c **** 		/* Enable UDB array */
 305:.\Generated_Source\PSoC5/cyfitter_cfg.c **** 		CY_SET_XTND_REG8((void CYFAR *)CYREG_PM_ACT_CFG0, CY_GET_XTND_REG8((void CYFAR *)CYREG_PM_ACT_CFG
 347              		.loc 1 305 0
 348 0040 134C     		ldr	r4, .L21+12
ARM GAS  C:\Users\Nick\AppData\Local\Temp\cchcdvEu.s 			page 13


 349              	.LVL24:
 350 0042 2378     		ldrb	r3, [r4]	@ zero_extendqisi2
 351 0044 43F04003 		orr	r3, r3, #64
 352 0048 2370     		strb	r3, [r4]
 306:.\Generated_Source\PSoC5/cyfitter_cfg.c **** 		CY_SET_XTND_REG8((void CYFAR *)CYREG_PM_AVAIL_CR2, CY_GET_XTND_REG8((void CYFAR *)CYREG_PM_AVAIL_
 353              		.loc 1 306 0
 354 004a 124B     		ldr	r3, .L21+16
 355 004c 1A78     		ldrb	r2, [r3]	@ zero_extendqisi2
 356 004e 42F01002 		orr	r2, r2, #16
 357 0052 1A70     		strb	r2, [r3]
 358              	.LBE2:
 307:.\Generated_Source\PSoC5/cyfitter_cfg.c **** 	}
 308:.\Generated_Source\PSoC5/cyfitter_cfg.c **** 
 309:.\Generated_Source\PSoC5/cyfitter_cfg.c **** 	/* Switch Boost to the precision bandgap reference from its internal reference */
 310:.\Generated_Source\PSoC5/cyfitter_cfg.c **** 	CY_SET_REG8((void CYXDATA *)CYREG_BOOST_CR2, (CY_GET_REG8((void CYXDATA *)CYREG_BOOST_CR2) | 0x08u
 359              		.loc 1 310 0
 360 0054 A03B     		subs	r3, r3, #160
 361 0056 1A78     		ldrb	r2, [r3]	@ zero_extendqisi2
 362 0058 42F00802 		orr	r2, r2, #8
 363 005c 1A70     		strb	r2, [r3]
 311:.\Generated_Source\PSoC5/cyfitter_cfg.c **** 
 312:.\Generated_Source\PSoC5/cyfitter_cfg.c **** 	/* Set Flash Cycles based on max possible frequency in case a glitch occurs during ClockSetup(). *
 313:.\Generated_Source\PSoC5/cyfitter_cfg.c **** 	CY_SET_XTND_REG8((void CYFAR *)(CYREG_CACHE_CC_CTL), (((CYDEV_INSTRUCT_CACHE_ENABLED) != 0) ? 0x61
 364              		.loc 1 313 0
 365 005e 0E4D     		ldr	r5, .L21+20
 366 0060 6123     		movs	r3, #97
 367 0062 2B70     		strb	r3, [r5]
 314:.\Generated_Source\PSoC5/cyfitter_cfg.c **** 	/* Setup clocks based on selections from Clock DWR */
 315:.\Generated_Source\PSoC5/cyfitter_cfg.c **** 	ClockSetup();
 368              		.loc 1 315 0
 369 0064 FFF7FEFF 		bl	ClockSetup
 370              	.LVL25:
 316:.\Generated_Source\PSoC5/cyfitter_cfg.c **** 	/* Set Flash Cycles based on newly configured 24.00MHz Bus Clock. */
 317:.\Generated_Source\PSoC5/cyfitter_cfg.c **** 	CY_SET_XTND_REG8((void CYFAR *)(CYREG_CACHE_CC_CTL), (((CYDEV_INSTRUCT_CACHE_ENABLED) != 0) ? 0x81
 371              		.loc 1 317 0
 372 0068 8123     		movs	r3, #129
 373 006a 2B70     		strb	r3, [r5]
 318:.\Generated_Source\PSoC5/cyfitter_cfg.c **** 	CY_SET_XTND_REG8((void CYFAR *)(CYREG_PANTHER_WAITPIPE), 0x01u);
 374              		.loc 1 318 0
 375 006c 0122     		movs	r2, #1
 376 006e 0B4B     		ldr	r3, .L21+24
 377 0070 1A70     		strb	r2, [r3]
 319:.\Generated_Source\PSoC5/cyfitter_cfg.c **** 
 320:.\Generated_Source\PSoC5/cyfitter_cfg.c **** 	/* Perform basic analog initialization to defaults */
 321:.\Generated_Source\PSoC5/cyfitter_cfg.c **** 	AnalogSetDefault();
 378              		.loc 1 321 0
 379 0072 FFF7FEFF 		bl	AnalogSetDefault
 380              	.LVL26:
 322:.\Generated_Source\PSoC5/cyfitter_cfg.c **** 
 323:.\Generated_Source\PSoC5/cyfitter_cfg.c **** 	/* Configure alternate active mode */
 324:.\Generated_Source\PSoC5/cyfitter_cfg.c **** 	CYCONFIGCPY((void CYFAR *)CYDEV_PM_STBY_BASE, (const void CYFAR *)CYDEV_PM_ACT_BASE, 14u);
 381              		.loc 1 324 0
 382 0076 0A48     		ldr	r0, .L21+28
 383 0078 2146     		mov	r1, r4
 384 007a 0E22     		movs	r2, #14
 385 007c FFF7FEFF 		bl	CYCONFIGCPY
 386              	.LVL27:
ARM GAS  C:\Users\Nick\AppData\Local\Temp\cchcdvEu.s 			page 14


 387 0080 38BD     		pop	{r3, r4, r5, pc}
 388              	.L22:
 389 0082 00BF     		.align	2
 390              	.L21:
 391 0084 E8460040 		.word	1073759976
 392 0088 00000000 		.word	.LANCHOR0
 393 008c 03500140 		.word	1073827843
 394 0090 A0430040 		.word	1073759136
 395 0094 C2430040 		.word	1073759170
 396 0098 00480040 		.word	1073760256
 397 009c 04000840 		.word	1074266116
 398 00a0 B0430040 		.word	1073759152
 399              		.cfi_endproc
 400              	.LFE7:
 401              		.size	cyfitter_cfg, .-cyfitter_cfg
 402              		.section	.rodata
 403              		.align	2
 404              		.set	.LANCHOR0,. + 0
 405              		.type	cfg_memset_list.4862, %object
 406              		.size	cfg_memset_list.4862, 48
 407              	cfg_memset_list.4862:
 408 0000 00510040 		.word	1073762560
 409 0004 7000     		.short	112
 410 0006 C0510040 		.4byte	1073762752
 411 000a 1000     		.short	16
 412 000c F0510040 		.word	1073762800
 413 0010 1000     		.short	16
 414 0012 00000140 		.4byte	1073807360
 415 0016 0010     		.short	4096
 416 0018 00140140 		.word	1073812480
 417 001c 0008     		.short	2048
 418 001e 00400140 		.4byte	1073823744
 419 0022 000A     		.short	2560
 420 0024 004C0140 		.word	1073826816
 421 0028 0002     		.short	512
 422 002a 00500140 		.4byte	1073827840
 423 002e 2000     		.short	32
 424              		.text
 425              	.Letext0:
 426              		.file 2 "c:\\program files (x86)\\cypress\\psoc creator\\3.2\\psoc creator\\import\\gnu\\arm\\4.8.
 427              		.file 3 ".\\Generated_Source\\PSoC5\\cytypes.h"
 428              		.file 4 ".\\Generated_Source\\PSoC5\\CyLib.h"
 429              		.section	.debug_info,"",%progbits
 430              	.Ldebug_info0:
 431 0000 81030000 		.4byte	0x381
 432 0004 0400     		.2byte	0x4
 433 0006 00000000 		.4byte	.Ldebug_abbrev0
 434 000a 04       		.byte	0x4
 435 000b 01       		.uleb128 0x1
 436 000c 45010000 		.4byte	.LASF39
 437 0010 01       		.byte	0x1
 438 0011 E9010000 		.4byte	.LASF40
 439 0015 5A020000 		.4byte	.LASF41
 440 0019 18000000 		.4byte	.Ldebug_ranges0+0x18
 441 001d 00000000 		.4byte	0
 442 0021 00000000 		.4byte	.Ldebug_line0
 443 0025 02       		.uleb128 0x2
ARM GAS  C:\Users\Nick\AppData\Local\Temp\cchcdvEu.s 			page 15


 444 0026 04       		.byte	0x4
 445 0027 05       		.byte	0x5
 446 0028 696E7400 		.ascii	"int\000"
 447 002c 03       		.uleb128 0x3
 448 002d 14000000 		.4byte	.LASF11
 449 0031 02       		.byte	0x2
 450 0032 D4       		.byte	0xd4
 451 0033 37000000 		.4byte	0x37
 452 0037 04       		.uleb128 0x4
 453 0038 04       		.byte	0x4
 454 0039 07       		.byte	0x7
 455 003a 0C010000 		.4byte	.LASF0
 456 003e 04       		.uleb128 0x4
 457 003f 01       		.byte	0x1
 458 0040 06       		.byte	0x6
 459 0041 39020000 		.4byte	.LASF1
 460 0045 04       		.uleb128 0x4
 461 0046 01       		.byte	0x1
 462 0047 08       		.byte	0x8
 463 0048 CB000000 		.4byte	.LASF2
 464 004c 04       		.uleb128 0x4
 465 004d 02       		.byte	0x2
 466 004e 05       		.byte	0x5
 467 004f DF010000 		.4byte	.LASF3
 468 0053 04       		.uleb128 0x4
 469 0054 02       		.byte	0x2
 470 0055 07       		.byte	0x7
 471 0056 4F000000 		.4byte	.LASF4
 472 005a 04       		.uleb128 0x4
 473 005b 04       		.byte	0x4
 474 005c 05       		.byte	0x5
 475 005d 19020000 		.4byte	.LASF5
 476 0061 04       		.uleb128 0x4
 477 0062 04       		.byte	0x4
 478 0063 07       		.byte	0x7
 479 0064 93000000 		.4byte	.LASF6
 480 0068 04       		.uleb128 0x4
 481 0069 08       		.byte	0x8
 482 006a 05       		.byte	0x5
 483 006b CA010000 		.4byte	.LASF7
 484 006f 04       		.uleb128 0x4
 485 0070 08       		.byte	0x8
 486 0071 07       		.byte	0x7
 487 0072 21010000 		.4byte	.LASF8
 488 0076 04       		.uleb128 0x4
 489 0077 04       		.byte	0x4
 490 0078 07       		.byte	0x7
 491 0079 C1010000 		.4byte	.LASF9
 492 007d 05       		.uleb128 0x5
 493 007e 04       		.byte	0x4
 494 007f 04       		.uleb128 0x4
 495 0080 01       		.byte	0x1
 496 0081 08       		.byte	0x8
 497 0082 22020000 		.4byte	.LASF10
 498 0086 03       		.uleb128 0x3
 499 0087 A5000000 		.4byte	.LASF12
 500 008b 03       		.byte	0x3
ARM GAS  C:\Users\Nick\AppData\Local\Temp\cchcdvEu.s 			page 16


 501 008c B4       		.byte	0xb4
 502 008d 45000000 		.4byte	0x45
 503 0091 03       		.uleb128 0x3
 504 0092 F4000000 		.4byte	.LASF13
 505 0096 03       		.byte	0x3
 506 0097 B5       		.byte	0xb5
 507 0098 53000000 		.4byte	0x53
 508 009c 03       		.uleb128 0x3
 509 009d 05010000 		.4byte	.LASF14
 510 00a1 03       		.byte	0x3
 511 00a2 B6       		.byte	0xb6
 512 00a3 61000000 		.4byte	0x61
 513 00a7 04       		.uleb128 0x4
 514 00a8 04       		.byte	0x4
 515 00a9 04       		.byte	0x4
 516 00aa 6A000000 		.4byte	.LASF15
 517 00ae 04       		.uleb128 0x4
 518 00af 08       		.byte	0x8
 519 00b0 04       		.byte	0x4
 520 00b1 E0000000 		.4byte	.LASF16
 521 00b5 06       		.uleb128 0x6
 522 00b6 8E000000 		.4byte	.LASF17
 523 00ba 03       		.byte	0x3
 524 00bb 5E01     		.2byte	0x15e
 525 00bd C1000000 		.4byte	0xc1
 526 00c1 07       		.uleb128 0x7
 527 00c2 86000000 		.4byte	0x86
 528 00c6 06       		.uleb128 0x6
 529 00c7 00000000 		.4byte	.LASF18
 530 00cb 03       		.byte	0x3
 531 00cc 5F01     		.2byte	0x15f
 532 00ce D2000000 		.4byte	0xd2
 533 00d2 07       		.uleb128 0x7
 534 00d3 91000000 		.4byte	0x91
 535 00d7 08       		.uleb128 0x8
 536 00d8 70000000 		.4byte	.LASF19
 537 00dc 01       		.byte	0x1
 538 00dd 6A       		.byte	0x6a
 539 00de 00000000 		.4byte	.LFB3
 540 00e2 02000000 		.4byte	.LFE3-.LFB3
 541 00e6 01       		.uleb128 0x1
 542 00e7 9C       		.byte	0x9c
 543 00e8 FA000000 		.4byte	0xfa
 544 00ec 09       		.uleb128 0x9
 545 00ed FB000000 		.4byte	.LASF22
 546 00f1 01       		.byte	0x1
 547 00f2 6A       		.byte	0x6a
 548 00f3 86000000 		.4byte	0x86
 549 00f7 01       		.uleb128 0x1
 550 00f8 50       		.byte	0x50
 551 00f9 00       		.byte	0
 552 00fa 08       		.uleb128 0x8
 553 00fb 1B000000 		.4byte	.LASF20
 554 00ff 01       		.byte	0x1
 555 0100 CA       		.byte	0xca
 556 0101 00000000 		.4byte	.LFB5
 557 0105 28000000 		.4byte	.LFE5-.LFB5
ARM GAS  C:\Users\Nick\AppData\Local\Temp\cchcdvEu.s 			page 17


 558 0109 01       		.uleb128 0x1
 559 010a 9C       		.byte	0x9c
 560 010b 1F010000 		.4byte	0x11f
 561 010f 0A       		.uleb128 0xa
 562 0110 27020000 		.4byte	.LASF24
 563 0114 01       		.byte	0x1
 564 0115 CC       		.byte	0xcc
 565 0116 86000000 		.4byte	0x86
 566 011a 00000000 		.4byte	.LLST0
 567 011e 00       		.byte	0
 568 011f 08       		.uleb128 0x8
 569 0120 AB000000 		.4byte	.LASF21
 570 0124 01       		.byte	0x1
 571 0125 3C       		.byte	0x3c
 572 0126 00000000 		.4byte	.LFB0
 573 012a 0C000000 		.4byte	.LFE0-.LFB0
 574 012e 01       		.uleb128 0x1
 575 012f 9C       		.byte	0x9c
 576 0130 6C010000 		.4byte	0x16c
 577 0134 0B       		.uleb128 0xb
 578 0135 7300     		.ascii	"s\000"
 579 0137 01       		.byte	0x1
 580 0138 3C       		.byte	0x3c
 581 0139 7D000000 		.4byte	0x7d
 582 013d 13000000 		.4byte	.LLST1
 583 0141 0B       		.uleb128 0xb
 584 0142 6E00     		.ascii	"n\000"
 585 0144 01       		.byte	0x1
 586 0145 3C       		.byte	0x3c
 587 0146 2C000000 		.4byte	0x2c
 588 014a 34000000 		.4byte	.LLST2
 589 014e 0C       		.uleb128 0xc
 590 014f 0A000000 		.4byte	.LVL5
 591 0153 3D030000 		.4byte	0x33d
 592 0157 0D       		.uleb128 0xd
 593 0158 01       		.uleb128 0x1
 594 0159 52       		.byte	0x52
 595 015a 03       		.uleb128 0x3
 596 015b F3       		.byte	0xf3
 597 015c 01       		.uleb128 0x1
 598 015d 51       		.byte	0x51
 599 015e 0D       		.uleb128 0xd
 600 015f 01       		.uleb128 0x1
 601 0160 51       		.byte	0x51
 602 0161 01       		.uleb128 0x1
 603 0162 30       		.byte	0x30
 604 0163 0D       		.uleb128 0xd
 605 0164 01       		.uleb128 0x1
 606 0165 50       		.byte	0x50
 607 0166 03       		.uleb128 0x3
 608 0167 F3       		.byte	0xf3
 609 0168 01       		.uleb128 0x1
 610 0169 50       		.byte	0x50
 611 016a 00       		.byte	0
 612 016b 00       		.byte	0
 613 016c 08       		.uleb128 0x8
 614 016d 44000000 		.4byte	.LASF23
ARM GAS  C:\Users\Nick\AppData\Local\Temp\cchcdvEu.s 			page 18


 615 0171 01       		.byte	0x1
 616 0172 8F       		.byte	0x8f
 617 0173 00000000 		.4byte	.LFB4
 618 0177 A0000000 		.4byte	.LFE4-.LFB4
 619 017b 01       		.uleb128 0x1
 620 017c 9C       		.byte	0x9c
 621 017d C3010000 		.4byte	0x1c3
 622 0181 0A       		.uleb128 0xa
 623 0182 2C000000 		.4byte	.LASF25
 624 0186 01       		.byte	0x1
 625 0187 91       		.byte	0x91
 626 0188 9C000000 		.4byte	0x9c
 627 018c 60000000 		.4byte	.LLST3
 628 0190 0A       		.uleb128 0xa
 629 0191 62000000 		.4byte	.LASF26
 630 0195 01       		.byte	0x1
 631 0196 92       		.byte	0x92
 632 0197 86000000 		.4byte	0x86
 633 019b 7F000000 		.4byte	.LLST4
 634 019f 0E       		.uleb128 0xe
 635 01a0 50000000 		.4byte	.LVL10
 636 01a4 5A030000 		.4byte	0x35a
 637 01a8 B3010000 		.4byte	0x1b3
 638 01ac 0D       		.uleb128 0xd
 639 01ad 01       		.uleb128 0x1
 640 01ae 50       		.byte	0x50
 641 01af 02       		.uleb128 0x2
 642 01b0 76       		.byte	0x76
 643 01b1 00       		.sleb128 0
 644 01b2 00       		.byte	0
 645 01b3 0C       		.uleb128 0xc
 646 01b4 60000000 		.4byte	.LVL12
 647 01b8 D7000000 		.4byte	0xd7
 648 01bc 0D       		.uleb128 0xd
 649 01bd 01       		.uleb128 0x1
 650 01be 50       		.byte	0x50
 651 01bf 01       		.uleb128 0x1
 652 01c0 33       		.byte	0x33
 653 01c1 00       		.byte	0
 654 01c2 00       		.byte	0
 655 01c3 08       		.uleb128 0x8
 656 01c4 4E020000 		.4byte	.LASF27
 657 01c8 01       		.byte	0x1
 658 01c9 43       		.byte	0x43
 659 01ca 00000000 		.4byte	.LFB1
 660 01ce 08000000 		.4byte	.LFE1-.LFB1
 661 01d2 01       		.uleb128 0x1
 662 01d3 9C       		.byte	0x9c
 663 01d4 23020000 		.4byte	0x223
 664 01d8 0F       		.uleb128 0xf
 665 01d9 84000000 		.4byte	.LASF28
 666 01dd 01       		.byte	0x1
 667 01de 43       		.byte	0x43
 668 01df 7D000000 		.4byte	0x7d
 669 01e3 A9000000 		.4byte	.LLST5
 670 01e7 0B       		.uleb128 0xb
 671 01e8 73726300 		.ascii	"src\000"
ARM GAS  C:\Users\Nick\AppData\Local\Temp\cchcdvEu.s 			page 19


 672 01ec 01       		.byte	0x1
 673 01ed 43       		.byte	0x43
 674 01ee 23020000 		.4byte	0x223
 675 01f2 CA000000 		.4byte	.LLST6
 676 01f6 0B       		.uleb128 0xb
 677 01f7 6E00     		.ascii	"n\000"
 678 01f9 01       		.byte	0x1
 679 01fa 43       		.byte	0x43
 680 01fb 2C000000 		.4byte	0x2c
 681 01ff EB000000 		.4byte	.LLST7
 682 0203 0C       		.uleb128 0xc
 683 0204 06000000 		.4byte	.LVL15
 684 0208 6B030000 		.4byte	0x36b
 685 020c 0D       		.uleb128 0xd
 686 020d 01       		.uleb128 0x1
 687 020e 52       		.byte	0x52
 688 020f 03       		.uleb128 0x3
 689 0210 F3       		.byte	0xf3
 690 0211 01       		.uleb128 0x1
 691 0212 52       		.byte	0x52
 692 0213 0D       		.uleb128 0xd
 693 0214 01       		.uleb128 0x1
 694 0215 51       		.byte	0x51
 695 0216 03       		.uleb128 0x3
 696 0217 F3       		.byte	0xf3
 697 0218 01       		.uleb128 0x1
 698 0219 51       		.byte	0x51
 699 021a 0D       		.uleb128 0xd
 700 021b 01       		.uleb128 0x1
 701 021c 50       		.byte	0x50
 702 021d 03       		.uleb128 0x3
 703 021e F3       		.byte	0xf3
 704 021f 01       		.uleb128 0x1
 705 0220 50       		.byte	0x50
 706 0221 00       		.byte	0
 707 0222 00       		.byte	0
 708 0223 10       		.uleb128 0x10
 709 0224 04       		.byte	0x4
 710 0225 29020000 		.4byte	0x229
 711 0229 11       		.uleb128 0x11
 712 022a 12       		.uleb128 0x12
 713 022b B5000000 		.4byte	.LASF31
 714 022f 01       		.byte	0x1
 715 0230 E4       		.byte	0xe4
 716 0231 00000000 		.4byte	.LFB6
 717 0235 10000000 		.4byte	.LFE6-.LFB6
 718 0239 01       		.uleb128 0x1
 719 023a 9C       		.byte	0x9c
 720 023b 5A020000 		.4byte	0x25a
 721 023f 09       		.uleb128 0x9
 722 0240 11020000 		.4byte	.LASF29
 723 0244 01       		.byte	0x1
 724 0245 E4       		.byte	0xe4
 725 0246 86000000 		.4byte	0x86
 726 024a 01       		.uleb128 0x1
 727 024b 50       		.byte	0x50
 728 024c 13       		.uleb128 0x13
ARM GAS  C:\Users\Nick\AppData\Local\Temp\cchcdvEu.s 			page 20


 729 024d 45020000 		.4byte	.LASF30
 730 0251 01       		.byte	0x1
 731 0252 E6       		.byte	0xe6
 732 0253 86000000 		.4byte	0x86
 733 0257 01       		.uleb128 0x1
 734 0258 52       		.byte	0x52
 735 0259 00       		.byte	0
 736 025a 14       		.uleb128 0x14
 737 025b E7000000 		.4byte	.LASF32
 738 025f 01       		.byte	0x1
 739 0260 0601     		.2byte	0x106
 740 0262 00000000 		.4byte	.LFB7
 741 0266 A4000000 		.4byte	.LFE7-.LFB7
 742 026a 01       		.uleb128 0x1
 743 026b 9C       		.byte	0x9c
 744 026c 3D030000 		.4byte	0x33d
 745 0270 15       		.uleb128 0x15
 746 0271 0E000000 		.4byte	.LBB2
 747 0275 46000000 		.4byte	.LBE2-.LBB2
 748 0279 0C030000 		.4byte	0x30c
 749 027d 16       		.uleb128 0x16
 750 027e 06       		.byte	0x6
 751 027f 01       		.byte	0x1
 752 0280 1201     		.2byte	0x112
 753 0282 A1020000 		.4byte	0x2a1
 754 0286 17       		.uleb128 0x17
 755 0287 19010000 		.4byte	.LASF33
 756 028b 01       		.byte	0x1
 757 028c 1301     		.2byte	0x113
 758 028e 7D000000 		.4byte	0x7d
 759 0292 00       		.byte	0
 760 0293 17       		.uleb128 0x17
 761 0294 89000000 		.4byte	.LASF34
 762 0298 01       		.byte	0x1
 763 0299 1401     		.2byte	0x114
 764 029b 91000000 		.4byte	0x91
 765 029f 04       		.byte	0x4
 766 02a0 00       		.byte	0
 767 02a1 06       		.uleb128 0x6
 768 02a2 38010000 		.4byte	.LASF35
 769 02a6 01       		.byte	0x1
 770 02a7 1501     		.2byte	0x115
 771 02a9 7D020000 		.4byte	0x27d
 772 02ad 18       		.uleb128 0x18
 773 02ae A1020000 		.4byte	0x2a1
 774 02b2 BD020000 		.4byte	0x2bd
 775 02b6 19       		.uleb128 0x19
 776 02b7 76000000 		.4byte	0x76
 777 02bb 07       		.byte	0x7
 778 02bc 00       		.byte	0
 779 02bd 1A       		.uleb128 0x1a
 780 02be 34000000 		.4byte	.LASF36
 781 02c2 01       		.byte	0x1
 782 02c3 1701     		.2byte	0x117
 783 02c5 CF020000 		.4byte	0x2cf
 784 02c9 05       		.uleb128 0x5
 785 02ca 03       		.byte	0x3
ARM GAS  C:\Users\Nick\AppData\Local\Temp\cchcdvEu.s 			page 21


 786 02cb 00000000 		.4byte	cfg_memset_list.4862
 787 02cf 1B       		.uleb128 0x1b
 788 02d0 AD020000 		.4byte	0x2ad
 789 02d4 1C       		.uleb128 0x1c
 790 02d5 6900     		.ascii	"i\000"
 791 02d7 01       		.byte	0x1
 792 02d8 2301     		.2byte	0x123
 793 02da 86000000 		.4byte	0x86
 794 02de 0C010000 		.4byte	.LLST8
 795 02e2 1D       		.uleb128 0x1d
 796 02e3 00000000 		.4byte	.Ldebug_ranges0+0
 797 02e7 1C       		.uleb128 0x1c
 798 02e8 6D7300   		.ascii	"ms\000"
 799 02eb 01       		.byte	0x1
 800 02ec 2801     		.2byte	0x128
 801 02ee F6020000 		.4byte	0x2f6
 802 02f2 43010000 		.4byte	.LLST9
 803 02f6 10       		.uleb128 0x10
 804 02f7 04       		.byte	0x4
 805 02f8 FC020000 		.4byte	0x2fc
 806 02fc 1B       		.uleb128 0x1b
 807 02fd A1020000 		.4byte	0x2a1
 808 0301 1E       		.uleb128 0x1e
 809 0302 24000000 		.4byte	.LVL21
 810 0306 1F010000 		.4byte	0x11f
 811 030a 00       		.byte	0
 812 030b 00       		.byte	0
 813 030c 1E       		.uleb128 0x1e
 814 030d 68000000 		.4byte	.LVL25
 815 0311 6C010000 		.4byte	0x16c
 816 0315 1E       		.uleb128 0x1e
 817 0316 76000000 		.4byte	.LVL26
 818 031a FA000000 		.4byte	0xfa
 819 031e 0C       		.uleb128 0xc
 820 031f 80000000 		.4byte	.LVL27
 821 0323 C3010000 		.4byte	0x1c3
 822 0327 0D       		.uleb128 0xd
 823 0328 01       		.uleb128 0x1
 824 0329 52       		.byte	0x52
 825 032a 01       		.uleb128 0x1
 826 032b 3E       		.byte	0x3e
 827 032c 0D       		.uleb128 0xd
 828 032d 01       		.uleb128 0x1
 829 032e 51       		.byte	0x51
 830 032f 02       		.uleb128 0x2
 831 0330 74       		.byte	0x74
 832 0331 00       		.sleb128 0
 833 0332 0D       		.uleb128 0xd
 834 0333 01       		.uleb128 0x1
 835 0334 50       		.byte	0x50
 836 0335 05       		.uleb128 0x5
 837 0336 0C       		.byte	0xc
 838 0337 B0430040 		.4byte	0x400043b0
 839 033b 00       		.byte	0
 840 033c 00       		.byte	0
 841 033d 1F       		.uleb128 0x1f
 842 033e D9000000 		.4byte	.LASF37
ARM GAS  C:\Users\Nick\AppData\Local\Temp\cchcdvEu.s 			page 22


 843 0342 7D000000 		.4byte	0x7d
 844 0346 5A030000 		.4byte	0x35a
 845 034a 20       		.uleb128 0x20
 846 034b 7D000000 		.4byte	0x7d
 847 034f 20       		.uleb128 0x20
 848 0350 25000000 		.4byte	0x25
 849 0354 20       		.uleb128 0x20
 850 0355 76000000 		.4byte	0x76
 851 0359 00       		.byte	0
 852 035a 21       		.uleb128 0x21
 853 035b 06000000 		.4byte	.LASF38
 854 035f 04       		.byte	0x4
 855 0360 7A       		.byte	0x7a
 856 0361 6B030000 		.4byte	0x36b
 857 0365 20       		.uleb128 0x20
 858 0366 9C000000 		.4byte	0x9c
 859 036a 00       		.byte	0
 860 036b 22       		.uleb128 0x22
 861 036c D8010000 		.4byte	.LASF42
 862 0370 7D000000 		.4byte	0x7d
 863 0374 20       		.uleb128 0x20
 864 0375 7D000000 		.4byte	0x7d
 865 0379 20       		.uleb128 0x20
 866 037a 23020000 		.4byte	0x223
 867 037e 20       		.uleb128 0x20
 868 037f 76000000 		.4byte	0x76
 869 0383 00       		.byte	0
 870 0384 00       		.byte	0
 871              		.section	.debug_abbrev,"",%progbits
 872              	.Ldebug_abbrev0:
 873 0000 01       		.uleb128 0x1
 874 0001 11       		.uleb128 0x11
 875 0002 01       		.byte	0x1
 876 0003 25       		.uleb128 0x25
 877 0004 0E       		.uleb128 0xe
 878 0005 13       		.uleb128 0x13
 879 0006 0B       		.uleb128 0xb
 880 0007 03       		.uleb128 0x3
 881 0008 0E       		.uleb128 0xe
 882 0009 1B       		.uleb128 0x1b
 883 000a 0E       		.uleb128 0xe
 884 000b 55       		.uleb128 0x55
 885 000c 17       		.uleb128 0x17
 886 000d 11       		.uleb128 0x11
 887 000e 01       		.uleb128 0x1
 888 000f 10       		.uleb128 0x10
 889 0010 17       		.uleb128 0x17
 890 0011 00       		.byte	0
 891 0012 00       		.byte	0
 892 0013 02       		.uleb128 0x2
 893 0014 24       		.uleb128 0x24
 894 0015 00       		.byte	0
 895 0016 0B       		.uleb128 0xb
 896 0017 0B       		.uleb128 0xb
 897 0018 3E       		.uleb128 0x3e
 898 0019 0B       		.uleb128 0xb
 899 001a 03       		.uleb128 0x3
ARM GAS  C:\Users\Nick\AppData\Local\Temp\cchcdvEu.s 			page 23


 900 001b 08       		.uleb128 0x8
 901 001c 00       		.byte	0
 902 001d 00       		.byte	0
 903 001e 03       		.uleb128 0x3
 904 001f 16       		.uleb128 0x16
 905 0020 00       		.byte	0
 906 0021 03       		.uleb128 0x3
 907 0022 0E       		.uleb128 0xe
 908 0023 3A       		.uleb128 0x3a
 909 0024 0B       		.uleb128 0xb
 910 0025 3B       		.uleb128 0x3b
 911 0026 0B       		.uleb128 0xb
 912 0027 49       		.uleb128 0x49
 913 0028 13       		.uleb128 0x13
 914 0029 00       		.byte	0
 915 002a 00       		.byte	0
 916 002b 04       		.uleb128 0x4
 917 002c 24       		.uleb128 0x24
 918 002d 00       		.byte	0
 919 002e 0B       		.uleb128 0xb
 920 002f 0B       		.uleb128 0xb
 921 0030 3E       		.uleb128 0x3e
 922 0031 0B       		.uleb128 0xb
 923 0032 03       		.uleb128 0x3
 924 0033 0E       		.uleb128 0xe
 925 0034 00       		.byte	0
 926 0035 00       		.byte	0
 927 0036 05       		.uleb128 0x5
 928 0037 0F       		.uleb128 0xf
 929 0038 00       		.byte	0
 930 0039 0B       		.uleb128 0xb
 931 003a 0B       		.uleb128 0xb
 932 003b 00       		.byte	0
 933 003c 00       		.byte	0
 934 003d 06       		.uleb128 0x6
 935 003e 16       		.uleb128 0x16
 936 003f 00       		.byte	0
 937 0040 03       		.uleb128 0x3
 938 0041 0E       		.uleb128 0xe
 939 0042 3A       		.uleb128 0x3a
 940 0043 0B       		.uleb128 0xb
 941 0044 3B       		.uleb128 0x3b
 942 0045 05       		.uleb128 0x5
 943 0046 49       		.uleb128 0x49
 944 0047 13       		.uleb128 0x13
 945 0048 00       		.byte	0
 946 0049 00       		.byte	0
 947 004a 07       		.uleb128 0x7
 948 004b 35       		.uleb128 0x35
 949 004c 00       		.byte	0
 950 004d 49       		.uleb128 0x49
 951 004e 13       		.uleb128 0x13
 952 004f 00       		.byte	0
 953 0050 00       		.byte	0
 954 0051 08       		.uleb128 0x8
 955 0052 2E       		.uleb128 0x2e
 956 0053 01       		.byte	0x1
ARM GAS  C:\Users\Nick\AppData\Local\Temp\cchcdvEu.s 			page 24


 957 0054 03       		.uleb128 0x3
 958 0055 0E       		.uleb128 0xe
 959 0056 3A       		.uleb128 0x3a
 960 0057 0B       		.uleb128 0xb
 961 0058 3B       		.uleb128 0x3b
 962 0059 0B       		.uleb128 0xb
 963 005a 27       		.uleb128 0x27
 964 005b 19       		.uleb128 0x19
 965 005c 11       		.uleb128 0x11
 966 005d 01       		.uleb128 0x1
 967 005e 12       		.uleb128 0x12
 968 005f 06       		.uleb128 0x6
 969 0060 40       		.uleb128 0x40
 970 0061 18       		.uleb128 0x18
 971 0062 9742     		.uleb128 0x2117
 972 0064 19       		.uleb128 0x19
 973 0065 01       		.uleb128 0x1
 974 0066 13       		.uleb128 0x13
 975 0067 00       		.byte	0
 976 0068 00       		.byte	0
 977 0069 09       		.uleb128 0x9
 978 006a 05       		.uleb128 0x5
 979 006b 00       		.byte	0
 980 006c 03       		.uleb128 0x3
 981 006d 0E       		.uleb128 0xe
 982 006e 3A       		.uleb128 0x3a
 983 006f 0B       		.uleb128 0xb
 984 0070 3B       		.uleb128 0x3b
 985 0071 0B       		.uleb128 0xb
 986 0072 49       		.uleb128 0x49
 987 0073 13       		.uleb128 0x13
 988 0074 02       		.uleb128 0x2
 989 0075 18       		.uleb128 0x18
 990 0076 00       		.byte	0
 991 0077 00       		.byte	0
 992 0078 0A       		.uleb128 0xa
 993 0079 34       		.uleb128 0x34
 994 007a 00       		.byte	0
 995 007b 03       		.uleb128 0x3
 996 007c 0E       		.uleb128 0xe
 997 007d 3A       		.uleb128 0x3a
 998 007e 0B       		.uleb128 0xb
 999 007f 3B       		.uleb128 0x3b
 1000 0080 0B       		.uleb128 0xb
 1001 0081 49       		.uleb128 0x49
 1002 0082 13       		.uleb128 0x13
 1003 0083 02       		.uleb128 0x2
 1004 0084 17       		.uleb128 0x17
 1005 0085 00       		.byte	0
 1006 0086 00       		.byte	0
 1007 0087 0B       		.uleb128 0xb
 1008 0088 05       		.uleb128 0x5
 1009 0089 00       		.byte	0
 1010 008a 03       		.uleb128 0x3
 1011 008b 08       		.uleb128 0x8
 1012 008c 3A       		.uleb128 0x3a
 1013 008d 0B       		.uleb128 0xb
ARM GAS  C:\Users\Nick\AppData\Local\Temp\cchcdvEu.s 			page 25


 1014 008e 3B       		.uleb128 0x3b
 1015 008f 0B       		.uleb128 0xb
 1016 0090 49       		.uleb128 0x49
 1017 0091 13       		.uleb128 0x13
 1018 0092 02       		.uleb128 0x2
 1019 0093 17       		.uleb128 0x17
 1020 0094 00       		.byte	0
 1021 0095 00       		.byte	0
 1022 0096 0C       		.uleb128 0xc
 1023 0097 898201   		.uleb128 0x4109
 1024 009a 01       		.byte	0x1
 1025 009b 11       		.uleb128 0x11
 1026 009c 01       		.uleb128 0x1
 1027 009d 31       		.uleb128 0x31
 1028 009e 13       		.uleb128 0x13
 1029 009f 00       		.byte	0
 1030 00a0 00       		.byte	0
 1031 00a1 0D       		.uleb128 0xd
 1032 00a2 8A8201   		.uleb128 0x410a
 1033 00a5 00       		.byte	0
 1034 00a6 02       		.uleb128 0x2
 1035 00a7 18       		.uleb128 0x18
 1036 00a8 9142     		.uleb128 0x2111
 1037 00aa 18       		.uleb128 0x18
 1038 00ab 00       		.byte	0
 1039 00ac 00       		.byte	0
 1040 00ad 0E       		.uleb128 0xe
 1041 00ae 898201   		.uleb128 0x4109
 1042 00b1 01       		.byte	0x1
 1043 00b2 11       		.uleb128 0x11
 1044 00b3 01       		.uleb128 0x1
 1045 00b4 31       		.uleb128 0x31
 1046 00b5 13       		.uleb128 0x13
 1047 00b6 01       		.uleb128 0x1
 1048 00b7 13       		.uleb128 0x13
 1049 00b8 00       		.byte	0
 1050 00b9 00       		.byte	0
 1051 00ba 0F       		.uleb128 0xf
 1052 00bb 05       		.uleb128 0x5
 1053 00bc 00       		.byte	0
 1054 00bd 03       		.uleb128 0x3
 1055 00be 0E       		.uleb128 0xe
 1056 00bf 3A       		.uleb128 0x3a
 1057 00c0 0B       		.uleb128 0xb
 1058 00c1 3B       		.uleb128 0x3b
 1059 00c2 0B       		.uleb128 0xb
 1060 00c3 49       		.uleb128 0x49
 1061 00c4 13       		.uleb128 0x13
 1062 00c5 02       		.uleb128 0x2
 1063 00c6 17       		.uleb128 0x17
 1064 00c7 00       		.byte	0
 1065 00c8 00       		.byte	0
 1066 00c9 10       		.uleb128 0x10
 1067 00ca 0F       		.uleb128 0xf
 1068 00cb 00       		.byte	0
 1069 00cc 0B       		.uleb128 0xb
 1070 00cd 0B       		.uleb128 0xb
ARM GAS  C:\Users\Nick\AppData\Local\Temp\cchcdvEu.s 			page 26


 1071 00ce 49       		.uleb128 0x49
 1072 00cf 13       		.uleb128 0x13
 1073 00d0 00       		.byte	0
 1074 00d1 00       		.byte	0
 1075 00d2 11       		.uleb128 0x11
 1076 00d3 26       		.uleb128 0x26
 1077 00d4 00       		.byte	0
 1078 00d5 00       		.byte	0
 1079 00d6 00       		.byte	0
 1080 00d7 12       		.uleb128 0x12
 1081 00d8 2E       		.uleb128 0x2e
 1082 00d9 01       		.byte	0x1
 1083 00da 3F       		.uleb128 0x3f
 1084 00db 19       		.uleb128 0x19
 1085 00dc 03       		.uleb128 0x3
 1086 00dd 0E       		.uleb128 0xe
 1087 00de 3A       		.uleb128 0x3a
 1088 00df 0B       		.uleb128 0xb
 1089 00e0 3B       		.uleb128 0x3b
 1090 00e1 0B       		.uleb128 0xb
 1091 00e2 27       		.uleb128 0x27
 1092 00e3 19       		.uleb128 0x19
 1093 00e4 11       		.uleb128 0x11
 1094 00e5 01       		.uleb128 0x1
 1095 00e6 12       		.uleb128 0x12
 1096 00e7 06       		.uleb128 0x6
 1097 00e8 40       		.uleb128 0x40
 1098 00e9 18       		.uleb128 0x18
 1099 00ea 9742     		.uleb128 0x2117
 1100 00ec 19       		.uleb128 0x19
 1101 00ed 01       		.uleb128 0x1
 1102 00ee 13       		.uleb128 0x13
 1103 00ef 00       		.byte	0
 1104 00f0 00       		.byte	0
 1105 00f1 13       		.uleb128 0x13
 1106 00f2 34       		.uleb128 0x34
 1107 00f3 00       		.byte	0
 1108 00f4 03       		.uleb128 0x3
 1109 00f5 0E       		.uleb128 0xe
 1110 00f6 3A       		.uleb128 0x3a
 1111 00f7 0B       		.uleb128 0xb
 1112 00f8 3B       		.uleb128 0x3b
 1113 00f9 0B       		.uleb128 0xb
 1114 00fa 49       		.uleb128 0x49
 1115 00fb 13       		.uleb128 0x13
 1116 00fc 02       		.uleb128 0x2
 1117 00fd 18       		.uleb128 0x18
 1118 00fe 00       		.byte	0
 1119 00ff 00       		.byte	0
 1120 0100 14       		.uleb128 0x14
 1121 0101 2E       		.uleb128 0x2e
 1122 0102 01       		.byte	0x1
 1123 0103 3F       		.uleb128 0x3f
 1124 0104 19       		.uleb128 0x19
 1125 0105 03       		.uleb128 0x3
 1126 0106 0E       		.uleb128 0xe
 1127 0107 3A       		.uleb128 0x3a
ARM GAS  C:\Users\Nick\AppData\Local\Temp\cchcdvEu.s 			page 27


 1128 0108 0B       		.uleb128 0xb
 1129 0109 3B       		.uleb128 0x3b
 1130 010a 05       		.uleb128 0x5
 1131 010b 27       		.uleb128 0x27
 1132 010c 19       		.uleb128 0x19
 1133 010d 11       		.uleb128 0x11
 1134 010e 01       		.uleb128 0x1
 1135 010f 12       		.uleb128 0x12
 1136 0110 06       		.uleb128 0x6
 1137 0111 40       		.uleb128 0x40
 1138 0112 18       		.uleb128 0x18
 1139 0113 9742     		.uleb128 0x2117
 1140 0115 19       		.uleb128 0x19
 1141 0116 01       		.uleb128 0x1
 1142 0117 13       		.uleb128 0x13
 1143 0118 00       		.byte	0
 1144 0119 00       		.byte	0
 1145 011a 15       		.uleb128 0x15
 1146 011b 0B       		.uleb128 0xb
 1147 011c 01       		.byte	0x1
 1148 011d 11       		.uleb128 0x11
 1149 011e 01       		.uleb128 0x1
 1150 011f 12       		.uleb128 0x12
 1151 0120 06       		.uleb128 0x6
 1152 0121 01       		.uleb128 0x1
 1153 0122 13       		.uleb128 0x13
 1154 0123 00       		.byte	0
 1155 0124 00       		.byte	0
 1156 0125 16       		.uleb128 0x16
 1157 0126 13       		.uleb128 0x13
 1158 0127 01       		.byte	0x1
 1159 0128 0B       		.uleb128 0xb
 1160 0129 0B       		.uleb128 0xb
 1161 012a 3A       		.uleb128 0x3a
 1162 012b 0B       		.uleb128 0xb
 1163 012c 3B       		.uleb128 0x3b
 1164 012d 05       		.uleb128 0x5
 1165 012e 01       		.uleb128 0x1
 1166 012f 13       		.uleb128 0x13
 1167 0130 00       		.byte	0
 1168 0131 00       		.byte	0
 1169 0132 17       		.uleb128 0x17
 1170 0133 0D       		.uleb128 0xd
 1171 0134 00       		.byte	0
 1172 0135 03       		.uleb128 0x3
 1173 0136 0E       		.uleb128 0xe
 1174 0137 3A       		.uleb128 0x3a
 1175 0138 0B       		.uleb128 0xb
 1176 0139 3B       		.uleb128 0x3b
 1177 013a 05       		.uleb128 0x5
 1178 013b 49       		.uleb128 0x49
 1179 013c 13       		.uleb128 0x13
 1180 013d 38       		.uleb128 0x38
 1181 013e 0B       		.uleb128 0xb
 1182 013f 00       		.byte	0
 1183 0140 00       		.byte	0
 1184 0141 18       		.uleb128 0x18
ARM GAS  C:\Users\Nick\AppData\Local\Temp\cchcdvEu.s 			page 28


 1185 0142 01       		.uleb128 0x1
 1186 0143 01       		.byte	0x1
 1187 0144 49       		.uleb128 0x49
 1188 0145 13       		.uleb128 0x13
 1189 0146 01       		.uleb128 0x1
 1190 0147 13       		.uleb128 0x13
 1191 0148 00       		.byte	0
 1192 0149 00       		.byte	0
 1193 014a 19       		.uleb128 0x19
 1194 014b 21       		.uleb128 0x21
 1195 014c 00       		.byte	0
 1196 014d 49       		.uleb128 0x49
 1197 014e 13       		.uleb128 0x13
 1198 014f 2F       		.uleb128 0x2f
 1199 0150 0B       		.uleb128 0xb
 1200 0151 00       		.byte	0
 1201 0152 00       		.byte	0
 1202 0153 1A       		.uleb128 0x1a
 1203 0154 34       		.uleb128 0x34
 1204 0155 00       		.byte	0
 1205 0156 03       		.uleb128 0x3
 1206 0157 0E       		.uleb128 0xe
 1207 0158 3A       		.uleb128 0x3a
 1208 0159 0B       		.uleb128 0xb
 1209 015a 3B       		.uleb128 0x3b
 1210 015b 05       		.uleb128 0x5
 1211 015c 49       		.uleb128 0x49
 1212 015d 13       		.uleb128 0x13
 1213 015e 02       		.uleb128 0x2
 1214 015f 18       		.uleb128 0x18
 1215 0160 00       		.byte	0
 1216 0161 00       		.byte	0
 1217 0162 1B       		.uleb128 0x1b
 1218 0163 26       		.uleb128 0x26
 1219 0164 00       		.byte	0
 1220 0165 49       		.uleb128 0x49
 1221 0166 13       		.uleb128 0x13
 1222 0167 00       		.byte	0
 1223 0168 00       		.byte	0
 1224 0169 1C       		.uleb128 0x1c
 1225 016a 34       		.uleb128 0x34
 1226 016b 00       		.byte	0
 1227 016c 03       		.uleb128 0x3
 1228 016d 08       		.uleb128 0x8
 1229 016e 3A       		.uleb128 0x3a
 1230 016f 0B       		.uleb128 0xb
 1231 0170 3B       		.uleb128 0x3b
 1232 0171 05       		.uleb128 0x5
 1233 0172 49       		.uleb128 0x49
 1234 0173 13       		.uleb128 0x13
 1235 0174 02       		.uleb128 0x2
 1236 0175 17       		.uleb128 0x17
 1237 0176 00       		.byte	0
 1238 0177 00       		.byte	0
 1239 0178 1D       		.uleb128 0x1d
 1240 0179 0B       		.uleb128 0xb
 1241 017a 01       		.byte	0x1
ARM GAS  C:\Users\Nick\AppData\Local\Temp\cchcdvEu.s 			page 29


 1242 017b 55       		.uleb128 0x55
 1243 017c 17       		.uleb128 0x17
 1244 017d 00       		.byte	0
 1245 017e 00       		.byte	0
 1246 017f 1E       		.uleb128 0x1e
 1247 0180 898201   		.uleb128 0x4109
 1248 0183 00       		.byte	0
 1249 0184 11       		.uleb128 0x11
 1250 0185 01       		.uleb128 0x1
 1251 0186 31       		.uleb128 0x31
 1252 0187 13       		.uleb128 0x13
 1253 0188 00       		.byte	0
 1254 0189 00       		.byte	0
 1255 018a 1F       		.uleb128 0x1f
 1256 018b 2E       		.uleb128 0x2e
 1257 018c 01       		.byte	0x1
 1258 018d 3F       		.uleb128 0x3f
 1259 018e 19       		.uleb128 0x19
 1260 018f 03       		.uleb128 0x3
 1261 0190 0E       		.uleb128 0xe
 1262 0191 27       		.uleb128 0x27
 1263 0192 19       		.uleb128 0x19
 1264 0193 49       		.uleb128 0x49
 1265 0194 13       		.uleb128 0x13
 1266 0195 34       		.uleb128 0x34
 1267 0196 19       		.uleb128 0x19
 1268 0197 3C       		.uleb128 0x3c
 1269 0198 19       		.uleb128 0x19
 1270 0199 01       		.uleb128 0x1
 1271 019a 13       		.uleb128 0x13
 1272 019b 00       		.byte	0
 1273 019c 00       		.byte	0
 1274 019d 20       		.uleb128 0x20
 1275 019e 05       		.uleb128 0x5
 1276 019f 00       		.byte	0
 1277 01a0 49       		.uleb128 0x49
 1278 01a1 13       		.uleb128 0x13
 1279 01a2 00       		.byte	0
 1280 01a3 00       		.byte	0
 1281 01a4 21       		.uleb128 0x21
 1282 01a5 2E       		.uleb128 0x2e
 1283 01a6 01       		.byte	0x1
 1284 01a7 3F       		.uleb128 0x3f
 1285 01a8 19       		.uleb128 0x19
 1286 01a9 03       		.uleb128 0x3
 1287 01aa 0E       		.uleb128 0xe
 1288 01ab 3A       		.uleb128 0x3a
 1289 01ac 0B       		.uleb128 0xb
 1290 01ad 3B       		.uleb128 0x3b
 1291 01ae 0B       		.uleb128 0xb
 1292 01af 27       		.uleb128 0x27
 1293 01b0 19       		.uleb128 0x19
 1294 01b1 3C       		.uleb128 0x3c
 1295 01b2 19       		.uleb128 0x19
 1296 01b3 01       		.uleb128 0x1
 1297 01b4 13       		.uleb128 0x13
 1298 01b5 00       		.byte	0
ARM GAS  C:\Users\Nick\AppData\Local\Temp\cchcdvEu.s 			page 30


 1299 01b6 00       		.byte	0
 1300 01b7 22       		.uleb128 0x22
 1301 01b8 2E       		.uleb128 0x2e
 1302 01b9 01       		.byte	0x1
 1303 01ba 3F       		.uleb128 0x3f
 1304 01bb 19       		.uleb128 0x19
 1305 01bc 03       		.uleb128 0x3
 1306 01bd 0E       		.uleb128 0xe
 1307 01be 27       		.uleb128 0x27
 1308 01bf 19       		.uleb128 0x19
 1309 01c0 49       		.uleb128 0x49
 1310 01c1 13       		.uleb128 0x13
 1311 01c2 34       		.uleb128 0x34
 1312 01c3 19       		.uleb128 0x19
 1313 01c4 3C       		.uleb128 0x3c
 1314 01c5 19       		.uleb128 0x19
 1315 01c6 00       		.byte	0
 1316 01c7 00       		.byte	0
 1317 01c8 00       		.byte	0
 1318              		.section	.debug_loc,"",%progbits
 1319              	.Ldebug_loc0:
 1320              	.LLST0:
 1321 0000 06000000 		.4byte	.LVL1
 1322 0004 10000000 		.4byte	.LVL2
 1323 0008 0100     		.2byte	0x1
 1324 000a 53       		.byte	0x53
 1325 000b 00000000 		.4byte	0
 1326 000f 00000000 		.4byte	0
 1327              	.LLST1:
 1328 0013 00000000 		.4byte	.LVL3
 1329 0017 09000000 		.4byte	.LVL5-1
 1330 001b 0100     		.2byte	0x1
 1331 001d 50       		.byte	0x50
 1332 001e 09000000 		.4byte	.LVL5-1
 1333 0022 0C000000 		.4byte	.LFE0
 1334 0026 0400     		.2byte	0x4
 1335 0028 F3       		.byte	0xf3
 1336 0029 01       		.uleb128 0x1
 1337 002a 50       		.byte	0x50
 1338 002b 9F       		.byte	0x9f
 1339 002c 00000000 		.4byte	0
 1340 0030 00000000 		.4byte	0
 1341              	.LLST2:
 1342 0034 00000000 		.4byte	.LVL3
 1343 0038 06000000 		.4byte	.LVL4
 1344 003c 0100     		.2byte	0x1
 1345 003e 51       		.byte	0x51
 1346 003f 06000000 		.4byte	.LVL4
 1347 0043 09000000 		.4byte	.LVL5-1
 1348 0047 0100     		.2byte	0x1
 1349 0049 52       		.byte	0x52
 1350 004a 09000000 		.4byte	.LVL5-1
 1351 004e 0C000000 		.4byte	.LFE0
 1352 0052 0400     		.2byte	0x4
 1353 0054 F3       		.byte	0xf3
 1354 0055 01       		.uleb128 0x1
 1355 0056 51       		.byte	0x51
ARM GAS  C:\Users\Nick\AppData\Local\Temp\cchcdvEu.s 			page 31


 1356 0057 9F       		.byte	0x9f
 1357 0058 00000000 		.4byte	0
 1358 005c 00000000 		.4byte	0
 1359              	.LLST3:
 1360 0060 30000000 		.4byte	.LVL6
 1361 0064 3C000000 		.4byte	.LVL7
 1362 0068 0200     		.2byte	0x2
 1363 006a 49       		.byte	0x49
 1364 006b 9F       		.byte	0x9f
 1365 006c 3C000000 		.4byte	.LVL7
 1366 0070 82000000 		.4byte	.LVL13
 1367 0074 0100     		.2byte	0x1
 1368 0076 54       		.byte	0x54
 1369 0077 00000000 		.4byte	0
 1370 007b 00000000 		.4byte	0
 1371              	.LLST4:
 1372 007f 30000000 		.4byte	.LVL6
 1373 0083 3C000000 		.4byte	.LVL7
 1374 0087 0200     		.2byte	0x2
 1375 0089 30       		.byte	0x30
 1376 008a 9F       		.byte	0x9f
 1377 008b 3C000000 		.4byte	.LVL7
 1378 008f 46000000 		.4byte	.LVL8
 1379 0093 0100     		.2byte	0x1
 1380 0095 55       		.byte	0x55
 1381 0096 4A000000 		.4byte	.LVL9
 1382 009a 82000000 		.4byte	.LVL13
 1383 009e 0100     		.2byte	0x1
 1384 00a0 55       		.byte	0x55
 1385 00a1 00000000 		.4byte	0
 1386 00a5 00000000 		.4byte	0
 1387              	.LLST5:
 1388 00a9 00000000 		.4byte	.LVL14
 1389 00ad 05000000 		.4byte	.LVL15-1
 1390 00b1 0100     		.2byte	0x1
 1391 00b3 50       		.byte	0x50
 1392 00b4 05000000 		.4byte	.LVL15-1
 1393 00b8 08000000 		.4byte	.LFE1
 1394 00bc 0400     		.2byte	0x4
 1395 00be F3       		.byte	0xf3
 1396 00bf 01       		.uleb128 0x1
 1397 00c0 50       		.byte	0x50
 1398 00c1 9F       		.byte	0x9f
 1399 00c2 00000000 		.4byte	0
 1400 00c6 00000000 		.4byte	0
 1401              	.LLST6:
 1402 00ca 00000000 		.4byte	.LVL14
 1403 00ce 05000000 		.4byte	.LVL15-1
 1404 00d2 0100     		.2byte	0x1
 1405 00d4 51       		.byte	0x51
 1406 00d5 05000000 		.4byte	.LVL15-1
 1407 00d9 08000000 		.4byte	.LFE1
 1408 00dd 0400     		.2byte	0x4
 1409 00df F3       		.byte	0xf3
 1410 00e0 01       		.uleb128 0x1
 1411 00e1 51       		.byte	0x51
 1412 00e2 9F       		.byte	0x9f
ARM GAS  C:\Users\Nick\AppData\Local\Temp\cchcdvEu.s 			page 32


 1413 00e3 00000000 		.4byte	0
 1414 00e7 00000000 		.4byte	0
 1415              	.LLST7:
 1416 00eb 00000000 		.4byte	.LVL14
 1417 00ef 05000000 		.4byte	.LVL15-1
 1418 00f3 0100     		.2byte	0x1
 1419 00f5 52       		.byte	0x52
 1420 00f6 05000000 		.4byte	.LVL15-1
 1421 00fa 08000000 		.4byte	.LFE1
 1422 00fe 0400     		.2byte	0x4
 1423 0100 F3       		.byte	0xf3
 1424 0101 01       		.uleb128 0x1
 1425 0102 52       		.byte	0x52
 1426 0103 9F       		.byte	0x9f
 1427 0104 00000000 		.4byte	0
 1428 0108 00000000 		.4byte	0
 1429              	.LLST8:
 1430 010c 0E000000 		.4byte	.LVL18
 1431 0110 14000000 		.4byte	.LVL19
 1432 0114 0200     		.2byte	0x2
 1433 0116 30       		.byte	0x30
 1434 0117 9F       		.byte	0x9f
 1435 0118 14000000 		.4byte	.LVL19
 1436 011c 26000000 		.4byte	.LVL22
 1437 0120 0100     		.2byte	0x1
 1438 0122 54       		.byte	0x54
 1439 0123 26000000 		.4byte	.LVL22
 1440 0127 28000000 		.4byte	.LVL23
 1441 012b 0300     		.2byte	0x3
 1442 012d 74       		.byte	0x74
 1443 012e 7F       		.sleb128 -1
 1444 012f 9F       		.byte	0x9f
 1445 0130 28000000 		.4byte	.LVL23
 1446 0134 42000000 		.4byte	.LVL24
 1447 0138 0100     		.2byte	0x1
 1448 013a 54       		.byte	0x54
 1449 013b 00000000 		.4byte	0
 1450 013f 00000000 		.4byte	0
 1451              	.LLST9:
 1452 0143 1C000000 		.4byte	.LVL20
 1453 0147 23000000 		.4byte	.LVL21-1
 1454 014b 0100     		.2byte	0x1
 1455 014d 53       		.byte	0x53
 1456 014e 23000000 		.4byte	.LVL21-1
 1457 0152 26000000 		.4byte	.LVL22
 1458 0156 0D00     		.2byte	0xd
 1459 0158 74       		.byte	0x74
 1460 0159 00       		.sleb128 0
 1461 015a 31       		.byte	0x31
 1462 015b 24       		.byte	0x24
 1463 015c 74       		.byte	0x74
 1464 015d 00       		.sleb128 0
 1465 015e 22       		.byte	0x22
 1466 015f 31       		.byte	0x31
 1467 0160 24       		.byte	0x24
 1468 0161 75       		.byte	0x75
 1469 0162 00       		.sleb128 0
ARM GAS  C:\Users\Nick\AppData\Local\Temp\cchcdvEu.s 			page 33


 1470 0163 22       		.byte	0x22
 1471 0164 9F       		.byte	0x9f
 1472 0165 26000000 		.4byte	.LVL22
 1473 0169 28000000 		.4byte	.LVL23
 1474 016d 0A00     		.2byte	0xa
 1475 016f 74       		.byte	0x74
 1476 0170 7F       		.sleb128 -1
 1477 0171 33       		.byte	0x33
 1478 0172 1E       		.byte	0x1e
 1479 0173 31       		.byte	0x31
 1480 0174 24       		.byte	0x24
 1481 0175 75       		.byte	0x75
 1482 0176 00       		.sleb128 0
 1483 0177 22       		.byte	0x22
 1484 0178 9F       		.byte	0x9f
 1485 0179 00000000 		.4byte	0
 1486 017d 00000000 		.4byte	0
 1487              		.section	.debug_aranges,"",%progbits
 1488 0000 4C000000 		.4byte	0x4c
 1489 0004 0200     		.2byte	0x2
 1490 0006 00000000 		.4byte	.Ldebug_info0
 1491 000a 04       		.byte	0x4
 1492 000b 00       		.byte	0
 1493 000c 0000     		.2byte	0
 1494 000e 0000     		.2byte	0
 1495 0010 00000000 		.4byte	.LFB3
 1496 0014 02000000 		.4byte	.LFE3-.LFB3
 1497 0018 00000000 		.4byte	.LFB5
 1498 001c 28000000 		.4byte	.LFE5-.LFB5
 1499 0020 00000000 		.4byte	.LFB0
 1500 0024 0C000000 		.4byte	.LFE0-.LFB0
 1501 0028 00000000 		.4byte	.LFB4
 1502 002c A0000000 		.4byte	.LFE4-.LFB4
 1503 0030 00000000 		.4byte	.LFB1
 1504 0034 08000000 		.4byte	.LFE1-.LFB1
 1505 0038 00000000 		.4byte	.LFB6
 1506 003c 10000000 		.4byte	.LFE6-.LFB6
 1507 0040 00000000 		.4byte	.LFB7
 1508 0044 A4000000 		.4byte	.LFE7-.LFB7
 1509 0048 00000000 		.4byte	0
 1510 004c 00000000 		.4byte	0
 1511              		.section	.debug_ranges,"",%progbits
 1512              	.Ldebug_ranges0:
 1513 0000 10000000 		.4byte	.LBB3
 1514 0004 12000000 		.4byte	.LBE3
 1515 0008 14000000 		.4byte	.LBB4
 1516 000c 24000000 		.4byte	.LBE4
 1517 0010 00000000 		.4byte	0
 1518 0014 00000000 		.4byte	0
 1519 0018 00000000 		.4byte	.LFB3
 1520 001c 02000000 		.4byte	.LFE3
 1521 0020 00000000 		.4byte	.LFB5
 1522 0024 28000000 		.4byte	.LFE5
 1523 0028 00000000 		.4byte	.LFB0
 1524 002c 0C000000 		.4byte	.LFE0
 1525 0030 00000000 		.4byte	.LFB4
 1526 0034 A0000000 		.4byte	.LFE4
ARM GAS  C:\Users\Nick\AppData\Local\Temp\cchcdvEu.s 			page 34


 1527 0038 00000000 		.4byte	.LFB1
 1528 003c 08000000 		.4byte	.LFE1
 1529 0040 00000000 		.4byte	.LFB6
 1530 0044 10000000 		.4byte	.LFE6
 1531 0048 00000000 		.4byte	.LFB7
 1532 004c A4000000 		.4byte	.LFE7
 1533 0050 00000000 		.4byte	0
 1534 0054 00000000 		.4byte	0
 1535              		.section	.debug_line,"",%progbits
 1536              	.Ldebug_line0:
 1537 0000 A8010000 		.section	.debug_str,"MS",%progbits,1
 1537      0200D800 
 1537      00000201 
 1537      FB0E0D00 
 1537      01010101 
 1538              	.LASF18:
 1539 0000 72656731 		.ascii	"reg16\000"
 1539      3600
 1540              	.LASF38:
 1541 0006 43794465 		.ascii	"CyDelayCycles\000"
 1541      6C617943 
 1541      79636C65 
 1541      7300
 1542              	.LASF11:
 1543 0014 73697A65 		.ascii	"size_t\000"
 1543      5F7400
 1544              	.LASF20:
 1545 001b 416E616C 		.ascii	"AnalogSetDefault\000"
 1545      6F675365 
 1545      74446566 
 1545      61756C74 
 1545      00
 1546              	.LASF25:
 1547 002c 74696D65 		.ascii	"timeout\000"
 1547      6F757400 
 1548              	.LASF36:
 1549 0034 6366675F 		.ascii	"cfg_memset_list\000"
 1549      6D656D73 
 1549      65745F6C 
 1549      69737400 
 1550              	.LASF23:
 1551 0044 436C6F63 		.ascii	"ClockSetup\000"
 1551      6B536574 
 1551      757000
 1552              	.LASF4:
 1553 004f 73686F72 		.ascii	"short unsigned int\000"
 1553      7420756E 
 1553      7369676E 
 1553      65642069 
 1553      6E7400
 1554              	.LASF26:
 1555 0062 706C6C4C 		.ascii	"pllLock\000"
 1555      6F636B00 
 1556              	.LASF15:
 1557 006a 666C6F61 		.ascii	"float\000"
 1557      7400
 1558              	.LASF19:
ARM GAS  C:\Users\Nick\AppData\Local\Temp\cchcdvEu.s 			page 35


 1559 0070 4379436C 		.ascii	"CyClockStartupError\000"
 1559      6F636B53 
 1559      74617274 
 1559      75704572 
 1559      726F7200 
 1560              	.LASF28:
 1561 0084 64657374 		.ascii	"dest\000"
 1561      00
 1562              	.LASF34:
 1563 0089 73697A65 		.ascii	"size\000"
 1563      00
 1564              	.LASF17:
 1565 008e 72656738 		.ascii	"reg8\000"
 1565      00
 1566              	.LASF6:
 1567 0093 6C6F6E67 		.ascii	"long unsigned int\000"
 1567      20756E73 
 1567      69676E65 
 1567      6420696E 
 1567      7400
 1568              	.LASF12:
 1569 00a5 75696E74 		.ascii	"uint8\000"
 1569      3800
 1570              	.LASF21:
 1571 00ab 43594D45 		.ascii	"CYMEMZERO\000"
 1571      4D5A4552 
 1571      4F00
 1572              	.LASF31:
 1573 00b5 53657441 		.ascii	"SetAnalogRoutingPumps\000"
 1573      6E616C6F 
 1573      67526F75 
 1573      74696E67 
 1573      50756D70 
 1574              	.LASF2:
 1575 00cb 756E7369 		.ascii	"unsigned char\000"
 1575      676E6564 
 1575      20636861 
 1575      7200
 1576              	.LASF37:
 1577 00d9 6D656D73 		.ascii	"memset\000"
 1577      657400
 1578              	.LASF16:
 1579 00e0 646F7562 		.ascii	"double\000"
 1579      6C6500
 1580              	.LASF32:
 1581 00e7 63796669 		.ascii	"cyfitter_cfg\000"
 1581      74746572 
 1581      5F636667 
 1581      00
 1582              	.LASF13:
 1583 00f4 75696E74 		.ascii	"uint16\000"
 1583      313600
 1584              	.LASF22:
 1585 00fb 6572726F 		.ascii	"errorCode\000"
 1585      72436F64 
 1585      6500
 1586              	.LASF14:
ARM GAS  C:\Users\Nick\AppData\Local\Temp\cchcdvEu.s 			page 36


 1587 0105 75696E74 		.ascii	"uint32\000"
 1587      333200
 1588              	.LASF0:
 1589 010c 756E7369 		.ascii	"unsigned int\000"
 1589      676E6564 
 1589      20696E74 
 1589      00
 1590              	.LASF33:
 1591 0119 61646472 		.ascii	"address\000"
 1591      65737300 
 1592              	.LASF8:
 1593 0121 6C6F6E67 		.ascii	"long long unsigned int\000"
 1593      206C6F6E 
 1593      6720756E 
 1593      7369676E 
 1593      65642069 
 1594              	.LASF35:
 1595 0138 6366675F 		.ascii	"cfg_memset_t\000"
 1595      6D656D73 
 1595      65745F74 
 1595      00
 1596              	.LASF39:
 1597 0145 474E5520 		.ascii	"GNU C 4.8.4 20140526 (release) [ARM/embedded-4_8-br"
 1597      4320342E 
 1597      382E3420 
 1597      32303134 
 1597      30353236 
 1598 0178 616E6368 		.ascii	"anch revision 211358] -mcpu=cortex-m3 -mthumb -g -O"
 1598      20726576 
 1598      6973696F 
 1598      6E203231 
 1598      31333538 
 1599 01ab 67202D66 		.ascii	"g -ffunction-sections\000"
 1599      66756E63 
 1599      74696F6E 
 1599      2D736563 
 1599      74696F6E 
 1600              	.LASF9:
 1601 01c1 73697A65 		.ascii	"sizetype\000"
 1601      74797065 
 1601      00
 1602              	.LASF7:
 1603 01ca 6C6F6E67 		.ascii	"long long int\000"
 1603      206C6F6E 
 1603      6720696E 
 1603      7400
 1604              	.LASF42:
 1605 01d8 6D656D63 		.ascii	"memcpy\000"
 1605      707900
 1606              	.LASF3:
 1607 01df 73686F72 		.ascii	"short int\000"
 1607      7420696E 
 1607      7400
 1608              	.LASF40:
 1609 01e9 2E5C4765 		.ascii	".\\Generated_Source\\PSoC5\\cyfitter_cfg.c\000"
 1609      6E657261 
 1609      7465645F 
ARM GAS  C:\Users\Nick\AppData\Local\Temp\cchcdvEu.s 			page 37


 1609      536F7572 
 1609      63655C50 
 1610              	.LASF29:
 1611 0211 656E6162 		.ascii	"enabled\000"
 1611      6C656400 
 1612              	.LASF5:
 1613 0219 6C6F6E67 		.ascii	"long int\000"
 1613      20696E74 
 1613      00
 1614              	.LASF10:
 1615 0222 63686172 		.ascii	"char\000"
 1615      00
 1616              	.LASF24:
 1617 0227 62675F78 		.ascii	"bg_xover_inl_trim\000"
 1617      6F766572 
 1617      5F696E6C 
 1617      5F747269 
 1617      6D00
 1618              	.LASF1:
 1619 0239 7369676E 		.ascii	"signed char\000"
 1619      65642063 
 1619      68617200 
 1620              	.LASF30:
 1621 0245 72656756 		.ascii	"regValue\000"
 1621      616C7565 
 1621      00
 1622              	.LASF27:
 1623 024e 4359434F 		.ascii	"CYCONFIGCPY\000"
 1623      4E464947 
 1623      43505900 
 1624              	.LASF41:
 1625 025a 433A5C55 		.ascii	"C:\\Users\\Nick\\Dropbox\\Uni Docs\\y4s2\\ECE3091 -"
 1625      73657273 
 1625      5C4E6963 
 1625      6B5C4472 
 1625      6F70626F 
 1626 0287 20456E67 		.ascii	" Engineering Design\\PSoc Creator\\eng_design_2015\\"
 1626      696E6565 
 1626      72696E67 
 1626      20446573 
 1626      69676E5C 
 1627 02b8 45434533 		.ascii	"ECE3091-chickybot\\chickybot.cydsn\000"
 1627      3039312D 
 1627      63686963 
 1627      6B79626F 
 1627      745C6368 
 1628              		.ident	"GCC: (GNU Tools for ARM Embedded Processors) 4.8.4 20140526 (release) [ARM/embedded-4_8-br
