ARM GAS  C:\Users\Nick\AppData\Local\Temp\cctcbkFa.s 			page 1


   1              		.syntax unified
   2              		.cpu cortex-m3
   3              		.fpu softvfp
   4              		.eabi_attribute 20, 1
   5              		.eabi_attribute 21, 1
   6              		.eabi_attribute 23, 3
   7              		.eabi_attribute 24, 1
   8              		.eabi_attribute 25, 1
   9              		.eabi_attribute 26, 1
  10              		.eabi_attribute 30, 1
  11              		.eabi_attribute 34, 1
  12              		.eabi_attribute 18, 4
  13              		.thumb
  14              		.file	"sensors.c"
  15              		.text
  16              	.Ltext0:
  17              		.cfi_sections	.debug_frame
  18              		.section	.text.UsSensorTrigger,"ax",%progbits
  19              		.align	2
  20              		.global	UsSensorTrigger
  21              		.thumb
  22              		.thumb_func
  23              		.type	UsSensorTrigger, %function
  24              	UsSensorTrigger:
  25              	.LFB63:
  26              		.file 1 ".\\sensors.c"
   1:.\sensors.c   **** #include <project.h>
   2:.\sensors.c   **** #include "main.h"
   3:.\sensors.c   **** 
   4:.\sensors.c   **** uint32 rc;
   5:.\sensors.c   **** uint32 dist;
   6:.\sensors.c   **** 
   7:.\sensors.c   **** void UsSensorTrigger() {
  27              		.loc 1 7 0
  28              		.cfi_startproc
  29              		@ args = 0, pretend = 0, frame = 0
  30              		@ frame_needed = 0, uses_anonymous_args = 0
  31 0000 08B5     		push	{r3, lr}
  32              		.cfi_def_cfa_offset 8
  33              		.cfi_offset 3, -8
  34              		.cfi_offset 14, -4
   8:.\sensors.c   ****     UsTimer_DisableTrigger();
  35              		.loc 1 8 0
  36 0002 FFF7FEFF 		bl	UsTimer_DisableTrigger
  37              	.LVL0:
   9:.\sensors.c   ****     UsTimer_ReadStatusRegister();
  38              		.loc 1 9 0
  39 0006 FFF7FEFF 		bl	UsTimer_ReadStatusRegister
  40              	.LVL1:
  10:.\sensors.c   ****     rc = UsTimer_ReadCapture();
  41              		.loc 1 10 0
  42 000a FFF7FEFF 		bl	UsTimer_ReadCapture
  43              	.LVL2:
  44 000e 124B     		ldr	r3, .L2
  45 0010 1860     		str	r0, [r3]
  11:.\sensors.c   ****     dist = (38000 - rc) * 10 / 58;
  46              		.loc 1 11 0
ARM GAS  C:\Users\Nick\AppData\Local\Temp\cctcbkFa.s 			page 2


  47 0012 6FF00903 		mvn	r3, #9
  48 0016 03FB00F0 		mul	r0, r3, r0
  49 001a 00F5B920 		add	r0, r0, #378880
  50 001e 00F58C60 		add	r0, r0, #1120
  51 0022 0E4B     		ldr	r3, .L2+4
  52 0024 A3FB0020 		umull	r2, r0, r3, r0
  53 0028 4009     		lsrs	r0, r0, #5
  54 002a 0D4B     		ldr	r3, .L2+8
  55 002c 1860     		str	r0, [r3]
  12:.\sensors.c   ****     
  13:.\sensors.c   ****     LedYellow_Write(!LedYellow_Read());
  56              		.loc 1 13 0
  57 002e FFF7FEFF 		bl	LedYellow_Read
  58              	.LVL3:
  59 0032 D0F10100 		rsbs	r0, r0, #1
  60 0036 38BF     		it	cc
  61 0038 0020     		movcc	r0, #0
  62 003a FFF7FEFF 		bl	LedYellow_Write
  63              	.LVL4:
  14:.\sensors.c   ****     
  15:.\sensors.c   **** //    CyDelay(500);
  16:.\sensors.c   ****     
  17:.\sensors.c   ****     UsTimer_ClearFIFO();
  64              		.loc 1 17 0
  65 003e FFF7FEFF 		bl	UsTimer_ClearFIFO
  66              	.LVL5:
  18:.\sensors.c   ****     UsTimer_WritePeriod(UsTimer_INIT_PERIOD);
  67              		.loc 1 18 0
  68 0042 49F26F40 		movw	r0, #37999
  69 0046 FFF7FEFF 		bl	UsTimer_WritePeriod
  70              	.LVL6:
  19:.\sensors.c   ****     UsTimer_WriteCounter(UsTimer_INIT_PERIOD);
  71              		.loc 1 19 0
  72 004a 49F26F40 		movw	r0, #37999
  73 004e FFF7FEFF 		bl	UsTimer_WriteCounter
  74              	.LVL7:
  20:.\sensors.c   ****     UsTimer_EnableTrigger();
  75              		.loc 1 20 0
  76 0052 FFF7FEFF 		bl	UsTimer_EnableTrigger
  77              	.LVL8:
  78 0056 08BD     		pop	{r3, pc}
  79              	.L3:
  80              		.align	2
  81              	.L2:
  82 0058 00000000 		.word	rc
  83 005c 09CB3D8D 		.word	-1925330167
  84 0060 00000000 		.word	dist
  85              		.cfi_endproc
  86              	.LFE63:
  87              		.size	UsSensorTrigger, .-UsSensorTrigger
  88              		.section	.text.getDist,"ax",%progbits
  89              		.align	2
  90              		.global	getDist
  91              		.thumb
  92              		.thumb_func
  93              		.type	getDist, %function
  94              	getDist:
ARM GAS  C:\Users\Nick\AppData\Local\Temp\cctcbkFa.s 			page 3


  95              	.LFB64:
  21:.\sensors.c   **** }
  22:.\sensors.c   **** 
  23:.\sensors.c   **** uint16 getDist() {
  96              		.loc 1 23 0
  97              		.cfi_startproc
  98              		@ args = 0, pretend = 0, frame = 0
  99              		@ frame_needed = 0, uses_anonymous_args = 0
 100              		@ link register save eliminated.
  24:.\sensors.c   ****     return dist;
  25:.\sensors.c   **** }
 101              		.loc 1 25 0
 102 0000 014B     		ldr	r3, .L5
 103 0002 1888     		ldrh	r0, [r3]
 104 0004 7047     		bx	lr
 105              	.L6:
 106 0006 00BF     		.align	2
 107              	.L5:
 108 0008 00000000 		.word	dist
 109              		.cfi_endproc
 110              	.LFE64:
 111              		.size	getDist, .-getDist
 112              		.section	.text.drawDistToLcd,"ax",%progbits
 113              		.align	2
 114              		.global	drawDistToLcd
 115              		.thumb
 116              		.thumb_func
 117              		.type	drawDistToLcd, %function
 118              	drawDistToLcd:
 119              	.LFB65:
  26:.\sensors.c   **** 
  27:.\sensors.c   **** void drawDistToLcd() {
 120              		.loc 1 27 0
 121              		.cfi_startproc
 122              		@ args = 0, pretend = 0, frame = 0
 123              		@ frame_needed = 0, uses_anonymous_args = 0
 124 0000 08B5     		push	{r3, lr}
 125              		.cfi_def_cfa_offset 8
 126              		.cfi_offset 3, -8
 127              		.cfi_offset 14, -4
  28:.\sensors.c   ****     Lcd_ClearDisplay();
 128              		.loc 1 28 0
 129 0002 0120     		movs	r0, #1
 130 0004 FFF7FEFF 		bl	Lcd_WriteControl
 131              	.LVL9:
  29:.\sensors.c   ****     Lcd_Position(0,0);
 132              		.loc 1 29 0
 133 0008 0020     		movs	r0, #0
 134 000a 0146     		mov	r1, r0
 135 000c FFF7FEFF 		bl	Lcd_Position
 136              	.LVL10:
  30:.\sensors.c   ****     Lcd_PrintDecUint16((uint16) rc);
 137              		.loc 1 30 0
 138 0010 064B     		ldr	r3, .L8
 139 0012 1888     		ldrh	r0, [r3]
 140 0014 FFF7FEFF 		bl	Lcd_PrintNumber
 141              	.LVL11:
ARM GAS  C:\Users\Nick\AppData\Local\Temp\cctcbkFa.s 			page 4


  31:.\sensors.c   ****     Lcd_Position(1,0);
 142              		.loc 1 31 0
 143 0018 0120     		movs	r0, #1
 144 001a 0021     		movs	r1, #0
 145 001c FFF7FEFF 		bl	Lcd_Position
 146              	.LVL12:
  32:.\sensors.c   ****     Lcd_PrintDecUint16((uint16) dist);
 147              		.loc 1 32 0
 148 0020 034B     		ldr	r3, .L8+4
 149 0022 1888     		ldrh	r0, [r3]
 150 0024 FFF7FEFF 		bl	Lcd_PrintNumber
 151              	.LVL13:
 152 0028 08BD     		pop	{r3, pc}
 153              	.L9:
 154 002a 00BF     		.align	2
 155              	.L8:
 156 002c 00000000 		.word	rc
 157 0030 00000000 		.word	dist
 158              		.cfi_endproc
 159              	.LFE65:
 160              		.size	drawDistToLcd, .-drawDistToLcd
 161              		.section	.text.getColour,"ax",%progbits
 162              		.align	2
 163              		.global	getColour
 164              		.thumb
 165              		.thumb_func
 166              		.type	getColour, %function
 167              	getColour:
 168              	.LFB66:
  33:.\sensors.c   **** }
  34:.\sensors.c   **** 
  35:.\sensors.c   **** 
  36:.\sensors.c   **** void getColour() {
 169              		.loc 1 36 0
 170              		.cfi_startproc
 171              		@ args = 0, pretend = 0, frame = 0
 172              		@ frame_needed = 0, uses_anonymous_args = 0
 173 0000 10B5     		push	{r4, lr}
 174              		.cfi_def_cfa_offset 8
 175              		.cfi_offset 4, -8
 176              		.cfi_offset 14, -4
  37:.\sensors.c   ****     ADC_Start();
 177              		.loc 1 37 0
 178 0002 FFF7FEFF 		bl	ADC_Start
 179              	.LVL14:
  38:.\sensors.c   ****     ADC_StartConvert();
 180              		.loc 1 38 0
 181 0006 FFF7FEFF 		bl	ADC_StartConvert
 182              	.LVL15:
  39:.\sensors.c   ****     AMux_Select(AMUX_COLOUR_1);
 183              		.loc 1 39 0
 184 000a 0220     		movs	r0, #2
 185 000c FFF7FEFF 		bl	AMux_FastSelect
 186              	.LVL16:
  40:.\sensors.c   ****     ADC_IsEndConversion(ADC_WAIT_FOR_RESULT);
 187              		.loc 1 40 0
 188 0010 0020     		movs	r0, #0
ARM GAS  C:\Users\Nick\AppData\Local\Temp\cctcbkFa.s 			page 5


 189 0012 FFF7FEFF 		bl	ADC_IsEndConversion
 190              	.LVL17:
  41:.\sensors.c   ****     
  42:.\sensors.c   ****     int16 result = ADC_GetResult16();
 191              		.loc 1 42 0
 192 0016 FFF7FEFF 		bl	ADC_GetResult16
 193              	.LVL18:
  43:.\sensors.c   ****     
  44:.\sensors.c   ****     //this is if the result matches up with ambient lighting
  45:.\sensors.c   ****     if(result == 0){
 194              		.loc 1 45 0
 195 001a 0446     		mov	r4, r0
 196 001c A0B9     		cbnz	r0, .L11
  46:.\sensors.c   ****         Lcd_ClearDisplay();
 197              		.loc 1 46 0
 198 001e 0120     		movs	r0, #1
 199              	.LVL19:
 200 0020 FFF7FEFF 		bl	Lcd_WriteControl
 201              	.LVL20:
  47:.\sensors.c   ****         Lcd_WriteControl(Lcd_CLEAR_DISPLAY);
 202              		.loc 1 47 0
 203 0024 0120     		movs	r0, #1
 204 0026 FFF7FEFF 		bl	Lcd_WriteControl
 205              	.LVL21:
  48:.\sensors.c   ****         Lcd_Position(0,0);
 206              		.loc 1 48 0
 207 002a 0020     		movs	r0, #0
 208 002c 0146     		mov	r1, r0
 209 002e FFF7FEFF 		bl	Lcd_Position
 210              	.LVL22:
  49:.\sensors.c   ****         Lcd_PrintDecUint16(result);
 211              		.loc 1 49 0
 212 0032 A0B2     		uxth	r0, r4
 213 0034 FFF7FEFF 		bl	Lcd_PrintNumber
 214              	.LVL23:
  50:.\sensors.c   ****         Lcd_PosPrintString(1,0, "AMBIENT");
 215              		.loc 1 50 0
 216 0038 0120     		movs	r0, #1
 217 003a 0021     		movs	r1, #0
 218 003c FFF7FEFF 		bl	Lcd_Position
 219              	.LVL24:
 220 0040 2D48     		ldr	r0, .L16
 221 0042 FFF7FEFF 		bl	Lcd_PrintString
 222              	.LVL25:
 223 0046 10BD     		pop	{r4, pc}
 224              	.LVL26:
 225              	.L11:
  51:.\sensors.c   ****     }
  52:.\sensors.c   ****     //this is if the result matches up with picking up red light
  53:.\sensors.c   ****     else if(result == 0){
 226              		.loc 1 53 0
 227 0048 A0B9     		cbnz	r0, .L13
  54:.\sensors.c   ****         Lcd_ClearDisplay();
 228              		.loc 1 54 0
 229 004a 0120     		movs	r0, #1
 230              	.LVL27:
 231 004c FFF7FEFF 		bl	Lcd_WriteControl
ARM GAS  C:\Users\Nick\AppData\Local\Temp\cctcbkFa.s 			page 6


 232              	.LVL28:
  55:.\sensors.c   ****         Lcd_WriteControl(Lcd_CLEAR_DISPLAY);
 233              		.loc 1 55 0
 234 0050 0120     		movs	r0, #1
 235 0052 FFF7FEFF 		bl	Lcd_WriteControl
 236              	.LVL29:
  56:.\sensors.c   ****         Lcd_Position(0,0);
 237              		.loc 1 56 0
 238 0056 0020     		movs	r0, #0
 239 0058 0146     		mov	r1, r0
 240 005a FFF7FEFF 		bl	Lcd_Position
 241              	.LVL30:
  57:.\sensors.c   ****         Lcd_PrintDecUint16(result);
 242              		.loc 1 57 0
 243 005e A0B2     		uxth	r0, r4
 244 0060 FFF7FEFF 		bl	Lcd_PrintNumber
 245              	.LVL31:
  58:.\sensors.c   ****         Lcd_PosPrintString(1,0, "RED");
 246              		.loc 1 58 0
 247 0064 0120     		movs	r0, #1
 248 0066 0021     		movs	r1, #0
 249 0068 FFF7FEFF 		bl	Lcd_Position
 250              	.LVL32:
 251 006c 2348     		ldr	r0, .L16+4
 252 006e FFF7FEFF 		bl	Lcd_PrintString
 253              	.LVL33:
 254 0072 10BD     		pop	{r4, pc}
 255              	.LVL34:
 256              	.L13:
  59:.\sensors.c   ****     }
  60:.\sensors.c   ****     
  61:.\sensors.c   ****     //this is if the result matches up with picking up blue light
  62:.\sensors.c   ****     else if(result == 0){
 257              		.loc 1 62 0
 258 0074 A0B9     		cbnz	r0, .L14
  63:.\sensors.c   ****         Lcd_ClearDisplay();
 259              		.loc 1 63 0
 260 0076 0120     		movs	r0, #1
 261              	.LVL35:
 262 0078 FFF7FEFF 		bl	Lcd_WriteControl
 263              	.LVL36:
  64:.\sensors.c   ****         Lcd_WriteControl(Lcd_CLEAR_DISPLAY);
 264              		.loc 1 64 0
 265 007c 0120     		movs	r0, #1
 266 007e FFF7FEFF 		bl	Lcd_WriteControl
 267              	.LVL37:
  65:.\sensors.c   ****         Lcd_Position(0,0);
 268              		.loc 1 65 0
 269 0082 0020     		movs	r0, #0
 270 0084 0146     		mov	r1, r0
 271 0086 FFF7FEFF 		bl	Lcd_Position
 272              	.LVL38:
  66:.\sensors.c   ****         Lcd_PrintDecUint16(result);
 273              		.loc 1 66 0
 274 008a A0B2     		uxth	r0, r4
 275 008c FFF7FEFF 		bl	Lcd_PrintNumber
 276              	.LVL39:
ARM GAS  C:\Users\Nick\AppData\Local\Temp\cctcbkFa.s 			page 7


  67:.\sensors.c   ****         Lcd_PosPrintString(1,0, "BLUE");
 277              		.loc 1 67 0
 278 0090 0120     		movs	r0, #1
 279 0092 0021     		movs	r1, #0
 280 0094 FFF7FEFF 		bl	Lcd_Position
 281              	.LVL40:
 282 0098 1948     		ldr	r0, .L16+8
 283 009a FFF7FEFF 		bl	Lcd_PrintString
 284              	.LVL41:
 285 009e 10BD     		pop	{r4, pc}
 286              	.LVL42:
 287              	.L14:
  68:.\sensors.c   ****     }
  69:.\sensors.c   ****     
  70:.\sensors.c   ****     //this is if the result matches up with picking up green light
  71:.\sensors.c   ****     else if(result == 0){
 288              		.loc 1 71 0
 289 00a0 A0B9     		cbnz	r0, .L15
  72:.\sensors.c   ****         Lcd_ClearDisplay();
 290              		.loc 1 72 0
 291 00a2 0120     		movs	r0, #1
 292              	.LVL43:
 293 00a4 FFF7FEFF 		bl	Lcd_WriteControl
 294              	.LVL44:
  73:.\sensors.c   ****         Lcd_WriteControl(Lcd_CLEAR_DISPLAY);
 295              		.loc 1 73 0
 296 00a8 0120     		movs	r0, #1
 297 00aa FFF7FEFF 		bl	Lcd_WriteControl
 298              	.LVL45:
  74:.\sensors.c   ****         Lcd_Position(0,0);
 299              		.loc 1 74 0
 300 00ae 0020     		movs	r0, #0
 301 00b0 0146     		mov	r1, r0
 302 00b2 FFF7FEFF 		bl	Lcd_Position
 303              	.LVL46:
  75:.\sensors.c   ****         Lcd_PrintDecUint16(result);
 304              		.loc 1 75 0
 305 00b6 A0B2     		uxth	r0, r4
 306 00b8 FFF7FEFF 		bl	Lcd_PrintNumber
 307              	.LVL47:
  76:.\sensors.c   ****         Lcd_PosPrintString(1,0, "GREEN");
 308              		.loc 1 76 0
 309 00bc 0120     		movs	r0, #1
 310 00be 0021     		movs	r1, #0
 311 00c0 FFF7FEFF 		bl	Lcd_Position
 312              	.LVL48:
 313 00c4 0F48     		ldr	r0, .L16+12
 314 00c6 FFF7FEFF 		bl	Lcd_PrintString
 315              	.LVL49:
 316 00ca 10BD     		pop	{r4, pc}
 317              	.LVL50:
 318              	.L15:
  77:.\sensors.c   ****     }
  78:.\sensors.c   ****     //this is a case that has not been explained
  79:.\sensors.c   ****     else {
  80:.\sensors.c   ****         Lcd_ClearDisplay();
 319              		.loc 1 80 0
ARM GAS  C:\Users\Nick\AppData\Local\Temp\cctcbkFa.s 			page 8


 320 00cc 0120     		movs	r0, #1
 321              	.LVL51:
 322 00ce FFF7FEFF 		bl	Lcd_WriteControl
 323              	.LVL52:
  81:.\sensors.c   ****         Lcd_WriteControl(Lcd_CLEAR_DISPLAY);
 324              		.loc 1 81 0
 325 00d2 0120     		movs	r0, #1
 326 00d4 FFF7FEFF 		bl	Lcd_WriteControl
 327              	.LVL53:
  82:.\sensors.c   ****         Lcd_Position(0,0);
 328              		.loc 1 82 0
 329 00d8 0020     		movs	r0, #0
 330 00da 0146     		mov	r1, r0
 331 00dc FFF7FEFF 		bl	Lcd_Position
 332              	.LVL54:
  83:.\sensors.c   ****         Lcd_PrintDecUint16(result);
 333              		.loc 1 83 0
 334 00e0 A0B2     		uxth	r0, r4
 335 00e2 FFF7FEFF 		bl	Lcd_PrintNumber
 336              	.LVL55:
  84:.\sensors.c   ****         Lcd_PosPrintString(1,0, "UMMM....");
 337              		.loc 1 84 0
 338 00e6 0120     		movs	r0, #1
 339 00e8 0021     		movs	r1, #0
 340 00ea FFF7FEFF 		bl	Lcd_Position
 341              	.LVL56:
 342 00ee 0648     		ldr	r0, .L16+16
 343 00f0 FFF7FEFF 		bl	Lcd_PrintString
 344              	.LVL57:
 345 00f4 10BD     		pop	{r4, pc}
 346              	.L17:
 347 00f6 00BF     		.align	2
 348              	.L16:
 349 00f8 00000000 		.word	.LC0
 350 00fc 08000000 		.word	.LC1
 351 0100 0C000000 		.word	.LC2
 352 0104 14000000 		.word	.LC3
 353 0108 1C000000 		.word	.LC4
 354              		.cfi_endproc
 355              	.LFE66:
 356              		.size	getColour, .-getColour
 357              		.comm	dist,4,4
 358              		.comm	rc,4,4
 359              		.comm	Camera_framebuffer,50688,4
 360              		.section	.rodata.str1.4,"aMS",%progbits,1
 361              		.align	2
 362              	.LC0:
 363 0000 414D4249 		.ascii	"AMBIENT\000"
 363      454E5400 
 364              	.LC1:
 365 0008 52454400 		.ascii	"RED\000"
 366              	.LC2:
 367 000c 424C5545 		.ascii	"BLUE\000"
 367      00
 368 0011 000000   		.space	3
 369              	.LC3:
 370 0014 47524545 		.ascii	"GREEN\000"
ARM GAS  C:\Users\Nick\AppData\Local\Temp\cctcbkFa.s 			page 9


 370      4E00
 371 001a 0000     		.space	2
 372              	.LC4:
 373 001c 554D4D4D 		.ascii	"UMMM....\000"
 373      2E2E2E2E 
 373      00
 374 0025 000000   		.text
 375              	.Letext0:
 376              		.file 2 "c:\\program files (x86)\\cypress\\psoc creator\\3.2\\psoc creator\\import\\gnu\\arm\\4.8.
 377              		.file 3 "c:\\program files (x86)\\cypress\\psoc creator\\3.2\\psoc creator\\import\\gnu\\arm\\4.8.
 378              		.file 4 "Generated_Source\\PSoC5/cytypes.h"
 379              		.file 5 "Generated_Source\\PSoC5/core_cm3.h"
 380              		.file 6 "Generated_Source\\PSoC5/Camera.h"
 381              		.file 7 "Generated_Source\\PSoC5/UsTimer.h"
 382              		.file 8 "Generated_Source\\PSoC5/LedYellow.h"
 383              		.file 9 "Generated_Source\\PSoC5/Lcd.h"
 384              		.file 10 "Generated_Source\\PSoC5/ADC.h"
 385              		.file 11 "Generated_Source\\PSoC5/AMux.h"
 386              		.section	.debug_info,"",%progbits
 387              	.Ldebug_info0:
 388 0000 12060000 		.4byte	0x612
 389 0004 0400     		.2byte	0x4
 390 0006 00000000 		.4byte	.Ldebug_abbrev0
 391 000a 04       		.byte	0x4
 392 000b 01       		.uleb128 0x1
 393 000c DA010000 		.4byte	.LASF43
 394 0010 01       		.byte	0x1
 395 0011 EC020000 		.4byte	.LASF44
 396 0015 F8020000 		.4byte	.LASF45
 397 0019 00000000 		.4byte	.Ldebug_ranges0+0
 398 001d 00000000 		.4byte	0
 399 0021 00000000 		.4byte	.Ldebug_line0
 400 0025 02       		.uleb128 0x2
 401 0026 01       		.byte	0x1
 402 0027 06       		.byte	0x6
 403 0028 D0020000 		.4byte	.LASF0
 404 002c 02       		.uleb128 0x2
 405 002d 01       		.byte	0x1
 406 002e 08       		.byte	0x8
 407 002f 17010000 		.4byte	.LASF1
 408 0033 02       		.uleb128 0x2
 409 0034 02       		.byte	0x2
 410 0035 05       		.byte	0x5
 411 0036 9F020000 		.4byte	.LASF2
 412 003a 02       		.uleb128 0x2
 413 003b 02       		.byte	0x2
 414 003c 07       		.byte	0x7
 415 003d DA000000 		.4byte	.LASF3
 416 0041 03       		.uleb128 0x3
 417 0042 39000000 		.4byte	.LASF9
 418 0046 02       		.byte	0x2
 419 0047 37       		.byte	0x37
 420 0048 4C000000 		.4byte	0x4c
 421 004c 02       		.uleb128 0x2
 422 004d 04       		.byte	0x4
 423 004e 05       		.byte	0x5
 424 004f AF020000 		.4byte	.LASF4
ARM GAS  C:\Users\Nick\AppData\Local\Temp\cctcbkFa.s 			page 10


 425 0053 02       		.uleb128 0x2
 426 0054 04       		.byte	0x4
 427 0055 07       		.byte	0x7
 428 0056 36010000 		.4byte	.LASF5
 429 005a 02       		.uleb128 0x2
 430 005b 08       		.byte	0x8
 431 005c 05       		.byte	0x5
 432 005d 6F020000 		.4byte	.LASF6
 433 0061 02       		.uleb128 0x2
 434 0062 08       		.byte	0x8
 435 0063 07       		.byte	0x7
 436 0064 87010000 		.4byte	.LASF7
 437 0068 04       		.uleb128 0x4
 438 0069 04       		.byte	0x4
 439 006a 05       		.byte	0x5
 440 006b 696E7400 		.ascii	"int\000"
 441 006f 02       		.uleb128 0x2
 442 0070 04       		.byte	0x4
 443 0071 07       		.byte	0x7
 444 0072 66010000 		.4byte	.LASF8
 445 0076 03       		.uleb128 0x3
 446 0077 82020000 		.4byte	.LASF10
 447 007b 03       		.byte	0x3
 448 007c 41       		.byte	0x41
 449 007d 41000000 		.4byte	0x41
 450 0081 03       		.uleb128 0x3
 451 0082 A9020000 		.4byte	.LASF11
 452 0086 04       		.byte	0x4
 453 0087 B4       		.byte	0xb4
 454 0088 2C000000 		.4byte	0x2c
 455 008c 03       		.uleb128 0x3
 456 008d 48010000 		.4byte	.LASF12
 457 0091 04       		.byte	0x4
 458 0092 B5       		.byte	0xb5
 459 0093 3A000000 		.4byte	0x3a
 460 0097 03       		.uleb128 0x3
 461 0098 5F010000 		.4byte	.LASF13
 462 009c 04       		.byte	0x4
 463 009d B6       		.byte	0xb6
 464 009e 53000000 		.4byte	0x53
 465 00a2 03       		.uleb128 0x3
 466 00a3 C0000000 		.4byte	.LASF14
 467 00a7 04       		.byte	0x4
 468 00a8 B8       		.byte	0xb8
 469 00a9 33000000 		.4byte	0x33
 470 00ad 02       		.uleb128 0x2
 471 00ae 04       		.byte	0x4
 472 00af 04       		.byte	0x4
 473 00b0 8C000000 		.4byte	.LASF15
 474 00b4 02       		.uleb128 0x2
 475 00b5 08       		.byte	0x8
 476 00b6 04       		.byte	0x4
 477 00b7 52000000 		.4byte	.LASF16
 478 00bb 03       		.uleb128 0x3
 479 00bc BA000000 		.4byte	.LASF17
 480 00c0 04       		.byte	0x4
 481 00c1 C5       		.byte	0xc5
ARM GAS  C:\Users\Nick\AppData\Local\Temp\cctcbkFa.s 			page 11


 482 00c2 C6000000 		.4byte	0xc6
 483 00c6 02       		.uleb128 0x2
 484 00c7 01       		.byte	0x1
 485 00c8 08       		.byte	0x8
 486 00c9 7D020000 		.4byte	.LASF18
 487 00cd 02       		.uleb128 0x2
 488 00ce 04       		.byte	0x4
 489 00cf 07       		.byte	0x7
 490 00d0 56020000 		.4byte	.LASF19
 491 00d4 05       		.uleb128 0x5
 492 00d5 DC020000 		.4byte	.LASF20
 493 00d9 01       		.byte	0x1
 494 00da 07       		.byte	0x7
 495 00db 00000000 		.4byte	.LFB63
 496 00df 64000000 		.4byte	.LFE63-.LFB63
 497 00e3 01       		.uleb128 0x1
 498 00e4 9C       		.byte	0x9c
 499 00e5 53010000 		.4byte	0x153
 500 00e9 06       		.uleb128 0x6
 501 00ea 06000000 		.4byte	.LVL0
 502 00ee 19050000 		.4byte	0x519
 503 00f2 06       		.uleb128 0x6
 504 00f3 0A000000 		.4byte	.LVL1
 505 00f7 20050000 		.4byte	0x520
 506 00fb 06       		.uleb128 0x6
 507 00fc 0E000000 		.4byte	.LVL2
 508 0100 2B050000 		.4byte	0x52b
 509 0104 06       		.uleb128 0x6
 510 0105 32000000 		.4byte	.LVL3
 511 0109 36050000 		.4byte	0x536
 512 010d 06       		.uleb128 0x6
 513 010e 3E000000 		.4byte	.LVL4
 514 0112 41050000 		.4byte	0x541
 515 0116 06       		.uleb128 0x6
 516 0117 42000000 		.4byte	.LVL5
 517 011b 52050000 		.4byte	0x552
 518 011f 07       		.uleb128 0x7
 519 0120 4A000000 		.4byte	.LVL6
 520 0124 59050000 		.4byte	0x559
 521 0128 34010000 		.4byte	0x134
 522 012c 08       		.uleb128 0x8
 523 012d 01       		.uleb128 0x1
 524 012e 50       		.byte	0x50
 525 012f 03       		.uleb128 0x3
 526 0130 0B       		.byte	0xb
 527 0131 6F94     		.2byte	0x946f
 528 0133 00       		.byte	0
 529 0134 07       		.uleb128 0x7
 530 0135 52000000 		.4byte	.LVL7
 531 0139 6A050000 		.4byte	0x56a
 532 013d 49010000 		.4byte	0x149
 533 0141 08       		.uleb128 0x8
 534 0142 01       		.uleb128 0x1
 535 0143 50       		.byte	0x50
 536 0144 03       		.uleb128 0x3
 537 0145 0B       		.byte	0xb
 538 0146 6F94     		.2byte	0x946f
ARM GAS  C:\Users\Nick\AppData\Local\Temp\cctcbkFa.s 			page 12


 539 0148 00       		.byte	0
 540 0149 06       		.uleb128 0x6
 541 014a 56000000 		.4byte	.LVL8
 542 014e 7B050000 		.4byte	0x57b
 543 0152 00       		.byte	0
 544 0153 09       		.uleb128 0x9
 545 0154 C8020000 		.4byte	.LASF46
 546 0158 01       		.byte	0x1
 547 0159 17       		.byte	0x17
 548 015a 8C000000 		.4byte	0x8c
 549 015e 00000000 		.4byte	.LFB64
 550 0162 0C000000 		.4byte	.LFE64-.LFB64
 551 0166 01       		.uleb128 0x1
 552 0167 9C       		.byte	0x9c
 553 0168 05       		.uleb128 0x5
 554 0169 7E000000 		.4byte	.LASF21
 555 016d 01       		.byte	0x1
 556 016e 1B       		.byte	0x1b
 557 016f 00000000 		.4byte	.LFB65
 558 0173 34000000 		.4byte	.LFE65-.LFB65
 559 0177 01       		.uleb128 0x1
 560 0178 9C       		.byte	0x9c
 561 0179 D3010000 		.4byte	0x1d3
 562 017d 07       		.uleb128 0x7
 563 017e 08000000 		.4byte	.LVL9
 564 0182 82050000 		.4byte	0x582
 565 0186 90010000 		.4byte	0x190
 566 018a 08       		.uleb128 0x8
 567 018b 01       		.uleb128 0x1
 568 018c 50       		.byte	0x50
 569 018d 01       		.uleb128 0x1
 570 018e 31       		.byte	0x31
 571 018f 00       		.byte	0
 572 0190 07       		.uleb128 0x7
 573 0191 10000000 		.4byte	.LVL10
 574 0195 93050000 		.4byte	0x593
 575 0199 A8010000 		.4byte	0x1a8
 576 019d 08       		.uleb128 0x8
 577 019e 01       		.uleb128 0x1
 578 019f 51       		.byte	0x51
 579 01a0 01       		.uleb128 0x1
 580 01a1 30       		.byte	0x30
 581 01a2 08       		.uleb128 0x8
 582 01a3 01       		.uleb128 0x1
 583 01a4 50       		.byte	0x50
 584 01a5 01       		.uleb128 0x1
 585 01a6 30       		.byte	0x30
 586 01a7 00       		.byte	0
 587 01a8 06       		.uleb128 0x6
 588 01a9 18000000 		.4byte	.LVL11
 589 01ad A9050000 		.4byte	0x5a9
 590 01b1 07       		.uleb128 0x7
 591 01b2 20000000 		.4byte	.LVL12
 592 01b6 93050000 		.4byte	0x593
 593 01ba C9010000 		.4byte	0x1c9
 594 01be 08       		.uleb128 0x8
 595 01bf 01       		.uleb128 0x1
ARM GAS  C:\Users\Nick\AppData\Local\Temp\cctcbkFa.s 			page 13


 596 01c0 51       		.byte	0x51
 597 01c1 01       		.uleb128 0x1
 598 01c2 30       		.byte	0x30
 599 01c3 08       		.uleb128 0x8
 600 01c4 01       		.uleb128 0x1
 601 01c5 50       		.byte	0x50
 602 01c6 01       		.uleb128 0x1
 603 01c7 31       		.byte	0x31
 604 01c8 00       		.byte	0
 605 01c9 06       		.uleb128 0x6
 606 01ca 28000000 		.4byte	.LVL13
 607 01ce A9050000 		.4byte	0x5a9
 608 01d2 00       		.byte	0
 609 01d3 05       		.uleb128 0x5
 610 01d4 1B000000 		.4byte	.LASF22
 611 01d8 01       		.byte	0x1
 612 01d9 24       		.byte	0x24
 613 01da 00000000 		.4byte	.LFB66
 614 01de 0C010000 		.4byte	.LFE66-.LFB66
 615 01e2 01       		.uleb128 0x1
 616 01e3 9C       		.byte	0x9c
 617 01e4 BA040000 		.4byte	0x4ba
 618 01e8 0A       		.uleb128 0xa
 619 01e9 9E010000 		.4byte	.LASF47
 620 01ed 01       		.byte	0x1
 621 01ee 2A       		.byte	0x2a
 622 01ef A2000000 		.4byte	0xa2
 623 01f3 00000000 		.4byte	.LLST0
 624 01f7 06       		.uleb128 0x6
 625 01f8 06000000 		.4byte	.LVL14
 626 01fc BA050000 		.4byte	0x5ba
 627 0200 06       		.uleb128 0x6
 628 0201 0A000000 		.4byte	.LVL15
 629 0205 C1050000 		.4byte	0x5c1
 630 0209 07       		.uleb128 0x7
 631 020a 10000000 		.4byte	.LVL16
 632 020e C8050000 		.4byte	0x5c8
 633 0212 1C020000 		.4byte	0x21c
 634 0216 08       		.uleb128 0x8
 635 0217 01       		.uleb128 0x1
 636 0218 50       		.byte	0x50
 637 0219 01       		.uleb128 0x1
 638 021a 32       		.byte	0x32
 639 021b 00       		.byte	0
 640 021c 07       		.uleb128 0x7
 641 021d 16000000 		.4byte	.LVL17
 642 0221 D9050000 		.4byte	0x5d9
 643 0225 2F020000 		.4byte	0x22f
 644 0229 08       		.uleb128 0x8
 645 022a 01       		.uleb128 0x1
 646 022b 50       		.byte	0x50
 647 022c 01       		.uleb128 0x1
 648 022d 30       		.byte	0x30
 649 022e 00       		.byte	0
 650 022f 06       		.uleb128 0x6
 651 0230 1A000000 		.4byte	.LVL18
 652 0234 EE050000 		.4byte	0x5ee
ARM GAS  C:\Users\Nick\AppData\Local\Temp\cctcbkFa.s 			page 14


 653 0238 07       		.uleb128 0x7
 654 0239 24000000 		.4byte	.LVL20
 655 023d 82050000 		.4byte	0x582
 656 0241 4B020000 		.4byte	0x24b
 657 0245 08       		.uleb128 0x8
 658 0246 01       		.uleb128 0x1
 659 0247 50       		.byte	0x50
 660 0248 01       		.uleb128 0x1
 661 0249 31       		.byte	0x31
 662 024a 00       		.byte	0
 663 024b 07       		.uleb128 0x7
 664 024c 2A000000 		.4byte	.LVL21
 665 0250 82050000 		.4byte	0x582
 666 0254 5E020000 		.4byte	0x25e
 667 0258 08       		.uleb128 0x8
 668 0259 01       		.uleb128 0x1
 669 025a 50       		.byte	0x50
 670 025b 01       		.uleb128 0x1
 671 025c 31       		.byte	0x31
 672 025d 00       		.byte	0
 673 025e 07       		.uleb128 0x7
 674 025f 32000000 		.4byte	.LVL22
 675 0263 93050000 		.4byte	0x593
 676 0267 76020000 		.4byte	0x276
 677 026b 08       		.uleb128 0x8
 678 026c 01       		.uleb128 0x1
 679 026d 51       		.byte	0x51
 680 026e 01       		.uleb128 0x1
 681 026f 30       		.byte	0x30
 682 0270 08       		.uleb128 0x8
 683 0271 01       		.uleb128 0x1
 684 0272 50       		.byte	0x50
 685 0273 01       		.uleb128 0x1
 686 0274 30       		.byte	0x30
 687 0275 00       		.byte	0
 688 0276 07       		.uleb128 0x7
 689 0277 38000000 		.4byte	.LVL23
 690 027b A9050000 		.4byte	0x5a9
 691 027f 8A020000 		.4byte	0x28a
 692 0283 08       		.uleb128 0x8
 693 0284 01       		.uleb128 0x1
 694 0285 50       		.byte	0x50
 695 0286 02       		.uleb128 0x2
 696 0287 74       		.byte	0x74
 697 0288 00       		.sleb128 0
 698 0289 00       		.byte	0
 699 028a 07       		.uleb128 0x7
 700 028b 40000000 		.4byte	.LVL24
 701 028f 93050000 		.4byte	0x593
 702 0293 A2020000 		.4byte	0x2a2
 703 0297 08       		.uleb128 0x8
 704 0298 01       		.uleb128 0x1
 705 0299 51       		.byte	0x51
 706 029a 01       		.uleb128 0x1
 707 029b 30       		.byte	0x30
 708 029c 08       		.uleb128 0x8
 709 029d 01       		.uleb128 0x1
ARM GAS  C:\Users\Nick\AppData\Local\Temp\cctcbkFa.s 			page 15


 710 029e 50       		.byte	0x50
 711 029f 01       		.uleb128 0x1
 712 02a0 31       		.byte	0x31
 713 02a1 00       		.byte	0
 714 02a2 07       		.uleb128 0x7
 715 02a3 46000000 		.4byte	.LVL25
 716 02a7 F9050000 		.4byte	0x5f9
 717 02ab B9020000 		.4byte	0x2b9
 718 02af 08       		.uleb128 0x8
 719 02b0 01       		.uleb128 0x1
 720 02b1 50       		.byte	0x50
 721 02b2 05       		.uleb128 0x5
 722 02b3 03       		.byte	0x3
 723 02b4 00000000 		.4byte	.LC0
 724 02b8 00       		.byte	0
 725 02b9 07       		.uleb128 0x7
 726 02ba 50000000 		.4byte	.LVL28
 727 02be 82050000 		.4byte	0x582
 728 02c2 CC020000 		.4byte	0x2cc
 729 02c6 08       		.uleb128 0x8
 730 02c7 01       		.uleb128 0x1
 731 02c8 50       		.byte	0x50
 732 02c9 01       		.uleb128 0x1
 733 02ca 31       		.byte	0x31
 734 02cb 00       		.byte	0
 735 02cc 07       		.uleb128 0x7
 736 02cd 56000000 		.4byte	.LVL29
 737 02d1 82050000 		.4byte	0x582
 738 02d5 DF020000 		.4byte	0x2df
 739 02d9 08       		.uleb128 0x8
 740 02da 01       		.uleb128 0x1
 741 02db 50       		.byte	0x50
 742 02dc 01       		.uleb128 0x1
 743 02dd 31       		.byte	0x31
 744 02de 00       		.byte	0
 745 02df 07       		.uleb128 0x7
 746 02e0 5E000000 		.4byte	.LVL30
 747 02e4 93050000 		.4byte	0x593
 748 02e8 F7020000 		.4byte	0x2f7
 749 02ec 08       		.uleb128 0x8
 750 02ed 01       		.uleb128 0x1
 751 02ee 51       		.byte	0x51
 752 02ef 01       		.uleb128 0x1
 753 02f0 30       		.byte	0x30
 754 02f1 08       		.uleb128 0x8
 755 02f2 01       		.uleb128 0x1
 756 02f3 50       		.byte	0x50
 757 02f4 01       		.uleb128 0x1
 758 02f5 30       		.byte	0x30
 759 02f6 00       		.byte	0
 760 02f7 07       		.uleb128 0x7
 761 02f8 64000000 		.4byte	.LVL31
 762 02fc A9050000 		.4byte	0x5a9
 763 0300 0B030000 		.4byte	0x30b
 764 0304 08       		.uleb128 0x8
 765 0305 01       		.uleb128 0x1
 766 0306 50       		.byte	0x50
ARM GAS  C:\Users\Nick\AppData\Local\Temp\cctcbkFa.s 			page 16


 767 0307 02       		.uleb128 0x2
 768 0308 74       		.byte	0x74
 769 0309 00       		.sleb128 0
 770 030a 00       		.byte	0
 771 030b 07       		.uleb128 0x7
 772 030c 6C000000 		.4byte	.LVL32
 773 0310 93050000 		.4byte	0x593
 774 0314 23030000 		.4byte	0x323
 775 0318 08       		.uleb128 0x8
 776 0319 01       		.uleb128 0x1
 777 031a 51       		.byte	0x51
 778 031b 01       		.uleb128 0x1
 779 031c 30       		.byte	0x30
 780 031d 08       		.uleb128 0x8
 781 031e 01       		.uleb128 0x1
 782 031f 50       		.byte	0x50
 783 0320 01       		.uleb128 0x1
 784 0321 31       		.byte	0x31
 785 0322 00       		.byte	0
 786 0323 07       		.uleb128 0x7
 787 0324 72000000 		.4byte	.LVL33
 788 0328 F9050000 		.4byte	0x5f9
 789 032c 3A030000 		.4byte	0x33a
 790 0330 08       		.uleb128 0x8
 791 0331 01       		.uleb128 0x1
 792 0332 50       		.byte	0x50
 793 0333 05       		.uleb128 0x5
 794 0334 03       		.byte	0x3
 795 0335 08000000 		.4byte	.LC1
 796 0339 00       		.byte	0
 797 033a 07       		.uleb128 0x7
 798 033b 7C000000 		.4byte	.LVL36
 799 033f 82050000 		.4byte	0x582
 800 0343 4D030000 		.4byte	0x34d
 801 0347 08       		.uleb128 0x8
 802 0348 01       		.uleb128 0x1
 803 0349 50       		.byte	0x50
 804 034a 01       		.uleb128 0x1
 805 034b 31       		.byte	0x31
 806 034c 00       		.byte	0
 807 034d 07       		.uleb128 0x7
 808 034e 82000000 		.4byte	.LVL37
 809 0352 82050000 		.4byte	0x582
 810 0356 60030000 		.4byte	0x360
 811 035a 08       		.uleb128 0x8
 812 035b 01       		.uleb128 0x1
 813 035c 50       		.byte	0x50
 814 035d 01       		.uleb128 0x1
 815 035e 31       		.byte	0x31
 816 035f 00       		.byte	0
 817 0360 07       		.uleb128 0x7
 818 0361 8A000000 		.4byte	.LVL38
 819 0365 93050000 		.4byte	0x593
 820 0369 78030000 		.4byte	0x378
 821 036d 08       		.uleb128 0x8
 822 036e 01       		.uleb128 0x1
 823 036f 51       		.byte	0x51
ARM GAS  C:\Users\Nick\AppData\Local\Temp\cctcbkFa.s 			page 17


 824 0370 01       		.uleb128 0x1
 825 0371 30       		.byte	0x30
 826 0372 08       		.uleb128 0x8
 827 0373 01       		.uleb128 0x1
 828 0374 50       		.byte	0x50
 829 0375 01       		.uleb128 0x1
 830 0376 30       		.byte	0x30
 831 0377 00       		.byte	0
 832 0378 07       		.uleb128 0x7
 833 0379 90000000 		.4byte	.LVL39
 834 037d A9050000 		.4byte	0x5a9
 835 0381 8C030000 		.4byte	0x38c
 836 0385 08       		.uleb128 0x8
 837 0386 01       		.uleb128 0x1
 838 0387 50       		.byte	0x50
 839 0388 02       		.uleb128 0x2
 840 0389 74       		.byte	0x74
 841 038a 00       		.sleb128 0
 842 038b 00       		.byte	0
 843 038c 07       		.uleb128 0x7
 844 038d 98000000 		.4byte	.LVL40
 845 0391 93050000 		.4byte	0x593
 846 0395 A4030000 		.4byte	0x3a4
 847 0399 08       		.uleb128 0x8
 848 039a 01       		.uleb128 0x1
 849 039b 51       		.byte	0x51
 850 039c 01       		.uleb128 0x1
 851 039d 30       		.byte	0x30
 852 039e 08       		.uleb128 0x8
 853 039f 01       		.uleb128 0x1
 854 03a0 50       		.byte	0x50
 855 03a1 01       		.uleb128 0x1
 856 03a2 31       		.byte	0x31
 857 03a3 00       		.byte	0
 858 03a4 07       		.uleb128 0x7
 859 03a5 9E000000 		.4byte	.LVL41
 860 03a9 F9050000 		.4byte	0x5f9
 861 03ad BB030000 		.4byte	0x3bb
 862 03b1 08       		.uleb128 0x8
 863 03b2 01       		.uleb128 0x1
 864 03b3 50       		.byte	0x50
 865 03b4 05       		.uleb128 0x5
 866 03b5 03       		.byte	0x3
 867 03b6 0C000000 		.4byte	.LC2
 868 03ba 00       		.byte	0
 869 03bb 07       		.uleb128 0x7
 870 03bc A8000000 		.4byte	.LVL44
 871 03c0 82050000 		.4byte	0x582
 872 03c4 CE030000 		.4byte	0x3ce
 873 03c8 08       		.uleb128 0x8
 874 03c9 01       		.uleb128 0x1
 875 03ca 50       		.byte	0x50
 876 03cb 01       		.uleb128 0x1
 877 03cc 31       		.byte	0x31
 878 03cd 00       		.byte	0
 879 03ce 07       		.uleb128 0x7
 880 03cf AE000000 		.4byte	.LVL45
ARM GAS  C:\Users\Nick\AppData\Local\Temp\cctcbkFa.s 			page 18


 881 03d3 82050000 		.4byte	0x582
 882 03d7 E1030000 		.4byte	0x3e1
 883 03db 08       		.uleb128 0x8
 884 03dc 01       		.uleb128 0x1
 885 03dd 50       		.byte	0x50
 886 03de 01       		.uleb128 0x1
 887 03df 31       		.byte	0x31
 888 03e0 00       		.byte	0
 889 03e1 07       		.uleb128 0x7
 890 03e2 B6000000 		.4byte	.LVL46
 891 03e6 93050000 		.4byte	0x593
 892 03ea F9030000 		.4byte	0x3f9
 893 03ee 08       		.uleb128 0x8
 894 03ef 01       		.uleb128 0x1
 895 03f0 51       		.byte	0x51
 896 03f1 01       		.uleb128 0x1
 897 03f2 30       		.byte	0x30
 898 03f3 08       		.uleb128 0x8
 899 03f4 01       		.uleb128 0x1
 900 03f5 50       		.byte	0x50
 901 03f6 01       		.uleb128 0x1
 902 03f7 30       		.byte	0x30
 903 03f8 00       		.byte	0
 904 03f9 07       		.uleb128 0x7
 905 03fa BC000000 		.4byte	.LVL47
 906 03fe A9050000 		.4byte	0x5a9
 907 0402 0D040000 		.4byte	0x40d
 908 0406 08       		.uleb128 0x8
 909 0407 01       		.uleb128 0x1
 910 0408 50       		.byte	0x50
 911 0409 02       		.uleb128 0x2
 912 040a 74       		.byte	0x74
 913 040b 00       		.sleb128 0
 914 040c 00       		.byte	0
 915 040d 07       		.uleb128 0x7
 916 040e C4000000 		.4byte	.LVL48
 917 0412 93050000 		.4byte	0x593
 918 0416 25040000 		.4byte	0x425
 919 041a 08       		.uleb128 0x8
 920 041b 01       		.uleb128 0x1
 921 041c 51       		.byte	0x51
 922 041d 01       		.uleb128 0x1
 923 041e 30       		.byte	0x30
 924 041f 08       		.uleb128 0x8
 925 0420 01       		.uleb128 0x1
 926 0421 50       		.byte	0x50
 927 0422 01       		.uleb128 0x1
 928 0423 31       		.byte	0x31
 929 0424 00       		.byte	0
 930 0425 07       		.uleb128 0x7
 931 0426 CA000000 		.4byte	.LVL49
 932 042a F9050000 		.4byte	0x5f9
 933 042e 3C040000 		.4byte	0x43c
 934 0432 08       		.uleb128 0x8
 935 0433 01       		.uleb128 0x1
 936 0434 50       		.byte	0x50
 937 0435 05       		.uleb128 0x5
ARM GAS  C:\Users\Nick\AppData\Local\Temp\cctcbkFa.s 			page 19


 938 0436 03       		.byte	0x3
 939 0437 14000000 		.4byte	.LC3
 940 043b 00       		.byte	0
 941 043c 07       		.uleb128 0x7
 942 043d D2000000 		.4byte	.LVL52
 943 0441 82050000 		.4byte	0x582
 944 0445 4F040000 		.4byte	0x44f
 945 0449 08       		.uleb128 0x8
 946 044a 01       		.uleb128 0x1
 947 044b 50       		.byte	0x50
 948 044c 01       		.uleb128 0x1
 949 044d 31       		.byte	0x31
 950 044e 00       		.byte	0
 951 044f 07       		.uleb128 0x7
 952 0450 D8000000 		.4byte	.LVL53
 953 0454 82050000 		.4byte	0x582
 954 0458 62040000 		.4byte	0x462
 955 045c 08       		.uleb128 0x8
 956 045d 01       		.uleb128 0x1
 957 045e 50       		.byte	0x50
 958 045f 01       		.uleb128 0x1
 959 0460 31       		.byte	0x31
 960 0461 00       		.byte	0
 961 0462 07       		.uleb128 0x7
 962 0463 E0000000 		.4byte	.LVL54
 963 0467 93050000 		.4byte	0x593
 964 046b 7A040000 		.4byte	0x47a
 965 046f 08       		.uleb128 0x8
 966 0470 01       		.uleb128 0x1
 967 0471 51       		.byte	0x51
 968 0472 01       		.uleb128 0x1
 969 0473 30       		.byte	0x30
 970 0474 08       		.uleb128 0x8
 971 0475 01       		.uleb128 0x1
 972 0476 50       		.byte	0x50
 973 0477 01       		.uleb128 0x1
 974 0478 30       		.byte	0x30
 975 0479 00       		.byte	0
 976 047a 07       		.uleb128 0x7
 977 047b E6000000 		.4byte	.LVL55
 978 047f A9050000 		.4byte	0x5a9
 979 0483 8E040000 		.4byte	0x48e
 980 0487 08       		.uleb128 0x8
 981 0488 01       		.uleb128 0x1
 982 0489 50       		.byte	0x50
 983 048a 02       		.uleb128 0x2
 984 048b 74       		.byte	0x74
 985 048c 00       		.sleb128 0
 986 048d 00       		.byte	0
 987 048e 07       		.uleb128 0x7
 988 048f EE000000 		.4byte	.LVL56
 989 0493 93050000 		.4byte	0x593
 990 0497 A6040000 		.4byte	0x4a6
 991 049b 08       		.uleb128 0x8
 992 049c 01       		.uleb128 0x1
 993 049d 51       		.byte	0x51
 994 049e 01       		.uleb128 0x1
ARM GAS  C:\Users\Nick\AppData\Local\Temp\cctcbkFa.s 			page 20


 995 049f 30       		.byte	0x30
 996 04a0 08       		.uleb128 0x8
 997 04a1 01       		.uleb128 0x1
 998 04a2 50       		.byte	0x50
 999 04a3 01       		.uleb128 0x1
 1000 04a4 31       		.byte	0x31
 1001 04a5 00       		.byte	0
 1002 04a6 0B       		.uleb128 0xb
 1003 04a7 F4000000 		.4byte	.LVL57
 1004 04ab F9050000 		.4byte	0x5f9
 1005 04af 08       		.uleb128 0x8
 1006 04b0 01       		.uleb128 0x1
 1007 04b1 50       		.byte	0x50
 1008 04b2 05       		.uleb128 0x5
 1009 04b3 03       		.byte	0x3
 1010 04b4 1C000000 		.4byte	.LC4
 1011 04b8 00       		.byte	0
 1012 04b9 00       		.byte	0
 1013 04ba 0C       		.uleb128 0xc
 1014 04bb 0A010000 		.4byte	.LASF23
 1015 04bf 05       		.byte	0x5
 1016 04c0 2A06     		.2byte	0x62a
 1017 04c2 C6040000 		.4byte	0x4c6
 1018 04c6 0D       		.uleb128 0xd
 1019 04c7 76000000 		.4byte	0x76
 1020 04cb 0E       		.uleb128 0xe
 1021 04cc 81000000 		.4byte	0x81
 1022 04d0 E7040000 		.4byte	0x4e7
 1023 04d4 0F       		.uleb128 0xf
 1024 04d5 CD000000 		.4byte	0xcd
 1025 04d9 8F       		.byte	0x8f
 1026 04da 0F       		.uleb128 0xf
 1027 04db CD000000 		.4byte	0xcd
 1028 04df 57       		.byte	0x57
 1029 04e0 0F       		.uleb128 0xf
 1030 04e1 CD000000 		.4byte	0xcd
 1031 04e5 03       		.byte	0x3
 1032 04e6 00       		.byte	0
 1033 04e7 10       		.uleb128 0x10
 1034 04e8 6B000000 		.4byte	.LASF24
 1035 04ec 06       		.byte	0x6
 1036 04ed 08       		.byte	0x8
 1037 04ee CB040000 		.4byte	0x4cb
 1038 04f2 05       		.uleb128 0x5
 1039 04f3 03       		.byte	0x3
 1040 04f4 00000000 		.4byte	Camera_framebuffer
 1041 04f8 11       		.uleb128 0x11
 1042 04f9 726300   		.ascii	"rc\000"
 1043 04fc 01       		.byte	0x1
 1044 04fd 04       		.byte	0x4
 1045 04fe 97000000 		.4byte	0x97
 1046 0502 05       		.uleb128 0x5
 1047 0503 03       		.byte	0x3
 1048 0504 00000000 		.4byte	rc
 1049 0508 10       		.uleb128 0x10
 1050 0509 BF010000 		.4byte	.LASF25
 1051 050d 01       		.byte	0x1
ARM GAS  C:\Users\Nick\AppData\Local\Temp\cctcbkFa.s 			page 21


 1052 050e 05       		.byte	0x5
 1053 050f 97000000 		.4byte	0x97
 1054 0513 05       		.uleb128 0x5
 1055 0514 03       		.byte	0x3
 1056 0515 00000000 		.4byte	dist
 1057 0519 12       		.uleb128 0x12
 1058 051a 92000000 		.4byte	.LASF29
 1059 051e 07       		.byte	0x7
 1060 051f 79       		.byte	0x79
 1061 0520 13       		.uleb128 0x13
 1062 0521 00000000 		.4byte	.LASF26
 1063 0525 07       		.byte	0x7
 1064 0526 5E       		.byte	0x5e
 1065 0527 81000000 		.4byte	0x81
 1066 052b 13       		.uleb128 0x13
 1067 052c 25000000 		.4byte	.LASF27
 1068 0530 07       		.byte	0x7
 1069 0531 6B       		.byte	0x6b
 1070 0532 8C000000 		.4byte	0x8c
 1071 0536 13       		.uleb128 0x13
 1072 0537 43000000 		.4byte	.LASF28
 1073 053b 08       		.byte	0x8
 1074 053c 2B       		.byte	0x2b
 1075 053d 81000000 		.4byte	0x81
 1076 0541 14       		.uleb128 0x14
 1077 0542 5F020000 		.4byte	.LASF31
 1078 0546 08       		.byte	0x8
 1079 0547 28       		.byte	0x28
 1080 0548 52050000 		.4byte	0x552
 1081 054c 15       		.uleb128 0x15
 1082 054d 81000000 		.4byte	0x81
 1083 0551 00       		.byte	0
 1084 0552 12       		.uleb128 0x12
 1085 0553 59000000 		.4byte	.LASF30
 1086 0557 07       		.byte	0x7
 1087 0558 86       		.byte	0x86
 1088 0559 14       		.uleb128 0x14
 1089 055a 73010000 		.4byte	.LASF32
 1090 055e 07       		.byte	0x7
 1091 055f 68       		.byte	0x68
 1092 0560 6A050000 		.4byte	0x56a
 1093 0564 15       		.uleb128 0x15
 1094 0565 8C000000 		.4byte	0x8c
 1095 0569 00       		.byte	0
 1096 056a 14       		.uleb128 0x14
 1097 056b 8A020000 		.4byte	.LASF33
 1098 056f 07       		.byte	0x7
 1099 0570 6A       		.byte	0x6a
 1100 0571 7B050000 		.4byte	0x57b
 1101 0575 15       		.uleb128 0x15
 1102 0576 8C000000 		.4byte	0x8c
 1103 057a 00       		.byte	0
 1104 057b 12       		.uleb128 0x12
 1105 057c C4010000 		.4byte	.LASF34
 1106 0580 07       		.byte	0x7
 1107 0581 78       		.byte	0x78
 1108 0582 14       		.uleb128 0x14
ARM GAS  C:\Users\Nick\AppData\Local\Temp\cctcbkFa.s 			page 22


 1109 0583 25010000 		.4byte	.LASF35
 1110 0587 09       		.byte	0x9
 1111 0588 3A       		.byte	0x3a
 1112 0589 93050000 		.4byte	0x593
 1113 058d 15       		.uleb128 0x15
 1114 058e 81000000 		.4byte	0x81
 1115 0592 00       		.byte	0
 1116 0593 14       		.uleb128 0x14
 1117 0594 ED000000 		.4byte	.LASF36
 1118 0598 09       		.byte	0x9
 1119 0599 3D       		.byte	0x3d
 1120 059a A9050000 		.4byte	0x5a9
 1121 059e 15       		.uleb128 0x15
 1122 059f 81000000 		.4byte	0x81
 1123 05a3 15       		.uleb128 0x15
 1124 05a4 81000000 		.4byte	0x81
 1125 05a8 00       		.byte	0
 1126 05a9 14       		.uleb128 0x14
 1127 05aa B8020000 		.4byte	.LASF37
 1128 05ae 09       		.byte	0x9
 1129 05af 62       		.byte	0x62
 1130 05b0 BA050000 		.4byte	0x5ba
 1131 05b4 15       		.uleb128 0x15
 1132 05b5 8C000000 		.4byte	0x8c
 1133 05b9 00       		.byte	0
 1134 05ba 12       		.uleb128 0x12
 1135 05bb A5010000 		.4byte	.LASF38
 1136 05bf 0A       		.byte	0xa
 1137 05c0 34       		.byte	0x34
 1138 05c1 12       		.uleb128 0x12
 1139 05c2 A9000000 		.4byte	.LASF39
 1140 05c6 0A       		.byte	0xa
 1141 05c7 D1       		.byte	0xd1
 1142 05c8 14       		.uleb128 0x14
 1143 05c9 AF010000 		.4byte	.LASF40
 1144 05cd 0B       		.byte	0xb
 1145 05ce 20       		.byte	0x20
 1146 05cf D9050000 		.4byte	0x5d9
 1147 05d3 15       		.uleb128 0x15
 1148 05d4 81000000 		.4byte	0x81
 1149 05d8 00       		.byte	0
 1150 05d9 16       		.uleb128 0x16
 1151 05da C6000000 		.4byte	.LASF48
 1152 05de 0A       		.byte	0xa
 1153 05df 39       		.byte	0x39
 1154 05e0 81000000 		.4byte	0x81
 1155 05e4 EE050000 		.4byte	0x5ee
 1156 05e8 15       		.uleb128 0x15
 1157 05e9 81000000 		.4byte	0x81
 1158 05ed 00       		.byte	0
 1159 05ee 13       		.uleb128 0x13
 1160 05ef FA000000 		.4byte	.LASF41
 1161 05f3 0A       		.byte	0xa
 1162 05f4 3B       		.byte	0x3b
 1163 05f5 A2000000 		.4byte	0xa2
 1164 05f9 14       		.uleb128 0x14
 1165 05fa 4F010000 		.4byte	.LASF42
ARM GAS  C:\Users\Nick\AppData\Local\Temp\cctcbkFa.s 			page 23


 1166 05fe 09       		.byte	0x9
 1167 05ff 3C       		.byte	0x3c
 1168 0600 0A060000 		.4byte	0x60a
 1169 0604 15       		.uleb128 0x15
 1170 0605 0A060000 		.4byte	0x60a
 1171 0609 00       		.byte	0
 1172 060a 17       		.uleb128 0x17
 1173 060b 04       		.byte	0x4
 1174 060c 10060000 		.4byte	0x610
 1175 0610 18       		.uleb128 0x18
 1176 0611 BB000000 		.4byte	0xbb
 1177 0615 00       		.byte	0
 1178              		.section	.debug_abbrev,"",%progbits
 1179              	.Ldebug_abbrev0:
 1180 0000 01       		.uleb128 0x1
 1181 0001 11       		.uleb128 0x11
 1182 0002 01       		.byte	0x1
 1183 0003 25       		.uleb128 0x25
 1184 0004 0E       		.uleb128 0xe
 1185 0005 13       		.uleb128 0x13
 1186 0006 0B       		.uleb128 0xb
 1187 0007 03       		.uleb128 0x3
 1188 0008 0E       		.uleb128 0xe
 1189 0009 1B       		.uleb128 0x1b
 1190 000a 0E       		.uleb128 0xe
 1191 000b 55       		.uleb128 0x55
 1192 000c 17       		.uleb128 0x17
 1193 000d 11       		.uleb128 0x11
 1194 000e 01       		.uleb128 0x1
 1195 000f 10       		.uleb128 0x10
 1196 0010 17       		.uleb128 0x17
 1197 0011 00       		.byte	0
 1198 0012 00       		.byte	0
 1199 0013 02       		.uleb128 0x2
 1200 0014 24       		.uleb128 0x24
 1201 0015 00       		.byte	0
 1202 0016 0B       		.uleb128 0xb
 1203 0017 0B       		.uleb128 0xb
 1204 0018 3E       		.uleb128 0x3e
 1205 0019 0B       		.uleb128 0xb
 1206 001a 03       		.uleb128 0x3
 1207 001b 0E       		.uleb128 0xe
 1208 001c 00       		.byte	0
 1209 001d 00       		.byte	0
 1210 001e 03       		.uleb128 0x3
 1211 001f 16       		.uleb128 0x16
 1212 0020 00       		.byte	0
 1213 0021 03       		.uleb128 0x3
 1214 0022 0E       		.uleb128 0xe
 1215 0023 3A       		.uleb128 0x3a
 1216 0024 0B       		.uleb128 0xb
 1217 0025 3B       		.uleb128 0x3b
 1218 0026 0B       		.uleb128 0xb
 1219 0027 49       		.uleb128 0x49
 1220 0028 13       		.uleb128 0x13
 1221 0029 00       		.byte	0
 1222 002a 00       		.byte	0
ARM GAS  C:\Users\Nick\AppData\Local\Temp\cctcbkFa.s 			page 24


 1223 002b 04       		.uleb128 0x4
 1224 002c 24       		.uleb128 0x24
 1225 002d 00       		.byte	0
 1226 002e 0B       		.uleb128 0xb
 1227 002f 0B       		.uleb128 0xb
 1228 0030 3E       		.uleb128 0x3e
 1229 0031 0B       		.uleb128 0xb
 1230 0032 03       		.uleb128 0x3
 1231 0033 08       		.uleb128 0x8
 1232 0034 00       		.byte	0
 1233 0035 00       		.byte	0
 1234 0036 05       		.uleb128 0x5
 1235 0037 2E       		.uleb128 0x2e
 1236 0038 01       		.byte	0x1
 1237 0039 3F       		.uleb128 0x3f
 1238 003a 19       		.uleb128 0x19
 1239 003b 03       		.uleb128 0x3
 1240 003c 0E       		.uleb128 0xe
 1241 003d 3A       		.uleb128 0x3a
 1242 003e 0B       		.uleb128 0xb
 1243 003f 3B       		.uleb128 0x3b
 1244 0040 0B       		.uleb128 0xb
 1245 0041 11       		.uleb128 0x11
 1246 0042 01       		.uleb128 0x1
 1247 0043 12       		.uleb128 0x12
 1248 0044 06       		.uleb128 0x6
 1249 0045 40       		.uleb128 0x40
 1250 0046 18       		.uleb128 0x18
 1251 0047 9742     		.uleb128 0x2117
 1252 0049 19       		.uleb128 0x19
 1253 004a 01       		.uleb128 0x1
 1254 004b 13       		.uleb128 0x13
 1255 004c 00       		.byte	0
 1256 004d 00       		.byte	0
 1257 004e 06       		.uleb128 0x6
 1258 004f 898201   		.uleb128 0x4109
 1259 0052 00       		.byte	0
 1260 0053 11       		.uleb128 0x11
 1261 0054 01       		.uleb128 0x1
 1262 0055 31       		.uleb128 0x31
 1263 0056 13       		.uleb128 0x13
 1264 0057 00       		.byte	0
 1265 0058 00       		.byte	0
 1266 0059 07       		.uleb128 0x7
 1267 005a 898201   		.uleb128 0x4109
 1268 005d 01       		.byte	0x1
 1269 005e 11       		.uleb128 0x11
 1270 005f 01       		.uleb128 0x1
 1271 0060 31       		.uleb128 0x31
 1272 0061 13       		.uleb128 0x13
 1273 0062 01       		.uleb128 0x1
 1274 0063 13       		.uleb128 0x13
 1275 0064 00       		.byte	0
 1276 0065 00       		.byte	0
 1277 0066 08       		.uleb128 0x8
 1278 0067 8A8201   		.uleb128 0x410a
 1279 006a 00       		.byte	0
ARM GAS  C:\Users\Nick\AppData\Local\Temp\cctcbkFa.s 			page 25


 1280 006b 02       		.uleb128 0x2
 1281 006c 18       		.uleb128 0x18
 1282 006d 9142     		.uleb128 0x2111
 1283 006f 18       		.uleb128 0x18
 1284 0070 00       		.byte	0
 1285 0071 00       		.byte	0
 1286 0072 09       		.uleb128 0x9
 1287 0073 2E       		.uleb128 0x2e
 1288 0074 00       		.byte	0
 1289 0075 3F       		.uleb128 0x3f
 1290 0076 19       		.uleb128 0x19
 1291 0077 03       		.uleb128 0x3
 1292 0078 0E       		.uleb128 0xe
 1293 0079 3A       		.uleb128 0x3a
 1294 007a 0B       		.uleb128 0xb
 1295 007b 3B       		.uleb128 0x3b
 1296 007c 0B       		.uleb128 0xb
 1297 007d 49       		.uleb128 0x49
 1298 007e 13       		.uleb128 0x13
 1299 007f 11       		.uleb128 0x11
 1300 0080 01       		.uleb128 0x1
 1301 0081 12       		.uleb128 0x12
 1302 0082 06       		.uleb128 0x6
 1303 0083 40       		.uleb128 0x40
 1304 0084 18       		.uleb128 0x18
 1305 0085 9742     		.uleb128 0x2117
 1306 0087 19       		.uleb128 0x19
 1307 0088 00       		.byte	0
 1308 0089 00       		.byte	0
 1309 008a 0A       		.uleb128 0xa
 1310 008b 34       		.uleb128 0x34
 1311 008c 00       		.byte	0
 1312 008d 03       		.uleb128 0x3
 1313 008e 0E       		.uleb128 0xe
 1314 008f 3A       		.uleb128 0x3a
 1315 0090 0B       		.uleb128 0xb
 1316 0091 3B       		.uleb128 0x3b
 1317 0092 0B       		.uleb128 0xb
 1318 0093 49       		.uleb128 0x49
 1319 0094 13       		.uleb128 0x13
 1320 0095 02       		.uleb128 0x2
 1321 0096 17       		.uleb128 0x17
 1322 0097 00       		.byte	0
 1323 0098 00       		.byte	0
 1324 0099 0B       		.uleb128 0xb
 1325 009a 898201   		.uleb128 0x4109
 1326 009d 01       		.byte	0x1
 1327 009e 11       		.uleb128 0x11
 1328 009f 01       		.uleb128 0x1
 1329 00a0 31       		.uleb128 0x31
 1330 00a1 13       		.uleb128 0x13
 1331 00a2 00       		.byte	0
 1332 00a3 00       		.byte	0
 1333 00a4 0C       		.uleb128 0xc
 1334 00a5 34       		.uleb128 0x34
 1335 00a6 00       		.byte	0
 1336 00a7 03       		.uleb128 0x3
ARM GAS  C:\Users\Nick\AppData\Local\Temp\cctcbkFa.s 			page 26


 1337 00a8 0E       		.uleb128 0xe
 1338 00a9 3A       		.uleb128 0x3a
 1339 00aa 0B       		.uleb128 0xb
 1340 00ab 3B       		.uleb128 0x3b
 1341 00ac 05       		.uleb128 0x5
 1342 00ad 49       		.uleb128 0x49
 1343 00ae 13       		.uleb128 0x13
 1344 00af 3F       		.uleb128 0x3f
 1345 00b0 19       		.uleb128 0x19
 1346 00b1 3C       		.uleb128 0x3c
 1347 00b2 19       		.uleb128 0x19
 1348 00b3 00       		.byte	0
 1349 00b4 00       		.byte	0
 1350 00b5 0D       		.uleb128 0xd
 1351 00b6 35       		.uleb128 0x35
 1352 00b7 00       		.byte	0
 1353 00b8 49       		.uleb128 0x49
 1354 00b9 13       		.uleb128 0x13
 1355 00ba 00       		.byte	0
 1356 00bb 00       		.byte	0
 1357 00bc 0E       		.uleb128 0xe
 1358 00bd 01       		.uleb128 0x1
 1359 00be 01       		.byte	0x1
 1360 00bf 49       		.uleb128 0x49
 1361 00c0 13       		.uleb128 0x13
 1362 00c1 01       		.uleb128 0x1
 1363 00c2 13       		.uleb128 0x13
 1364 00c3 00       		.byte	0
 1365 00c4 00       		.byte	0
 1366 00c5 0F       		.uleb128 0xf
 1367 00c6 21       		.uleb128 0x21
 1368 00c7 00       		.byte	0
 1369 00c8 49       		.uleb128 0x49
 1370 00c9 13       		.uleb128 0x13
 1371 00ca 2F       		.uleb128 0x2f
 1372 00cb 0B       		.uleb128 0xb
 1373 00cc 00       		.byte	0
 1374 00cd 00       		.byte	0
 1375 00ce 10       		.uleb128 0x10
 1376 00cf 34       		.uleb128 0x34
 1377 00d0 00       		.byte	0
 1378 00d1 03       		.uleb128 0x3
 1379 00d2 0E       		.uleb128 0xe
 1380 00d3 3A       		.uleb128 0x3a
 1381 00d4 0B       		.uleb128 0xb
 1382 00d5 3B       		.uleb128 0x3b
 1383 00d6 0B       		.uleb128 0xb
 1384 00d7 49       		.uleb128 0x49
 1385 00d8 13       		.uleb128 0x13
 1386 00d9 3F       		.uleb128 0x3f
 1387 00da 19       		.uleb128 0x19
 1388 00db 02       		.uleb128 0x2
 1389 00dc 18       		.uleb128 0x18
 1390 00dd 00       		.byte	0
 1391 00de 00       		.byte	0
 1392 00df 11       		.uleb128 0x11
 1393 00e0 34       		.uleb128 0x34
ARM GAS  C:\Users\Nick\AppData\Local\Temp\cctcbkFa.s 			page 27


 1394 00e1 00       		.byte	0
 1395 00e2 03       		.uleb128 0x3
 1396 00e3 08       		.uleb128 0x8
 1397 00e4 3A       		.uleb128 0x3a
 1398 00e5 0B       		.uleb128 0xb
 1399 00e6 3B       		.uleb128 0x3b
 1400 00e7 0B       		.uleb128 0xb
 1401 00e8 49       		.uleb128 0x49
 1402 00e9 13       		.uleb128 0x13
 1403 00ea 3F       		.uleb128 0x3f
 1404 00eb 19       		.uleb128 0x19
 1405 00ec 02       		.uleb128 0x2
 1406 00ed 18       		.uleb128 0x18
 1407 00ee 00       		.byte	0
 1408 00ef 00       		.byte	0
 1409 00f0 12       		.uleb128 0x12
 1410 00f1 2E       		.uleb128 0x2e
 1411 00f2 00       		.byte	0
 1412 00f3 3F       		.uleb128 0x3f
 1413 00f4 19       		.uleb128 0x19
 1414 00f5 03       		.uleb128 0x3
 1415 00f6 0E       		.uleb128 0xe
 1416 00f7 3A       		.uleb128 0x3a
 1417 00f8 0B       		.uleb128 0xb
 1418 00f9 3B       		.uleb128 0x3b
 1419 00fa 0B       		.uleb128 0xb
 1420 00fb 27       		.uleb128 0x27
 1421 00fc 19       		.uleb128 0x19
 1422 00fd 3C       		.uleb128 0x3c
 1423 00fe 19       		.uleb128 0x19
 1424 00ff 00       		.byte	0
 1425 0100 00       		.byte	0
 1426 0101 13       		.uleb128 0x13
 1427 0102 2E       		.uleb128 0x2e
 1428 0103 00       		.byte	0
 1429 0104 3F       		.uleb128 0x3f
 1430 0105 19       		.uleb128 0x19
 1431 0106 03       		.uleb128 0x3
 1432 0107 0E       		.uleb128 0xe
 1433 0108 3A       		.uleb128 0x3a
 1434 0109 0B       		.uleb128 0xb
 1435 010a 3B       		.uleb128 0x3b
 1436 010b 0B       		.uleb128 0xb
 1437 010c 27       		.uleb128 0x27
 1438 010d 19       		.uleb128 0x19
 1439 010e 49       		.uleb128 0x49
 1440 010f 13       		.uleb128 0x13
 1441 0110 3C       		.uleb128 0x3c
 1442 0111 19       		.uleb128 0x19
 1443 0112 00       		.byte	0
 1444 0113 00       		.byte	0
 1445 0114 14       		.uleb128 0x14
 1446 0115 2E       		.uleb128 0x2e
 1447 0116 01       		.byte	0x1
 1448 0117 3F       		.uleb128 0x3f
 1449 0118 19       		.uleb128 0x19
 1450 0119 03       		.uleb128 0x3
ARM GAS  C:\Users\Nick\AppData\Local\Temp\cctcbkFa.s 			page 28


 1451 011a 0E       		.uleb128 0xe
 1452 011b 3A       		.uleb128 0x3a
 1453 011c 0B       		.uleb128 0xb
 1454 011d 3B       		.uleb128 0x3b
 1455 011e 0B       		.uleb128 0xb
 1456 011f 27       		.uleb128 0x27
 1457 0120 19       		.uleb128 0x19
 1458 0121 3C       		.uleb128 0x3c
 1459 0122 19       		.uleb128 0x19
 1460 0123 01       		.uleb128 0x1
 1461 0124 13       		.uleb128 0x13
 1462 0125 00       		.byte	0
 1463 0126 00       		.byte	0
 1464 0127 15       		.uleb128 0x15
 1465 0128 05       		.uleb128 0x5
 1466 0129 00       		.byte	0
 1467 012a 49       		.uleb128 0x49
 1468 012b 13       		.uleb128 0x13
 1469 012c 00       		.byte	0
 1470 012d 00       		.byte	0
 1471 012e 16       		.uleb128 0x16
 1472 012f 2E       		.uleb128 0x2e
 1473 0130 01       		.byte	0x1
 1474 0131 3F       		.uleb128 0x3f
 1475 0132 19       		.uleb128 0x19
 1476 0133 03       		.uleb128 0x3
 1477 0134 0E       		.uleb128 0xe
 1478 0135 3A       		.uleb128 0x3a
 1479 0136 0B       		.uleb128 0xb
 1480 0137 3B       		.uleb128 0x3b
 1481 0138 0B       		.uleb128 0xb
 1482 0139 27       		.uleb128 0x27
 1483 013a 19       		.uleb128 0x19
 1484 013b 49       		.uleb128 0x49
 1485 013c 13       		.uleb128 0x13
 1486 013d 3C       		.uleb128 0x3c
 1487 013e 19       		.uleb128 0x19
 1488 013f 01       		.uleb128 0x1
 1489 0140 13       		.uleb128 0x13
 1490 0141 00       		.byte	0
 1491 0142 00       		.byte	0
 1492 0143 17       		.uleb128 0x17
 1493 0144 0F       		.uleb128 0xf
 1494 0145 00       		.byte	0
 1495 0146 0B       		.uleb128 0xb
 1496 0147 0B       		.uleb128 0xb
 1497 0148 49       		.uleb128 0x49
 1498 0149 13       		.uleb128 0x13
 1499 014a 00       		.byte	0
 1500 014b 00       		.byte	0
 1501 014c 18       		.uleb128 0x18
 1502 014d 26       		.uleb128 0x26
 1503 014e 00       		.byte	0
 1504 014f 49       		.uleb128 0x49
 1505 0150 13       		.uleb128 0x13
 1506 0151 00       		.byte	0
 1507 0152 00       		.byte	0
ARM GAS  C:\Users\Nick\AppData\Local\Temp\cctcbkFa.s 			page 29


 1508 0153 00       		.byte	0
 1509              		.section	.debug_loc,"",%progbits
 1510              	.Ldebug_loc0:
 1511              	.LLST0:
 1512 0000 1A000000 		.4byte	.LVL18
 1513 0004 20000000 		.4byte	.LVL19
 1514 0008 0100     		.2byte	0x1
 1515 000a 50       		.byte	0x50
 1516 000b 48000000 		.4byte	.LVL26
 1517 000f 4C000000 		.4byte	.LVL27
 1518 0013 0100     		.2byte	0x1
 1519 0015 50       		.byte	0x50
 1520 0016 74000000 		.4byte	.LVL34
 1521 001a 78000000 		.4byte	.LVL35
 1522 001e 0100     		.2byte	0x1
 1523 0020 50       		.byte	0x50
 1524 0021 A0000000 		.4byte	.LVL42
 1525 0025 A4000000 		.4byte	.LVL43
 1526 0029 0100     		.2byte	0x1
 1527 002b 50       		.byte	0x50
 1528 002c CC000000 		.4byte	.LVL50
 1529 0030 CE000000 		.4byte	.LVL51
 1530 0034 0100     		.2byte	0x1
 1531 0036 50       		.byte	0x50
 1532 0037 00000000 		.4byte	0
 1533 003b 00000000 		.4byte	0
 1534              		.section	.debug_aranges,"",%progbits
 1535 0000 34000000 		.4byte	0x34
 1536 0004 0200     		.2byte	0x2
 1537 0006 00000000 		.4byte	.Ldebug_info0
 1538 000a 04       		.byte	0x4
 1539 000b 00       		.byte	0
 1540 000c 0000     		.2byte	0
 1541 000e 0000     		.2byte	0
 1542 0010 00000000 		.4byte	.LFB63
 1543 0014 64000000 		.4byte	.LFE63-.LFB63
 1544 0018 00000000 		.4byte	.LFB64
 1545 001c 0C000000 		.4byte	.LFE64-.LFB64
 1546 0020 00000000 		.4byte	.LFB65
 1547 0024 34000000 		.4byte	.LFE65-.LFB65
 1548 0028 00000000 		.4byte	.LFB66
 1549 002c 0C010000 		.4byte	.LFE66-.LFB66
 1550 0030 00000000 		.4byte	0
 1551 0034 00000000 		.4byte	0
 1552              		.section	.debug_ranges,"",%progbits
 1553              	.Ldebug_ranges0:
 1554 0000 00000000 		.4byte	.LFB63
 1555 0004 64000000 		.4byte	.LFE63
 1556 0008 00000000 		.4byte	.LFB64
 1557 000c 0C000000 		.4byte	.LFE64
 1558 0010 00000000 		.4byte	.LFB65
 1559 0014 34000000 		.4byte	.LFE65
 1560 0018 00000000 		.4byte	.LFB66
 1561 001c 0C010000 		.4byte	.LFE66
 1562 0020 00000000 		.4byte	0
 1563 0024 00000000 		.4byte	0
 1564              		.section	.debug_line,"",%progbits
ARM GAS  C:\Users\Nick\AppData\Local\Temp\cctcbkFa.s 			page 30


 1565              	.Ldebug_line0:
 1566 0000 01020000 		.section	.debug_str,"MS",%progbits,1
 1566      02009001 
 1566      00000201 
 1566      FB0E0D00 
 1566      01010101 
 1567              	.LASF26:
 1568 0000 55735469 		.ascii	"UsTimer_ReadStatusRegister\000"
 1568      6D65725F 
 1568      52656164 
 1568      53746174 
 1568      75735265 
 1569              	.LASF22:
 1570 001b 67657443 		.ascii	"getColour\000"
 1570      6F6C6F75 
 1570      7200
 1571              	.LASF27:
 1572 0025 55735469 		.ascii	"UsTimer_ReadCapture\000"
 1572      6D65725F 
 1572      52656164 
 1572      43617074 
 1572      75726500 
 1573              	.LASF9:
 1574 0039 5F5F696E 		.ascii	"__int32_t\000"
 1574      7433325F 
 1574      7400
 1575              	.LASF28:
 1576 0043 4C656459 		.ascii	"LedYellow_Read\000"
 1576      656C6C6F 
 1576      775F5265 
 1576      616400
 1577              	.LASF16:
 1578 0052 646F7562 		.ascii	"double\000"
 1578      6C6500
 1579              	.LASF30:
 1580 0059 55735469 		.ascii	"UsTimer_ClearFIFO\000"
 1580      6D65725F 
 1580      436C6561 
 1580      72464946 
 1580      4F00
 1581              	.LASF24:
 1582 006b 43616D65 		.ascii	"Camera_framebuffer\000"
 1582      72615F66 
 1582      72616D65 
 1582      62756666 
 1582      657200
 1583              	.LASF21:
 1584 007e 64726177 		.ascii	"drawDistToLcd\000"
 1584      44697374 
 1584      546F4C63 
 1584      6400
 1585              	.LASF15:
 1586 008c 666C6F61 		.ascii	"float\000"
 1586      7400
 1587              	.LASF29:
 1588 0092 55735469 		.ascii	"UsTimer_DisableTrigger\000"
 1588      6D65725F 
ARM GAS  C:\Users\Nick\AppData\Local\Temp\cctcbkFa.s 			page 31


 1588      44697361 
 1588      626C6554 
 1588      72696767 
 1589              	.LASF39:
 1590 00a9 4144435F 		.ascii	"ADC_StartConvert\000"
 1590      53746172 
 1590      74436F6E 
 1590      76657274 
 1590      00
 1591              	.LASF17:
 1592 00ba 63686172 		.ascii	"char8\000"
 1592      3800
 1593              	.LASF14:
 1594 00c0 696E7431 		.ascii	"int16\000"
 1594      3600
 1595              	.LASF48:
 1596 00c6 4144435F 		.ascii	"ADC_IsEndConversion\000"
 1596      4973456E 
 1596      64436F6E 
 1596      76657273 
 1596      696F6E00 
 1597              	.LASF3:
 1598 00da 73686F72 		.ascii	"short unsigned int\000"
 1598      7420756E 
 1598      7369676E 
 1598      65642069 
 1598      6E7400
 1599              	.LASF36:
 1600 00ed 4C63645F 		.ascii	"Lcd_Position\000"
 1600      506F7369 
 1600      74696F6E 
 1600      00
 1601              	.LASF41:
 1602 00fa 4144435F 		.ascii	"ADC_GetResult16\000"
 1602      47657452 
 1602      6573756C 
 1602      74313600 
 1603              	.LASF23:
 1604 010a 49544D5F 		.ascii	"ITM_RxBuffer\000"
 1604      52784275 
 1604      66666572 
 1604      00
 1605              	.LASF1:
 1606 0117 756E7369 		.ascii	"unsigned char\000"
 1606      676E6564 
 1606      20636861 
 1606      7200
 1607              	.LASF35:
 1608 0125 4C63645F 		.ascii	"Lcd_WriteControl\000"
 1608      57726974 
 1608      65436F6E 
 1608      74726F6C 
 1608      00
 1609              	.LASF5:
 1610 0136 6C6F6E67 		.ascii	"long unsigned int\000"
 1610      20756E73 
 1610      69676E65 
ARM GAS  C:\Users\Nick\AppData\Local\Temp\cctcbkFa.s 			page 32


 1610      6420696E 
 1610      7400
 1611              	.LASF12:
 1612 0148 75696E74 		.ascii	"uint16\000"
 1612      313600
 1613              	.LASF42:
 1614 014f 4C63645F 		.ascii	"Lcd_PrintString\000"
 1614      5072696E 
 1614      74537472 
 1614      696E6700 
 1615              	.LASF13:
 1616 015f 75696E74 		.ascii	"uint32\000"
 1616      333200
 1617              	.LASF8:
 1618 0166 756E7369 		.ascii	"unsigned int\000"
 1618      676E6564 
 1618      20696E74 
 1618      00
 1619              	.LASF32:
 1620 0173 55735469 		.ascii	"UsTimer_WritePeriod\000"
 1620      6D65725F 
 1620      57726974 
 1620      65506572 
 1620      696F6400 
 1621              	.LASF7:
 1622 0187 6C6F6E67 		.ascii	"long long unsigned int\000"
 1622      206C6F6E 
 1622      6720756E 
 1622      7369676E 
 1622      65642069 
 1623              	.LASF47:
 1624 019e 72657375 		.ascii	"result\000"
 1624      6C7400
 1625              	.LASF38:
 1626 01a5 4144435F 		.ascii	"ADC_Start\000"
 1626      53746172 
 1626      7400
 1627              	.LASF40:
 1628 01af 414D7578 		.ascii	"AMux_FastSelect\000"
 1628      5F466173 
 1628      7453656C 
 1628      65637400 
 1629              	.LASF25:
 1630 01bf 64697374 		.ascii	"dist\000"
 1630      00
 1631              	.LASF34:
 1632 01c4 55735469 		.ascii	"UsTimer_EnableTrigger\000"
 1632      6D65725F 
 1632      456E6162 
 1632      6C655472 
 1632      69676765 
 1633              	.LASF43:
 1634 01da 474E5520 		.ascii	"GNU C 4.8.4 20140526 (release) [ARM/embedded-4_8-br"
 1634      4320342E 
 1634      382E3420 
 1634      32303134 
 1634      30353236 
ARM GAS  C:\Users\Nick\AppData\Local\Temp\cctcbkFa.s 			page 33


 1635 020d 616E6368 		.ascii	"anch revision 211358] -mcpu=cortex-m3 -mthumb -g -O"
 1635      20726576 
 1635      6973696F 
 1635      6E203231 
 1635      31333538 
 1636 0240 67202D66 		.ascii	"g -ffunction-sections\000"
 1636      66756E63 
 1636      74696F6E 
 1636      2D736563 
 1636      74696F6E 
 1637              	.LASF19:
 1638 0256 73697A65 		.ascii	"sizetype\000"
 1638      74797065 
 1638      00
 1639              	.LASF31:
 1640 025f 4C656459 		.ascii	"LedYellow_Write\000"
 1640      656C6C6F 
 1640      775F5772 
 1640      69746500 
 1641              	.LASF6:
 1642 026f 6C6F6E67 		.ascii	"long long int\000"
 1642      206C6F6E 
 1642      6720696E 
 1642      7400
 1643              	.LASF18:
 1644 027d 63686172 		.ascii	"char\000"
 1644      00
 1645              	.LASF10:
 1646 0282 696E7433 		.ascii	"int32_t\000"
 1646      325F7400 
 1647              	.LASF33:
 1648 028a 55735469 		.ascii	"UsTimer_WriteCounter\000"
 1648      6D65725F 
 1648      57726974 
 1648      65436F75 
 1648      6E746572 
 1649              	.LASF2:
 1650 029f 73686F72 		.ascii	"short int\000"
 1650      7420696E 
 1650      7400
 1651              	.LASF11:
 1652 02a9 75696E74 		.ascii	"uint8\000"
 1652      3800
 1653              	.LASF4:
 1654 02af 6C6F6E67 		.ascii	"long int\000"
 1654      20696E74 
 1654      00
 1655              	.LASF37:
 1656 02b8 4C63645F 		.ascii	"Lcd_PrintNumber\000"
 1656      5072696E 
 1656      744E756D 
 1656      62657200 
 1657              	.LASF46:
 1658 02c8 67657444 		.ascii	"getDist\000"
 1658      69737400 
 1659              	.LASF0:
 1660 02d0 7369676E 		.ascii	"signed char\000"
ARM GAS  C:\Users\Nick\AppData\Local\Temp\cctcbkFa.s 			page 34


 1660      65642063 
 1660      68617200 
 1661              	.LASF20:
 1662 02dc 55735365 		.ascii	"UsSensorTrigger\000"
 1662      6E736F72 
 1662      54726967 
 1662      67657200 
 1663              	.LASF44:
 1664 02ec 2E5C7365 		.ascii	".\\sensors.c\000"
 1664      6E736F72 
 1664      732E6300 
 1665              	.LASF45:
 1666 02f8 433A5C55 		.ascii	"C:\\Users\\Nick\\Dropbox\\Uni Docs\\y4s2\\ECE3091 -"
 1666      73657273 
 1666      5C4E6963 
 1666      6B5C4472 
 1666      6F70626F 
 1667 0325 20456E67 		.ascii	" Engineering Design\\PSoc Creator\\eng_design_2015\\"
 1667      696E6565 
 1667      72696E67 
 1667      20446573 
 1667      69676E5C 
 1668 0356 45434533 		.ascii	"ECE3091-chickybot\\chickybot.cydsn\000"
 1668      3039312D 
 1668      63686963 
 1668      6B79626F 
 1668      745C6368 
 1669              		.ident	"GCC: (GNU Tools for ARM Embedded Processors) 4.8.4 20140526 (release) [ARM/embedded-4_8-br
