ARM GAS  C:\Users\Nick\AppData\Local\Temp\ccdGNPHr.s 			page 1


   1              		.syntax unified
   2              		.cpu cortex-m3
   3              		.fpu softvfp
   4              		.eabi_attribute 20, 1
   5              		.eabi_attribute 21, 1
   6              		.eabi_attribute 23, 3
   7              		.eabi_attribute 24, 1
   8              		.eabi_attribute 25, 1
   9              		.eabi_attribute 26, 1
  10              		.eabi_attribute 30, 1
  11              		.eabi_attribute 34, 1
  12              		.eabi_attribute 18, 4
  13              		.thumb
  14              		.file	"USB_pm.c"
  15              		.text
  16              	.Ltext0:
  17              		.cfi_sections	.debug_frame
  18              		.section	.text.USB_DP_ISR,"ax",%progbits
  19              		.align	2
  20              		.global	USB_DP_ISR
  21              		.thumb
  22              		.thumb_func
  23              		.type	USB_DP_ISR, %function
  24              	USB_DP_ISR:
  25              	.LFB63:
  26              		.file 1 ".\\Generated_Source\\PSoC5\\USB_pm.c"
   1:.\Generated_Source\PSoC5/USB_pm.c **** /*******************************************************************************
   2:.\Generated_Source\PSoC5/USB_pm.c **** * File Name: USB_pm.c
   3:.\Generated_Source\PSoC5/USB_pm.c **** * Version 2.80
   4:.\Generated_Source\PSoC5/USB_pm.c **** *
   5:.\Generated_Source\PSoC5/USB_pm.c **** * Description:
   6:.\Generated_Source\PSoC5/USB_pm.c **** *  This file provides Suspend/Resume APIs functionality.
   7:.\Generated_Source\PSoC5/USB_pm.c **** *
   8:.\Generated_Source\PSoC5/USB_pm.c **** * Note:
   9:.\Generated_Source\PSoC5/USB_pm.c **** *
  10:.\Generated_Source\PSoC5/USB_pm.c **** ********************************************************************************
  11:.\Generated_Source\PSoC5/USB_pm.c **** * Copyright 2008-2014, Cypress Semiconductor Corporation.  All rights reserved.
  12:.\Generated_Source\PSoC5/USB_pm.c **** * You may use this file only in accordance with the license, terms, conditions,
  13:.\Generated_Source\PSoC5/USB_pm.c **** * disclaimers, and limitations in the end user license agreement accompanying
  14:.\Generated_Source\PSoC5/USB_pm.c **** * the software package with which this file was provided.
  15:.\Generated_Source\PSoC5/USB_pm.c **** *******************************************************************************/
  16:.\Generated_Source\PSoC5/USB_pm.c **** 
  17:.\Generated_Source\PSoC5/USB_pm.c **** #include "project.h"
  18:.\Generated_Source\PSoC5/USB_pm.c **** #include "USB.h"
  19:.\Generated_Source\PSoC5/USB_pm.c **** #include "USB_pvt.h"
  20:.\Generated_Source\PSoC5/USB_pm.c **** 
  21:.\Generated_Source\PSoC5/USB_pm.c **** 
  22:.\Generated_Source\PSoC5/USB_pm.c **** /***************************************
  23:.\Generated_Source\PSoC5/USB_pm.c **** * Custom Declarations
  24:.\Generated_Source\PSoC5/USB_pm.c **** ***************************************/
  25:.\Generated_Source\PSoC5/USB_pm.c **** /* `#START PM_CUSTOM_DECLARATIONS` Place your declaration here */
  26:.\Generated_Source\PSoC5/USB_pm.c **** 
  27:.\Generated_Source\PSoC5/USB_pm.c **** /* `#END` */
  28:.\Generated_Source\PSoC5/USB_pm.c **** 
  29:.\Generated_Source\PSoC5/USB_pm.c **** 
  30:.\Generated_Source\PSoC5/USB_pm.c **** /***************************************
  31:.\Generated_Source\PSoC5/USB_pm.c **** * Local data allocation
ARM GAS  C:\Users\Nick\AppData\Local\Temp\ccdGNPHr.s 			page 2


  32:.\Generated_Source\PSoC5/USB_pm.c **** ***************************************/
  33:.\Generated_Source\PSoC5/USB_pm.c **** 
  34:.\Generated_Source\PSoC5/USB_pm.c **** static USB_BACKUP_STRUCT  USB_backup;
  35:.\Generated_Source\PSoC5/USB_pm.c **** 
  36:.\Generated_Source\PSoC5/USB_pm.c **** 
  37:.\Generated_Source\PSoC5/USB_pm.c **** #if(USB_DP_ISR_REMOVE == 0u)
  38:.\Generated_Source\PSoC5/USB_pm.c **** 
  39:.\Generated_Source\PSoC5/USB_pm.c ****     /*******************************************************************************
  40:.\Generated_Source\PSoC5/USB_pm.c ****     * Function Name: USB_DP_Interrupt
  41:.\Generated_Source\PSoC5/USB_pm.c ****     ********************************************************************************
  42:.\Generated_Source\PSoC5/USB_pm.c ****     *
  43:.\Generated_Source\PSoC5/USB_pm.c ****     * Summary:
  44:.\Generated_Source\PSoC5/USB_pm.c ****     *  This Interrupt Service Routine handles DP pin changes for wake-up from
  45:.\Generated_Source\PSoC5/USB_pm.c ****     *  the sleep mode.
  46:.\Generated_Source\PSoC5/USB_pm.c ****     *
  47:.\Generated_Source\PSoC5/USB_pm.c ****     * Parameters:
  48:.\Generated_Source\PSoC5/USB_pm.c ****     *  None.
  49:.\Generated_Source\PSoC5/USB_pm.c ****     *
  50:.\Generated_Source\PSoC5/USB_pm.c ****     * Return:
  51:.\Generated_Source\PSoC5/USB_pm.c ****     *  None.
  52:.\Generated_Source\PSoC5/USB_pm.c ****     *
  53:.\Generated_Source\PSoC5/USB_pm.c ****     *******************************************************************************/
  54:.\Generated_Source\PSoC5/USB_pm.c ****     CY_ISR(USB_DP_ISR)
  55:.\Generated_Source\PSoC5/USB_pm.c ****     {
  27              		.loc 1 55 0
  28              		.cfi_startproc
  29              		@ args = 0, pretend = 0, frame = 0
  30              		@ frame_needed = 0, uses_anonymous_args = 0
  31              		@ link register save eliminated.
  56:.\Generated_Source\PSoC5/USB_pm.c ****         /* `#START DP_USER_CODE` Place your code here */
  57:.\Generated_Source\PSoC5/USB_pm.c **** 
  58:.\Generated_Source\PSoC5/USB_pm.c ****         /* `#END` */
  59:.\Generated_Source\PSoC5/USB_pm.c **** 
  60:.\Generated_Source\PSoC5/USB_pm.c ****         /* Clears active interrupt */
  61:.\Generated_Source\PSoC5/USB_pm.c ****         CY_GET_REG8(USB_DP_INTSTAT_PTR);
  32              		.loc 1 61 0
  33 0000 014B     		ldr	r3, .L2
  34 0002 1B78     		ldrb	r3, [r3]	@ zero_extendqisi2
  35 0004 7047     		bx	lr
  36              	.L3:
  37 0006 00BF     		.align	2
  38              	.L2:
  39 0008 8F450040 		.word	1073759631
  40              		.cfi_endproc
  41              	.LFE63:
  42              		.size	USB_DP_ISR, .-USB_DP_ISR
  43              		.section	.text.USB_SaveConfig,"ax",%progbits
  44              		.align	2
  45              		.global	USB_SaveConfig
  46              		.thumb
  47              		.thumb_func
  48              		.type	USB_SaveConfig, %function
  49              	USB_SaveConfig:
  50              	.LFB64:
  62:.\Generated_Source\PSoC5/USB_pm.c ****     }
  63:.\Generated_Source\PSoC5/USB_pm.c **** 
  64:.\Generated_Source\PSoC5/USB_pm.c **** #endif /* (USB_DP_ISR_REMOVE == 0u) */
ARM GAS  C:\Users\Nick\AppData\Local\Temp\ccdGNPHr.s 			page 3


  65:.\Generated_Source\PSoC5/USB_pm.c **** 
  66:.\Generated_Source\PSoC5/USB_pm.c **** 
  67:.\Generated_Source\PSoC5/USB_pm.c **** /*******************************************************************************
  68:.\Generated_Source\PSoC5/USB_pm.c **** * Function Name: USB_SaveConfig
  69:.\Generated_Source\PSoC5/USB_pm.c **** ********************************************************************************
  70:.\Generated_Source\PSoC5/USB_pm.c **** *
  71:.\Generated_Source\PSoC5/USB_pm.c **** * Summary:
  72:.\Generated_Source\PSoC5/USB_pm.c **** *  Saves the current user configuration.
  73:.\Generated_Source\PSoC5/USB_pm.c **** *
  74:.\Generated_Source\PSoC5/USB_pm.c **** * Parameters:
  75:.\Generated_Source\PSoC5/USB_pm.c **** *  None.
  76:.\Generated_Source\PSoC5/USB_pm.c **** *
  77:.\Generated_Source\PSoC5/USB_pm.c **** * Return:
  78:.\Generated_Source\PSoC5/USB_pm.c **** *  None.
  79:.\Generated_Source\PSoC5/USB_pm.c **** *
  80:.\Generated_Source\PSoC5/USB_pm.c **** * Reentrant:
  81:.\Generated_Source\PSoC5/USB_pm.c **** *  No.
  82:.\Generated_Source\PSoC5/USB_pm.c **** *
  83:.\Generated_Source\PSoC5/USB_pm.c **** *******************************************************************************/
  84:.\Generated_Source\PSoC5/USB_pm.c **** void USB_SaveConfig(void) 
  85:.\Generated_Source\PSoC5/USB_pm.c **** {
  51              		.loc 1 85 0
  52              		.cfi_startproc
  53              		@ args = 0, pretend = 0, frame = 0
  54              		@ frame_needed = 0, uses_anonymous_args = 0
  55              		@ link register save eliminated.
  56 0000 7047     		bx	lr
  57              		.cfi_endproc
  58              	.LFE64:
  59              		.size	USB_SaveConfig, .-USB_SaveConfig
  60 0002 00BF     		.section	.text.USB_RestoreConfig,"ax",%progbits
  61              		.align	2
  62              		.global	USB_RestoreConfig
  63              		.thumb
  64              		.thumb_func
  65              		.type	USB_RestoreConfig, %function
  66              	USB_RestoreConfig:
  67              	.LFB65:
  86:.\Generated_Source\PSoC5/USB_pm.c **** 
  87:.\Generated_Source\PSoC5/USB_pm.c **** }
  88:.\Generated_Source\PSoC5/USB_pm.c **** 
  89:.\Generated_Source\PSoC5/USB_pm.c **** 
  90:.\Generated_Source\PSoC5/USB_pm.c **** /*******************************************************************************
  91:.\Generated_Source\PSoC5/USB_pm.c **** * Function Name: USB_RestoreConfig
  92:.\Generated_Source\PSoC5/USB_pm.c **** ********************************************************************************
  93:.\Generated_Source\PSoC5/USB_pm.c **** *
  94:.\Generated_Source\PSoC5/USB_pm.c **** * Summary:
  95:.\Generated_Source\PSoC5/USB_pm.c **** *  Restores the current user configuration.
  96:.\Generated_Source\PSoC5/USB_pm.c **** *
  97:.\Generated_Source\PSoC5/USB_pm.c **** * Parameters:
  98:.\Generated_Source\PSoC5/USB_pm.c **** *  None.
  99:.\Generated_Source\PSoC5/USB_pm.c **** *
 100:.\Generated_Source\PSoC5/USB_pm.c **** * Return:
 101:.\Generated_Source\PSoC5/USB_pm.c **** *  None.
 102:.\Generated_Source\PSoC5/USB_pm.c **** *
 103:.\Generated_Source\PSoC5/USB_pm.c **** * Reentrant:
 104:.\Generated_Source\PSoC5/USB_pm.c **** *  No.
ARM GAS  C:\Users\Nick\AppData\Local\Temp\ccdGNPHr.s 			page 4


 105:.\Generated_Source\PSoC5/USB_pm.c **** *
 106:.\Generated_Source\PSoC5/USB_pm.c **** *******************************************************************************/
 107:.\Generated_Source\PSoC5/USB_pm.c **** void USB_RestoreConfig(void) 
 108:.\Generated_Source\PSoC5/USB_pm.c **** {
  68              		.loc 1 108 0
  69              		.cfi_startproc
  70              		@ args = 0, pretend = 0, frame = 0
  71              		@ frame_needed = 0, uses_anonymous_args = 0
  72              		.loc 1 108 0
  73 0000 08B5     		push	{r3, lr}
  74              		.cfi_def_cfa_offset 8
  75              		.cfi_offset 3, -8
  76              		.cfi_offset 14, -4
 109:.\Generated_Source\PSoC5/USB_pm.c ****     if(USB_configuration != 0u)
  77              		.loc 1 109 0
  78 0002 044B     		ldr	r3, .L7
  79 0004 1B78     		ldrb	r3, [r3]	@ zero_extendqisi2
  80 0006 13F0FF0F 		tst	r3, #255
  81 000a 01D0     		beq	.L5
 110:.\Generated_Source\PSoC5/USB_pm.c ****     {
 111:.\Generated_Source\PSoC5/USB_pm.c ****         USB_ConfigReg();
  82              		.loc 1 111 0
  83 000c FFF7FEFF 		bl	USB_ConfigReg
  84              	.LVL0:
  85              	.L5:
  86 0010 08BD     		pop	{r3, pc}
  87              	.L8:
  88 0012 00BF     		.align	2
  89              	.L7:
  90 0014 00000000 		.word	USB_configuration
  91              		.cfi_endproc
  92              	.LFE65:
  93              		.size	USB_RestoreConfig, .-USB_RestoreConfig
  94              		.section	.text.USB_Suspend,"ax",%progbits
  95              		.align	2
  96              		.global	USB_Suspend
  97              		.thumb
  98              		.thumb_func
  99              		.type	USB_Suspend, %function
 100              	USB_Suspend:
 101              	.LFB66:
 112:.\Generated_Source\PSoC5/USB_pm.c ****     }
 113:.\Generated_Source\PSoC5/USB_pm.c **** }
 114:.\Generated_Source\PSoC5/USB_pm.c **** 
 115:.\Generated_Source\PSoC5/USB_pm.c **** 
 116:.\Generated_Source\PSoC5/USB_pm.c **** /*******************************************************************************
 117:.\Generated_Source\PSoC5/USB_pm.c **** * Function Name: USB_Suspend
 118:.\Generated_Source\PSoC5/USB_pm.c **** ********************************************************************************
 119:.\Generated_Source\PSoC5/USB_pm.c **** *
 120:.\Generated_Source\PSoC5/USB_pm.c **** * Summary:
 121:.\Generated_Source\PSoC5/USB_pm.c **** *  This function disables the USBFS block and prepares for power down mode.
 122:.\Generated_Source\PSoC5/USB_pm.c **** *
 123:.\Generated_Source\PSoC5/USB_pm.c **** * Parameters:
 124:.\Generated_Source\PSoC5/USB_pm.c **** *  None.
 125:.\Generated_Source\PSoC5/USB_pm.c **** *
 126:.\Generated_Source\PSoC5/USB_pm.c **** * Return:
 127:.\Generated_Source\PSoC5/USB_pm.c **** *   None.
ARM GAS  C:\Users\Nick\AppData\Local\Temp\ccdGNPHr.s 			page 5


 128:.\Generated_Source\PSoC5/USB_pm.c **** *
 129:.\Generated_Source\PSoC5/USB_pm.c **** * Global variables:
 130:.\Generated_Source\PSoC5/USB_pm.c **** *  USB_backup.enable:  modified.
 131:.\Generated_Source\PSoC5/USB_pm.c **** *
 132:.\Generated_Source\PSoC5/USB_pm.c **** * Reentrant:
 133:.\Generated_Source\PSoC5/USB_pm.c **** *  No.
 134:.\Generated_Source\PSoC5/USB_pm.c **** *
 135:.\Generated_Source\PSoC5/USB_pm.c **** *******************************************************************************/
 136:.\Generated_Source\PSoC5/USB_pm.c **** void USB_Suspend(void) 
 137:.\Generated_Source\PSoC5/USB_pm.c **** {
 102              		.loc 1 137 0
 103              		.cfi_startproc
 104              		@ args = 0, pretend = 0, frame = 0
 105              		@ frame_needed = 0, uses_anonymous_args = 0
 106 0000 F8B5     		push	{r3, r4, r5, r6, r7, lr}
 107              		.cfi_def_cfa_offset 24
 108              		.cfi_offset 3, -24
 109              		.cfi_offset 4, -20
 110              		.cfi_offset 5, -16
 111              		.cfi_offset 6, -12
 112              		.cfi_offset 7, -8
 113              		.cfi_offset 14, -4
 138:.\Generated_Source\PSoC5/USB_pm.c ****     uint8 enableInterrupts;
 139:.\Generated_Source\PSoC5/USB_pm.c ****     enableInterrupts = CyEnterCriticalSection();
 114              		.loc 1 139 0
 115 0002 FFF7FEFF 		bl	CyEnterCriticalSection
 116              	.LVL1:
 117 0006 0446     		mov	r4, r0
 118              	.LVL2:
 140:.\Generated_Source\PSoC5/USB_pm.c **** 
 141:.\Generated_Source\PSoC5/USB_pm.c ****     if((CY_GET_REG8(USB_CR0_PTR) & USB_CR0_ENABLE) != 0u)
 119              		.loc 1 141 0
 120 0008 2B4B     		ldr	r3, .L12
 121 000a 1B78     		ldrb	r3, [r3]	@ zero_extendqisi2
 122 000c 13F0800F 		tst	r3, #128
 123 0010 3BD0     		beq	.L10
 142:.\Generated_Source\PSoC5/USB_pm.c ****     {   /* USB block is enabled */
 143:.\Generated_Source\PSoC5/USB_pm.c ****         USB_backup.enableState = 1u;
 124              		.loc 1 143 0
 125 0012 2A4F     		ldr	r7, .L12+4
 126 0014 0126     		movs	r6, #1
 127 0016 3E70     		strb	r6, [r7]
 144:.\Generated_Source\PSoC5/USB_pm.c **** 
 145:.\Generated_Source\PSoC5/USB_pm.c ****         #if(USB_EP_MM != USB__EP_MANUAL)
 146:.\Generated_Source\PSoC5/USB_pm.c ****             USB_Stop_DMA(USB_MAX_EP);     /* Stop all DMAs */
 147:.\Generated_Source\PSoC5/USB_pm.c ****         #endif   /*  USB_EP_MM != USB__EP_MANUAL */
 148:.\Generated_Source\PSoC5/USB_pm.c **** 
 149:.\Generated_Source\PSoC5/USB_pm.c ****         /* Ensure USB transmit enable is low (USB_USBIO_CR0.ten). - Manual Transmission - Disabled 
 150:.\Generated_Source\PSoC5/USB_pm.c ****         USB_USBIO_CR0_REG &= (uint8)~USB_USBIO_CR0_TEN;
 128              		.loc 1 150 0
 129 0018 294B     		ldr	r3, .L12+8
 130 001a 1A78     		ldrb	r2, [r3]	@ zero_extendqisi2
 131 001c 02F07F02 		and	r2, r2, #127
 132 0020 1A70     		strb	r2, [r3]
 151:.\Generated_Source\PSoC5/USB_pm.c ****         CyDelayUs(0u);  /*~50ns delay */
 133              		.loc 1 151 0
 134 0022 0020     		movs	r0, #0
ARM GAS  C:\Users\Nick\AppData\Local\Temp\ccdGNPHr.s 			page 6


 135              	.LVL3:
 136 0024 FFF7FEFF 		bl	CyDelayUs
 137              	.LVL4:
 152:.\Generated_Source\PSoC5/USB_pm.c **** 
 153:.\Generated_Source\PSoC5/USB_pm.c ****         /* Disable the USBIO by asserting PM.USB_CR0.fsusbio_pd_n(Inverted) and pd_pullup_hv(Invert
 154:.\Generated_Source\PSoC5/USB_pm.c ****         USB_PM_USB_CR0_REG &=
 138              		.loc 1 154 0
 139 0028 264D     		ldr	r5, .L12+12
 140 002a 2B78     		ldrb	r3, [r5]	@ zero_extendqisi2
 141 002c 03F0F903 		and	r3, r3, #249
 142 0030 2B70     		strb	r3, [r5]
 155:.\Generated_Source\PSoC5/USB_pm.c ****                                 (uint8)~(USB_PM_USB_CR0_PD_N | USB_PM_USB_CR0_PD_PULLUP_N);
 156:.\Generated_Source\PSoC5/USB_pm.c **** 
 157:.\Generated_Source\PSoC5/USB_pm.c ****         /* Disable the SIE */
 158:.\Generated_Source\PSoC5/USB_pm.c ****         USB_CR0_REG &= (uint8)~USB_CR0_ENABLE;
 143              		.loc 1 158 0
 144 0032 214B     		ldr	r3, .L12
 145 0034 1A78     		ldrb	r2, [r3]	@ zero_extendqisi2
 146 0036 02F07F02 		and	r2, r2, #127
 147 003a 1A70     		strb	r2, [r3]
 159:.\Generated_Source\PSoC5/USB_pm.c **** 
 160:.\Generated_Source\PSoC5/USB_pm.c ****         CyDelayUs(0u);  /* ~50ns delay */
 148              		.loc 1 160 0
 149 003c 0020     		movs	r0, #0
 150 003e FFF7FEFF 		bl	CyDelayUs
 151              	.LVL5:
 161:.\Generated_Source\PSoC5/USB_pm.c ****         /* Store mode and Disable VRegulator*/
 162:.\Generated_Source\PSoC5/USB_pm.c ****         USB_backup.mode = USB_CR1_REG & USB_CR1_REG_ENABLE;
 152              		.loc 1 162 0
 153 0042 214B     		ldr	r3, .L12+16
 154 0044 1A78     		ldrb	r2, [r3]	@ zero_extendqisi2
 155 0046 3240     		ands	r2, r2, r6
 156 0048 7A70     		strb	r2, [r7, #1]
 163:.\Generated_Source\PSoC5/USB_pm.c ****         USB_CR1_REG &= (uint8)~USB_CR1_REG_ENABLE;
 157              		.loc 1 163 0
 158 004a 1A78     		ldrb	r2, [r3]	@ zero_extendqisi2
 159 004c 02F0FE02 		and	r2, r2, #254
 160 0050 1A70     		strb	r2, [r3]
 164:.\Generated_Source\PSoC5/USB_pm.c **** 
 165:.\Generated_Source\PSoC5/USB_pm.c ****         CyDelayUs(1u);  /* 0.5 us min delay */
 161              		.loc 1 165 0
 162 0052 3046     		mov	r0, r6
 163 0054 FFF7FEFF 		bl	CyDelayUs
 164              	.LVL6:
 166:.\Generated_Source\PSoC5/USB_pm.c ****         /* Disable the USBIO reference by setting PM.USB_CR0.fsusbio_ref_en.*/
 167:.\Generated_Source\PSoC5/USB_pm.c ****         USB_PM_USB_CR0_REG &= (uint8)~USB_PM_USB_CR0_REF_EN;
 165              		.loc 1 167 0
 166 0058 2B78     		ldrb	r3, [r5]	@ zero_extendqisi2
 167 005a 03F0FE03 		and	r3, r3, #254
 168 005e 2B70     		strb	r3, [r5]
 168:.\Generated_Source\PSoC5/USB_pm.c **** 
 169:.\Generated_Source\PSoC5/USB_pm.c ****         /* Switch DP and DM terminals to GPIO mode and disconnect 1.5k pullup*/
 170:.\Generated_Source\PSoC5/USB_pm.c ****         USB_USBIO_CR1_REG |= USB_USBIO_CR1_IOMODE;
 169              		.loc 1 170 0
 170 0060 1A4B     		ldr	r3, .L12+20
 171 0062 1A78     		ldrb	r2, [r3]	@ zero_extendqisi2
 172 0064 42F02002 		orr	r2, r2, #32
ARM GAS  C:\Users\Nick\AppData\Local\Temp\ccdGNPHr.s 			page 7


 173 0068 1A70     		strb	r2, [r3]
 171:.\Generated_Source\PSoC5/USB_pm.c **** 
 172:.\Generated_Source\PSoC5/USB_pm.c ****         /* Disable USB in ACT PM */
 173:.\Generated_Source\PSoC5/USB_pm.c ****         USB_PM_ACT_CFG_REG &= (uint8)~USB_PM_ACT_EN_FSUSB;
 174              		.loc 1 173 0
 175 006a A3F5E353 		sub	r3, r3, #7264
 176 006e 0D3B     		subs	r3, r3, #13
 177 0070 1A78     		ldrb	r2, [r3]	@ zero_extendqisi2
 178 0072 02F0FE02 		and	r2, r2, #254
 179 0076 1A70     		strb	r2, [r3]
 174:.\Generated_Source\PSoC5/USB_pm.c ****         /* Disable USB block for Standby Power Mode */
 175:.\Generated_Source\PSoC5/USB_pm.c ****         USB_PM_STBY_CFG_REG &= (uint8)~USB_PM_STBY_EN_FSUSB;
 180              		.loc 1 175 0
 181 0078 1033     		adds	r3, r3, #16
 182 007a 1A78     		ldrb	r2, [r3]	@ zero_extendqisi2
 183 007c 02F0FE02 		and	r2, r2, #254
 184 0080 1A70     		strb	r2, [r3]
 176:.\Generated_Source\PSoC5/USB_pm.c ****         CyDelayUs(1u); /* min  0.5us delay required */
 185              		.loc 1 176 0
 186 0082 3046     		mov	r0, r6
 187 0084 FFF7FEFF 		bl	CyDelayUs
 188              	.LVL7:
 189 0088 02E0     		b	.L11
 190              	.LVL8:
 191              	.L10:
 177:.\Generated_Source\PSoC5/USB_pm.c **** 
 178:.\Generated_Source\PSoC5/USB_pm.c ****     }
 179:.\Generated_Source\PSoC5/USB_pm.c ****     else
 180:.\Generated_Source\PSoC5/USB_pm.c ****     {
 181:.\Generated_Source\PSoC5/USB_pm.c ****         USB_backup.enableState = 0u;
 192              		.loc 1 181 0
 193 008a 0022     		movs	r2, #0
 194 008c 0B4B     		ldr	r3, .L12+4
 195 008e 1A70     		strb	r2, [r3]
 196              	.LVL9:
 197              	.L11:
 182:.\Generated_Source\PSoC5/USB_pm.c ****     }
 183:.\Generated_Source\PSoC5/USB_pm.c **** 
 184:.\Generated_Source\PSoC5/USB_pm.c ****     CyExitCriticalSection(enableInterrupts);
 198              		.loc 1 184 0
 199 0090 2046     		mov	r0, r4
 200 0092 FFF7FEFF 		bl	CyExitCriticalSection
 201              	.LVL10:
 185:.\Generated_Source\PSoC5/USB_pm.c **** 
 186:.\Generated_Source\PSoC5/USB_pm.c ****     /* Set the DP Interrupt for wake-up from sleep mode. */
 187:.\Generated_Source\PSoC5/USB_pm.c ****     #if(USB_DP_ISR_REMOVE == 0u)
 188:.\Generated_Source\PSoC5/USB_pm.c ****         (void) CyIntSetVector(USB_DP_INTC_VECT_NUM, &USB_DP_ISR);
 202              		.loc 1 188 0
 203 0096 0C20     		movs	r0, #12
 204 0098 0D49     		ldr	r1, .L12+24
 205 009a FFF7FEFF 		bl	CyIntSetVector
 206              	.LVL11:
 189:.\Generated_Source\PSoC5/USB_pm.c ****         CyIntSetPriority(USB_DP_INTC_VECT_NUM, USB_DP_INTC_PRIOR);
 207              		.loc 1 189 0
 208 009e 0C20     		movs	r0, #12
 209 00a0 0721     		movs	r1, #7
 210 00a2 FFF7FEFF 		bl	CyIntSetPriority
ARM GAS  C:\Users\Nick\AppData\Local\Temp\ccdGNPHr.s 			page 8


 211              	.LVL12:
 190:.\Generated_Source\PSoC5/USB_pm.c ****         CyIntClearPending(USB_DP_INTC_VECT_NUM);
 212              		.loc 1 190 0
 213 00a6 4FF48053 		mov	r3, #4096
 214 00aa 0A4A     		ldr	r2, .L12+28
 215 00ac 1360     		str	r3, [r2]
 191:.\Generated_Source\PSoC5/USB_pm.c ****         CyIntEnable(USB_DP_INTC_VECT_NUM);
 216              		.loc 1 191 0
 217 00ae A2F5C072 		sub	r2, r2, #384
 218 00b2 1360     		str	r3, [r2]
 219 00b4 F8BD     		pop	{r3, r4, r5, r6, r7, pc}
 220              	.LVL13:
 221              	.L13:
 222 00b6 00BF     		.align	2
 223              	.L12:
 224 00b8 08600040 		.word	1073766408
 225 00bc 00000000 		.word	.LANCHOR0
 226 00c0 10600040 		.word	1073766416
 227 00c4 94430040 		.word	1073759124
 228 00c8 09600040 		.word	1073766409
 229 00cc 12600040 		.word	1073766418
 230 00d0 00000000 		.word	USB_DP_ISR
 231 00d4 80E200E0 		.word	-536812928
 232              		.cfi_endproc
 233              	.LFE66:
 234              		.size	USB_Suspend, .-USB_Suspend
 235              		.section	.text.USB_Resume,"ax",%progbits
 236              		.align	2
 237              		.global	USB_Resume
 238              		.thumb
 239              		.thumb_func
 240              		.type	USB_Resume, %function
 241              	USB_Resume:
 242              	.LFB67:
 192:.\Generated_Source\PSoC5/USB_pm.c ****     #endif /* (USB_DP_ISR_REMOVE == 0u) */
 193:.\Generated_Source\PSoC5/USB_pm.c **** }
 194:.\Generated_Source\PSoC5/USB_pm.c **** 
 195:.\Generated_Source\PSoC5/USB_pm.c **** 
 196:.\Generated_Source\PSoC5/USB_pm.c **** /*******************************************************************************
 197:.\Generated_Source\PSoC5/USB_pm.c **** * Function Name: USB_Resume
 198:.\Generated_Source\PSoC5/USB_pm.c **** ********************************************************************************
 199:.\Generated_Source\PSoC5/USB_pm.c **** *
 200:.\Generated_Source\PSoC5/USB_pm.c **** * Summary:
 201:.\Generated_Source\PSoC5/USB_pm.c **** *  This function enables the USBFS block after power down mode.
 202:.\Generated_Source\PSoC5/USB_pm.c **** *
 203:.\Generated_Source\PSoC5/USB_pm.c **** * Parameters:
 204:.\Generated_Source\PSoC5/USB_pm.c **** *  None.
 205:.\Generated_Source\PSoC5/USB_pm.c **** *
 206:.\Generated_Source\PSoC5/USB_pm.c **** * Return:
 207:.\Generated_Source\PSoC5/USB_pm.c **** *  None.
 208:.\Generated_Source\PSoC5/USB_pm.c **** *
 209:.\Generated_Source\PSoC5/USB_pm.c **** * Global variables:
 210:.\Generated_Source\PSoC5/USB_pm.c **** *  USB_backup - checked.
 211:.\Generated_Source\PSoC5/USB_pm.c **** *
 212:.\Generated_Source\PSoC5/USB_pm.c **** * Reentrant:
 213:.\Generated_Source\PSoC5/USB_pm.c **** *  No.
 214:.\Generated_Source\PSoC5/USB_pm.c **** *
ARM GAS  C:\Users\Nick\AppData\Local\Temp\ccdGNPHr.s 			page 9


 215:.\Generated_Source\PSoC5/USB_pm.c **** *******************************************************************************/
 216:.\Generated_Source\PSoC5/USB_pm.c **** void USB_Resume(void) 
 217:.\Generated_Source\PSoC5/USB_pm.c **** {
 243              		.loc 1 217 0
 244              		.cfi_startproc
 245              		@ args = 0, pretend = 0, frame = 0
 246              		@ frame_needed = 0, uses_anonymous_args = 0
 247 0000 38B5     		push	{r3, r4, r5, lr}
 248              		.cfi_def_cfa_offset 16
 249              		.cfi_offset 3, -16
 250              		.cfi_offset 4, -12
 251              		.cfi_offset 5, -8
 252              		.cfi_offset 14, -4
 218:.\Generated_Source\PSoC5/USB_pm.c ****     uint8 enableInterrupts;
 219:.\Generated_Source\PSoC5/USB_pm.c ****     enableInterrupts = CyEnterCriticalSection();
 253              		.loc 1 219 0
 254 0002 FFF7FEFF 		bl	CyEnterCriticalSection
 255              	.LVL14:
 256 0006 0546     		mov	r5, r0
 257              	.LVL15:
 220:.\Generated_Source\PSoC5/USB_pm.c **** 
 221:.\Generated_Source\PSoC5/USB_pm.c ****     if(USB_backup.enableState != 0u)
 258              		.loc 1 221 0
 259 0008 244B     		ldr	r3, .L16
 260 000a 1B78     		ldrb	r3, [r3]	@ zero_extendqisi2
 261 000c 002B     		cmp	r3, #0
 262 000e 40D0     		beq	.L15
 222:.\Generated_Source\PSoC5/USB_pm.c ****     {
 223:.\Generated_Source\PSoC5/USB_pm.c ****         #if(USB_DP_ISR_REMOVE == 0u)
 224:.\Generated_Source\PSoC5/USB_pm.c ****             CyIntDisable(USB_DP_INTC_VECT_NUM);
 263              		.loc 1 224 0
 264 0010 4FF48052 		mov	r2, #4096
 265 0014 224B     		ldr	r3, .L16+4
 266 0016 1A60     		str	r2, [r3]
 225:.\Generated_Source\PSoC5/USB_pm.c ****         #endif /*  USB_DP_ISR_REMOVE */
 226:.\Generated_Source\PSoC5/USB_pm.c **** 
 227:.\Generated_Source\PSoC5/USB_pm.c ****         /* Enable USB block */
 228:.\Generated_Source\PSoC5/USB_pm.c ****         USB_PM_ACT_CFG_REG |= USB_PM_ACT_EN_FSUSB;
 267              		.loc 1 228 0
 268 0018 224B     		ldr	r3, .L16+8
 269 001a 1A78     		ldrb	r2, [r3]	@ zero_extendqisi2
 270 001c 42F00102 		orr	r2, r2, #1
 271 0020 1A70     		strb	r2, [r3]
 229:.\Generated_Source\PSoC5/USB_pm.c ****         /* Enable USB block for Standby Power Mode */
 230:.\Generated_Source\PSoC5/USB_pm.c ****         USB_PM_STBY_CFG_REG |= USB_PM_STBY_EN_FSUSB;
 272              		.loc 1 230 0
 273 0022 1033     		adds	r3, r3, #16
 274 0024 1A78     		ldrb	r2, [r3]	@ zero_extendqisi2
 275 0026 42F00102 		orr	r2, r2, #1
 276 002a 1A70     		strb	r2, [r3]
 231:.\Generated_Source\PSoC5/USB_pm.c ****         /* Enable core clock */
 232:.\Generated_Source\PSoC5/USB_pm.c ****         USB_USB_CLK_EN_REG |= USB_USB_CLK_ENABLE;
 277              		.loc 1 232 0
 278 002c 03F5E753 		add	r3, r3, #7392
 279 0030 0833     		adds	r3, r3, #8
 280 0032 1A78     		ldrb	r2, [r3]	@ zero_extendqisi2
 281 0034 42F00102 		orr	r2, r2, #1
ARM GAS  C:\Users\Nick\AppData\Local\Temp\ccdGNPHr.s 			page 10


 282 0038 1A70     		strb	r2, [r3]
 233:.\Generated_Source\PSoC5/USB_pm.c **** 
 234:.\Generated_Source\PSoC5/USB_pm.c ****         /* Enable the USBIO reference by setting PM.USB_CR0.fsusbio_ref_en.*/
 235:.\Generated_Source\PSoC5/USB_pm.c ****         USB_PM_USB_CR0_REG |= USB_PM_USB_CR0_REF_EN;
 283              		.loc 1 235 0
 284 003a 1B4C     		ldr	r4, .L16+12
 285 003c 2378     		ldrb	r3, [r4]	@ zero_extendqisi2
 286 003e 43F00103 		orr	r3, r3, #1
 287 0042 2370     		strb	r3, [r4]
 236:.\Generated_Source\PSoC5/USB_pm.c ****         /* The reference will be available ~40us after power restored */
 237:.\Generated_Source\PSoC5/USB_pm.c ****         CyDelayUs(40u);
 288              		.loc 1 237 0
 289 0044 2820     		movs	r0, #40
 290              	.LVL16:
 291 0046 FFF7FEFF 		bl	CyDelayUs
 292              	.LVL17:
 238:.\Generated_Source\PSoC5/USB_pm.c ****         /* Return VRegulator*/
 239:.\Generated_Source\PSoC5/USB_pm.c ****         USB_CR1_REG |= USB_backup.mode;
 293              		.loc 1 239 0
 294 004a 184B     		ldr	r3, .L16+16
 295 004c 1978     		ldrb	r1, [r3]	@ zero_extendqisi2
 296 004e 134A     		ldr	r2, .L16
 297 0050 5278     		ldrb	r2, [r2, #1]	@ zero_extendqisi2
 298 0052 0A43     		orrs	r2, r2, r1
 299 0054 1A70     		strb	r2, [r3]
 240:.\Generated_Source\PSoC5/USB_pm.c ****         CyDelayUs(0u);  /*~50ns delay */
 300              		.loc 1 240 0
 301 0056 0020     		movs	r0, #0
 302 0058 FFF7FEFF 		bl	CyDelayUs
 303              	.LVL18:
 241:.\Generated_Source\PSoC5/USB_pm.c ****         /* Enable USBIO */
 242:.\Generated_Source\PSoC5/USB_pm.c ****         USB_PM_USB_CR0_REG |= USB_PM_USB_CR0_PD_N;
 304              		.loc 1 242 0
 305 005c 2378     		ldrb	r3, [r4]	@ zero_extendqisi2
 306 005e 43F00203 		orr	r3, r3, #2
 307 0062 2370     		strb	r3, [r4]
 243:.\Generated_Source\PSoC5/USB_pm.c ****         CyDelayUs(2u);
 308              		.loc 1 243 0
 309 0064 0220     		movs	r0, #2
 310 0066 FFF7FEFF 		bl	CyDelayUs
 311              	.LVL19:
 244:.\Generated_Source\PSoC5/USB_pm.c ****         /* Set the USBIO pull-up enable */
 245:.\Generated_Source\PSoC5/USB_pm.c ****         USB_PM_USB_CR0_REG |= USB_PM_USB_CR0_PD_PULLUP_N;
 312              		.loc 1 245 0
 313 006a 2378     		ldrb	r3, [r4]	@ zero_extendqisi2
 314 006c 43F00403 		orr	r3, r3, #4
 315 0070 2370     		strb	r3, [r4]
 246:.\Generated_Source\PSoC5/USB_pm.c **** 
 247:.\Generated_Source\PSoC5/USB_pm.c ****         /* Re-init Arbiter configuration for DMA transfers */
 248:.\Generated_Source\PSoC5/USB_pm.c ****         #if(USB_EP_MM != USB__EP_MANUAL)
 249:.\Generated_Source\PSoC5/USB_pm.c ****             /* Usb arb interrupt enable */
 250:.\Generated_Source\PSoC5/USB_pm.c ****             USB_ARB_INT_EN_REG = USB_ARB_INT_MASK;
 251:.\Generated_Source\PSoC5/USB_pm.c ****             #if(USB_EP_MM == USB__EP_DMAMANUAL)
 252:.\Generated_Source\PSoC5/USB_pm.c ****                 USB_ARB_CFG_REG = USB_ARB_CFG_MANUAL_DMA;
 253:.\Generated_Source\PSoC5/USB_pm.c ****             #endif   /*  USB_EP_MM == USB__EP_DMAMANUAL */
 254:.\Generated_Source\PSoC5/USB_pm.c ****             #if(USB_EP_MM == USB__EP_DMAAUTO)
 255:.\Generated_Source\PSoC5/USB_pm.c ****                 /*Set cfg cmplt this rises DMA request when the full configuration is done */
ARM GAS  C:\Users\Nick\AppData\Local\Temp\ccdGNPHr.s 			page 11


 256:.\Generated_Source\PSoC5/USB_pm.c ****                 USB_ARB_CFG_REG = USB_ARB_CFG_AUTO_DMA | USB_ARB_CFG_AUTO_MEM;
 257:.\Generated_Source\PSoC5/USB_pm.c ****             #endif   /*  USB_EP_MM == USB__EP_DMAAUTO */
 258:.\Generated_Source\PSoC5/USB_pm.c ****         #endif   /*  USB_EP_MM != USB__EP_MANUAL */
 259:.\Generated_Source\PSoC5/USB_pm.c **** 
 260:.\Generated_Source\PSoC5/USB_pm.c ****         /* STALL_IN_OUT */
 261:.\Generated_Source\PSoC5/USB_pm.c ****         CY_SET_REG8(USB_EP0_CR_PTR, USB_MODE_STALL_IN_OUT);
 316              		.loc 1 261 0
 317 0072 0322     		movs	r2, #3
 318 0074 0E4B     		ldr	r3, .L16+20
 319 0076 1A70     		strb	r2, [r3]
 262:.\Generated_Source\PSoC5/USB_pm.c ****         /* Enable the SIE with a last address */
 263:.\Generated_Source\PSoC5/USB_pm.c ****         USB_CR0_REG |= USB_CR0_ENABLE;
 320              		.loc 1 263 0
 321 0078 203B     		subs	r3, r3, #32
 322 007a 1A78     		ldrb	r2, [r3]	@ zero_extendqisi2
 323 007c 42F08002 		orr	r2, r2, #128
 324 0080 1A70     		strb	r2, [r3]
 264:.\Generated_Source\PSoC5/USB_pm.c ****         CyDelayCycles(1u);
 325              		.loc 1 264 0
 326 0082 0120     		movs	r0, #1
 327 0084 FFF7FEFF 		bl	CyDelayCycles
 328              	.LVL20:
 265:.\Generated_Source\PSoC5/USB_pm.c ****         /* Finally, Enable d+ pullup and select iomode to USB mode*/
 266:.\Generated_Source\PSoC5/USB_pm.c ****         CY_SET_REG8(USB_USBIO_CR1_PTR, USB_USBIO_CR1_USBPUEN);
 329              		.loc 1 266 0
 330 0088 0422     		movs	r2, #4
 331 008a 0A4B     		ldr	r3, .L16+24
 332 008c 1A70     		strb	r2, [r3]
 267:.\Generated_Source\PSoC5/USB_pm.c **** 
 268:.\Generated_Source\PSoC5/USB_pm.c ****         /* Restore USB register settings */
 269:.\Generated_Source\PSoC5/USB_pm.c ****         USB_RestoreConfig();
 333              		.loc 1 269 0
 334 008e FFF7FEFF 		bl	USB_RestoreConfig
 335              	.LVL21:
 336              	.L15:
 270:.\Generated_Source\PSoC5/USB_pm.c ****     }
 271:.\Generated_Source\PSoC5/USB_pm.c **** 
 272:.\Generated_Source\PSoC5/USB_pm.c ****     CyExitCriticalSection(enableInterrupts);
 337              		.loc 1 272 0
 338 0092 2846     		mov	r0, r5
 339 0094 FFF7FEFF 		bl	CyExitCriticalSection
 340              	.LVL22:
 341 0098 38BD     		pop	{r3, r4, r5, pc}
 342              	.LVL23:
 343              	.L17:
 344 009a 00BF     		.align	2
 345              	.L16:
 346 009c 00000000 		.word	.LANCHOR0
 347 00a0 80E100E0 		.word	-536813184
 348 00a4 A5430040 		.word	1073759141
 349 00a8 94430040 		.word	1073759124
 350 00ac 09600040 		.word	1073766409
 351 00b0 28600040 		.word	1073766440
 352 00b4 12600040 		.word	1073766418
 353              		.cfi_endproc
 354              	.LFE67:
 355              		.size	USB_Resume, .-USB_Resume
ARM GAS  C:\Users\Nick\AppData\Local\Temp\ccdGNPHr.s 			page 12


 356              		.comm	Camera_framebuffer,50688,4
 357              		.bss
 358              		.align	2
 359              		.set	.LANCHOR0,. + 0
 360              		.type	USB_backup, %object
 361              		.size	USB_backup, 2
 362              	USB_backup:
 363 0000 0000     		.space	2
 364 0002 0000     		.text
 365              	.Letext0:
 366              		.file 2 "c:\\program files (x86)\\cypress\\psoc creator\\3.2\\psoc creator\\import\\gnu\\arm\\4.8.
 367              		.file 3 "c:\\program files (x86)\\cypress\\psoc creator\\3.2\\psoc creator\\import\\gnu\\arm\\4.8.
 368              		.file 4 ".\\Generated_Source\\PSoC5\\cytypes.h"
 369              		.file 5 "Generated_Source\\PSoC5/USB.h"
 370              		.file 6 "Generated_Source\\PSoC5/core_cm3.h"
 371              		.file 7 ".\\Generated_Source\\PSoC5\\Camera.h"
 372              		.file 8 ".\\Generated_Source\\PSoC5\\CyLib.h"
 373              		.file 9 "Generated_Source\\PSoC5/USB_pvt.h"
 374              		.section	.debug_info,"",%progbits
 375              	.Ldebug_info0:
 376 0000 7D030000 		.4byte	0x37d
 377 0004 0400     		.2byte	0x4
 378 0006 00000000 		.4byte	.Ldebug_abbrev0
 379 000a 04       		.byte	0x4
 380 000b 01       		.uleb128 0x1
 381 000c 9C000000 		.4byte	.LASF37
 382 0010 01       		.byte	0x1
 383 0011 2B010000 		.4byte	.LASF38
 384 0015 A2020000 		.4byte	.LASF39
 385 0019 00000000 		.4byte	.Ldebug_ranges0+0
 386 001d 00000000 		.4byte	0
 387 0021 00000000 		.4byte	.Ldebug_line0
 388 0025 02       		.uleb128 0x2
 389 0026 01       		.byte	0x1
 390 0027 06       		.byte	0x6
 391 0028 96020000 		.4byte	.LASF0
 392 002c 02       		.uleb128 0x2
 393 002d 01       		.byte	0x1
 394 002e 08       		.byte	0x8
 395 002f 6B010000 		.4byte	.LASF1
 396 0033 02       		.uleb128 0x2
 397 0034 02       		.byte	0x2
 398 0035 05       		.byte	0x5
 399 0036 5B020000 		.4byte	.LASF2
 400 003a 02       		.uleb128 0x2
 401 003b 02       		.byte	0x2
 402 003c 07       		.byte	0x7
 403 003d 18010000 		.4byte	.LASF3
 404 0041 03       		.uleb128 0x3
 405 0042 35000000 		.4byte	.LASF9
 406 0046 02       		.byte	0x2
 407 0047 37       		.byte	0x37
 408 0048 4C000000 		.4byte	0x4c
 409 004c 02       		.uleb128 0x2
 410 004d 04       		.byte	0x4
 411 004e 05       		.byte	0x5
 412 004f 81020000 		.4byte	.LASF4
ARM GAS  C:\Users\Nick\AppData\Local\Temp\ccdGNPHr.s 			page 13


 413 0053 02       		.uleb128 0x2
 414 0054 04       		.byte	0x4
 415 0055 07       		.byte	0x7
 416 0056 8A000000 		.4byte	.LASF5
 417 005a 02       		.uleb128 0x2
 418 005b 08       		.byte	0x8
 419 005c 05       		.byte	0x5
 420 005d 48020000 		.4byte	.LASF6
 421 0061 02       		.uleb128 0x2
 422 0062 08       		.byte	0x8
 423 0063 07       		.byte	0x7
 424 0064 E0010000 		.4byte	.LASF7
 425 0068 04       		.uleb128 0x4
 426 0069 04       		.byte	0x4
 427 006a 05       		.byte	0x5
 428 006b 696E7400 		.ascii	"int\000"
 429 006f 02       		.uleb128 0x2
 430 0070 04       		.byte	0x4
 431 0071 07       		.byte	0x7
 432 0072 D3010000 		.4byte	.LASF8
 433 0076 03       		.uleb128 0x3
 434 0077 69000000 		.4byte	.LASF10
 435 007b 03       		.byte	0x3
 436 007c 41       		.byte	0x41
 437 007d 41000000 		.4byte	0x41
 438 0081 03       		.uleb128 0x3
 439 0082 65020000 		.4byte	.LASF11
 440 0086 04       		.byte	0x4
 441 0087 B4       		.byte	0xb4
 442 0088 2C000000 		.4byte	0x2c
 443 008c 03       		.uleb128 0x3
 444 008d 92010000 		.4byte	.LASF12
 445 0091 04       		.byte	0x4
 446 0092 B5       		.byte	0xb5
 447 0093 3A000000 		.4byte	0x3a
 448 0097 03       		.uleb128 0x3
 449 0098 B5010000 		.4byte	.LASF13
 450 009c 04       		.byte	0x4
 451 009d B6       		.byte	0xb6
 452 009e 53000000 		.4byte	0x53
 453 00a2 02       		.uleb128 0x2
 454 00a3 04       		.byte	0x4
 455 00a4 04       		.byte	0x4
 456 00a5 71000000 		.4byte	.LASF14
 457 00a9 02       		.uleb128 0x2
 458 00aa 08       		.byte	0x8
 459 00ab 04       		.byte	0x4
 460 00ac 8B010000 		.4byte	.LASF15
 461 00b0 02       		.uleb128 0x2
 462 00b1 01       		.byte	0x1
 463 00b2 08       		.byte	0x8
 464 00b3 56020000 		.4byte	.LASF16
 465 00b7 05       		.uleb128 0x5
 466 00b8 85000000 		.4byte	.LASF17
 467 00bc 04       		.byte	0x4
 468 00bd 5E01     		.2byte	0x15e
 469 00bf C3000000 		.4byte	0xc3
ARM GAS  C:\Users\Nick\AppData\Local\Temp\ccdGNPHr.s 			page 14


 470 00c3 06       		.uleb128 0x6
 471 00c4 81000000 		.4byte	0x81
 472 00c8 05       		.uleb128 0x5
 473 00c9 20000000 		.4byte	.LASF18
 474 00cd 04       		.byte	0x4
 475 00ce 6001     		.2byte	0x160
 476 00d0 D4000000 		.4byte	0xd4
 477 00d4 06       		.uleb128 0x6
 478 00d5 97000000 		.4byte	0x97
 479 00d9 05       		.uleb128 0x5
 480 00da 18020000 		.4byte	.LASF19
 481 00de 04       		.byte	0x4
 482 00df 7001     		.2byte	0x170
 483 00e1 E5000000 		.4byte	0xe5
 484 00e5 07       		.uleb128 0x7
 485 00e6 04       		.byte	0x4
 486 00e7 EB000000 		.4byte	0xeb
 487 00eb 08       		.uleb128 0x8
 488 00ec 02       		.uleb128 0x2
 489 00ed 04       		.byte	0x4
 490 00ee 07       		.byte	0x7
 491 00ef 3F020000 		.4byte	.LASF20
 492 00f3 09       		.uleb128 0x9
 493 00f4 02       		.byte	0x2
 494 00f5 05       		.byte	0x5
 495 00f6 A6       		.byte	0xa6
 496 00f7 14010000 		.4byte	0x114
 497 00fb 0A       		.uleb128 0xa
 498 00fc 8A020000 		.4byte	.LASF21
 499 0100 05       		.byte	0x5
 500 0101 A8       		.byte	0xa8
 501 0102 81000000 		.4byte	0x81
 502 0106 00       		.byte	0
 503 0107 0A       		.uleb128 0xa
 504 0108 08020000 		.4byte	.LASF22
 505 010c 05       		.byte	0x5
 506 010d A9       		.byte	0xa9
 507 010e 81000000 		.4byte	0x81
 508 0112 01       		.byte	0x1
 509 0113 00       		.byte	0
 510 0114 03       		.uleb128 0x3
 511 0115 79010000 		.4byte	.LASF23
 512 0119 05       		.byte	0x5
 513 011a AA       		.byte	0xaa
 514 011b F3000000 		.4byte	0xf3
 515 011f 0B       		.uleb128 0xb
 516 0120 34020000 		.4byte	.LASF24
 517 0124 01       		.byte	0x1
 518 0125 36       		.byte	0x36
 519 0126 00000000 		.4byte	.LFB63
 520 012a 0C000000 		.4byte	.LFE63-.LFB63
 521 012e 01       		.uleb128 0x1
 522 012f 9C       		.byte	0x9c
 523 0130 0B       		.uleb128 0xb
 524 0131 25020000 		.4byte	.LASF25
 525 0135 01       		.byte	0x1
 526 0136 54       		.byte	0x54
ARM GAS  C:\Users\Nick\AppData\Local\Temp\ccdGNPHr.s 			page 15


 527 0137 00000000 		.4byte	.LFB64
 528 013b 02000000 		.4byte	.LFE64-.LFB64
 529 013f 01       		.uleb128 0x1
 530 0140 9C       		.byte	0x9c
 531 0141 0C       		.uleb128 0xc
 532 0142 99010000 		.4byte	.LASF26
 533 0146 01       		.byte	0x1
 534 0147 6B       		.byte	0x6b
 535 0148 00000000 		.4byte	.LFB65
 536 014c 18000000 		.4byte	.LFE65-.LFB65
 537 0150 01       		.uleb128 0x1
 538 0151 9C       		.byte	0x9c
 539 0152 60010000 		.4byte	0x160
 540 0156 0D       		.uleb128 0xd
 541 0157 10000000 		.4byte	.LVL0
 542 015b 0F030000 		.4byte	0x30f
 543 015f 00       		.byte	0
 544 0160 0C       		.uleb128 0xc
 545 0161 3F000000 		.4byte	.LASF27
 546 0165 01       		.byte	0x1
 547 0166 88       		.byte	0x88
 548 0167 00000000 		.4byte	.LFB66
 549 016b D8000000 		.4byte	.LFE66-.LFB66
 550 016f 01       		.uleb128 0x1
 551 0170 9C       		.byte	0x9c
 552 0171 20020000 		.4byte	0x220
 553 0175 0E       		.uleb128 0xe
 554 0176 5A010000 		.4byte	.LASF29
 555 017a 01       		.byte	0x1
 556 017b 8A       		.byte	0x8a
 557 017c 81000000 		.4byte	0x81
 558 0180 00000000 		.4byte	.LLST0
 559 0184 0D       		.uleb128 0xd
 560 0185 06000000 		.4byte	.LVL1
 561 0189 16030000 		.4byte	0x316
 562 018d 0F       		.uleb128 0xf
 563 018e 28000000 		.4byte	.LVL4
 564 0192 21030000 		.4byte	0x321
 565 0196 A0010000 		.4byte	0x1a0
 566 019a 10       		.uleb128 0x10
 567 019b 01       		.uleb128 0x1
 568 019c 50       		.byte	0x50
 569 019d 01       		.uleb128 0x1
 570 019e 30       		.byte	0x30
 571 019f 00       		.byte	0
 572 01a0 0F       		.uleb128 0xf
 573 01a1 42000000 		.4byte	.LVL5
 574 01a5 21030000 		.4byte	0x321
 575 01a9 B3010000 		.4byte	0x1b3
 576 01ad 10       		.uleb128 0x10
 577 01ae 01       		.uleb128 0x1
 578 01af 50       		.byte	0x50
 579 01b0 01       		.uleb128 0x1
 580 01b1 30       		.byte	0x30
 581 01b2 00       		.byte	0
 582 01b3 0F       		.uleb128 0xf
 583 01b4 58000000 		.4byte	.LVL6
ARM GAS  C:\Users\Nick\AppData\Local\Temp\ccdGNPHr.s 			page 16


 584 01b8 21030000 		.4byte	0x321
 585 01bc C7010000 		.4byte	0x1c7
 586 01c0 10       		.uleb128 0x10
 587 01c1 01       		.uleb128 0x1
 588 01c2 50       		.byte	0x50
 589 01c3 02       		.uleb128 0x2
 590 01c4 76       		.byte	0x76
 591 01c5 00       		.sleb128 0
 592 01c6 00       		.byte	0
 593 01c7 0F       		.uleb128 0xf
 594 01c8 88000000 		.4byte	.LVL7
 595 01cc 21030000 		.4byte	0x321
 596 01d0 DB010000 		.4byte	0x1db
 597 01d4 10       		.uleb128 0x10
 598 01d5 01       		.uleb128 0x1
 599 01d6 50       		.byte	0x50
 600 01d7 02       		.uleb128 0x2
 601 01d8 76       		.byte	0x76
 602 01d9 00       		.sleb128 0
 603 01da 00       		.byte	0
 604 01db 0F       		.uleb128 0xf
 605 01dc 96000000 		.4byte	.LVL10
 606 01e0 32030000 		.4byte	0x332
 607 01e4 EF010000 		.4byte	0x1ef
 608 01e8 10       		.uleb128 0x10
 609 01e9 01       		.uleb128 0x1
 610 01ea 50       		.byte	0x50
 611 01eb 02       		.uleb128 0x2
 612 01ec 74       		.byte	0x74
 613 01ed 00       		.sleb128 0
 614 01ee 00       		.byte	0
 615 01ef 0F       		.uleb128 0xf
 616 01f0 9E000000 		.4byte	.LVL11
 617 01f4 43030000 		.4byte	0x343
 618 01f8 0B020000 		.4byte	0x20b
 619 01fc 10       		.uleb128 0x10
 620 01fd 01       		.uleb128 0x1
 621 01fe 51       		.byte	0x51
 622 01ff 05       		.uleb128 0x5
 623 0200 03       		.byte	0x3
 624 0201 00000000 		.4byte	USB_DP_ISR
 625 0205 10       		.uleb128 0x10
 626 0206 01       		.uleb128 0x1
 627 0207 50       		.byte	0x50
 628 0208 01       		.uleb128 0x1
 629 0209 3C       		.byte	0x3c
 630 020a 00       		.byte	0
 631 020b 11       		.uleb128 0x11
 632 020c A6000000 		.4byte	.LVL12
 633 0210 5D030000 		.4byte	0x35d
 634 0214 10       		.uleb128 0x10
 635 0215 01       		.uleb128 0x1
 636 0216 51       		.byte	0x51
 637 0217 01       		.uleb128 0x1
 638 0218 37       		.byte	0x37
 639 0219 10       		.uleb128 0x10
 640 021a 01       		.uleb128 0x1
ARM GAS  C:\Users\Nick\AppData\Local\Temp\ccdGNPHr.s 			page 17


 641 021b 50       		.byte	0x50
 642 021c 01       		.uleb128 0x1
 643 021d 3C       		.byte	0x3c
 644 021e 00       		.byte	0
 645 021f 00       		.byte	0
 646 0220 0C       		.uleb128 0xc
 647 0221 0D020000 		.4byte	.LASF28
 648 0225 01       		.byte	0x1
 649 0226 D8       		.byte	0xd8
 650 0227 00000000 		.4byte	.LFB67
 651 022b B8000000 		.4byte	.LFE67-.LFB67
 652 022f 01       		.uleb128 0x1
 653 0230 9C       		.byte	0x9c
 654 0231 B4020000 		.4byte	0x2b4
 655 0235 0E       		.uleb128 0xe
 656 0236 5A010000 		.4byte	.LASF29
 657 023a 01       		.byte	0x1
 658 023b DA       		.byte	0xda
 659 023c 81000000 		.4byte	0x81
 660 0240 34000000 		.4byte	.LLST1
 661 0244 0D       		.uleb128 0xd
 662 0245 06000000 		.4byte	.LVL14
 663 0249 16030000 		.4byte	0x316
 664 024d 0F       		.uleb128 0xf
 665 024e 4A000000 		.4byte	.LVL17
 666 0252 21030000 		.4byte	0x321
 667 0256 61020000 		.4byte	0x261
 668 025a 10       		.uleb128 0x10
 669 025b 01       		.uleb128 0x1
 670 025c 50       		.byte	0x50
 671 025d 02       		.uleb128 0x2
 672 025e 08       		.byte	0x8
 673 025f 28       		.byte	0x28
 674 0260 00       		.byte	0
 675 0261 0F       		.uleb128 0xf
 676 0262 5C000000 		.4byte	.LVL18
 677 0266 21030000 		.4byte	0x321
 678 026a 74020000 		.4byte	0x274
 679 026e 10       		.uleb128 0x10
 680 026f 01       		.uleb128 0x1
 681 0270 50       		.byte	0x50
 682 0271 01       		.uleb128 0x1
 683 0272 30       		.byte	0x30
 684 0273 00       		.byte	0
 685 0274 0F       		.uleb128 0xf
 686 0275 6A000000 		.4byte	.LVL19
 687 0279 21030000 		.4byte	0x321
 688 027d 87020000 		.4byte	0x287
 689 0281 10       		.uleb128 0x10
 690 0282 01       		.uleb128 0x1
 691 0283 50       		.byte	0x50
 692 0284 01       		.uleb128 0x1
 693 0285 32       		.byte	0x32
 694 0286 00       		.byte	0
 695 0287 0F       		.uleb128 0xf
 696 0288 88000000 		.4byte	.LVL20
 697 028c 73030000 		.4byte	0x373
ARM GAS  C:\Users\Nick\AppData\Local\Temp\ccdGNPHr.s 			page 18


 698 0290 9A020000 		.4byte	0x29a
 699 0294 10       		.uleb128 0x10
 700 0295 01       		.uleb128 0x1
 701 0296 50       		.byte	0x50
 702 0297 01       		.uleb128 0x1
 703 0298 31       		.byte	0x31
 704 0299 00       		.byte	0
 705 029a 0D       		.uleb128 0xd
 706 029b 92000000 		.4byte	.LVL21
 707 029f 41010000 		.4byte	0x141
 708 02a3 11       		.uleb128 0x11
 709 02a4 98000000 		.4byte	.LVL22
 710 02a8 32030000 		.4byte	0x332
 711 02ac 10       		.uleb128 0x10
 712 02ad 01       		.uleb128 0x1
 713 02ae 50       		.byte	0x50
 714 02af 02       		.uleb128 0x2
 715 02b0 75       		.byte	0x75
 716 02b1 00       		.sleb128 0
 717 02b2 00       		.byte	0
 718 02b3 00       		.byte	0
 719 02b4 12       		.uleb128 0x12
 720 02b5 4B000000 		.4byte	.LASF30
 721 02b9 01       		.byte	0x1
 722 02ba 22       		.byte	0x22
 723 02bb 14010000 		.4byte	0x114
 724 02bf 05       		.uleb128 0x5
 725 02c0 03       		.byte	0x3
 726 02c1 00000000 		.4byte	USB_backup
 727 02c5 13       		.uleb128 0x13
 728 02c6 0E000000 		.4byte	.LASF31
 729 02ca 05       		.byte	0x5
 730 02cb 4E02     		.2byte	0x24e
 731 02cd C3000000 		.4byte	0xc3
 732 02d1 13       		.uleb128 0x13
 733 02d2 4D010000 		.4byte	.LASF32
 734 02d6 06       		.byte	0x6
 735 02d7 2A06     		.2byte	0x62a
 736 02d9 DD020000 		.4byte	0x2dd
 737 02dd 06       		.uleb128 0x6
 738 02de 76000000 		.4byte	0x76
 739 02e2 14       		.uleb128 0x14
 740 02e3 81000000 		.4byte	0x81
 741 02e7 FE020000 		.4byte	0x2fe
 742 02eb 15       		.uleb128 0x15
 743 02ec EC000000 		.4byte	0xec
 744 02f0 8F       		.byte	0x8f
 745 02f1 15       		.uleb128 0x15
 746 02f2 EC000000 		.4byte	0xec
 747 02f6 57       		.byte	0x57
 748 02f7 15       		.uleb128 0x15
 749 02f8 EC000000 		.4byte	0xec
 750 02fc 03       		.byte	0x3
 751 02fd 00       		.byte	0
 752 02fe 16       		.uleb128 0x16
 753 02ff 56000000 		.4byte	.LASF33
 754 0303 07       		.byte	0x7
ARM GAS  C:\Users\Nick\AppData\Local\Temp\ccdGNPHr.s 			page 19


 755 0304 08       		.byte	0x8
 756 0305 E2020000 		.4byte	0x2e2
 757 0309 05       		.uleb128 0x5
 758 030a 03       		.byte	0x3
 759 030b 00000000 		.4byte	Camera_framebuffer
 760 030f 17       		.uleb128 0x17
 761 0310 77000000 		.4byte	.LASF40
 762 0314 09       		.byte	0x9
 763 0315 67       		.byte	0x67
 764 0316 18       		.uleb128 0x18
 765 0317 BC010000 		.4byte	.LASF41
 766 031b 08       		.byte	0x8
 767 031c 7E       		.byte	0x7e
 768 031d 81000000 		.4byte	0x81
 769 0321 19       		.uleb128 0x19
 770 0322 AB010000 		.4byte	.LASF34
 771 0326 08       		.byte	0x8
 772 0327 78       		.byte	0x78
 773 0328 32030000 		.4byte	0x332
 774 032c 1A       		.uleb128 0x1a
 775 032d 8C000000 		.4byte	0x8c
 776 0331 00       		.byte	0
 777 0332 19       		.uleb128 0x19
 778 0333 6B020000 		.4byte	.LASF35
 779 0337 08       		.byte	0x8
 780 0338 7F       		.byte	0x7f
 781 0339 43030000 		.4byte	0x343
 782 033d 1A       		.uleb128 0x1a
 783 033e 81000000 		.4byte	0x81
 784 0342 00       		.byte	0
 785 0343 1B       		.uleb128 0x1b
 786 0344 26000000 		.4byte	.LASF42
 787 0348 08       		.byte	0x8
 788 0349 89       		.byte	0x89
 789 034a D9000000 		.4byte	0xd9
 790 034e 5D030000 		.4byte	0x35d
 791 0352 1A       		.uleb128 0x1a
 792 0353 81000000 		.4byte	0x81
 793 0357 1A       		.uleb128 0x1a
 794 0358 D9000000 		.4byte	0xd9
 795 035c 00       		.byte	0
 796 035d 19       		.uleb128 0x19
 797 035e F7010000 		.4byte	.LASF36
 798 0362 08       		.byte	0x8
 799 0363 8C       		.byte	0x8c
 800 0364 73030000 		.4byte	0x373
 801 0368 1A       		.uleb128 0x1a
 802 0369 81000000 		.4byte	0x81
 803 036d 1A       		.uleb128 0x1a
 804 036e 81000000 		.4byte	0x81
 805 0372 00       		.byte	0
 806 0373 1C       		.uleb128 0x1c
 807 0374 00000000 		.4byte	.LASF43
 808 0378 08       		.byte	0x8
 809 0379 7A       		.byte	0x7a
 810 037a 1A       		.uleb128 0x1a
 811 037b 97000000 		.4byte	0x97
ARM GAS  C:\Users\Nick\AppData\Local\Temp\ccdGNPHr.s 			page 20


 812 037f 00       		.byte	0
 813 0380 00       		.byte	0
 814              		.section	.debug_abbrev,"",%progbits
 815              	.Ldebug_abbrev0:
 816 0000 01       		.uleb128 0x1
 817 0001 11       		.uleb128 0x11
 818 0002 01       		.byte	0x1
 819 0003 25       		.uleb128 0x25
 820 0004 0E       		.uleb128 0xe
 821 0005 13       		.uleb128 0x13
 822 0006 0B       		.uleb128 0xb
 823 0007 03       		.uleb128 0x3
 824 0008 0E       		.uleb128 0xe
 825 0009 1B       		.uleb128 0x1b
 826 000a 0E       		.uleb128 0xe
 827 000b 55       		.uleb128 0x55
 828 000c 17       		.uleb128 0x17
 829 000d 11       		.uleb128 0x11
 830 000e 01       		.uleb128 0x1
 831 000f 10       		.uleb128 0x10
 832 0010 17       		.uleb128 0x17
 833 0011 00       		.byte	0
 834 0012 00       		.byte	0
 835 0013 02       		.uleb128 0x2
 836 0014 24       		.uleb128 0x24
 837 0015 00       		.byte	0
 838 0016 0B       		.uleb128 0xb
 839 0017 0B       		.uleb128 0xb
 840 0018 3E       		.uleb128 0x3e
 841 0019 0B       		.uleb128 0xb
 842 001a 03       		.uleb128 0x3
 843 001b 0E       		.uleb128 0xe
 844 001c 00       		.byte	0
 845 001d 00       		.byte	0
 846 001e 03       		.uleb128 0x3
 847 001f 16       		.uleb128 0x16
 848 0020 00       		.byte	0
 849 0021 03       		.uleb128 0x3
 850 0022 0E       		.uleb128 0xe
 851 0023 3A       		.uleb128 0x3a
 852 0024 0B       		.uleb128 0xb
 853 0025 3B       		.uleb128 0x3b
 854 0026 0B       		.uleb128 0xb
 855 0027 49       		.uleb128 0x49
 856 0028 13       		.uleb128 0x13
 857 0029 00       		.byte	0
 858 002a 00       		.byte	0
 859 002b 04       		.uleb128 0x4
 860 002c 24       		.uleb128 0x24
 861 002d 00       		.byte	0
 862 002e 0B       		.uleb128 0xb
 863 002f 0B       		.uleb128 0xb
 864 0030 3E       		.uleb128 0x3e
 865 0031 0B       		.uleb128 0xb
 866 0032 03       		.uleb128 0x3
 867 0033 08       		.uleb128 0x8
 868 0034 00       		.byte	0
ARM GAS  C:\Users\Nick\AppData\Local\Temp\ccdGNPHr.s 			page 21


 869 0035 00       		.byte	0
 870 0036 05       		.uleb128 0x5
 871 0037 16       		.uleb128 0x16
 872 0038 00       		.byte	0
 873 0039 03       		.uleb128 0x3
 874 003a 0E       		.uleb128 0xe
 875 003b 3A       		.uleb128 0x3a
 876 003c 0B       		.uleb128 0xb
 877 003d 3B       		.uleb128 0x3b
 878 003e 05       		.uleb128 0x5
 879 003f 49       		.uleb128 0x49
 880 0040 13       		.uleb128 0x13
 881 0041 00       		.byte	0
 882 0042 00       		.byte	0
 883 0043 06       		.uleb128 0x6
 884 0044 35       		.uleb128 0x35
 885 0045 00       		.byte	0
 886 0046 49       		.uleb128 0x49
 887 0047 13       		.uleb128 0x13
 888 0048 00       		.byte	0
 889 0049 00       		.byte	0
 890 004a 07       		.uleb128 0x7
 891 004b 0F       		.uleb128 0xf
 892 004c 00       		.byte	0
 893 004d 0B       		.uleb128 0xb
 894 004e 0B       		.uleb128 0xb
 895 004f 49       		.uleb128 0x49
 896 0050 13       		.uleb128 0x13
 897 0051 00       		.byte	0
 898 0052 00       		.byte	0
 899 0053 08       		.uleb128 0x8
 900 0054 15       		.uleb128 0x15
 901 0055 00       		.byte	0
 902 0056 27       		.uleb128 0x27
 903 0057 19       		.uleb128 0x19
 904 0058 00       		.byte	0
 905 0059 00       		.byte	0
 906 005a 09       		.uleb128 0x9
 907 005b 13       		.uleb128 0x13
 908 005c 01       		.byte	0x1
 909 005d 0B       		.uleb128 0xb
 910 005e 0B       		.uleb128 0xb
 911 005f 3A       		.uleb128 0x3a
 912 0060 0B       		.uleb128 0xb
 913 0061 3B       		.uleb128 0x3b
 914 0062 0B       		.uleb128 0xb
 915 0063 01       		.uleb128 0x1
 916 0064 13       		.uleb128 0x13
 917 0065 00       		.byte	0
 918 0066 00       		.byte	0
 919 0067 0A       		.uleb128 0xa
 920 0068 0D       		.uleb128 0xd
 921 0069 00       		.byte	0
 922 006a 03       		.uleb128 0x3
 923 006b 0E       		.uleb128 0xe
 924 006c 3A       		.uleb128 0x3a
 925 006d 0B       		.uleb128 0xb
ARM GAS  C:\Users\Nick\AppData\Local\Temp\ccdGNPHr.s 			page 22


 926 006e 3B       		.uleb128 0x3b
 927 006f 0B       		.uleb128 0xb
 928 0070 49       		.uleb128 0x49
 929 0071 13       		.uleb128 0x13
 930 0072 38       		.uleb128 0x38
 931 0073 0B       		.uleb128 0xb
 932 0074 00       		.byte	0
 933 0075 00       		.byte	0
 934 0076 0B       		.uleb128 0xb
 935 0077 2E       		.uleb128 0x2e
 936 0078 00       		.byte	0
 937 0079 3F       		.uleb128 0x3f
 938 007a 19       		.uleb128 0x19
 939 007b 03       		.uleb128 0x3
 940 007c 0E       		.uleb128 0xe
 941 007d 3A       		.uleb128 0x3a
 942 007e 0B       		.uleb128 0xb
 943 007f 3B       		.uleb128 0x3b
 944 0080 0B       		.uleb128 0xb
 945 0081 27       		.uleb128 0x27
 946 0082 19       		.uleb128 0x19
 947 0083 11       		.uleb128 0x11
 948 0084 01       		.uleb128 0x1
 949 0085 12       		.uleb128 0x12
 950 0086 06       		.uleb128 0x6
 951 0087 40       		.uleb128 0x40
 952 0088 18       		.uleb128 0x18
 953 0089 9742     		.uleb128 0x2117
 954 008b 19       		.uleb128 0x19
 955 008c 00       		.byte	0
 956 008d 00       		.byte	0
 957 008e 0C       		.uleb128 0xc
 958 008f 2E       		.uleb128 0x2e
 959 0090 01       		.byte	0x1
 960 0091 3F       		.uleb128 0x3f
 961 0092 19       		.uleb128 0x19
 962 0093 03       		.uleb128 0x3
 963 0094 0E       		.uleb128 0xe
 964 0095 3A       		.uleb128 0x3a
 965 0096 0B       		.uleb128 0xb
 966 0097 3B       		.uleb128 0x3b
 967 0098 0B       		.uleb128 0xb
 968 0099 27       		.uleb128 0x27
 969 009a 19       		.uleb128 0x19
 970 009b 11       		.uleb128 0x11
 971 009c 01       		.uleb128 0x1
 972 009d 12       		.uleb128 0x12
 973 009e 06       		.uleb128 0x6
 974 009f 40       		.uleb128 0x40
 975 00a0 18       		.uleb128 0x18
 976 00a1 9742     		.uleb128 0x2117
 977 00a3 19       		.uleb128 0x19
 978 00a4 01       		.uleb128 0x1
 979 00a5 13       		.uleb128 0x13
 980 00a6 00       		.byte	0
 981 00a7 00       		.byte	0
 982 00a8 0D       		.uleb128 0xd
ARM GAS  C:\Users\Nick\AppData\Local\Temp\ccdGNPHr.s 			page 23


 983 00a9 898201   		.uleb128 0x4109
 984 00ac 00       		.byte	0
 985 00ad 11       		.uleb128 0x11
 986 00ae 01       		.uleb128 0x1
 987 00af 31       		.uleb128 0x31
 988 00b0 13       		.uleb128 0x13
 989 00b1 00       		.byte	0
 990 00b2 00       		.byte	0
 991 00b3 0E       		.uleb128 0xe
 992 00b4 34       		.uleb128 0x34
 993 00b5 00       		.byte	0
 994 00b6 03       		.uleb128 0x3
 995 00b7 0E       		.uleb128 0xe
 996 00b8 3A       		.uleb128 0x3a
 997 00b9 0B       		.uleb128 0xb
 998 00ba 3B       		.uleb128 0x3b
 999 00bb 0B       		.uleb128 0xb
 1000 00bc 49       		.uleb128 0x49
 1001 00bd 13       		.uleb128 0x13
 1002 00be 02       		.uleb128 0x2
 1003 00bf 17       		.uleb128 0x17
 1004 00c0 00       		.byte	0
 1005 00c1 00       		.byte	0
 1006 00c2 0F       		.uleb128 0xf
 1007 00c3 898201   		.uleb128 0x4109
 1008 00c6 01       		.byte	0x1
 1009 00c7 11       		.uleb128 0x11
 1010 00c8 01       		.uleb128 0x1
 1011 00c9 31       		.uleb128 0x31
 1012 00ca 13       		.uleb128 0x13
 1013 00cb 01       		.uleb128 0x1
 1014 00cc 13       		.uleb128 0x13
 1015 00cd 00       		.byte	0
 1016 00ce 00       		.byte	0
 1017 00cf 10       		.uleb128 0x10
 1018 00d0 8A8201   		.uleb128 0x410a
 1019 00d3 00       		.byte	0
 1020 00d4 02       		.uleb128 0x2
 1021 00d5 18       		.uleb128 0x18
 1022 00d6 9142     		.uleb128 0x2111
 1023 00d8 18       		.uleb128 0x18
 1024 00d9 00       		.byte	0
 1025 00da 00       		.byte	0
 1026 00db 11       		.uleb128 0x11
 1027 00dc 898201   		.uleb128 0x4109
 1028 00df 01       		.byte	0x1
 1029 00e0 11       		.uleb128 0x11
 1030 00e1 01       		.uleb128 0x1
 1031 00e2 31       		.uleb128 0x31
 1032 00e3 13       		.uleb128 0x13
 1033 00e4 00       		.byte	0
 1034 00e5 00       		.byte	0
 1035 00e6 12       		.uleb128 0x12
 1036 00e7 34       		.uleb128 0x34
 1037 00e8 00       		.byte	0
 1038 00e9 03       		.uleb128 0x3
 1039 00ea 0E       		.uleb128 0xe
ARM GAS  C:\Users\Nick\AppData\Local\Temp\ccdGNPHr.s 			page 24


 1040 00eb 3A       		.uleb128 0x3a
 1041 00ec 0B       		.uleb128 0xb
 1042 00ed 3B       		.uleb128 0x3b
 1043 00ee 0B       		.uleb128 0xb
 1044 00ef 49       		.uleb128 0x49
 1045 00f0 13       		.uleb128 0x13
 1046 00f1 02       		.uleb128 0x2
 1047 00f2 18       		.uleb128 0x18
 1048 00f3 00       		.byte	0
 1049 00f4 00       		.byte	0
 1050 00f5 13       		.uleb128 0x13
 1051 00f6 34       		.uleb128 0x34
 1052 00f7 00       		.byte	0
 1053 00f8 03       		.uleb128 0x3
 1054 00f9 0E       		.uleb128 0xe
 1055 00fa 3A       		.uleb128 0x3a
 1056 00fb 0B       		.uleb128 0xb
 1057 00fc 3B       		.uleb128 0x3b
 1058 00fd 05       		.uleb128 0x5
 1059 00fe 49       		.uleb128 0x49
 1060 00ff 13       		.uleb128 0x13
 1061 0100 3F       		.uleb128 0x3f
 1062 0101 19       		.uleb128 0x19
 1063 0102 3C       		.uleb128 0x3c
 1064 0103 19       		.uleb128 0x19
 1065 0104 00       		.byte	0
 1066 0105 00       		.byte	0
 1067 0106 14       		.uleb128 0x14
 1068 0107 01       		.uleb128 0x1
 1069 0108 01       		.byte	0x1
 1070 0109 49       		.uleb128 0x49
 1071 010a 13       		.uleb128 0x13
 1072 010b 01       		.uleb128 0x1
 1073 010c 13       		.uleb128 0x13
 1074 010d 00       		.byte	0
 1075 010e 00       		.byte	0
 1076 010f 15       		.uleb128 0x15
 1077 0110 21       		.uleb128 0x21
 1078 0111 00       		.byte	0
 1079 0112 49       		.uleb128 0x49
 1080 0113 13       		.uleb128 0x13
 1081 0114 2F       		.uleb128 0x2f
 1082 0115 0B       		.uleb128 0xb
 1083 0116 00       		.byte	0
 1084 0117 00       		.byte	0
 1085 0118 16       		.uleb128 0x16
 1086 0119 34       		.uleb128 0x34
 1087 011a 00       		.byte	0
 1088 011b 03       		.uleb128 0x3
 1089 011c 0E       		.uleb128 0xe
 1090 011d 3A       		.uleb128 0x3a
 1091 011e 0B       		.uleb128 0xb
 1092 011f 3B       		.uleb128 0x3b
 1093 0120 0B       		.uleb128 0xb
 1094 0121 49       		.uleb128 0x49
 1095 0122 13       		.uleb128 0x13
 1096 0123 3F       		.uleb128 0x3f
ARM GAS  C:\Users\Nick\AppData\Local\Temp\ccdGNPHr.s 			page 25


 1097 0124 19       		.uleb128 0x19
 1098 0125 02       		.uleb128 0x2
 1099 0126 18       		.uleb128 0x18
 1100 0127 00       		.byte	0
 1101 0128 00       		.byte	0
 1102 0129 17       		.uleb128 0x17
 1103 012a 2E       		.uleb128 0x2e
 1104 012b 00       		.byte	0
 1105 012c 3F       		.uleb128 0x3f
 1106 012d 19       		.uleb128 0x19
 1107 012e 03       		.uleb128 0x3
 1108 012f 0E       		.uleb128 0xe
 1109 0130 3A       		.uleb128 0x3a
 1110 0131 0B       		.uleb128 0xb
 1111 0132 3B       		.uleb128 0x3b
 1112 0133 0B       		.uleb128 0xb
 1113 0134 27       		.uleb128 0x27
 1114 0135 19       		.uleb128 0x19
 1115 0136 3C       		.uleb128 0x3c
 1116 0137 19       		.uleb128 0x19
 1117 0138 00       		.byte	0
 1118 0139 00       		.byte	0
 1119 013a 18       		.uleb128 0x18
 1120 013b 2E       		.uleb128 0x2e
 1121 013c 00       		.byte	0
 1122 013d 3F       		.uleb128 0x3f
 1123 013e 19       		.uleb128 0x19
 1124 013f 03       		.uleb128 0x3
 1125 0140 0E       		.uleb128 0xe
 1126 0141 3A       		.uleb128 0x3a
 1127 0142 0B       		.uleb128 0xb
 1128 0143 3B       		.uleb128 0x3b
 1129 0144 0B       		.uleb128 0xb
 1130 0145 27       		.uleb128 0x27
 1131 0146 19       		.uleb128 0x19
 1132 0147 49       		.uleb128 0x49
 1133 0148 13       		.uleb128 0x13
 1134 0149 3C       		.uleb128 0x3c
 1135 014a 19       		.uleb128 0x19
 1136 014b 00       		.byte	0
 1137 014c 00       		.byte	0
 1138 014d 19       		.uleb128 0x19
 1139 014e 2E       		.uleb128 0x2e
 1140 014f 01       		.byte	0x1
 1141 0150 3F       		.uleb128 0x3f
 1142 0151 19       		.uleb128 0x19
 1143 0152 03       		.uleb128 0x3
 1144 0153 0E       		.uleb128 0xe
 1145 0154 3A       		.uleb128 0x3a
 1146 0155 0B       		.uleb128 0xb
 1147 0156 3B       		.uleb128 0x3b
 1148 0157 0B       		.uleb128 0xb
 1149 0158 27       		.uleb128 0x27
 1150 0159 19       		.uleb128 0x19
 1151 015a 3C       		.uleb128 0x3c
 1152 015b 19       		.uleb128 0x19
 1153 015c 01       		.uleb128 0x1
ARM GAS  C:\Users\Nick\AppData\Local\Temp\ccdGNPHr.s 			page 26


 1154 015d 13       		.uleb128 0x13
 1155 015e 00       		.byte	0
 1156 015f 00       		.byte	0
 1157 0160 1A       		.uleb128 0x1a
 1158 0161 05       		.uleb128 0x5
 1159 0162 00       		.byte	0
 1160 0163 49       		.uleb128 0x49
 1161 0164 13       		.uleb128 0x13
 1162 0165 00       		.byte	0
 1163 0166 00       		.byte	0
 1164 0167 1B       		.uleb128 0x1b
 1165 0168 2E       		.uleb128 0x2e
 1166 0169 01       		.byte	0x1
 1167 016a 3F       		.uleb128 0x3f
 1168 016b 19       		.uleb128 0x19
 1169 016c 03       		.uleb128 0x3
 1170 016d 0E       		.uleb128 0xe
 1171 016e 3A       		.uleb128 0x3a
 1172 016f 0B       		.uleb128 0xb
 1173 0170 3B       		.uleb128 0x3b
 1174 0171 0B       		.uleb128 0xb
 1175 0172 27       		.uleb128 0x27
 1176 0173 19       		.uleb128 0x19
 1177 0174 49       		.uleb128 0x49
 1178 0175 13       		.uleb128 0x13
 1179 0176 3C       		.uleb128 0x3c
 1180 0177 19       		.uleb128 0x19
 1181 0178 01       		.uleb128 0x1
 1182 0179 13       		.uleb128 0x13
 1183 017a 00       		.byte	0
 1184 017b 00       		.byte	0
 1185 017c 1C       		.uleb128 0x1c
 1186 017d 2E       		.uleb128 0x2e
 1187 017e 01       		.byte	0x1
 1188 017f 3F       		.uleb128 0x3f
 1189 0180 19       		.uleb128 0x19
 1190 0181 03       		.uleb128 0x3
 1191 0182 0E       		.uleb128 0xe
 1192 0183 3A       		.uleb128 0x3a
 1193 0184 0B       		.uleb128 0xb
 1194 0185 3B       		.uleb128 0x3b
 1195 0186 0B       		.uleb128 0xb
 1196 0187 27       		.uleb128 0x27
 1197 0188 19       		.uleb128 0x19
 1198 0189 3C       		.uleb128 0x3c
 1199 018a 19       		.uleb128 0x19
 1200 018b 00       		.byte	0
 1201 018c 00       		.byte	0
 1202 018d 00       		.byte	0
 1203              		.section	.debug_loc,"",%progbits
 1204              	.Ldebug_loc0:
 1205              	.LLST0:
 1206 0000 08000000 		.4byte	.LVL2
 1207 0004 24000000 		.4byte	.LVL3
 1208 0008 0100     		.2byte	0x1
 1209 000a 50       		.byte	0x50
 1210 000b 24000000 		.4byte	.LVL3
ARM GAS  C:\Users\Nick\AppData\Local\Temp\ccdGNPHr.s 			page 27


 1211 000f 8A000000 		.4byte	.LVL8
 1212 0013 0100     		.2byte	0x1
 1213 0015 54       		.byte	0x54
 1214 0016 8A000000 		.4byte	.LVL8
 1215 001a 90000000 		.4byte	.LVL9
 1216 001e 0100     		.2byte	0x1
 1217 0020 50       		.byte	0x50
 1218 0021 90000000 		.4byte	.LVL9
 1219 0025 B6000000 		.4byte	.LVL13
 1220 0029 0100     		.2byte	0x1
 1221 002b 54       		.byte	0x54
 1222 002c 00000000 		.4byte	0
 1223 0030 00000000 		.4byte	0
 1224              	.LLST1:
 1225 0034 08000000 		.4byte	.LVL15
 1226 0038 46000000 		.4byte	.LVL16
 1227 003c 0100     		.2byte	0x1
 1228 003e 50       		.byte	0x50
 1229 003f 46000000 		.4byte	.LVL16
 1230 0043 9A000000 		.4byte	.LVL23
 1231 0047 0100     		.2byte	0x1
 1232 0049 55       		.byte	0x55
 1233 004a 00000000 		.4byte	0
 1234 004e 00000000 		.4byte	0
 1235              		.section	.debug_aranges,"",%progbits
 1236 0000 3C000000 		.4byte	0x3c
 1237 0004 0200     		.2byte	0x2
 1238 0006 00000000 		.4byte	.Ldebug_info0
 1239 000a 04       		.byte	0x4
 1240 000b 00       		.byte	0
 1241 000c 0000     		.2byte	0
 1242 000e 0000     		.2byte	0
 1243 0010 00000000 		.4byte	.LFB63
 1244 0014 0C000000 		.4byte	.LFE63-.LFB63
 1245 0018 00000000 		.4byte	.LFB64
 1246 001c 02000000 		.4byte	.LFE64-.LFB64
 1247 0020 00000000 		.4byte	.LFB65
 1248 0024 18000000 		.4byte	.LFE65-.LFB65
 1249 0028 00000000 		.4byte	.LFB66
 1250 002c D8000000 		.4byte	.LFE66-.LFB66
 1251 0030 00000000 		.4byte	.LFB67
 1252 0034 B8000000 		.4byte	.LFE67-.LFB67
 1253 0038 00000000 		.4byte	0
 1254 003c 00000000 		.4byte	0
 1255              		.section	.debug_ranges,"",%progbits
 1256              	.Ldebug_ranges0:
 1257 0000 00000000 		.4byte	.LFB63
 1258 0004 0C000000 		.4byte	.LFE63
 1259 0008 00000000 		.4byte	.LFB64
 1260 000c 02000000 		.4byte	.LFE64
 1261 0010 00000000 		.4byte	.LFB65
 1262 0014 18000000 		.4byte	.LFE65
 1263 0018 00000000 		.4byte	.LFB66
 1264 001c D8000000 		.4byte	.LFE66
 1265 0020 00000000 		.4byte	.LFB67
 1266 0024 B8000000 		.4byte	.LFE67
 1267 0028 00000000 		.4byte	0
ARM GAS  C:\Users\Nick\AppData\Local\Temp\ccdGNPHr.s 			page 28


 1268 002c 00000000 		.4byte	0
 1269              		.section	.debug_line,"",%progbits
 1270              	.Ldebug_line0:
 1271 0000 13020000 		.section	.debug_str,"MS",%progbits,1
 1271      02008F01 
 1271      00000201 
 1271      FB0E0D00 
 1271      01010101 
 1272              	.LASF43:
 1273 0000 43794465 		.ascii	"CyDelayCycles\000"
 1273      6C617943 
 1273      79636C65 
 1273      7300
 1274              	.LASF31:
 1275 000e 5553425F 		.ascii	"USB_configuration\000"
 1275      636F6E66 
 1275      69677572 
 1275      6174696F 
 1275      6E00
 1276              	.LASF18:
 1277 0020 72656733 		.ascii	"reg32\000"
 1277      3200
 1278              	.LASF42:
 1279 0026 4379496E 		.ascii	"CyIntSetVector\000"
 1279      74536574 
 1279      56656374 
 1279      6F7200
 1280              	.LASF9:
 1281 0035 5F5F696E 		.ascii	"__int32_t\000"
 1281      7433325F 
 1281      7400
 1282              	.LASF27:
 1283 003f 5553425F 		.ascii	"USB_Suspend\000"
 1283      53757370 
 1283      656E6400 
 1284              	.LASF30:
 1285 004b 5553425F 		.ascii	"USB_backup\000"
 1285      6261636B 
 1285      757000
 1286              	.LASF33:
 1287 0056 43616D65 		.ascii	"Camera_framebuffer\000"
 1287      72615F66 
 1287      72616D65 
 1287      62756666 
 1287      657200
 1288              	.LASF10:
 1289 0069 696E7433 		.ascii	"int32_t\000"
 1289      325F7400 
 1290              	.LASF14:
 1291 0071 666C6F61 		.ascii	"float\000"
 1291      7400
 1292              	.LASF40:
 1293 0077 5553425F 		.ascii	"USB_ConfigReg\000"
 1293      436F6E66 
 1293      69675265 
 1293      6700
 1294              	.LASF17:
ARM GAS  C:\Users\Nick\AppData\Local\Temp\ccdGNPHr.s 			page 29


 1295 0085 72656738 		.ascii	"reg8\000"
 1295      00
 1296              	.LASF5:
 1297 008a 6C6F6E67 		.ascii	"long unsigned int\000"
 1297      20756E73 
 1297      69676E65 
 1297      6420696E 
 1297      7400
 1298              	.LASF37:
 1299 009c 474E5520 		.ascii	"GNU C 4.8.4 20140526 (release) [ARM/embedded-4_8-br"
 1299      4320342E 
 1299      382E3420 
 1299      32303134 
 1299      30353236 
 1300 00cf 616E6368 		.ascii	"anch revision 211358] -mcpu=cortex-m3 -mthumb -g -O"
 1300      20726576 
 1300      6973696F 
 1300      6E203231 
 1300      31333538 
 1301 0102 67202D66 		.ascii	"g -ffunction-sections\000"
 1301      66756E63 
 1301      74696F6E 
 1301      2D736563 
 1301      74696F6E 
 1302              	.LASF3:
 1303 0118 73686F72 		.ascii	"short unsigned int\000"
 1303      7420756E 
 1303      7369676E 
 1303      65642069 
 1303      6E7400
 1304              	.LASF38:
 1305 012b 2E5C4765 		.ascii	".\\Generated_Source\\PSoC5\\USB_pm.c\000"
 1305      6E657261 
 1305      7465645F 
 1305      536F7572 
 1305      63655C50 
 1306              	.LASF32:
 1307 014d 49544D5F 		.ascii	"ITM_RxBuffer\000"
 1307      52784275 
 1307      66666572 
 1307      00
 1308              	.LASF29:
 1309 015a 656E6162 		.ascii	"enableInterrupts\000"
 1309      6C65496E 
 1309      74657272 
 1309      75707473 
 1309      00
 1310              	.LASF1:
 1311 016b 756E7369 		.ascii	"unsigned char\000"
 1311      676E6564 
 1311      20636861 
 1311      7200
 1312              	.LASF23:
 1313 0179 5553425F 		.ascii	"USB_BACKUP_STRUCT\000"
 1313      4241434B 
 1313      55505F53 
 1313      54525543 
ARM GAS  C:\Users\Nick\AppData\Local\Temp\ccdGNPHr.s 			page 30


 1313      5400
 1314              	.LASF15:
 1315 018b 646F7562 		.ascii	"double\000"
 1315      6C6500
 1316              	.LASF12:
 1317 0192 75696E74 		.ascii	"uint16\000"
 1317      313600
 1318              	.LASF26:
 1319 0199 5553425F 		.ascii	"USB_RestoreConfig\000"
 1319      52657374 
 1319      6F726543 
 1319      6F6E6669 
 1319      6700
 1320              	.LASF34:
 1321 01ab 43794465 		.ascii	"CyDelayUs\000"
 1321      6C617955 
 1321      7300
 1322              	.LASF13:
 1323 01b5 75696E74 		.ascii	"uint32\000"
 1323      333200
 1324              	.LASF41:
 1325 01bc 4379456E 		.ascii	"CyEnterCriticalSection\000"
 1325      74657243 
 1325      72697469 
 1325      63616C53 
 1325      65637469 
 1326              	.LASF8:
 1327 01d3 756E7369 		.ascii	"unsigned int\000"
 1327      676E6564 
 1327      20696E74 
 1327      00
 1328              	.LASF7:
 1329 01e0 6C6F6E67 		.ascii	"long long unsigned int\000"
 1329      206C6F6E 
 1329      6720756E 
 1329      7369676E 
 1329      65642069 
 1330              	.LASF36:
 1331 01f7 4379496E 		.ascii	"CyIntSetPriority\000"
 1331      74536574 
 1331      5072696F 
 1331      72697479 
 1331      00
 1332              	.LASF22:
 1333 0208 6D6F6465 		.ascii	"mode\000"
 1333      00
 1334              	.LASF28:
 1335 020d 5553425F 		.ascii	"USB_Resume\000"
 1335      52657375 
 1335      6D6500
 1336              	.LASF19:
 1337 0218 63796973 		.ascii	"cyisraddress\000"
 1337      72616464 
 1337      72657373 
 1337      00
 1338              	.LASF25:
 1339 0225 5553425F 		.ascii	"USB_SaveConfig\000"
ARM GAS  C:\Users\Nick\AppData\Local\Temp\ccdGNPHr.s 			page 31


 1339      53617665 
 1339      436F6E66 
 1339      696700
 1340              	.LASF24:
 1341 0234 5553425F 		.ascii	"USB_DP_ISR\000"
 1341      44505F49 
 1341      535200
 1342              	.LASF20:
 1343 023f 73697A65 		.ascii	"sizetype\000"
 1343      74797065 
 1343      00
 1344              	.LASF6:
 1345 0248 6C6F6E67 		.ascii	"long long int\000"
 1345      206C6F6E 
 1345      6720696E 
 1345      7400
 1346              	.LASF16:
 1347 0256 63686172 		.ascii	"char\000"
 1347      00
 1348              	.LASF2:
 1349 025b 73686F72 		.ascii	"short int\000"
 1349      7420696E 
 1349      7400
 1350              	.LASF11:
 1351 0265 75696E74 		.ascii	"uint8\000"
 1351      3800
 1352              	.LASF35:
 1353 026b 43794578 		.ascii	"CyExitCriticalSection\000"
 1353      69744372 
 1353      69746963 
 1353      616C5365 
 1353      6374696F 
 1354              	.LASF4:
 1355 0281 6C6F6E67 		.ascii	"long int\000"
 1355      20696E74 
 1355      00
 1356              	.LASF21:
 1357 028a 656E6162 		.ascii	"enableState\000"
 1357      6C655374 
 1357      61746500 
 1358              	.LASF0:
 1359 0296 7369676E 		.ascii	"signed char\000"
 1359      65642063 
 1359      68617200 
 1360              	.LASF39:
 1361 02a2 433A5C55 		.ascii	"C:\\Users\\Nick\\Dropbox\\Uni Docs\\y4s2\\ECE3091 -"
 1361      73657273 
 1361      5C4E6963 
 1361      6B5C4472 
 1361      6F70626F 
 1362 02cf 20456E67 		.ascii	" Engineering Design\\PSoc Creator\\eng_design_2015\\"
 1362      696E6565 
 1362      72696E67 
 1362      20446573 
 1362      69676E5C 
 1363 0300 45434533 		.ascii	"ECE3091-chickybot\\chickybot.cydsn\000"
 1363      3039312D 
ARM GAS  C:\Users\Nick\AppData\Local\Temp\ccdGNPHr.s 			page 32


 1363      63686963 
 1363      6B79626F 
 1363      745C6368 
 1364              		.ident	"GCC: (GNU Tools for ARM Embedded Processors) 4.8.4 20140526 (release) [ARM/embedded-4_8-br
