ARM GAS  C:\Users\Nick\AppData\Local\Temp\cc1Nukja.s 			page 1


   1              		.syntax unified
   2              		.cpu cortex-m3
   3              		.fpu softvfp
   4              		.eabi_attribute 20, 1
   5              		.eabi_attribute 21, 1
   6              		.eabi_attribute 23, 3
   7              		.eabi_attribute 24, 1
   8              		.eabi_attribute 25, 1
   9              		.eabi_attribute 26, 1
  10              		.eabi_attribute 30, 1
  11              		.eabi_attribute 34, 1
  12              		.eabi_attribute 18, 4
  13              		.thumb
  14              		.file	"VDAC_Elbow.c"
  15              		.text
  16              	.Ltext0:
  17              		.cfi_sections	.debug_frame
  18              		.section	.text.VDAC_Elbow_Enable,"ax",%progbits
  19              		.align	2
  20              		.global	VDAC_Elbow_Enable
  21              		.thumb
  22              		.thumb_func
  23              		.type	VDAC_Elbow_Enable, %function
  24              	VDAC_Elbow_Enable:
  25              	.LFB1:
  26              		.file 1 ".\\Generated_Source\\PSoC5\\VDAC_Elbow.c"
   1:.\Generated_Source\PSoC5/VDAC_Elbow.c **** /*******************************************************************************
   2:.\Generated_Source\PSoC5/VDAC_Elbow.c **** * File Name: VDAC_Elbow.c  
   3:.\Generated_Source\PSoC5/VDAC_Elbow.c **** * Version 1.90
   4:.\Generated_Source\PSoC5/VDAC_Elbow.c **** *
   5:.\Generated_Source\PSoC5/VDAC_Elbow.c **** * Description:
   6:.\Generated_Source\PSoC5/VDAC_Elbow.c **** *  This file provides the source code to the API for the 8-bit Voltage DAC 
   7:.\Generated_Source\PSoC5/VDAC_Elbow.c **** *  (VDAC8) User Module.
   8:.\Generated_Source\PSoC5/VDAC_Elbow.c **** *
   9:.\Generated_Source\PSoC5/VDAC_Elbow.c **** * Note:
  10:.\Generated_Source\PSoC5/VDAC_Elbow.c **** *  Any unusual or non-standard behavior should be noted here. Other-
  11:.\Generated_Source\PSoC5/VDAC_Elbow.c **** *  wise, this section should remain blank.
  12:.\Generated_Source\PSoC5/VDAC_Elbow.c **** *
  13:.\Generated_Source\PSoC5/VDAC_Elbow.c **** ********************************************************************************
  14:.\Generated_Source\PSoC5/VDAC_Elbow.c **** * Copyright 2008-2012, Cypress Semiconductor Corporation.  All rights reserved.
  15:.\Generated_Source\PSoC5/VDAC_Elbow.c **** * You may use this file only in accordance with the license, terms, conditions, 
  16:.\Generated_Source\PSoC5/VDAC_Elbow.c **** * disclaimers, and limitations in the end user license agreement accompanying 
  17:.\Generated_Source\PSoC5/VDAC_Elbow.c **** * the software package with which this file was provided.
  18:.\Generated_Source\PSoC5/VDAC_Elbow.c **** *******************************************************************************/
  19:.\Generated_Source\PSoC5/VDAC_Elbow.c **** 
  20:.\Generated_Source\PSoC5/VDAC_Elbow.c **** #include "cytypes.h"
  21:.\Generated_Source\PSoC5/VDAC_Elbow.c **** #include "VDAC_Elbow.h"
  22:.\Generated_Source\PSoC5/VDAC_Elbow.c **** 
  23:.\Generated_Source\PSoC5/VDAC_Elbow.c **** #if (CY_PSOC5A)
  24:.\Generated_Source\PSoC5/VDAC_Elbow.c **** #include <CyLib.h>
  25:.\Generated_Source\PSoC5/VDAC_Elbow.c **** #endif /* CY_PSOC5A */
  26:.\Generated_Source\PSoC5/VDAC_Elbow.c **** 
  27:.\Generated_Source\PSoC5/VDAC_Elbow.c **** uint8 VDAC_Elbow_initVar = 0u;
  28:.\Generated_Source\PSoC5/VDAC_Elbow.c **** 
  29:.\Generated_Source\PSoC5/VDAC_Elbow.c **** #if (CY_PSOC5A)
  30:.\Generated_Source\PSoC5/VDAC_Elbow.c ****     static uint8 VDAC_Elbow_restoreVal = 0u;
  31:.\Generated_Source\PSoC5/VDAC_Elbow.c **** #endif /* CY_PSOC5A */
ARM GAS  C:\Users\Nick\AppData\Local\Temp\cc1Nukja.s 			page 2


  32:.\Generated_Source\PSoC5/VDAC_Elbow.c **** 
  33:.\Generated_Source\PSoC5/VDAC_Elbow.c **** #if (CY_PSOC5A)
  34:.\Generated_Source\PSoC5/VDAC_Elbow.c ****     static VDAC_Elbow_backupStruct VDAC_Elbow_backup;
  35:.\Generated_Source\PSoC5/VDAC_Elbow.c **** #endif /* CY_PSOC5A */
  36:.\Generated_Source\PSoC5/VDAC_Elbow.c **** 
  37:.\Generated_Source\PSoC5/VDAC_Elbow.c **** 
  38:.\Generated_Source\PSoC5/VDAC_Elbow.c **** /*******************************************************************************
  39:.\Generated_Source\PSoC5/VDAC_Elbow.c **** * Function Name: VDAC_Elbow_Init
  40:.\Generated_Source\PSoC5/VDAC_Elbow.c **** ********************************************************************************
  41:.\Generated_Source\PSoC5/VDAC_Elbow.c **** * Summary:
  42:.\Generated_Source\PSoC5/VDAC_Elbow.c **** *  Initialize to the schematic state.
  43:.\Generated_Source\PSoC5/VDAC_Elbow.c **** * 
  44:.\Generated_Source\PSoC5/VDAC_Elbow.c **** * Parameters:
  45:.\Generated_Source\PSoC5/VDAC_Elbow.c **** *  void:
  46:.\Generated_Source\PSoC5/VDAC_Elbow.c **** *
  47:.\Generated_Source\PSoC5/VDAC_Elbow.c **** * Return:
  48:.\Generated_Source\PSoC5/VDAC_Elbow.c **** *  void
  49:.\Generated_Source\PSoC5/VDAC_Elbow.c **** *
  50:.\Generated_Source\PSoC5/VDAC_Elbow.c **** * Theory:
  51:.\Generated_Source\PSoC5/VDAC_Elbow.c **** *
  52:.\Generated_Source\PSoC5/VDAC_Elbow.c **** * Side Effects:
  53:.\Generated_Source\PSoC5/VDAC_Elbow.c **** *
  54:.\Generated_Source\PSoC5/VDAC_Elbow.c **** *******************************************************************************/
  55:.\Generated_Source\PSoC5/VDAC_Elbow.c **** void VDAC_Elbow_Init(void) 
  56:.\Generated_Source\PSoC5/VDAC_Elbow.c **** {
  57:.\Generated_Source\PSoC5/VDAC_Elbow.c ****     VDAC_Elbow_CR0 = (VDAC_Elbow_MODE_V );
  58:.\Generated_Source\PSoC5/VDAC_Elbow.c **** 
  59:.\Generated_Source\PSoC5/VDAC_Elbow.c ****     /* Set default data source */
  60:.\Generated_Source\PSoC5/VDAC_Elbow.c ****     #if(VDAC_Elbow_DEFAULT_DATA_SRC != 0 )
  61:.\Generated_Source\PSoC5/VDAC_Elbow.c ****         VDAC_Elbow_CR1 = (VDAC_Elbow_DEFAULT_CNTL | VDAC_Elbow_DACBUS_ENABLE) ;
  62:.\Generated_Source\PSoC5/VDAC_Elbow.c ****     #else
  63:.\Generated_Source\PSoC5/VDAC_Elbow.c ****         VDAC_Elbow_CR1 = (VDAC_Elbow_DEFAULT_CNTL | VDAC_Elbow_DACBUS_DISABLE) ;
  64:.\Generated_Source\PSoC5/VDAC_Elbow.c ****     #endif /* (VDAC_Elbow_DEFAULT_DATA_SRC != 0 ) */
  65:.\Generated_Source\PSoC5/VDAC_Elbow.c **** 
  66:.\Generated_Source\PSoC5/VDAC_Elbow.c ****     /* Set default strobe mode */
  67:.\Generated_Source\PSoC5/VDAC_Elbow.c ****     #if(VDAC_Elbow_DEFAULT_STRB != 0)
  68:.\Generated_Source\PSoC5/VDAC_Elbow.c ****         VDAC_Elbow_Strobe |= VDAC_Elbow_STRB_EN ;
  69:.\Generated_Source\PSoC5/VDAC_Elbow.c ****     #endif/* (VDAC_Elbow_DEFAULT_STRB != 0) */
  70:.\Generated_Source\PSoC5/VDAC_Elbow.c **** 
  71:.\Generated_Source\PSoC5/VDAC_Elbow.c ****     /* Set default range */
  72:.\Generated_Source\PSoC5/VDAC_Elbow.c ****     VDAC_Elbow_SetRange(VDAC_Elbow_DEFAULT_RANGE); 
  73:.\Generated_Source\PSoC5/VDAC_Elbow.c **** 
  74:.\Generated_Source\PSoC5/VDAC_Elbow.c ****     /* Set default speed */
  75:.\Generated_Source\PSoC5/VDAC_Elbow.c ****     VDAC_Elbow_SetSpeed(VDAC_Elbow_DEFAULT_SPEED);
  76:.\Generated_Source\PSoC5/VDAC_Elbow.c **** }
  77:.\Generated_Source\PSoC5/VDAC_Elbow.c **** 
  78:.\Generated_Source\PSoC5/VDAC_Elbow.c **** 
  79:.\Generated_Source\PSoC5/VDAC_Elbow.c **** /*******************************************************************************
  80:.\Generated_Source\PSoC5/VDAC_Elbow.c **** * Function Name: VDAC_Elbow_Enable
  81:.\Generated_Source\PSoC5/VDAC_Elbow.c **** ********************************************************************************
  82:.\Generated_Source\PSoC5/VDAC_Elbow.c **** * Summary:
  83:.\Generated_Source\PSoC5/VDAC_Elbow.c **** *  Enable the VDAC8
  84:.\Generated_Source\PSoC5/VDAC_Elbow.c **** * 
  85:.\Generated_Source\PSoC5/VDAC_Elbow.c **** * Parameters:
  86:.\Generated_Source\PSoC5/VDAC_Elbow.c **** *  void
  87:.\Generated_Source\PSoC5/VDAC_Elbow.c **** *
  88:.\Generated_Source\PSoC5/VDAC_Elbow.c **** * Return:
ARM GAS  C:\Users\Nick\AppData\Local\Temp\cc1Nukja.s 			page 3


  89:.\Generated_Source\PSoC5/VDAC_Elbow.c **** *  void
  90:.\Generated_Source\PSoC5/VDAC_Elbow.c **** *
  91:.\Generated_Source\PSoC5/VDAC_Elbow.c **** * Theory:
  92:.\Generated_Source\PSoC5/VDAC_Elbow.c **** *
  93:.\Generated_Source\PSoC5/VDAC_Elbow.c **** * Side Effects:
  94:.\Generated_Source\PSoC5/VDAC_Elbow.c **** *
  95:.\Generated_Source\PSoC5/VDAC_Elbow.c **** *******************************************************************************/
  96:.\Generated_Source\PSoC5/VDAC_Elbow.c **** void VDAC_Elbow_Enable(void) 
  97:.\Generated_Source\PSoC5/VDAC_Elbow.c **** {
  27              		.loc 1 97 0
  28              		.cfi_startproc
  29              		@ args = 0, pretend = 0, frame = 0
  30              		@ frame_needed = 0, uses_anonymous_args = 0
  31              		@ link register save eliminated.
  98:.\Generated_Source\PSoC5/VDAC_Elbow.c ****     VDAC_Elbow_PWRMGR |= VDAC_Elbow_ACT_PWR_EN;
  32              		.loc 1 98 0
  33 0000 054B     		ldr	r3, .L2
  34 0002 1A78     		ldrb	r2, [r3]	@ zero_extendqisi2
  35 0004 42F00402 		orr	r2, r2, #4
  36 0008 1A70     		strb	r2, [r3]
  99:.\Generated_Source\PSoC5/VDAC_Elbow.c ****     VDAC_Elbow_STBY_PWRMGR |= VDAC_Elbow_STBY_PWR_EN;
  37              		.loc 1 99 0
  38 000a 1033     		adds	r3, r3, #16
  39 000c 1A78     		ldrb	r2, [r3]	@ zero_extendqisi2
  40 000e 42F00402 		orr	r2, r2, #4
  41 0012 1A70     		strb	r2, [r3]
  42 0014 7047     		bx	lr
  43              	.L3:
  44 0016 00BF     		.align	2
  45              	.L2:
  46 0018 A8430040 		.word	1073759144
  47              		.cfi_endproc
  48              	.LFE1:
  49              		.size	VDAC_Elbow_Enable, .-VDAC_Elbow_Enable
  50              		.section	.text.VDAC_Elbow_Stop,"ax",%progbits
  51              		.align	2
  52              		.global	VDAC_Elbow_Stop
  53              		.thumb
  54              		.thumb_func
  55              		.type	VDAC_Elbow_Stop, %function
  56              	VDAC_Elbow_Stop:
  57              	.LFB3:
 100:.\Generated_Source\PSoC5/VDAC_Elbow.c **** 
 101:.\Generated_Source\PSoC5/VDAC_Elbow.c ****     /*This is to restore the value of register CR0 ,
 102:.\Generated_Source\PSoC5/VDAC_Elbow.c ****     which is modified  in Stop API , this prevents misbehaviour of VDAC */
 103:.\Generated_Source\PSoC5/VDAC_Elbow.c ****     #if (CY_PSOC5A)
 104:.\Generated_Source\PSoC5/VDAC_Elbow.c ****         if(VDAC_Elbow_restoreVal == 1u) 
 105:.\Generated_Source\PSoC5/VDAC_Elbow.c ****         {
 106:.\Generated_Source\PSoC5/VDAC_Elbow.c ****              VDAC_Elbow_CR0 = VDAC_Elbow_backup.data_value;
 107:.\Generated_Source\PSoC5/VDAC_Elbow.c ****              VDAC_Elbow_restoreVal = 0u;
 108:.\Generated_Source\PSoC5/VDAC_Elbow.c ****         }
 109:.\Generated_Source\PSoC5/VDAC_Elbow.c ****     #endif /* CY_PSOC5A */
 110:.\Generated_Source\PSoC5/VDAC_Elbow.c **** }
 111:.\Generated_Source\PSoC5/VDAC_Elbow.c **** 
 112:.\Generated_Source\PSoC5/VDAC_Elbow.c **** 
 113:.\Generated_Source\PSoC5/VDAC_Elbow.c **** /*******************************************************************************
 114:.\Generated_Source\PSoC5/VDAC_Elbow.c **** * Function Name: VDAC_Elbow_Start
ARM GAS  C:\Users\Nick\AppData\Local\Temp\cc1Nukja.s 			page 4


 115:.\Generated_Source\PSoC5/VDAC_Elbow.c **** ********************************************************************************
 116:.\Generated_Source\PSoC5/VDAC_Elbow.c **** *
 117:.\Generated_Source\PSoC5/VDAC_Elbow.c **** * Summary:
 118:.\Generated_Source\PSoC5/VDAC_Elbow.c **** *  The start function initializes the voltage DAC with the default values, 
 119:.\Generated_Source\PSoC5/VDAC_Elbow.c **** *  and sets the power to the given level.  A power level of 0, is the same as
 120:.\Generated_Source\PSoC5/VDAC_Elbow.c **** *  executing the stop function.
 121:.\Generated_Source\PSoC5/VDAC_Elbow.c **** *
 122:.\Generated_Source\PSoC5/VDAC_Elbow.c **** * Parameters:
 123:.\Generated_Source\PSoC5/VDAC_Elbow.c **** *  Power: Sets power level between off (0) and (3) high power
 124:.\Generated_Source\PSoC5/VDAC_Elbow.c **** *
 125:.\Generated_Source\PSoC5/VDAC_Elbow.c **** * Return:
 126:.\Generated_Source\PSoC5/VDAC_Elbow.c **** *  void 
 127:.\Generated_Source\PSoC5/VDAC_Elbow.c **** *
 128:.\Generated_Source\PSoC5/VDAC_Elbow.c **** * Global variables:
 129:.\Generated_Source\PSoC5/VDAC_Elbow.c **** *  VDAC_Elbow_initVar: Is modified when this function is called for the 
 130:.\Generated_Source\PSoC5/VDAC_Elbow.c **** *  first time. Is used to ensure that initialization happens only once.
 131:.\Generated_Source\PSoC5/VDAC_Elbow.c **** *
 132:.\Generated_Source\PSoC5/VDAC_Elbow.c **** *******************************************************************************/
 133:.\Generated_Source\PSoC5/VDAC_Elbow.c **** void VDAC_Elbow_Start(void)  
 134:.\Generated_Source\PSoC5/VDAC_Elbow.c **** {
 135:.\Generated_Source\PSoC5/VDAC_Elbow.c ****     /* Hardware initiazation only needs to occure the first time */
 136:.\Generated_Source\PSoC5/VDAC_Elbow.c ****     if(VDAC_Elbow_initVar == 0u)
 137:.\Generated_Source\PSoC5/VDAC_Elbow.c ****     { 
 138:.\Generated_Source\PSoC5/VDAC_Elbow.c ****         VDAC_Elbow_Init();
 139:.\Generated_Source\PSoC5/VDAC_Elbow.c ****         VDAC_Elbow_initVar = 1u;
 140:.\Generated_Source\PSoC5/VDAC_Elbow.c ****     }
 141:.\Generated_Source\PSoC5/VDAC_Elbow.c **** 
 142:.\Generated_Source\PSoC5/VDAC_Elbow.c ****     /* Enable power to DAC */
 143:.\Generated_Source\PSoC5/VDAC_Elbow.c ****     VDAC_Elbow_Enable();
 144:.\Generated_Source\PSoC5/VDAC_Elbow.c **** 
 145:.\Generated_Source\PSoC5/VDAC_Elbow.c ****     /* Set default value */
 146:.\Generated_Source\PSoC5/VDAC_Elbow.c ****     VDAC_Elbow_SetValue(VDAC_Elbow_DEFAULT_DATA); 
 147:.\Generated_Source\PSoC5/VDAC_Elbow.c **** }
 148:.\Generated_Source\PSoC5/VDAC_Elbow.c **** 
 149:.\Generated_Source\PSoC5/VDAC_Elbow.c **** 
 150:.\Generated_Source\PSoC5/VDAC_Elbow.c **** /*******************************************************************************
 151:.\Generated_Source\PSoC5/VDAC_Elbow.c **** * Function Name: VDAC_Elbow_Stop
 152:.\Generated_Source\PSoC5/VDAC_Elbow.c **** ********************************************************************************
 153:.\Generated_Source\PSoC5/VDAC_Elbow.c **** *
 154:.\Generated_Source\PSoC5/VDAC_Elbow.c **** * Summary:
 155:.\Generated_Source\PSoC5/VDAC_Elbow.c **** *  Powers down DAC to lowest power state.
 156:.\Generated_Source\PSoC5/VDAC_Elbow.c **** *
 157:.\Generated_Source\PSoC5/VDAC_Elbow.c **** * Parameters:
 158:.\Generated_Source\PSoC5/VDAC_Elbow.c **** *  void
 159:.\Generated_Source\PSoC5/VDAC_Elbow.c **** *
 160:.\Generated_Source\PSoC5/VDAC_Elbow.c **** * Return:
 161:.\Generated_Source\PSoC5/VDAC_Elbow.c **** *  void
 162:.\Generated_Source\PSoC5/VDAC_Elbow.c **** *
 163:.\Generated_Source\PSoC5/VDAC_Elbow.c **** * Theory:
 164:.\Generated_Source\PSoC5/VDAC_Elbow.c **** *
 165:.\Generated_Source\PSoC5/VDAC_Elbow.c **** * Side Effects:
 166:.\Generated_Source\PSoC5/VDAC_Elbow.c **** *
 167:.\Generated_Source\PSoC5/VDAC_Elbow.c **** *******************************************************************************/
 168:.\Generated_Source\PSoC5/VDAC_Elbow.c **** void VDAC_Elbow_Stop(void) 
 169:.\Generated_Source\PSoC5/VDAC_Elbow.c **** {
  58              		.loc 1 169 0
  59              		.cfi_startproc
ARM GAS  C:\Users\Nick\AppData\Local\Temp\cc1Nukja.s 			page 5


  60              		@ args = 0, pretend = 0, frame = 0
  61              		@ frame_needed = 0, uses_anonymous_args = 0
  62              		@ link register save eliminated.
 170:.\Generated_Source\PSoC5/VDAC_Elbow.c ****     /* Disble power to DAC */
 171:.\Generated_Source\PSoC5/VDAC_Elbow.c ****     VDAC_Elbow_PWRMGR &= (uint8)(~VDAC_Elbow_ACT_PWR_EN);
  63              		.loc 1 171 0
  64 0000 054B     		ldr	r3, .L5
  65 0002 1A78     		ldrb	r2, [r3]	@ zero_extendqisi2
  66 0004 02F0FB02 		and	r2, r2, #251
  67 0008 1A70     		strb	r2, [r3]
 172:.\Generated_Source\PSoC5/VDAC_Elbow.c ****     VDAC_Elbow_STBY_PWRMGR &= (uint8)(~VDAC_Elbow_STBY_PWR_EN);
  68              		.loc 1 172 0
  69 000a 1033     		adds	r3, r3, #16
  70 000c 1A78     		ldrb	r2, [r3]	@ zero_extendqisi2
  71 000e 02F0FB02 		and	r2, r2, #251
  72 0012 1A70     		strb	r2, [r3]
  73 0014 7047     		bx	lr
  74              	.L6:
  75 0016 00BF     		.align	2
  76              	.L5:
  77 0018 A8430040 		.word	1073759144
  78              		.cfi_endproc
  79              	.LFE3:
  80              		.size	VDAC_Elbow_Stop, .-VDAC_Elbow_Stop
  81              		.section	.text.VDAC_Elbow_SetSpeed,"ax",%progbits
  82              		.align	2
  83              		.global	VDAC_Elbow_SetSpeed
  84              		.thumb
  85              		.thumb_func
  86              		.type	VDAC_Elbow_SetSpeed, %function
  87              	VDAC_Elbow_SetSpeed:
  88              	.LFB4:
 173:.\Generated_Source\PSoC5/VDAC_Elbow.c **** 
 174:.\Generated_Source\PSoC5/VDAC_Elbow.c ****     /* This is a work around for PSoC5A  ,
 175:.\Generated_Source\PSoC5/VDAC_Elbow.c ****     this sets VDAC to current mode with output off */
 176:.\Generated_Source\PSoC5/VDAC_Elbow.c ****     #if (CY_PSOC5A)
 177:.\Generated_Source\PSoC5/VDAC_Elbow.c ****         VDAC_Elbow_backup.data_value = VDAC_Elbow_CR0;
 178:.\Generated_Source\PSoC5/VDAC_Elbow.c ****         VDAC_Elbow_CR0 = VDAC_Elbow_CUR_MODE_OUT_OFF;
 179:.\Generated_Source\PSoC5/VDAC_Elbow.c ****         VDAC_Elbow_restoreVal = 1u;
 180:.\Generated_Source\PSoC5/VDAC_Elbow.c ****     #endif /* CY_PSOC5A */
 181:.\Generated_Source\PSoC5/VDAC_Elbow.c **** }
 182:.\Generated_Source\PSoC5/VDAC_Elbow.c **** 
 183:.\Generated_Source\PSoC5/VDAC_Elbow.c **** 
 184:.\Generated_Source\PSoC5/VDAC_Elbow.c **** /*******************************************************************************
 185:.\Generated_Source\PSoC5/VDAC_Elbow.c **** * Function Name: VDAC_Elbow_SetSpeed
 186:.\Generated_Source\PSoC5/VDAC_Elbow.c **** ********************************************************************************
 187:.\Generated_Source\PSoC5/VDAC_Elbow.c **** *
 188:.\Generated_Source\PSoC5/VDAC_Elbow.c **** * Summary:
 189:.\Generated_Source\PSoC5/VDAC_Elbow.c **** *  Set DAC speed
 190:.\Generated_Source\PSoC5/VDAC_Elbow.c **** *
 191:.\Generated_Source\PSoC5/VDAC_Elbow.c **** * Parameters:
 192:.\Generated_Source\PSoC5/VDAC_Elbow.c **** *  power: Sets speed value
 193:.\Generated_Source\PSoC5/VDAC_Elbow.c **** *
 194:.\Generated_Source\PSoC5/VDAC_Elbow.c **** * Return:
 195:.\Generated_Source\PSoC5/VDAC_Elbow.c **** *  void
 196:.\Generated_Source\PSoC5/VDAC_Elbow.c **** *
 197:.\Generated_Source\PSoC5/VDAC_Elbow.c **** * Theory:
ARM GAS  C:\Users\Nick\AppData\Local\Temp\cc1Nukja.s 			page 6


 198:.\Generated_Source\PSoC5/VDAC_Elbow.c **** *
 199:.\Generated_Source\PSoC5/VDAC_Elbow.c **** * Side Effects:
 200:.\Generated_Source\PSoC5/VDAC_Elbow.c **** *
 201:.\Generated_Source\PSoC5/VDAC_Elbow.c **** *******************************************************************************/
 202:.\Generated_Source\PSoC5/VDAC_Elbow.c **** void VDAC_Elbow_SetSpeed(uint8 speed) 
 203:.\Generated_Source\PSoC5/VDAC_Elbow.c **** {
  89              		.loc 1 203 0
  90              		.cfi_startproc
  91              		@ args = 0, pretend = 0, frame = 0
  92              		@ frame_needed = 0, uses_anonymous_args = 0
  93              		@ link register save eliminated.
  94              	.LVL0:
 204:.\Generated_Source\PSoC5/VDAC_Elbow.c ****     /* Clear power mask then write in new value */
 205:.\Generated_Source\PSoC5/VDAC_Elbow.c ****     VDAC_Elbow_CR0 &= (uint8)(~VDAC_Elbow_HS_MASK);
  95              		.loc 1 205 0
  96 0000 054B     		ldr	r3, .L8
  97 0002 1A78     		ldrb	r2, [r3]	@ zero_extendqisi2
  98 0004 02F0FD02 		and	r2, r2, #253
  99 0008 1A70     		strb	r2, [r3]
 206:.\Generated_Source\PSoC5/VDAC_Elbow.c ****     VDAC_Elbow_CR0 |=  (speed & VDAC_Elbow_HS_MASK);
 100              		.loc 1 206 0
 101 000a 1A78     		ldrb	r2, [r3]	@ zero_extendqisi2
 102 000c 00F00200 		and	r0, r0, #2
 103              	.LVL1:
 104 0010 0243     		orrs	r2, r2, r0
 105 0012 1A70     		strb	r2, [r3]
 106 0014 7047     		bx	lr
 107              	.L9:
 108 0016 00BF     		.align	2
 109              	.L8:
 110 0018 28580040 		.word	1073764392
 111              		.cfi_endproc
 112              	.LFE4:
 113              		.size	VDAC_Elbow_SetSpeed, .-VDAC_Elbow_SetSpeed
 114              		.section	.text.VDAC_Elbow_SetValue,"ax",%progbits
 115              		.align	2
 116              		.global	VDAC_Elbow_SetValue
 117              		.thumb
 118              		.thumb_func
 119              		.type	VDAC_Elbow_SetValue, %function
 120              	VDAC_Elbow_SetValue:
 121              	.LFB6:
 207:.\Generated_Source\PSoC5/VDAC_Elbow.c **** }
 208:.\Generated_Source\PSoC5/VDAC_Elbow.c **** 
 209:.\Generated_Source\PSoC5/VDAC_Elbow.c **** 
 210:.\Generated_Source\PSoC5/VDAC_Elbow.c **** /*******************************************************************************
 211:.\Generated_Source\PSoC5/VDAC_Elbow.c **** * Function Name: VDAC_Elbow_SetRange
 212:.\Generated_Source\PSoC5/VDAC_Elbow.c **** ********************************************************************************
 213:.\Generated_Source\PSoC5/VDAC_Elbow.c **** *
 214:.\Generated_Source\PSoC5/VDAC_Elbow.c **** * Summary:
 215:.\Generated_Source\PSoC5/VDAC_Elbow.c **** *  Set one of three current ranges.
 216:.\Generated_Source\PSoC5/VDAC_Elbow.c **** *
 217:.\Generated_Source\PSoC5/VDAC_Elbow.c **** * Parameters:
 218:.\Generated_Source\PSoC5/VDAC_Elbow.c **** *  Range: Sets one of Three valid ranges.
 219:.\Generated_Source\PSoC5/VDAC_Elbow.c **** *
 220:.\Generated_Source\PSoC5/VDAC_Elbow.c **** * Return:
 221:.\Generated_Source\PSoC5/VDAC_Elbow.c **** *  void 
ARM GAS  C:\Users\Nick\AppData\Local\Temp\cc1Nukja.s 			page 7


 222:.\Generated_Source\PSoC5/VDAC_Elbow.c **** *
 223:.\Generated_Source\PSoC5/VDAC_Elbow.c **** * Theory:
 224:.\Generated_Source\PSoC5/VDAC_Elbow.c **** *
 225:.\Generated_Source\PSoC5/VDAC_Elbow.c **** * Side Effects:
 226:.\Generated_Source\PSoC5/VDAC_Elbow.c **** *
 227:.\Generated_Source\PSoC5/VDAC_Elbow.c **** *******************************************************************************/
 228:.\Generated_Source\PSoC5/VDAC_Elbow.c **** void VDAC_Elbow_SetRange(uint8 range) 
 229:.\Generated_Source\PSoC5/VDAC_Elbow.c **** {
 230:.\Generated_Source\PSoC5/VDAC_Elbow.c ****     VDAC_Elbow_CR0 &= (uint8)(~VDAC_Elbow_RANGE_MASK);      /* Clear existing mode */
 231:.\Generated_Source\PSoC5/VDAC_Elbow.c ****     VDAC_Elbow_CR0 |= (range & VDAC_Elbow_RANGE_MASK);      /*  Set Range  */
 232:.\Generated_Source\PSoC5/VDAC_Elbow.c ****     VDAC_Elbow_DacTrim();
 233:.\Generated_Source\PSoC5/VDAC_Elbow.c **** }
 234:.\Generated_Source\PSoC5/VDAC_Elbow.c **** 
 235:.\Generated_Source\PSoC5/VDAC_Elbow.c **** 
 236:.\Generated_Source\PSoC5/VDAC_Elbow.c **** /*******************************************************************************
 237:.\Generated_Source\PSoC5/VDAC_Elbow.c **** * Function Name: VDAC_Elbow_SetValue
 238:.\Generated_Source\PSoC5/VDAC_Elbow.c **** ********************************************************************************
 239:.\Generated_Source\PSoC5/VDAC_Elbow.c **** *
 240:.\Generated_Source\PSoC5/VDAC_Elbow.c **** * Summary:
 241:.\Generated_Source\PSoC5/VDAC_Elbow.c **** *  Set 8-bit DAC value
 242:.\Generated_Source\PSoC5/VDAC_Elbow.c **** *
 243:.\Generated_Source\PSoC5/VDAC_Elbow.c **** * Parameters:  
 244:.\Generated_Source\PSoC5/VDAC_Elbow.c **** *  value:  Sets DAC value between 0 and 255.
 245:.\Generated_Source\PSoC5/VDAC_Elbow.c **** *
 246:.\Generated_Source\PSoC5/VDAC_Elbow.c **** * Return: 
 247:.\Generated_Source\PSoC5/VDAC_Elbow.c **** *  void 
 248:.\Generated_Source\PSoC5/VDAC_Elbow.c **** *
 249:.\Generated_Source\PSoC5/VDAC_Elbow.c **** * Theory: 
 250:.\Generated_Source\PSoC5/VDAC_Elbow.c **** *
 251:.\Generated_Source\PSoC5/VDAC_Elbow.c **** * Side Effects:
 252:.\Generated_Source\PSoC5/VDAC_Elbow.c **** *
 253:.\Generated_Source\PSoC5/VDAC_Elbow.c **** *******************************************************************************/
 254:.\Generated_Source\PSoC5/VDAC_Elbow.c **** void VDAC_Elbow_SetValue(uint8 value) 
 255:.\Generated_Source\PSoC5/VDAC_Elbow.c **** {
 122              		.loc 1 255 0
 123              		.cfi_startproc
 124              		@ args = 0, pretend = 0, frame = 0
 125              		@ frame_needed = 0, uses_anonymous_args = 0
 126              		@ link register save eliminated.
 127              	.LVL2:
 256:.\Generated_Source\PSoC5/VDAC_Elbow.c ****     #if (CY_PSOC5A)
 257:.\Generated_Source\PSoC5/VDAC_Elbow.c ****         uint8 VDAC_Elbow_intrStatus = CyEnterCriticalSection();
 258:.\Generated_Source\PSoC5/VDAC_Elbow.c ****     #endif /* CY_PSOC5A */
 259:.\Generated_Source\PSoC5/VDAC_Elbow.c **** 
 260:.\Generated_Source\PSoC5/VDAC_Elbow.c ****     VDAC_Elbow_Data = value;                /*  Set Value  */
 128              		.loc 1 260 0
 129 0000 014B     		ldr	r3, .L11
 130 0002 1870     		strb	r0, [r3]
 131 0004 7047     		bx	lr
 132              	.L12:
 133 0006 00BF     		.align	2
 134              	.L11:
 135 0008 825B0040 		.word	1073765250
 136              		.cfi_endproc
 137              	.LFE6:
 138              		.size	VDAC_Elbow_SetValue, .-VDAC_Elbow_SetValue
 139              		.section	.text.VDAC_Elbow_DacTrim,"ax",%progbits
ARM GAS  C:\Users\Nick\AppData\Local\Temp\cc1Nukja.s 			page 8


 140              		.align	2
 141              		.global	VDAC_Elbow_DacTrim
 142              		.thumb
 143              		.thumb_func
 144              		.type	VDAC_Elbow_DacTrim, %function
 145              	VDAC_Elbow_DacTrim:
 146              	.LFB7:
 261:.\Generated_Source\PSoC5/VDAC_Elbow.c **** 
 262:.\Generated_Source\PSoC5/VDAC_Elbow.c ****     /* PSOC5A requires a double write */
 263:.\Generated_Source\PSoC5/VDAC_Elbow.c ****     /* Exit Critical Section */
 264:.\Generated_Source\PSoC5/VDAC_Elbow.c ****     #if (CY_PSOC5A)
 265:.\Generated_Source\PSoC5/VDAC_Elbow.c ****         VDAC_Elbow_Data = value;
 266:.\Generated_Source\PSoC5/VDAC_Elbow.c ****         CyExitCriticalSection(VDAC_Elbow_intrStatus);
 267:.\Generated_Source\PSoC5/VDAC_Elbow.c ****     #endif /* CY_PSOC5A */
 268:.\Generated_Source\PSoC5/VDAC_Elbow.c **** }
 269:.\Generated_Source\PSoC5/VDAC_Elbow.c **** 
 270:.\Generated_Source\PSoC5/VDAC_Elbow.c **** 
 271:.\Generated_Source\PSoC5/VDAC_Elbow.c **** /*******************************************************************************
 272:.\Generated_Source\PSoC5/VDAC_Elbow.c **** * Function Name: VDAC_Elbow_DacTrim
 273:.\Generated_Source\PSoC5/VDAC_Elbow.c **** ********************************************************************************
 274:.\Generated_Source\PSoC5/VDAC_Elbow.c **** *
 275:.\Generated_Source\PSoC5/VDAC_Elbow.c **** * Summary:
 276:.\Generated_Source\PSoC5/VDAC_Elbow.c **** *  Set the trim value for the given range.
 277:.\Generated_Source\PSoC5/VDAC_Elbow.c **** *
 278:.\Generated_Source\PSoC5/VDAC_Elbow.c **** * Parameters:
 279:.\Generated_Source\PSoC5/VDAC_Elbow.c **** *  range:  1V or 4V range.  See constants.
 280:.\Generated_Source\PSoC5/VDAC_Elbow.c **** *
 281:.\Generated_Source\PSoC5/VDAC_Elbow.c **** * Return:
 282:.\Generated_Source\PSoC5/VDAC_Elbow.c **** *  void
 283:.\Generated_Source\PSoC5/VDAC_Elbow.c **** *
 284:.\Generated_Source\PSoC5/VDAC_Elbow.c **** * Theory: 
 285:.\Generated_Source\PSoC5/VDAC_Elbow.c **** *
 286:.\Generated_Source\PSoC5/VDAC_Elbow.c **** * Side Effects:
 287:.\Generated_Source\PSoC5/VDAC_Elbow.c **** *
 288:.\Generated_Source\PSoC5/VDAC_Elbow.c **** *******************************************************************************/
 289:.\Generated_Source\PSoC5/VDAC_Elbow.c **** void VDAC_Elbow_DacTrim(void) 
 290:.\Generated_Source\PSoC5/VDAC_Elbow.c **** {
 147              		.loc 1 290 0
 148              		.cfi_startproc
 149              		@ args = 0, pretend = 0, frame = 0
 150              		@ frame_needed = 0, uses_anonymous_args = 0
 151              		@ link register save eliminated.
 291:.\Generated_Source\PSoC5/VDAC_Elbow.c ****     uint8 mode;
 292:.\Generated_Source\PSoC5/VDAC_Elbow.c **** 
 293:.\Generated_Source\PSoC5/VDAC_Elbow.c ****     mode = (uint8)((VDAC_Elbow_CR0 & VDAC_Elbow_RANGE_MASK) >> 2) + VDAC_Elbow_TRIM_M7_1V_RNG_OFFSE
 152              		.loc 1 293 0
 153 0000 054B     		ldr	r3, .L14
 154 0002 1B78     		ldrb	r3, [r3]	@ zero_extendqisi2
 155 0004 C3F38103 		ubfx	r3, r3, #2, #2
 156              	.LVL3:
 294:.\Generated_Source\PSoC5/VDAC_Elbow.c ****     VDAC_Elbow_TR = CY_GET_XTND_REG8((uint8 *)(VDAC_Elbow_DAC_TRIM_BASE + mode));
 157              		.loc 1 294 0
 158 0008 03F19243 		add	r3, r3, #1224736768
 159              	.LVL4:
 160 000c 93F82E21 		ldrb	r2, [r3, #302]	@ zero_extendqisi2
 161 0010 D2B2     		uxtb	r2, r2
 162 0012 024B     		ldr	r3, .L14+4
ARM GAS  C:\Users\Nick\AppData\Local\Temp\cc1Nukja.s 			page 9


 163              	.LVL5:
 164 0014 1A70     		strb	r2, [r3]
 165 0016 7047     		bx	lr
 166              	.L15:
 167              		.align	2
 168              	.L14:
 169 0018 28580040 		.word	1073764392
 170 001c 0A460040 		.word	1073759754
 171              		.cfi_endproc
 172              	.LFE7:
 173              		.size	VDAC_Elbow_DacTrim, .-VDAC_Elbow_DacTrim
 174              		.section	.text.VDAC_Elbow_SetRange,"ax",%progbits
 175              		.align	2
 176              		.global	VDAC_Elbow_SetRange
 177              		.thumb
 178              		.thumb_func
 179              		.type	VDAC_Elbow_SetRange, %function
 180              	VDAC_Elbow_SetRange:
 181              	.LFB5:
 229:.\Generated_Source\PSoC5/VDAC_Elbow.c **** {
 182              		.loc 1 229 0
 183              		.cfi_startproc
 184              		@ args = 0, pretend = 0, frame = 0
 185              		@ frame_needed = 0, uses_anonymous_args = 0
 186              	.LVL6:
 187 0000 08B5     		push	{r3, lr}
 188              		.cfi_def_cfa_offset 8
 189              		.cfi_offset 3, -8
 190              		.cfi_offset 14, -4
 230:.\Generated_Source\PSoC5/VDAC_Elbow.c ****     VDAC_Elbow_CR0 &= (uint8)(~VDAC_Elbow_RANGE_MASK);      /* Clear existing mode */
 191              		.loc 1 230 0
 192 0002 064B     		ldr	r3, .L17
 193 0004 1A78     		ldrb	r2, [r3]	@ zero_extendqisi2
 194 0006 02F0F302 		and	r2, r2, #243
 195 000a 1A70     		strb	r2, [r3]
 231:.\Generated_Source\PSoC5/VDAC_Elbow.c ****     VDAC_Elbow_CR0 |= (range & VDAC_Elbow_RANGE_MASK);      /*  Set Range  */
 196              		.loc 1 231 0
 197 000c 1A78     		ldrb	r2, [r3]	@ zero_extendqisi2
 198 000e 00F00C00 		and	r0, r0, #12
 199              	.LVL7:
 200 0012 0243     		orrs	r2, r2, r0
 201 0014 1A70     		strb	r2, [r3]
 232:.\Generated_Source\PSoC5/VDAC_Elbow.c ****     VDAC_Elbow_DacTrim();
 202              		.loc 1 232 0
 203 0016 FFF7FEFF 		bl	VDAC_Elbow_DacTrim
 204              	.LVL8:
 205 001a 08BD     		pop	{r3, pc}
 206              	.L18:
 207              		.align	2
 208              	.L17:
 209 001c 28580040 		.word	1073764392
 210              		.cfi_endproc
 211              	.LFE5:
 212              		.size	VDAC_Elbow_SetRange, .-VDAC_Elbow_SetRange
 213              		.section	.text.VDAC_Elbow_Init,"ax",%progbits
 214              		.align	2
 215              		.global	VDAC_Elbow_Init
ARM GAS  C:\Users\Nick\AppData\Local\Temp\cc1Nukja.s 			page 10


 216              		.thumb
 217              		.thumb_func
 218              		.type	VDAC_Elbow_Init, %function
 219              	VDAC_Elbow_Init:
 220              	.LFB0:
  56:.\Generated_Source\PSoC5/VDAC_Elbow.c **** {
 221              		.loc 1 56 0
 222              		.cfi_startproc
 223              		@ args = 0, pretend = 0, frame = 0
 224              		@ frame_needed = 0, uses_anonymous_args = 0
 225 0000 10B5     		push	{r4, lr}
 226              		.cfi_def_cfa_offset 8
 227              		.cfi_offset 4, -8
 228              		.cfi_offset 14, -4
  57:.\Generated_Source\PSoC5/VDAC_Elbow.c ****     VDAC_Elbow_CR0 = (VDAC_Elbow_MODE_V );
 229              		.loc 1 57 0
 230 0002 0024     		movs	r4, #0
 231 0004 054B     		ldr	r3, .L20
 232 0006 1C70     		strb	r4, [r3]
  63:.\Generated_Source\PSoC5/VDAC_Elbow.c ****         VDAC_Elbow_CR1 = (VDAC_Elbow_DEFAULT_CNTL | VDAC_Elbow_DACBUS_DISABLE) ;
 233              		.loc 1 63 0
 234 0008 0133     		adds	r3, r3, #1
 235 000a 1C70     		strb	r4, [r3]
  72:.\Generated_Source\PSoC5/VDAC_Elbow.c ****     VDAC_Elbow_SetRange(VDAC_Elbow_DEFAULT_RANGE); 
 236              		.loc 1 72 0
 237 000c 0420     		movs	r0, #4
 238 000e FFF7FEFF 		bl	VDAC_Elbow_SetRange
 239              	.LVL9:
  75:.\Generated_Source\PSoC5/VDAC_Elbow.c ****     VDAC_Elbow_SetSpeed(VDAC_Elbow_DEFAULT_SPEED);
 240              		.loc 1 75 0
 241 0012 2046     		mov	r0, r4
 242 0014 FFF7FEFF 		bl	VDAC_Elbow_SetSpeed
 243              	.LVL10:
 244 0018 10BD     		pop	{r4, pc}
 245              	.L21:
 246 001a 00BF     		.align	2
 247              	.L20:
 248 001c 28580040 		.word	1073764392
 249              		.cfi_endproc
 250              	.LFE0:
 251              		.size	VDAC_Elbow_Init, .-VDAC_Elbow_Init
 252              		.section	.text.VDAC_Elbow_Start,"ax",%progbits
 253              		.align	2
 254              		.global	VDAC_Elbow_Start
 255              		.thumb
 256              		.thumb_func
 257              		.type	VDAC_Elbow_Start, %function
 258              	VDAC_Elbow_Start:
 259              	.LFB2:
 134:.\Generated_Source\PSoC5/VDAC_Elbow.c **** {
 260              		.loc 1 134 0
 261              		.cfi_startproc
 262              		@ args = 0, pretend = 0, frame = 0
 263              		@ frame_needed = 0, uses_anonymous_args = 0
 264 0000 08B5     		push	{r3, lr}
 265              		.cfi_def_cfa_offset 8
 266              		.cfi_offset 3, -8
ARM GAS  C:\Users\Nick\AppData\Local\Temp\cc1Nukja.s 			page 11


 267              		.cfi_offset 14, -4
 136:.\Generated_Source\PSoC5/VDAC_Elbow.c ****     if(VDAC_Elbow_initVar == 0u)
 268              		.loc 1 136 0
 269 0002 074B     		ldr	r3, .L24
 270 0004 1B78     		ldrb	r3, [r3]	@ zero_extendqisi2
 271 0006 23B9     		cbnz	r3, .L23
 138:.\Generated_Source\PSoC5/VDAC_Elbow.c ****         VDAC_Elbow_Init();
 272              		.loc 1 138 0
 273 0008 FFF7FEFF 		bl	VDAC_Elbow_Init
 274              	.LVL11:
 139:.\Generated_Source\PSoC5/VDAC_Elbow.c ****         VDAC_Elbow_initVar = 1u;
 275              		.loc 1 139 0
 276 000c 0122     		movs	r2, #1
 277 000e 044B     		ldr	r3, .L24
 278 0010 1A70     		strb	r2, [r3]
 279              	.L23:
 143:.\Generated_Source\PSoC5/VDAC_Elbow.c ****     VDAC_Elbow_Enable();
 280              		.loc 1 143 0
 281 0012 FFF7FEFF 		bl	VDAC_Elbow_Enable
 282              	.LVL12:
 146:.\Generated_Source\PSoC5/VDAC_Elbow.c ****     VDAC_Elbow_SetValue(VDAC_Elbow_DEFAULT_DATA); 
 283              		.loc 1 146 0
 284 0016 6420     		movs	r0, #100
 285 0018 FFF7FEFF 		bl	VDAC_Elbow_SetValue
 286              	.LVL13:
 287 001c 08BD     		pop	{r3, pc}
 288              	.L25:
 289 001e 00BF     		.align	2
 290              	.L24:
 291 0020 00000000 		.word	.LANCHOR0
 292              		.cfi_endproc
 293              	.LFE2:
 294              		.size	VDAC_Elbow_Start, .-VDAC_Elbow_Start
 295              		.global	VDAC_Elbow_initVar
 296              		.bss
 297              		.set	.LANCHOR0,. + 0
 298              		.type	VDAC_Elbow_initVar, %object
 299              		.size	VDAC_Elbow_initVar, 1
 300              	VDAC_Elbow_initVar:
 301 0000 00       		.space	1
 302              		.text
 303              	.Letext0:
 304              		.file 2 ".\\Generated_Source\\PSoC5\\cytypes.h"
 305              		.section	.debug_info,"",%progbits
 306              	.Ldebug_info0:
 307 0000 DA010000 		.4byte	0x1da
 308 0004 0400     		.2byte	0x4
 309 0006 00000000 		.4byte	.Ldebug_abbrev0
 310 000a 04       		.byte	0x4
 311 000b 01       		.uleb128 0x1
 312 000c 27010000 		.4byte	.LASF25
 313 0010 01       		.byte	0x1
 314 0011 93000000 		.4byte	.LASF26
 315 0015 EB010000 		.4byte	.LASF27
 316 0019 00000000 		.4byte	.Ldebug_ranges0+0
 317 001d 00000000 		.4byte	0
 318 0021 00000000 		.4byte	.Ldebug_line0
ARM GAS  C:\Users\Nick\AppData\Local\Temp\cc1Nukja.s 			page 12


 319 0025 02       		.uleb128 0x2
 320 0026 01       		.byte	0x1
 321 0027 06       		.byte	0x6
 322 0028 DF010000 		.4byte	.LASF0
 323 002c 02       		.uleb128 0x2
 324 002d 01       		.byte	0x1
 325 002e 08       		.byte	0x8
 326 002f 5B000000 		.4byte	.LASF1
 327 0033 02       		.uleb128 0x2
 328 0034 02       		.byte	0x2
 329 0035 05       		.byte	0x5
 330 0036 B6010000 		.4byte	.LASF2
 331 003a 02       		.uleb128 0x2
 332 003b 02       		.byte	0x2
 333 003c 07       		.byte	0x7
 334 003d 80000000 		.4byte	.LASF3
 335 0041 02       		.uleb128 0x2
 336 0042 04       		.byte	0x4
 337 0043 05       		.byte	0x5
 338 0044 C6010000 		.4byte	.LASF4
 339 0048 02       		.uleb128 0x2
 340 0049 04       		.byte	0x4
 341 004a 07       		.byte	0x7
 342 004b 6E000000 		.4byte	.LASF5
 343 004f 02       		.uleb128 0x2
 344 0050 08       		.byte	0x8
 345 0051 05       		.byte	0x5
 346 0052 A3010000 		.4byte	.LASF6
 347 0056 02       		.uleb128 0x2
 348 0057 08       		.byte	0x8
 349 0058 07       		.byte	0x7
 350 0059 0B010000 		.4byte	.LASF7
 351 005d 03       		.uleb128 0x3
 352 005e 04       		.byte	0x4
 353 005f 05       		.byte	0x5
 354 0060 696E7400 		.ascii	"int\000"
 355 0064 02       		.uleb128 0x2
 356 0065 04       		.byte	0x4
 357 0066 07       		.byte	0x7
 358 0067 EB000000 		.4byte	.LASF8
 359 006b 04       		.uleb128 0x4
 360 006c C0010000 		.4byte	.LASF12
 361 0070 02       		.byte	0x2
 362 0071 B4       		.byte	0xb4
 363 0072 2C000000 		.4byte	0x2c
 364 0076 02       		.uleb128 0x2
 365 0077 04       		.byte	0x4
 366 0078 04       		.byte	0x4
 367 0079 43000000 		.4byte	.LASF9
 368 007d 02       		.uleb128 0x2
 369 007e 08       		.byte	0x8
 370 007f 04       		.byte	0x4
 371 0080 BF000000 		.4byte	.LASF10
 372 0084 02       		.uleb128 0x2
 373 0085 01       		.byte	0x1
 374 0086 08       		.byte	0x8
 375 0087 B1010000 		.4byte	.LASF11
ARM GAS  C:\Users\Nick\AppData\Local\Temp\cc1Nukja.s 			page 13


 376 008b 05       		.uleb128 0x5
 377 008c 69000000 		.4byte	.LASF13
 378 0090 02       		.byte	0x2
 379 0091 5E01     		.2byte	0x15e
 380 0093 97000000 		.4byte	0x97
 381 0097 06       		.uleb128 0x6
 382 0098 6B000000 		.4byte	0x6b
 383 009c 07       		.uleb128 0x7
 384 009d 49000000 		.4byte	.LASF14
 385 00a1 01       		.byte	0x1
 386 00a2 60       		.byte	0x60
 387 00a3 00000000 		.4byte	.LFB1
 388 00a7 1C000000 		.4byte	.LFE1-.LFB1
 389 00ab 01       		.uleb128 0x1
 390 00ac 9C       		.byte	0x9c
 391 00ad 07       		.uleb128 0x7
 392 00ae 33000000 		.4byte	.LASF15
 393 00b2 01       		.byte	0x1
 394 00b3 A8       		.byte	0xa8
 395 00b4 00000000 		.4byte	.LFB3
 396 00b8 1C000000 		.4byte	.LFE3-.LFB3
 397 00bc 01       		.uleb128 0x1
 398 00bd 9C       		.byte	0x9c
 399 00be 08       		.uleb128 0x8
 400 00bf D7000000 		.4byte	.LASF16
 401 00c3 01       		.byte	0x1
 402 00c4 CA       		.byte	0xca
 403 00c5 00000000 		.4byte	.LFB4
 404 00c9 1C000000 		.4byte	.LFE4-.LFB4
 405 00cd 01       		.uleb128 0x1
 406 00ce 9C       		.byte	0x9c
 407 00cf E3000000 		.4byte	0xe3
 408 00d3 09       		.uleb128 0x9
 409 00d4 00000000 		.4byte	.LASF18
 410 00d8 01       		.byte	0x1
 411 00d9 CA       		.byte	0xca
 412 00da 6B000000 		.4byte	0x6b
 413 00de 00000000 		.4byte	.LLST0
 414 00e2 00       		.byte	0
 415 00e3 08       		.uleb128 0x8
 416 00e4 6B020000 		.4byte	.LASF17
 417 00e8 01       		.byte	0x1
 418 00e9 FE       		.byte	0xfe
 419 00ea 00000000 		.4byte	.LFB6
 420 00ee 0C000000 		.4byte	.LFE6-.LFB6
 421 00f2 01       		.uleb128 0x1
 422 00f3 9C       		.byte	0x9c
 423 00f4 06010000 		.4byte	0x106
 424 00f8 0A       		.uleb128 0xa
 425 00f9 06000000 		.4byte	.LASF19
 426 00fd 01       		.byte	0x1
 427 00fe FE       		.byte	0xfe
 428 00ff 6B000000 		.4byte	0x6b
 429 0103 01       		.uleb128 0x1
 430 0104 50       		.byte	0x50
 431 0105 00       		.byte	0
 432 0106 0B       		.uleb128 0xb
ARM GAS  C:\Users\Nick\AppData\Local\Temp\cc1Nukja.s 			page 14


 433 0107 F8000000 		.4byte	.LASF20
 434 010b 01       		.byte	0x1
 435 010c 2101     		.2byte	0x121
 436 010e 00000000 		.4byte	.LFB7
 437 0112 20000000 		.4byte	.LFE7-.LFB7
 438 0116 01       		.uleb128 0x1
 439 0117 9C       		.byte	0x9c
 440 0118 2D010000 		.4byte	0x12d
 441 011c 0C       		.uleb128 0xc
 442 011d 22010000 		.4byte	.LASF28
 443 0121 01       		.byte	0x1
 444 0122 2301     		.2byte	0x123
 445 0124 6B000000 		.4byte	0x6b
 446 0128 21000000 		.4byte	.LLST1
 447 012c 00       		.byte	0
 448 012d 08       		.uleb128 0x8
 449 012e 0C000000 		.4byte	.LASF21
 450 0132 01       		.byte	0x1
 451 0133 E4       		.byte	0xe4
 452 0134 00000000 		.4byte	.LFB5
 453 0138 20000000 		.4byte	.LFE5-.LFB5
 454 013c 01       		.uleb128 0x1
 455 013d 9C       		.byte	0x9c
 456 013e 5B010000 		.4byte	0x15b
 457 0142 09       		.uleb128 0x9
 458 0143 B9000000 		.4byte	.LASF22
 459 0147 01       		.byte	0x1
 460 0148 E4       		.byte	0xe4
 461 0149 6B000000 		.4byte	0x6b
 462 014d 47000000 		.4byte	.LLST2
 463 0151 0D       		.uleb128 0xd
 464 0152 1A000000 		.4byte	.LVL8
 465 0156 06010000 		.4byte	0x106
 466 015a 00       		.byte	0
 467 015b 08       		.uleb128 0x8
 468 015c CF010000 		.4byte	.LASF23
 469 0160 01       		.byte	0x1
 470 0161 37       		.byte	0x37
 471 0162 00000000 		.4byte	.LFB0
 472 0166 20000000 		.4byte	.LFE0-.LFB0
 473 016a 01       		.uleb128 0x1
 474 016b 9C       		.byte	0x9c
 475 016c 94010000 		.4byte	0x194
 476 0170 0E       		.uleb128 0xe
 477 0171 12000000 		.4byte	.LVL9
 478 0175 2D010000 		.4byte	0x12d
 479 0179 83010000 		.4byte	0x183
 480 017d 0F       		.uleb128 0xf
 481 017e 01       		.uleb128 0x1
 482 017f 50       		.byte	0x50
 483 0180 01       		.uleb128 0x1
 484 0181 34       		.byte	0x34
 485 0182 00       		.byte	0
 486 0183 10       		.uleb128 0x10
 487 0184 18000000 		.4byte	.LVL10
 488 0188 BE000000 		.4byte	0xbe
 489 018c 0F       		.uleb128 0xf
ARM GAS  C:\Users\Nick\AppData\Local\Temp\cc1Nukja.s 			page 15


 490 018d 01       		.uleb128 0x1
 491 018e 50       		.byte	0x50
 492 018f 02       		.uleb128 0x2
 493 0190 74       		.byte	0x74
 494 0191 00       		.sleb128 0
 495 0192 00       		.byte	0
 496 0193 00       		.byte	0
 497 0194 08       		.uleb128 0x8
 498 0195 C6000000 		.4byte	.LASF24
 499 0199 01       		.byte	0x1
 500 019a 85       		.byte	0x85
 501 019b 00000000 		.4byte	.LFB2
 502 019f 24000000 		.4byte	.LFE2-.LFB2
 503 01a3 01       		.uleb128 0x1
 504 01a4 9C       		.byte	0x9c
 505 01a5 CC010000 		.4byte	0x1cc
 506 01a9 0D       		.uleb128 0xd
 507 01aa 0C000000 		.4byte	.LVL11
 508 01ae 5B010000 		.4byte	0x15b
 509 01b2 0D       		.uleb128 0xd
 510 01b3 16000000 		.4byte	.LVL12
 511 01b7 9C000000 		.4byte	0x9c
 512 01bb 10       		.uleb128 0x10
 513 01bc 1C000000 		.4byte	.LVL13
 514 01c0 E3000000 		.4byte	0xe3
 515 01c4 0F       		.uleb128 0xf
 516 01c5 01       		.uleb128 0x1
 517 01c6 50       		.byte	0x50
 518 01c7 02       		.uleb128 0x2
 519 01c8 08       		.byte	0x8
 520 01c9 64       		.byte	0x64
 521 01ca 00       		.byte	0
 522 01cb 00       		.byte	0
 523 01cc 11       		.uleb128 0x11
 524 01cd 20000000 		.4byte	.LASF29
 525 01d1 01       		.byte	0x1
 526 01d2 1B       		.byte	0x1b
 527 01d3 6B000000 		.4byte	0x6b
 528 01d7 05       		.uleb128 0x5
 529 01d8 03       		.byte	0x3
 530 01d9 00000000 		.4byte	VDAC_Elbow_initVar
 531 01dd 00       		.byte	0
 532              		.section	.debug_abbrev,"",%progbits
 533              	.Ldebug_abbrev0:
 534 0000 01       		.uleb128 0x1
 535 0001 11       		.uleb128 0x11
 536 0002 01       		.byte	0x1
 537 0003 25       		.uleb128 0x25
 538 0004 0E       		.uleb128 0xe
 539 0005 13       		.uleb128 0x13
 540 0006 0B       		.uleb128 0xb
 541 0007 03       		.uleb128 0x3
 542 0008 0E       		.uleb128 0xe
 543 0009 1B       		.uleb128 0x1b
 544 000a 0E       		.uleb128 0xe
 545 000b 55       		.uleb128 0x55
 546 000c 17       		.uleb128 0x17
ARM GAS  C:\Users\Nick\AppData\Local\Temp\cc1Nukja.s 			page 16


 547 000d 11       		.uleb128 0x11
 548 000e 01       		.uleb128 0x1
 549 000f 10       		.uleb128 0x10
 550 0010 17       		.uleb128 0x17
 551 0011 00       		.byte	0
 552 0012 00       		.byte	0
 553 0013 02       		.uleb128 0x2
 554 0014 24       		.uleb128 0x24
 555 0015 00       		.byte	0
 556 0016 0B       		.uleb128 0xb
 557 0017 0B       		.uleb128 0xb
 558 0018 3E       		.uleb128 0x3e
 559 0019 0B       		.uleb128 0xb
 560 001a 03       		.uleb128 0x3
 561 001b 0E       		.uleb128 0xe
 562 001c 00       		.byte	0
 563 001d 00       		.byte	0
 564 001e 03       		.uleb128 0x3
 565 001f 24       		.uleb128 0x24
 566 0020 00       		.byte	0
 567 0021 0B       		.uleb128 0xb
 568 0022 0B       		.uleb128 0xb
 569 0023 3E       		.uleb128 0x3e
 570 0024 0B       		.uleb128 0xb
 571 0025 03       		.uleb128 0x3
 572 0026 08       		.uleb128 0x8
 573 0027 00       		.byte	0
 574 0028 00       		.byte	0
 575 0029 04       		.uleb128 0x4
 576 002a 16       		.uleb128 0x16
 577 002b 00       		.byte	0
 578 002c 03       		.uleb128 0x3
 579 002d 0E       		.uleb128 0xe
 580 002e 3A       		.uleb128 0x3a
 581 002f 0B       		.uleb128 0xb
 582 0030 3B       		.uleb128 0x3b
 583 0031 0B       		.uleb128 0xb
 584 0032 49       		.uleb128 0x49
 585 0033 13       		.uleb128 0x13
 586 0034 00       		.byte	0
 587 0035 00       		.byte	0
 588 0036 05       		.uleb128 0x5
 589 0037 16       		.uleb128 0x16
 590 0038 00       		.byte	0
 591 0039 03       		.uleb128 0x3
 592 003a 0E       		.uleb128 0xe
 593 003b 3A       		.uleb128 0x3a
 594 003c 0B       		.uleb128 0xb
 595 003d 3B       		.uleb128 0x3b
 596 003e 05       		.uleb128 0x5
 597 003f 49       		.uleb128 0x49
 598 0040 13       		.uleb128 0x13
 599 0041 00       		.byte	0
 600 0042 00       		.byte	0
 601 0043 06       		.uleb128 0x6
 602 0044 35       		.uleb128 0x35
 603 0045 00       		.byte	0
ARM GAS  C:\Users\Nick\AppData\Local\Temp\cc1Nukja.s 			page 17


 604 0046 49       		.uleb128 0x49
 605 0047 13       		.uleb128 0x13
 606 0048 00       		.byte	0
 607 0049 00       		.byte	0
 608 004a 07       		.uleb128 0x7
 609 004b 2E       		.uleb128 0x2e
 610 004c 00       		.byte	0
 611 004d 3F       		.uleb128 0x3f
 612 004e 19       		.uleb128 0x19
 613 004f 03       		.uleb128 0x3
 614 0050 0E       		.uleb128 0xe
 615 0051 3A       		.uleb128 0x3a
 616 0052 0B       		.uleb128 0xb
 617 0053 3B       		.uleb128 0x3b
 618 0054 0B       		.uleb128 0xb
 619 0055 27       		.uleb128 0x27
 620 0056 19       		.uleb128 0x19
 621 0057 11       		.uleb128 0x11
 622 0058 01       		.uleb128 0x1
 623 0059 12       		.uleb128 0x12
 624 005a 06       		.uleb128 0x6
 625 005b 40       		.uleb128 0x40
 626 005c 18       		.uleb128 0x18
 627 005d 9742     		.uleb128 0x2117
 628 005f 19       		.uleb128 0x19
 629 0060 00       		.byte	0
 630 0061 00       		.byte	0
 631 0062 08       		.uleb128 0x8
 632 0063 2E       		.uleb128 0x2e
 633 0064 01       		.byte	0x1
 634 0065 3F       		.uleb128 0x3f
 635 0066 19       		.uleb128 0x19
 636 0067 03       		.uleb128 0x3
 637 0068 0E       		.uleb128 0xe
 638 0069 3A       		.uleb128 0x3a
 639 006a 0B       		.uleb128 0xb
 640 006b 3B       		.uleb128 0x3b
 641 006c 0B       		.uleb128 0xb
 642 006d 27       		.uleb128 0x27
 643 006e 19       		.uleb128 0x19
 644 006f 11       		.uleb128 0x11
 645 0070 01       		.uleb128 0x1
 646 0071 12       		.uleb128 0x12
 647 0072 06       		.uleb128 0x6
 648 0073 40       		.uleb128 0x40
 649 0074 18       		.uleb128 0x18
 650 0075 9742     		.uleb128 0x2117
 651 0077 19       		.uleb128 0x19
 652 0078 01       		.uleb128 0x1
 653 0079 13       		.uleb128 0x13
 654 007a 00       		.byte	0
 655 007b 00       		.byte	0
 656 007c 09       		.uleb128 0x9
 657 007d 05       		.uleb128 0x5
 658 007e 00       		.byte	0
 659 007f 03       		.uleb128 0x3
 660 0080 0E       		.uleb128 0xe
ARM GAS  C:\Users\Nick\AppData\Local\Temp\cc1Nukja.s 			page 18


 661 0081 3A       		.uleb128 0x3a
 662 0082 0B       		.uleb128 0xb
 663 0083 3B       		.uleb128 0x3b
 664 0084 0B       		.uleb128 0xb
 665 0085 49       		.uleb128 0x49
 666 0086 13       		.uleb128 0x13
 667 0087 02       		.uleb128 0x2
 668 0088 17       		.uleb128 0x17
 669 0089 00       		.byte	0
 670 008a 00       		.byte	0
 671 008b 0A       		.uleb128 0xa
 672 008c 05       		.uleb128 0x5
 673 008d 00       		.byte	0
 674 008e 03       		.uleb128 0x3
 675 008f 0E       		.uleb128 0xe
 676 0090 3A       		.uleb128 0x3a
 677 0091 0B       		.uleb128 0xb
 678 0092 3B       		.uleb128 0x3b
 679 0093 0B       		.uleb128 0xb
 680 0094 49       		.uleb128 0x49
 681 0095 13       		.uleb128 0x13
 682 0096 02       		.uleb128 0x2
 683 0097 18       		.uleb128 0x18
 684 0098 00       		.byte	0
 685 0099 00       		.byte	0
 686 009a 0B       		.uleb128 0xb
 687 009b 2E       		.uleb128 0x2e
 688 009c 01       		.byte	0x1
 689 009d 3F       		.uleb128 0x3f
 690 009e 19       		.uleb128 0x19
 691 009f 03       		.uleb128 0x3
 692 00a0 0E       		.uleb128 0xe
 693 00a1 3A       		.uleb128 0x3a
 694 00a2 0B       		.uleb128 0xb
 695 00a3 3B       		.uleb128 0x3b
 696 00a4 05       		.uleb128 0x5
 697 00a5 27       		.uleb128 0x27
 698 00a6 19       		.uleb128 0x19
 699 00a7 11       		.uleb128 0x11
 700 00a8 01       		.uleb128 0x1
 701 00a9 12       		.uleb128 0x12
 702 00aa 06       		.uleb128 0x6
 703 00ab 40       		.uleb128 0x40
 704 00ac 18       		.uleb128 0x18
 705 00ad 9742     		.uleb128 0x2117
 706 00af 19       		.uleb128 0x19
 707 00b0 01       		.uleb128 0x1
 708 00b1 13       		.uleb128 0x13
 709 00b2 00       		.byte	0
 710 00b3 00       		.byte	0
 711 00b4 0C       		.uleb128 0xc
 712 00b5 34       		.uleb128 0x34
 713 00b6 00       		.byte	0
 714 00b7 03       		.uleb128 0x3
 715 00b8 0E       		.uleb128 0xe
 716 00b9 3A       		.uleb128 0x3a
 717 00ba 0B       		.uleb128 0xb
ARM GAS  C:\Users\Nick\AppData\Local\Temp\cc1Nukja.s 			page 19


 718 00bb 3B       		.uleb128 0x3b
 719 00bc 05       		.uleb128 0x5
 720 00bd 49       		.uleb128 0x49
 721 00be 13       		.uleb128 0x13
 722 00bf 02       		.uleb128 0x2
 723 00c0 17       		.uleb128 0x17
 724 00c1 00       		.byte	0
 725 00c2 00       		.byte	0
 726 00c3 0D       		.uleb128 0xd
 727 00c4 898201   		.uleb128 0x4109
 728 00c7 00       		.byte	0
 729 00c8 11       		.uleb128 0x11
 730 00c9 01       		.uleb128 0x1
 731 00ca 31       		.uleb128 0x31
 732 00cb 13       		.uleb128 0x13
 733 00cc 00       		.byte	0
 734 00cd 00       		.byte	0
 735 00ce 0E       		.uleb128 0xe
 736 00cf 898201   		.uleb128 0x4109
 737 00d2 01       		.byte	0x1
 738 00d3 11       		.uleb128 0x11
 739 00d4 01       		.uleb128 0x1
 740 00d5 31       		.uleb128 0x31
 741 00d6 13       		.uleb128 0x13
 742 00d7 01       		.uleb128 0x1
 743 00d8 13       		.uleb128 0x13
 744 00d9 00       		.byte	0
 745 00da 00       		.byte	0
 746 00db 0F       		.uleb128 0xf
 747 00dc 8A8201   		.uleb128 0x410a
 748 00df 00       		.byte	0
 749 00e0 02       		.uleb128 0x2
 750 00e1 18       		.uleb128 0x18
 751 00e2 9142     		.uleb128 0x2111
 752 00e4 18       		.uleb128 0x18
 753 00e5 00       		.byte	0
 754 00e6 00       		.byte	0
 755 00e7 10       		.uleb128 0x10
 756 00e8 898201   		.uleb128 0x4109
 757 00eb 01       		.byte	0x1
 758 00ec 11       		.uleb128 0x11
 759 00ed 01       		.uleb128 0x1
 760 00ee 31       		.uleb128 0x31
 761 00ef 13       		.uleb128 0x13
 762 00f0 00       		.byte	0
 763 00f1 00       		.byte	0
 764 00f2 11       		.uleb128 0x11
 765 00f3 34       		.uleb128 0x34
 766 00f4 00       		.byte	0
 767 00f5 03       		.uleb128 0x3
 768 00f6 0E       		.uleb128 0xe
 769 00f7 3A       		.uleb128 0x3a
 770 00f8 0B       		.uleb128 0xb
 771 00f9 3B       		.uleb128 0x3b
 772 00fa 0B       		.uleb128 0xb
 773 00fb 49       		.uleb128 0x49
 774 00fc 13       		.uleb128 0x13
ARM GAS  C:\Users\Nick\AppData\Local\Temp\cc1Nukja.s 			page 20


 775 00fd 3F       		.uleb128 0x3f
 776 00fe 19       		.uleb128 0x19
 777 00ff 02       		.uleb128 0x2
 778 0100 18       		.uleb128 0x18
 779 0101 00       		.byte	0
 780 0102 00       		.byte	0
 781 0103 00       		.byte	0
 782              		.section	.debug_loc,"",%progbits
 783              	.Ldebug_loc0:
 784              	.LLST0:
 785 0000 00000000 		.4byte	.LVL0
 786 0004 10000000 		.4byte	.LVL1
 787 0008 0100     		.2byte	0x1
 788 000a 50       		.byte	0x50
 789 000b 10000000 		.4byte	.LVL1
 790 000f 1C000000 		.4byte	.LFE4
 791 0013 0400     		.2byte	0x4
 792 0015 F3       		.byte	0xf3
 793 0016 01       		.uleb128 0x1
 794 0017 50       		.byte	0x50
 795 0018 9F       		.byte	0x9f
 796 0019 00000000 		.4byte	0
 797 001d 00000000 		.4byte	0
 798              	.LLST1:
 799 0021 08000000 		.4byte	.LVL3
 800 0025 0C000000 		.4byte	.LVL4
 801 0029 0300     		.2byte	0x3
 802 002b 73       		.byte	0x73
 803 002c 06       		.sleb128 6
 804 002d 9F       		.byte	0x9f
 805 002e 0C000000 		.4byte	.LVL4
 806 0032 14000000 		.4byte	.LVL5
 807 0036 0700     		.2byte	0x7
 808 0038 73       		.byte	0x73
 809 0039 868080B8 		.sleb128 -1224736762
 809      7B
 810 003e 9F       		.byte	0x9f
 811 003f 00000000 		.4byte	0
 812 0043 00000000 		.4byte	0
 813              	.LLST2:
 814 0047 00000000 		.4byte	.LVL6
 815 004b 12000000 		.4byte	.LVL7
 816 004f 0100     		.2byte	0x1
 817 0051 50       		.byte	0x50
 818 0052 12000000 		.4byte	.LVL7
 819 0056 20000000 		.4byte	.LFE5
 820 005a 0400     		.2byte	0x4
 821 005c F3       		.byte	0xf3
 822 005d 01       		.uleb128 0x1
 823 005e 50       		.byte	0x50
 824 005f 9F       		.byte	0x9f
 825 0060 00000000 		.4byte	0
 826 0064 00000000 		.4byte	0
 827              		.section	.debug_aranges,"",%progbits
 828 0000 54000000 		.4byte	0x54
 829 0004 0200     		.2byte	0x2
 830 0006 00000000 		.4byte	.Ldebug_info0
ARM GAS  C:\Users\Nick\AppData\Local\Temp\cc1Nukja.s 			page 21


 831 000a 04       		.byte	0x4
 832 000b 00       		.byte	0
 833 000c 0000     		.2byte	0
 834 000e 0000     		.2byte	0
 835 0010 00000000 		.4byte	.LFB1
 836 0014 1C000000 		.4byte	.LFE1-.LFB1
 837 0018 00000000 		.4byte	.LFB3
 838 001c 1C000000 		.4byte	.LFE3-.LFB3
 839 0020 00000000 		.4byte	.LFB4
 840 0024 1C000000 		.4byte	.LFE4-.LFB4
 841 0028 00000000 		.4byte	.LFB6
 842 002c 0C000000 		.4byte	.LFE6-.LFB6
 843 0030 00000000 		.4byte	.LFB7
 844 0034 20000000 		.4byte	.LFE7-.LFB7
 845 0038 00000000 		.4byte	.LFB5
 846 003c 20000000 		.4byte	.LFE5-.LFB5
 847 0040 00000000 		.4byte	.LFB0
 848 0044 20000000 		.4byte	.LFE0-.LFB0
 849 0048 00000000 		.4byte	.LFB2
 850 004c 24000000 		.4byte	.LFE2-.LFB2
 851 0050 00000000 		.4byte	0
 852 0054 00000000 		.4byte	0
 853              		.section	.debug_ranges,"",%progbits
 854              	.Ldebug_ranges0:
 855 0000 00000000 		.4byte	.LFB1
 856 0004 1C000000 		.4byte	.LFE1
 857 0008 00000000 		.4byte	.LFB3
 858 000c 1C000000 		.4byte	.LFE3
 859 0010 00000000 		.4byte	.LFB4
 860 0014 1C000000 		.4byte	.LFE4
 861 0018 00000000 		.4byte	.LFB6
 862 001c 0C000000 		.4byte	.LFE6
 863 0020 00000000 		.4byte	.LFB7
 864 0024 20000000 		.4byte	.LFE7
 865 0028 00000000 		.4byte	.LFB5
 866 002c 20000000 		.4byte	.LFE5
 867 0030 00000000 		.4byte	.LFB0
 868 0034 20000000 		.4byte	.LFE0
 869 0038 00000000 		.4byte	.LFB2
 870 003c 24000000 		.4byte	.LFE2
 871 0040 00000000 		.4byte	0
 872 0044 00000000 		.4byte	0
 873              		.section	.debug_line,"",%progbits
 874              	.Ldebug_line0:
 875 0000 E5000000 		.section	.debug_str,"MS",%progbits,1
 875      02004900 
 875      00000201 
 875      FB0E0D00 
 875      01010101 
 876              	.LASF18:
 877 0000 73706565 		.ascii	"speed\000"
 877      6400
 878              	.LASF19:
 879 0006 76616C75 		.ascii	"value\000"
 879      6500
 880              	.LASF21:
 881 000c 56444143 		.ascii	"VDAC_Elbow_SetRange\000"
ARM GAS  C:\Users\Nick\AppData\Local\Temp\cc1Nukja.s 			page 22


 881      5F456C62 
 881      6F775F53 
 881      65745261 
 881      6E676500 
 882              	.LASF29:
 883 0020 56444143 		.ascii	"VDAC_Elbow_initVar\000"
 883      5F456C62 
 883      6F775F69 
 883      6E697456 
 883      617200
 884              	.LASF15:
 885 0033 56444143 		.ascii	"VDAC_Elbow_Stop\000"
 885      5F456C62 
 885      6F775F53 
 885      746F7000 
 886              	.LASF9:
 887 0043 666C6F61 		.ascii	"float\000"
 887      7400
 888              	.LASF14:
 889 0049 56444143 		.ascii	"VDAC_Elbow_Enable\000"
 889      5F456C62 
 889      6F775F45 
 889      6E61626C 
 889      6500
 890              	.LASF1:
 891 005b 756E7369 		.ascii	"unsigned char\000"
 891      676E6564 
 891      20636861 
 891      7200
 892              	.LASF13:
 893 0069 72656738 		.ascii	"reg8\000"
 893      00
 894              	.LASF5:
 895 006e 6C6F6E67 		.ascii	"long unsigned int\000"
 895      20756E73 
 895      69676E65 
 895      6420696E 
 895      7400
 896              	.LASF3:
 897 0080 73686F72 		.ascii	"short unsigned int\000"
 897      7420756E 
 897      7369676E 
 897      65642069 
 897      6E7400
 898              	.LASF26:
 899 0093 2E5C4765 		.ascii	".\\Generated_Source\\PSoC5\\VDAC_Elbow.c\000"
 899      6E657261 
 899      7465645F 
 899      536F7572 
 899      63655C50 
 900              	.LASF22:
 901 00b9 72616E67 		.ascii	"range\000"
 901      6500
 902              	.LASF10:
 903 00bf 646F7562 		.ascii	"double\000"
 903      6C6500
 904              	.LASF24:
ARM GAS  C:\Users\Nick\AppData\Local\Temp\cc1Nukja.s 			page 23


 905 00c6 56444143 		.ascii	"VDAC_Elbow_Start\000"
 905      5F456C62 
 905      6F775F53 
 905      74617274 
 905      00
 906              	.LASF16:
 907 00d7 56444143 		.ascii	"VDAC_Elbow_SetSpeed\000"
 907      5F456C62 
 907      6F775F53 
 907      65745370 
 907      65656400 
 908              	.LASF8:
 909 00eb 756E7369 		.ascii	"unsigned int\000"
 909      676E6564 
 909      20696E74 
 909      00
 910              	.LASF20:
 911 00f8 56444143 		.ascii	"VDAC_Elbow_DacTrim\000"
 911      5F456C62 
 911      6F775F44 
 911      61635472 
 911      696D00
 912              	.LASF7:
 913 010b 6C6F6E67 		.ascii	"long long unsigned int\000"
 913      206C6F6E 
 913      6720756E 
 913      7369676E 
 913      65642069 
 914              	.LASF28:
 915 0122 6D6F6465 		.ascii	"mode\000"
 915      00
 916              	.LASF25:
 917 0127 474E5520 		.ascii	"GNU C 4.8.4 20140526 (release) [ARM/embedded-4_8-br"
 917      4320342E 
 917      382E3420 
 917      32303134 
 917      30353236 
 918 015a 616E6368 		.ascii	"anch revision 211358] -mcpu=cortex-m3 -mthumb -g -O"
 918      20726576 
 918      6973696F 
 918      6E203231 
 918      31333538 
 919 018d 67202D66 		.ascii	"g -ffunction-sections\000"
 919      66756E63 
 919      74696F6E 
 919      2D736563 
 919      74696F6E 
 920              	.LASF6:
 921 01a3 6C6F6E67 		.ascii	"long long int\000"
 921      206C6F6E 
 921      6720696E 
 921      7400
 922              	.LASF11:
 923 01b1 63686172 		.ascii	"char\000"
 923      00
 924              	.LASF2:
 925 01b6 73686F72 		.ascii	"short int\000"
ARM GAS  C:\Users\Nick\AppData\Local\Temp\cc1Nukja.s 			page 24


 925      7420696E 
 925      7400
 926              	.LASF12:
 927 01c0 75696E74 		.ascii	"uint8\000"
 927      3800
 928              	.LASF4:
 929 01c6 6C6F6E67 		.ascii	"long int\000"
 929      20696E74 
 929      00
 930              	.LASF23:
 931 01cf 56444143 		.ascii	"VDAC_Elbow_Init\000"
 931      5F456C62 
 931      6F775F49 
 931      6E697400 
 932              	.LASF0:
 933 01df 7369676E 		.ascii	"signed char\000"
 933      65642063 
 933      68617200 
 934              	.LASF27:
 935 01eb 433A5C55 		.ascii	"C:\\Users\\Nick\\Dropbox\\Uni Docs\\y4s2\\ECE3091 -"
 935      73657273 
 935      5C4E6963 
 935      6B5C4472 
 935      6F70626F 
 936 0218 20456E67 		.ascii	" Engineering Design\\PSoc Creator\\eng_design_2015\\"
 936      696E6565 
 936      72696E67 
 936      20446573 
 936      69676E5C 
 937 0249 45434533 		.ascii	"ECE3091-chickybot\\chickybot.cydsn\000"
 937      3039312D 
 937      63686963 
 937      6B79626F 
 937      745C6368 
 938              	.LASF17:
 939 026b 56444143 		.ascii	"VDAC_Elbow_SetValue\000"
 939      5F456C62 
 939      6F775F53 
 939      65745661 
 939      6C756500 
 940              		.ident	"GCC: (GNU Tools for ARM Embedded Processors) 4.8.4 20140526 (release) [ARM/embedded-4_8-br
